{"/Users/diegoalzate/Code/work/lexicon/pluraltools-backend/src/db/index.ts":{"path":"/Users/diegoalzate/Code/work/lexicon/pluraltools-backend/src/db/index.ts","statementMap":{"0":{"start":{"line":1,"column":0},"end":{"line":3,"column":4}},"1":{"start":{"line":2,"column":27},"end":{"line":2,"column":48}},"2":{"start":{"line":2,"column":70},"end":{"line":2,"column":101}},"3":{"start":{"line":2,"column":124},"end":{"line":2,"column":150}},"4":{"start":{"line":2,"column":168},"end":{"line":2,"column":199}},"5":{"start":{"line":2,"column":216},"end":{"line":2,"column":493}},"6":{"start":{"line":2,"column":240},"end":{"line":2,"column":483}},"7":{"start":{"line":2,"column":299},"end":{"line":2,"column":482}},"8":{"start":{"line":2,"column":338},"end":{"line":2,"column":482}},"9":{"start":{"line":2,"column":382},"end":{"line":2,"column":482}},"10":{"start":{"line":2,"column":408},"end":{"line":2,"column":417}},"11":{"start":{"line":2,"column":483},"end":{"line":2,"column":492}},"12":{"start":{"line":2,"column":509},"end":{"line":2,"column":625}},"13":{"start":{"line":2,"column":537},"end":{"line":2,"column":624}},"14":{"start":{"line":2,"column":643},"end":{"line":2,"column":704}},"15":{"start":{"line":2,"column":648},"end":{"line":2,"column":704}},"16":{"start":{"line":2,"column":720},"end":{"line":2,"column":722}},"17":{"start":{"line":2,"column":723},"end":{"line":2,"column":763}},"18":{"start":{"line":2,"column":763},"end":{"line":2,"column":835}},"19":{"start":{"line":2,"column":835},"end":{"line":2,"column":901}},"20":{"start":{"line":2,"column":901},"end":{"line":2,"column":957}},"21":{"start":{"line":2,"column":957},"end":{"line":2,"column":1013}},"22":{"start":{"line":2,"column":1013},"end":{"line":2,"column":1145}}},"fnMap":{"0":{"name":"(anonymous_0)","decl":{"start":{"line":1,"column":1},"end":{"line":1,"column":2}},"loc":{"start":{"line":1,"column":5},"end":{"line":3,"column":1}},"line":1},"1":{"name":"(anonymous_1)","decl":{"start":{"line":2,"column":216},"end":{"line":2,"column":217}},"loc":{"start":{"line":2,"column":239},"end":{"line":2,"column":493}},"line":2},"2":{"name":"(anonymous_2)","decl":{"start":{"line":2,"column":404},"end":{"line":2,"column":405}},"loc":{"start":{"line":2,"column":408},"end":{"line":2,"column":417}},"line":2},"3":{"name":"(anonymous_3)","decl":{"start":{"line":2,"column":509},"end":{"line":2,"column":510}},"loc":{"start":{"line":2,"column":537},"end":{"line":2,"column":624}},"line":2},"4":{"name":"(anonymous_4)","decl":{"start":{"line":2,"column":643},"end":{"line":2,"column":644}},"loc":{"start":{"line":2,"column":648},"end":{"line":2,"column":704}},"line":2}},"branchMap":{"0":{"loc":{"start":{"line":2,"column":240},"end":{"line":2,"column":483}},"type":"if","locations":[{"start":{"line":2,"column":240},"end":{"line":2,"column":483}},{"start":{},"end":{}}],"line":2},"1":{"loc":{"start":{"line":2,"column":243},"end":{"line":2,"column":297}},"type":"binary-expr","locations":[{"start":{"line":2,"column":243},"end":{"line":2,"column":247}},{"start":{"line":2,"column":249},"end":{"line":2,"column":271}},{"start":{"line":2,"column":273},"end":{"line":2,"column":297}}],"line":2},"2":{"loc":{"start":{"line":2,"column":338},"end":{"line":2,"column":482}},"type":"if","locations":[{"start":{"line":2,"column":338},"end":{"line":2,"column":482}},{"start":{},"end":{}}],"line":2},"3":{"loc":{"start":{"line":2,"column":341},"end":{"line":2,"column":381}},"type":"binary-expr","locations":[{"start":{"line":2,"column":341},"end":{"line":2,"column":367}},{"start":{"line":2,"column":369},"end":{"line":2,"column":381}}],"line":2},"4":{"loc":{"start":{"line":2,"column":429},"end":{"line":2,"column":480}},"type":"binary-expr","locations":[{"start":{"line":2,"column":429},"end":{"line":2,"column":463}},{"start":{"line":2,"column":465},"end":{"line":2,"column":480}}],"line":2},"5":{"loc":{"start":{"line":2,"column":571},"end":{"line":2,"column":624}},"type":"binary-expr","locations":[{"start":{"line":2,"column":571},"end":{"line":2,"column":583}},{"start":{"line":2,"column":585},"end":{"line":2,"column":624}}],"line":2},"6":{"loc":{"start":{"line":2,"column":1013},"end":{"line":2,"column":1144}},"type":"binary-expr","locations":[{"start":{"line":2,"column":1013},"end":{"line":2,"column":1014}},{"start":{"line":2,"column":1017},"end":{"line":2,"column":1143}}],"line":2}},"s":{"0":1,"1":1,"2":1,"3":1,"4":1,"5":1,"6":9,"7":9,"8":20,"9":13,"10":2,"11":9,"12":1,"13":4,"14":1,"15":1,"16":1,"17":1,"18":1,"19":1,"20":1,"21":1,"22":1},"f":{"0":1,"1":9,"2":2,"3":4,"4":1},"b":{"0":[9,0],"1":[9,9,0],"2":[13,7],"3":[20,13],"4":[13,13],"5":[4,4],"6":[1,0]},"inputSourceMap":{"version":3,"mappings":";isBAAA,gFAAc,kCAAd,gBACA,sBAAc,4BADd,gBAEA,sBAAc,kBAFd,gBAGA,sBAAc,kBAHd","names":[],"ignoreList":[],"sources":["/Users/diegoalzate/Code/work/lexicon/pluraltools-backend/src/db/index.ts"],"sourcesContent":[null]},"_coverageSchema":"1a1c01bbd47fc00a2c39e90264f33305004495a9","hash":"fd001c10ba63d6df30304e4687b6d3eb16948e8f"},"/Users/diegoalzate/Code/work/lexicon/pluraltools-backend/src/db/create-db-connection.ts":{"path":"/Users/diegoalzate/Code/work/lexicon/pluraltools-backend/src/db/create-db-connection.ts","statementMap":{"0":{"start":{"line":1,"column":0},"end":{"line":3,"column":4}},"1":{"start":{"line":2,"column":26},"end":{"line":2,"column":39}},"2":{"start":{"line":2,"column":54},"end":{"line":2,"column":75}},"3":{"start":{"line":2,"column":97},"end":{"line":2,"column":128}},"4":{"start":{"line":2,"column":151},"end":{"line":2,"column":177}},"5":{"start":{"line":2,"column":195},"end":{"line":2,"column":216}},"6":{"start":{"line":2,"column":234},"end":{"line":2,"column":265}},"7":{"start":{"line":2,"column":277},"end":{"line":2,"column":343}},"8":{"start":{"line":2,"column":293},"end":{"line":2,"column":343}},"9":{"start":{"line":2,"column":357},"end":{"line":2,"column":447}},"10":{"start":{"line":2,"column":372},"end":{"line":2,"column":446}},"11":{"start":{"line":2,"column":392},"end":{"line":2,"column":446}},"12":{"start":{"line":2,"column":464},"end":{"line":2,"column":741}},"13":{"start":{"line":2,"column":488},"end":{"line":2,"column":731}},"14":{"start":{"line":2,"column":547},"end":{"line":2,"column":730}},"15":{"start":{"line":2,"column":586},"end":{"line":2,"column":730}},"16":{"start":{"line":2,"column":630},"end":{"line":2,"column":730}},"17":{"start":{"line":2,"column":656},"end":{"line":2,"column":665}},"18":{"start":{"line":2,"column":731},"end":{"line":2,"column":740}},"19":{"start":{"line":2,"column":754},"end":{"line":2,"column":942}},"20":{"start":{"line":2,"column":780},"end":{"line":2,"column":941}},"21":{"start":{"line":2,"column":960},"end":{"line":2,"column":1021}},"22":{"start":{"line":2,"column":965},"end":{"line":2,"column":1021}},"23":{"start":{"line":2,"column":1055},"end":{"line":2,"column":1057}},"24":{"start":{"line":2,"column":1058},"end":{"line":2,"column":1163}},"25":{"start":{"line":2,"column":1116},"end":{"line":2,"column":1130}},"26":{"start":{"line":2,"column":1148},"end":{"line":2,"column":1160}},"27":{"start":{"line":2,"column":1163},"end":{"line":2,"column":1221}},"28":{"start":{"line":2,"column":1246},"end":{"line":2,"column":1282}},"29":{"start":{"line":2,"column":1297},"end":{"line":2,"column":1310}},"30":{"start":{"line":2,"column":1322},"end":{"line":2,"column":1354}},"31":{"start":{"line":2,"column":1373},"end":{"line":2,"column":1399}},"32":{"start":{"line":2,"column":1469},"end":{"line":2,"column":1533}},"33":{"start":{"line":2,"column":1534},"end":{"line":2,"column":1641}},"34":{"start":{"line":2,"column":1556},"end":{"line":2,"column":1622}},"35":{"start":{"line":2,"column":1622},"end":{"line":2,"column":1638}},"36":{"start":{"line":2,"column":1641},"end":{"line":2,"column":1704}},"37":{"start":{"line":2,"column":1705},"end":{"line":2,"column":1741}},"38":{"start":{"line":2,"column":1820},"end":{"line":2,"column":1886}},"39":{"start":{"line":2,"column":1887},"end":{"line":2,"column":1910}},"40":{"start":{"line":2,"column":1910},"end":{"line":2,"column":1977}},"41":{"start":{"line":2,"column":1978},"end":{"line":2,"column":2018}},"42":{"start":{"line":2,"column":2018},"end":{"line":2,"column":2068}}},"fnMap":{"0":{"name":"(anonymous_0)","decl":{"start":{"line":1,"column":1},"end":{"line":1,"column":2}},"loc":{"start":{"line":1,"column":5},"end":{"line":3,"column":1}},"line":1},"1":{"name":"(anonymous_1)","decl":{"start":{"line":2,"column":277},"end":{"line":2,"column":278}},"loc":{"start":{"line":2,"column":293},"end":{"line":2,"column":343}},"line":2},"2":{"name":"(anonymous_2)","decl":{"start":{"line":2,"column":357},"end":{"line":2,"column":358}},"loc":{"start":{"line":2,"column":371},"end":{"line":2,"column":447}},"line":2},"3":{"name":"(anonymous_3)","decl":{"start":{"line":2,"column":464},"end":{"line":2,"column":465}},"loc":{"start":{"line":2,"column":487},"end":{"line":2,"column":741}},"line":2},"4":{"name":"(anonymous_4)","decl":{"start":{"line":2,"column":652},"end":{"line":2,"column":653}},"loc":{"start":{"line":2,"column":656},"end":{"line":2,"column":665}},"line":2},"5":{"name":"(anonymous_5)","decl":{"start":{"line":2,"column":754},"end":{"line":2,"column":755}},"loc":{"start":{"line":2,"column":780},"end":{"line":2,"column":941}},"line":2},"6":{"name":"(anonymous_6)","decl":{"start":{"line":2,"column":960},"end":{"line":2,"column":961}},"loc":{"start":{"line":2,"column":965},"end":{"line":2,"column":1021}},"line":2},"7":{"name":"(anonymous_7)","decl":{"start":{"line":2,"column":1112},"end":{"line":2,"column":1113}},"loc":{"start":{"line":2,"column":1116},"end":{"line":2,"column":1130}},"line":2},"8":{"name":"(anonymous_8)","decl":{"start":{"line":2,"column":1144},"end":{"line":2,"column":1145}},"loc":{"start":{"line":2,"column":1148},"end":{"line":2,"column":1160}},"line":2},"9":{"name":"createDbPool","decl":{"start":{"line":2,"column":1409},"end":{"line":2,"column":1421}},"loc":{"start":{"line":2,"column":1457},"end":{"line":2,"column":1705}},"line":2},"10":{"name":"(anonymous_10)","decl":{"start":{"line":2,"column":1550},"end":{"line":2,"column":1551}},"loc":{"start":{"line":2,"column":1555},"end":{"line":2,"column":1639}},"line":2},"11":{"name":"createDbClient","decl":{"start":{"line":2,"column":1756},"end":{"line":2,"column":1770}},"loc":{"start":{"line":2,"column":1806},"end":{"line":2,"column":1978}},"line":2}},"branchMap":{"0":{"loc":{"start":{"line":2,"column":488},"end":{"line":2,"column":731}},"type":"if","locations":[{"start":{"line":2,"column":488},"end":{"line":2,"column":731}},{"start":{},"end":{}}],"line":2},"1":{"loc":{"start":{"line":2,"column":491},"end":{"line":2,"column":545}},"type":"binary-expr","locations":[{"start":{"line":2,"column":491},"end":{"line":2,"column":495}},{"start":{"line":2,"column":497},"end":{"line":2,"column":519}},{"start":{"line":2,"column":521},"end":{"line":2,"column":545}}],"line":2},"2":{"loc":{"start":{"line":2,"column":586},"end":{"line":2,"column":730}},"type":"if","locations":[{"start":{"line":2,"column":586},"end":{"line":2,"column":730}},{"start":{},"end":{}}],"line":2},"3":{"loc":{"start":{"line":2,"column":589},"end":{"line":2,"column":629}},"type":"binary-expr","locations":[{"start":{"line":2,"column":589},"end":{"line":2,"column":615}},{"start":{"line":2,"column":617},"end":{"line":2,"column":629}}],"line":2},"4":{"loc":{"start":{"line":2,"column":677},"end":{"line":2,"column":728}},"type":"binary-expr","locations":[{"start":{"line":2,"column":677},"end":{"line":2,"column":711}},{"start":{"line":2,"column":713},"end":{"line":2,"column":728}}],"line":2},"5":{"loc":{"start":{"line":2,"column":787},"end":{"line":2,"column":827}},"type":"cond-expr","locations":[{"start":{"line":2,"column":797},"end":{"line":2,"column":824}},{"start":{"line":2,"column":825},"end":{"line":2,"column":827}}],"line":2},"6":{"loc":{"start":{"line":2,"column":840},"end":{"line":2,"column":936}},"type":"cond-expr","locations":[{"start":{"line":2,"column":874},"end":{"line":2,"column":929}},{"start":{"line":2,"column":930},"end":{"line":2,"column":936}}],"line":2},"7":{"loc":{"start":{"line":2,"column":840},"end":{"line":2,"column":873}},"type":"binary-expr","locations":[{"start":{"line":2,"column":840},"end":{"line":2,"column":850}},{"start":{"line":2,"column":852},"end":{"line":2,"column":856}},{"start":{"line":2,"column":858},"end":{"line":2,"column":873}}],"line":2},"8":{"loc":{"start":{"line":2,"column":2018},"end":{"line":2,"column":2067}},"type":"binary-expr","locations":[{"start":{"line":2,"column":2018},"end":{"line":2,"column":2019}},{"start":{"line":2,"column":2022},"end":{"line":2,"column":2066}}],"line":2}},"s":{"0":1,"1":1,"2":1,"3":1,"4":1,"5":1,"6":1,"7":1,"8":2,"9":1,"10":1,"11":2,"12":1,"13":2,"14":2,"15":43,"16":43,"17":207,"18":2,"19":1,"20":1,"21":1,"22":1,"23":1,"24":1,"25":3,"26":0,"27":1,"28":1,"29":1,"30":1,"31":1,"32":0,"33":0,"34":0,"35":0,"36":0,"37":1,"38":3,"39":3,"40":3,"41":1,"42":1},"f":{"0":1,"1":2,"2":1,"3":2,"4":207,"5":1,"6":1,"7":3,"8":0,"9":0,"10":0,"11":3},"b":{"0":[2,0],"1":[2,2,0],"2":[43,0],"3":[43,43],"4":[43,43],"5":[1,0],"6":[0,1],"7":[1,1,1],"8":[1,0]},"inputSourceMap":{"version":3,"mappings":";8/BAAA,gOAAwB,qCACxB,cAA6B,cAC7B,WAAwB,iCACxB,kBAAuB,2BAKhB,SAAS,aAAa,CAC3B,KACA,KACA,KACA,SACA,QACF,EAMG,CACD,MAAM,KAAO,IAAI,eAAK,CACpB,KACA,KACA,KACA,SACA,SACA,IAAK,KACP,CAAC,EAID,KAAK,GAAG,QAAU,KAAQ,CACxB,qBAAO,MAAM,kCAAmC,GAAG,EACnD,QAAQ,KAAK,EAAE,CACjB,CAAC,EAED,MAAO,CACL,KACA,MAAI,8BAAQ,KAAM,CAAE,MAAO,CAAC,CAC9B,CACF,CAjCgB,oCAsChB,eAAsB,eAAe,CACnC,KACA,KACA,KACA,SACA,QACF,EAMG,CACD,MAAM,OAAS,IAAI,iBAAO,CACxB,KACA,KACA,KACA,SACA,SACA,IAAK,KACP,CAAC,EAED,MAAM,OAAO,QAAQ,EACrB,MAAO,CACL,OACA,MAAI,8BAAQ,OAAQ,CAAE,MAAO,CAAC,CAChC,CACF,CA3BsB","names":[],"ignoreList":[],"sources":["/Users/diegoalzate/Code/work/lexicon/pluraltools-backend/src/db/create-db-connection.ts"],"sourcesContent":[null]},"_coverageSchema":"1a1c01bbd47fc00a2c39e90264f33305004495a9","hash":"4870f96ce3130e2fe04c109013fe28fd7c73dce8"},"/Users/diegoalzate/Code/work/lexicon/pluraltools-backend/src/db/schema/index.ts":{"path":"/Users/diegoalzate/Code/work/lexicon/pluraltools-backend/src/db/schema/index.ts","statementMap":{"0":{"start":{"line":1,"column":0},"end":{"line":3,"column":4}},"1":{"start":{"line":2,"column":27},"end":{"line":2,"column":48}},"2":{"start":{"line":2,"column":70},"end":{"line":2,"column":101}},"3":{"start":{"line":2,"column":124},"end":{"line":2,"column":150}},"4":{"start":{"line":2,"column":168},"end":{"line":2,"column":199}},"5":{"start":{"line":2,"column":216},"end":{"line":2,"column":493}},"6":{"start":{"line":2,"column":240},"end":{"line":2,"column":483}},"7":{"start":{"line":2,"column":299},"end":{"line":2,"column":482}},"8":{"start":{"line":2,"column":338},"end":{"line":2,"column":482}},"9":{"start":{"line":2,"column":382},"end":{"line":2,"column":482}},"10":{"start":{"line":2,"column":408},"end":{"line":2,"column":417}},"11":{"start":{"line":2,"column":483},"end":{"line":2,"column":492}},"12":{"start":{"line":2,"column":509},"end":{"line":2,"column":625}},"13":{"start":{"line":2,"column":537},"end":{"line":2,"column":624}},"14":{"start":{"line":2,"column":643},"end":{"line":2,"column":704}},"15":{"start":{"line":2,"column":648},"end":{"line":2,"column":704}},"16":{"start":{"line":2,"column":724},"end":{"line":2,"column":726}},"17":{"start":{"line":2,"column":727},"end":{"line":2,"column":771}},"18":{"start":{"line":2,"column":771},"end":{"line":2,"column":832}},"19":{"start":{"line":2,"column":832},"end":{"line":2,"column":909}},"20":{"start":{"line":2,"column":909},"end":{"line":2,"column":978}},"21":{"start":{"line":2,"column":978},"end":{"line":2,"column":1040}},"22":{"start":{"line":2,"column":1040},"end":{"line":2,"column":1105}},"23":{"start":{"line":2,"column":1105},"end":{"line":2,"column":1187}},"24":{"start":{"line":2,"column":1187},"end":{"line":2,"column":1250}},"25":{"start":{"line":2,"column":1250},"end":{"line":2,"column":1311}},"26":{"start":{"line":2,"column":1311},"end":{"line":2,"column":1373}},"27":{"start":{"line":2,"column":1373},"end":{"line":2,"column":1448}},"28":{"start":{"line":2,"column":1448},"end":{"line":2,"column":1521}},"29":{"start":{"line":2,"column":1521},"end":{"line":2,"column":1583}},"30":{"start":{"line":2,"column":1583},"end":{"line":2,"column":1654}},"31":{"start":{"line":2,"column":1654},"end":{"line":2,"column":1725}},"32":{"start":{"line":2,"column":1725},"end":{"line":2,"column":1789}},"33":{"start":{"line":2,"column":1789},"end":{"line":2,"column":1850}},"34":{"start":{"line":2,"column":1850},"end":{"line":2,"column":1924}},"35":{"start":{"line":2,"column":1924},"end":{"line":2,"column":2002}},"36":{"start":{"line":2,"column":2002},"end":{"line":2,"column":2074}},"37":{"start":{"line":2,"column":2074},"end":{"line":2,"column":2159}},"38":{"start":{"line":2,"column":2159},"end":{"line":2,"column":2221}},"39":{"start":{"line":2,"column":2221},"end":{"line":2,"column":2874}}},"fnMap":{"0":{"name":"(anonymous_0)","decl":{"start":{"line":1,"column":1},"end":{"line":1,"column":2}},"loc":{"start":{"line":1,"column":5},"end":{"line":3,"column":1}},"line":1},"1":{"name":"(anonymous_1)","decl":{"start":{"line":2,"column":216},"end":{"line":2,"column":217}},"loc":{"start":{"line":2,"column":239},"end":{"line":2,"column":493}},"line":2},"2":{"name":"(anonymous_2)","decl":{"start":{"line":2,"column":404},"end":{"line":2,"column":405}},"loc":{"start":{"line":2,"column":408},"end":{"line":2,"column":417}},"line":2},"3":{"name":"(anonymous_3)","decl":{"start":{"line":2,"column":509},"end":{"line":2,"column":510}},"loc":{"start":{"line":2,"column":537},"end":{"line":2,"column":624}},"line":2},"4":{"name":"(anonymous_4)","decl":{"start":{"line":2,"column":643},"end":{"line":2,"column":644}},"loc":{"start":{"line":2,"column":648},"end":{"line":2,"column":704}},"line":2}},"branchMap":{"0":{"loc":{"start":{"line":2,"column":240},"end":{"line":2,"column":483}},"type":"if","locations":[{"start":{"line":2,"column":240},"end":{"line":2,"column":483}},{"start":{},"end":{}}],"line":2},"1":{"loc":{"start":{"line":2,"column":243},"end":{"line":2,"column":297}},"type":"binary-expr","locations":[{"start":{"line":2,"column":243},"end":{"line":2,"column":247}},{"start":{"line":2,"column":249},"end":{"line":2,"column":271}},{"start":{"line":2,"column":273},"end":{"line":2,"column":297}}],"line":2},"2":{"loc":{"start":{"line":2,"column":338},"end":{"line":2,"column":482}},"type":"if","locations":[{"start":{"line":2,"column":338},"end":{"line":2,"column":482}},{"start":{},"end":{}}],"line":2},"3":{"loc":{"start":{"line":2,"column":341},"end":{"line":2,"column":381}},"type":"binary-expr","locations":[{"start":{"line":2,"column":341},"end":{"line":2,"column":367}},{"start":{"line":2,"column":369},"end":{"line":2,"column":381}}],"line":2},"4":{"loc":{"start":{"line":2,"column":429},"end":{"line":2,"column":480}},"type":"binary-expr","locations":[{"start":{"line":2,"column":429},"end":{"line":2,"column":463}},{"start":{"line":2,"column":465},"end":{"line":2,"column":480}}],"line":2},"5":{"loc":{"start":{"line":2,"column":571},"end":{"line":2,"column":624}},"type":"binary-expr","locations":[{"start":{"line":2,"column":571},"end":{"line":2,"column":583}},{"start":{"line":2,"column":585},"end":{"line":2,"column":624}}],"line":2},"6":{"loc":{"start":{"line":2,"column":2221},"end":{"line":2,"column":2873}},"type":"binary-expr","locations":[{"start":{"line":2,"column":2221},"end":{"line":2,"column":2222}},{"start":{"line":2,"column":2225},"end":{"line":2,"column":2872}}],"line":2}},"s":{"0":1,"1":1,"2":1,"3":1,"4":1,"5":1,"6":43,"7":43,"8":122,"9":81,"10":278,"11":43,"12":1,"13":21,"14":1,"15":1,"16":1,"17":1,"18":1,"19":1,"20":1,"21":1,"22":1,"23":1,"24":1,"25":1,"26":1,"27":1,"28":1,"29":1,"30":1,"31":1,"32":1,"33":1,"34":1,"35":1,"36":1,"37":1,"38":1,"39":1},"f":{"0":1,"1":43,"2":278,"3":21,"4":1},"b":{"0":[43,0],"1":[43,43,0],"2":[81,41],"3":[122,81],"4":[81,81],"5":[21,21],"6":[1,0]},"inputSourceMap":{"version":3,"mappings":";isBAAA,4FAAc,mBAAd,gBACA,0BAAc,mCADd,gBAEA,0BAAc,2BAFd,gBAGA,0BAAc,oBAHd,gBAIA,0BAAc,uBAJd,gBAKA,0BAAc,wCALd,gBAMA,0BAAc,qBANd,gBAOA,0BAAc,mBAPd,gBAQA,0BAAc,oBARd,gBASA,0BAAc,iCATd,gBAUA,0BAAc,+BAVd,gBAWA,0BAAc,oBAXd,gBAYA,0BAAc,6BAZd,gBAaA,0BAAc,6BAbd,gBAcA,0BAAc,sBAdd,gBAeA,0BAAc,mBAfd,gBAgBA,0BAAc,gCAhBd,gBAiBA,0BAAc,oCAjBd,gBAkBA,0BAAc,8BAlBd,gBAmBA,0BAAc,2CAnBd,gBAoBA,0BAAc,oBApBd","names":[],"ignoreList":[],"sources":["/Users/diegoalzate/Code/work/lexicon/pluraltools-backend/src/db/schema/index.ts"],"sourcesContent":[null]},"_coverageSchema":"1a1c01bbd47fc00a2c39e90264f33305004495a9","hash":"9a553f9a5959de6d21045574b69f1bbd64c43fcc"},"/Users/diegoalzate/Code/work/lexicon/pluraltools-backend/src/db/schema/users.ts":{"path":"/Users/diegoalzate/Code/work/lexicon/pluraltools-backend/src/db/schema/users.ts","statementMap":{"0":{"start":{"line":1,"column":0},"end":{"line":3,"column":4}},"1":{"start":{"line":2,"column":27},"end":{"line":2,"column":48}},"2":{"start":{"line":2,"column":70},"end":{"line":2,"column":101}},"3":{"start":{"line":2,"column":124},"end":{"line":2,"column":150}},"4":{"start":{"line":2,"column":168},"end":{"line":2,"column":199}},"5":{"start":{"line":2,"column":213},"end":{"line":2,"column":303}},"6":{"start":{"line":2,"column":228},"end":{"line":2,"column":302}},"7":{"start":{"line":2,"column":248},"end":{"line":2,"column":302}},"8":{"start":{"line":2,"column":320},"end":{"line":2,"column":597}},"9":{"start":{"line":2,"column":344},"end":{"line":2,"column":587}},"10":{"start":{"line":2,"column":403},"end":{"line":2,"column":586}},"11":{"start":{"line":2,"column":442},"end":{"line":2,"column":586}},"12":{"start":{"line":2,"column":486},"end":{"line":2,"column":586}},"13":{"start":{"line":2,"column":512},"end":{"line":2,"column":521}},"14":{"start":{"line":2,"column":587},"end":{"line":2,"column":596}},"15":{"start":{"line":2,"column":615},"end":{"line":2,"column":676}},"16":{"start":{"line":2,"column":620},"end":{"line":2,"column":676}},"17":{"start":{"line":2,"column":695},"end":{"line":2,"column":697}},"18":{"start":{"line":2,"column":698},"end":{"line":2,"column":774}},"19":{"start":{"line":2,"column":732},"end":{"line":2,"column":737}},"20":{"start":{"line":2,"column":757},"end":{"line":2,"column":771}},"21":{"start":{"line":2,"column":774},"end":{"line":2,"column":817}},"22":{"start":{"line":2,"column":840},"end":{"line":2,"column":862}},"23":{"start":{"line":2,"column":882},"end":{"line":2,"column":912}},"24":{"start":{"line":2,"column":946},"end":{"line":2,"column":980}},"25":{"start":{"line":2,"column":1001},"end":{"line":2,"column":1022}},"26":{"start":{"line":2,"column":1040},"end":{"line":2,"column":1058}},"27":{"start":{"line":2,"column":1078},"end":{"line":2,"column":1098}},"28":{"start":{"line":2,"column":1124},"end":{"line":2,"column":1150}},"29":{"start":{"line":2,"column":1178},"end":{"line":2,"column":1206}},"30":{"start":{"line":2,"column":1234},"end":{"line":2,"column":1262}},"31":{"start":{"line":2,"column":1280},"end":{"line":2,"column":1298}},"32":{"start":{"line":2,"column":1333},"end":{"line":2,"column":1368}},"33":{"start":{"line":2,"column":1381},"end":{"line":2,"column":1936}},"34":{"start":{"line":2,"column":1958},"end":{"line":2,"column":2471}},"35":{"start":{"line":2,"column":2012},"end":{"line":2,"column":2469}},"36":{"start":{"line":2,"column":2472},"end":{"line":2,"column":2515}}},"fnMap":{"0":{"name":"(anonymous_0)","decl":{"start":{"line":1,"column":1},"end":{"line":1,"column":2}},"loc":{"start":{"line":1,"column":5},"end":{"line":3,"column":1}},"line":1},"1":{"name":"(anonymous_1)","decl":{"start":{"line":2,"column":213},"end":{"line":2,"column":214}},"loc":{"start":{"line":2,"column":227},"end":{"line":2,"column":303}},"line":2},"2":{"name":"(anonymous_2)","decl":{"start":{"line":2,"column":320},"end":{"line":2,"column":321}},"loc":{"start":{"line":2,"column":343},"end":{"line":2,"column":597}},"line":2},"3":{"name":"(anonymous_3)","decl":{"start":{"line":2,"column":508},"end":{"line":2,"column":509}},"loc":{"start":{"line":2,"column":512},"end":{"line":2,"column":521}},"line":2},"4":{"name":"(anonymous_4)","decl":{"start":{"line":2,"column":615},"end":{"line":2,"column":616}},"loc":{"start":{"line":2,"column":620},"end":{"line":2,"column":676}},"line":2},"5":{"name":"(anonymous_5)","decl":{"start":{"line":2,"column":728},"end":{"line":2,"column":729}},"loc":{"start":{"line":2,"column":732},"end":{"line":2,"column":737}},"line":2},"6":{"name":"(anonymous_6)","decl":{"start":{"line":2,"column":753},"end":{"line":2,"column":754}},"loc":{"start":{"line":2,"column":757},"end":{"line":2,"column":771}},"line":2},"7":{"name":"(anonymous_7)","decl":{"start":{"line":2,"column":1997},"end":{"line":2,"column":1998}},"loc":{"start":{"line":2,"column":2012},"end":{"line":2,"column":2469}},"line":2}},"branchMap":{"0":{"loc":{"start":{"line":2,"column":344},"end":{"line":2,"column":587}},"type":"if","locations":[{"start":{"line":2,"column":344},"end":{"line":2,"column":587}},{"start":{},"end":{}}],"line":2},"1":{"loc":{"start":{"line":2,"column":347},"end":{"line":2,"column":401}},"type":"binary-expr","locations":[{"start":{"line":2,"column":347},"end":{"line":2,"column":351}},{"start":{"line":2,"column":353},"end":{"line":2,"column":375}},{"start":{"line":2,"column":377},"end":{"line":2,"column":401}}],"line":2},"2":{"loc":{"start":{"line":2,"column":442},"end":{"line":2,"column":586}},"type":"if","locations":[{"start":{"line":2,"column":442},"end":{"line":2,"column":586}},{"start":{},"end":{}}],"line":2},"3":{"loc":{"start":{"line":2,"column":445},"end":{"line":2,"column":485}},"type":"binary-expr","locations":[{"start":{"line":2,"column":445},"end":{"line":2,"column":471}},{"start":{"line":2,"column":473},"end":{"line":2,"column":485}}],"line":2},"4":{"loc":{"start":{"line":2,"column":533},"end":{"line":2,"column":584}},"type":"binary-expr","locations":[{"start":{"line":2,"column":533},"end":{"line":2,"column":567}},{"start":{"line":2,"column":569},"end":{"line":2,"column":584}}],"line":2},"5":{"loc":{"start":{"line":2,"column":2472},"end":{"line":2,"column":2514}},"type":"binary-expr","locations":[{"start":{"line":2,"column":2472},"end":{"line":2,"column":2473}},{"start":{"line":2,"column":2476},"end":{"line":2,"column":2513}}],"line":2}},"s":{"0":1,"1":1,"2":1,"3":1,"4":1,"5":1,"6":1,"7":2,"8":1,"9":1,"10":1,"11":2,"12":2,"13":69,"14":1,"15":1,"16":1,"17":1,"18":1,"19":66,"20":3,"21":1,"22":1,"23":1,"24":1,"25":1,"26":1,"27":1,"28":1,"29":1,"30":1,"31":1,"32":1,"33":1,"34":1,"35":3,"36":1},"f":{"0":1,"1":1,"2":1,"3":69,"4":1,"5":66,"6":3,"7":3},"b":{"0":[1,0],"1":[1,1,0],"2":[2,0],"3":[2,2],"4":[2,2],"5":[1,0]},"inputSourceMap":{"version":3,"mappings":";qqBAAA,mKAA0B,uBAC1B,mBAAkD,+BAClD,iCAAqC,mCACrC,oBAAyB,sBACzB,iBAAsB,mBACtB,mBAAwB,qBACxB,yBAA8B,2BAC9B,2BAA+B,6BAC/B,2BAA8B,6BAC9B,iBAAsB,mBACtB,kCAAqC,oCAE9B,MAAM,SAAQ,wBAAQ,QAAS,CACpC,MAAI,qBAAK,IAAI,EAAE,WAAW,EAAE,cAAc,EAC1C,YAAU,wBAAQ,WAAY,CAAE,OAAQ,GAAI,CAAC,EAAE,OAAO,EACtD,aAAW,wBAAQ,YAAY,EAC/B,YAAU,wBAAQ,WAAW,EAC7B,SAAO,wBAAQ,QAAS,CAAE,OAAQ,GAAI,CAAC,EAAE,OAAO,EAChD,YAAU,wBAAQ,WAAY,CAAE,OAAQ,GAAI,CAAC,EAAE,OAAO,EACtD,aAAW,0BAAU,YAAY,EAAE,QAAQ,EAAE,WAAW,EACxD,aAAW,0BAAU,YAAY,EAAE,QAAQ,EAAE,WAAW,CAC1D,CAAC,EAEM,MAAM,kBAAiB,8BAAU,MAAO,CAAC,CAAE,KAAM,GAAI,KAAO,CACjE,cAAe,KAAK,kCAAa,EACjC,MAAO,KAAK,kBAAK,EACjB,cAAe,KAAK,oCAAa,EACjC,eAAgB,KAAK,qCAAc,EACnC,oBAAqB,IAAI,iDAAoB,EAC7C,SAAU,KAAK,wBAAQ,EACvB,MAAO,KAAK,kBAAK,EACjB,QAAS,KAAK,sBAAO,EACrB,cAAe,KAAK,kDAAoB,CAC1C,EAAE","names":[],"ignoreList":[],"sources":["/Users/diegoalzate/Code/work/lexicon/pluraltools-backend/src/db/schema/users.ts"],"sourcesContent":[null]},"_coverageSchema":"1a1c01bbd47fc00a2c39e90264f33305004495a9","hash":"c03742602942dccfc1b5ce654f4c4f747f990363"},"/Users/diegoalzate/Code/work/lexicon/pluraltools-backend/src/db/schema/federated-credentials.ts":{"path":"/Users/diegoalzate/Code/work/lexicon/pluraltools-backend/src/db/schema/federated-credentials.ts","statementMap":{"0":{"start":{"line":1,"column":0},"end":{"line":3,"column":4}},"1":{"start":{"line":2,"column":27},"end":{"line":2,"column":48}},"2":{"start":{"line":2,"column":70},"end":{"line":2,"column":101}},"3":{"start":{"line":2,"column":124},"end":{"line":2,"column":150}},"4":{"start":{"line":2,"column":168},"end":{"line":2,"column":199}},"5":{"start":{"line":2,"column":213},"end":{"line":2,"column":303}},"6":{"start":{"line":2,"column":228},"end":{"line":2,"column":302}},"7":{"start":{"line":2,"column":248},"end":{"line":2,"column":302}},"8":{"start":{"line":2,"column":320},"end":{"line":2,"column":597}},"9":{"start":{"line":2,"column":344},"end":{"line":2,"column":587}},"10":{"start":{"line":2,"column":403},"end":{"line":2,"column":586}},"11":{"start":{"line":2,"column":442},"end":{"line":2,"column":586}},"12":{"start":{"line":2,"column":486},"end":{"line":2,"column":586}},"13":{"start":{"line":2,"column":512},"end":{"line":2,"column":521}},"14":{"start":{"line":2,"column":587},"end":{"line":2,"column":596}},"15":{"start":{"line":2,"column":615},"end":{"line":2,"column":676}},"16":{"start":{"line":2,"column":620},"end":{"line":2,"column":676}},"17":{"start":{"line":2,"column":711},"end":{"line":2,"column":713}},"18":{"start":{"line":2,"column":714},"end":{"line":2,"column":866}},"19":{"start":{"line":2,"column":779},"end":{"line":2,"column":799}},"20":{"start":{"line":2,"column":834},"end":{"line":2,"column":863}},"21":{"start":{"line":2,"column":866},"end":{"line":2,"column":925}},"22":{"start":{"line":2,"column":944},"end":{"line":2,"column":974}},"23":{"start":{"line":2,"column":992},"end":{"line":2,"column":1010}},"24":{"start":{"line":2,"column":1034},"end":{"line":2,"column":1056}},"25":{"start":{"line":2,"column":1084},"end":{"line":2,"column":1664}},"26":{"start":{"line":2,"column":1255},"end":{"line":2,"column":1276}},"27":{"start":{"line":2,"column":1565},"end":{"line":2,"column":1662}},"28":{"start":{"line":2,"column":1701},"end":{"line":2,"column":1871}},"29":{"start":{"line":2,"column":1765},"end":{"line":2,"column":1869}},"30":{"start":{"line":2,"column":1872},"end":{"line":2,"column":1945}}},"fnMap":{"0":{"name":"(anonymous_0)","decl":{"start":{"line":1,"column":1},"end":{"line":1,"column":2}},"loc":{"start":{"line":1,"column":5},"end":{"line":3,"column":1}},"line":1},"1":{"name":"(anonymous_1)","decl":{"start":{"line":2,"column":213},"end":{"line":2,"column":214}},"loc":{"start":{"line":2,"column":227},"end":{"line":2,"column":303}},"line":2},"2":{"name":"(anonymous_2)","decl":{"start":{"line":2,"column":320},"end":{"line":2,"column":321}},"loc":{"start":{"line":2,"column":343},"end":{"line":2,"column":597}},"line":2},"3":{"name":"(anonymous_3)","decl":{"start":{"line":2,"column":508},"end":{"line":2,"column":509}},"loc":{"start":{"line":2,"column":512},"end":{"line":2,"column":521}},"line":2},"4":{"name":"(anonymous_4)","decl":{"start":{"line":2,"column":615},"end":{"line":2,"column":616}},"loc":{"start":{"line":2,"column":620},"end":{"line":2,"column":676}},"line":2},"5":{"name":"(anonymous_5)","decl":{"start":{"line":2,"column":775},"end":{"line":2,"column":776}},"loc":{"start":{"line":2,"column":779},"end":{"line":2,"column":799}},"line":2},"6":{"name":"(anonymous_6)","decl":{"start":{"line":2,"column":830},"end":{"line":2,"column":831}},"loc":{"start":{"line":2,"column":834},"end":{"line":2,"column":863}},"line":2},"7":{"name":"(anonymous_7)","decl":{"start":{"line":2,"column":1251},"end":{"line":2,"column":1252}},"loc":{"start":{"line":2,"column":1255},"end":{"line":2,"column":1276}},"line":2},"8":{"name":"(anonymous_8)","decl":{"start":{"line":2,"column":1561},"end":{"line":2,"column":1562}},"loc":{"start":{"line":2,"column":1565},"end":{"line":2,"column":1662}},"line":2},"9":{"name":"(anonymous_9)","decl":{"start":{"line":2,"column":1755},"end":{"line":2,"column":1756}},"loc":{"start":{"line":2,"column":1765},"end":{"line":2,"column":1869}},"line":2}},"branchMap":{"0":{"loc":{"start":{"line":2,"column":344},"end":{"line":2,"column":587}},"type":"if","locations":[{"start":{"line":2,"column":344},"end":{"line":2,"column":587}},{"start":{},"end":{}}],"line":2},"1":{"loc":{"start":{"line":2,"column":347},"end":{"line":2,"column":401}},"type":"binary-expr","locations":[{"start":{"line":2,"column":347},"end":{"line":2,"column":351}},{"start":{"line":2,"column":353},"end":{"line":2,"column":375}},{"start":{"line":2,"column":377},"end":{"line":2,"column":401}}],"line":2},"2":{"loc":{"start":{"line":2,"column":442},"end":{"line":2,"column":586}},"type":"if","locations":[{"start":{"line":2,"column":442},"end":{"line":2,"column":586}},{"start":{},"end":{}}],"line":2},"3":{"loc":{"start":{"line":2,"column":445},"end":{"line":2,"column":485}},"type":"binary-expr","locations":[{"start":{"line":2,"column":445},"end":{"line":2,"column":471}},{"start":{"line":2,"column":473},"end":{"line":2,"column":485}}],"line":2},"4":{"loc":{"start":{"line":2,"column":533},"end":{"line":2,"column":584}},"type":"binary-expr","locations":[{"start":{"line":2,"column":533},"end":{"line":2,"column":567}},{"start":{"line":2,"column":569},"end":{"line":2,"column":584}}],"line":2},"5":{"loc":{"start":{"line":2,"column":1872},"end":{"line":2,"column":1944}},"type":"binary-expr","locations":[{"start":{"line":2,"column":1872},"end":{"line":2,"column":1873}},{"start":{"line":2,"column":1876},"end":{"line":2,"column":1943}}],"line":2}},"s":{"0":1,"1":1,"2":1,"3":1,"4":1,"5":1,"6":1,"7":2,"8":1,"9":1,"10":1,"11":2,"12":2,"13":13,"14":1,"15":1,"16":1,"17":1,"18":1,"19":10,"20":3,"21":1,"22":1,"23":1,"24":1,"25":1,"26":0,"27":3,"28":1,"29":3,"30":1},"f":{"0":1,"1":1,"2":1,"3":13,"4":1,"5":10,"6":3,"7":0,"8":3,"9":3},"b":{"0":[1,0],"1":[1,1,0],"2":[2,0],"3":[2,2],"4":[2,2],"5":[1,0]},"inputSourceMap":{"version":3,"mappings":";qqBAAA,2QAA0D,+BAC1D,iBAAsB,mBACtB,uBAA0B,uBAEnB,MAAM,wBAAuB,wBAClC,wBACA,CACE,MAAI,qBAAK,IAAI,EAAE,WAAW,EAAE,cAAc,EAC1C,UAAQ,qBAAK,SAAS,EACnB,WAAW,IAAM,mBAAM,EAAE,EACzB,QAAQ,EACX,YAAU,wBAAQ,WAAY,CAAE,OAAQ,GAAI,CAAC,EAC7C,WAAS,wBAAQ,UAAW,CAAE,OAAQ,GAAI,CAAC,EAC3C,aAAW,0BAAU,YAAY,EAAE,QAAQ,EAAE,WAAW,EACxD,aAAW,0BAAU,YAAY,EAAE,QAAQ,EAAE,WAAW,CAC1D,EACC,IAAO,CACN,wBAAsB,uBAAO,sBAAsB,EAAE,GAAG,EAAE,SAAU,EAAE,OAAO,CAC/E,EACF,EAEO,MAAM,iCAAgC,8BAAU,qBAAsB,CAAC,CAAE,GAAI,KAAO,CACzF,KAAM,IAAI,mBAAO,CACf,OAAQ,CAAC,qBAAqB,MAAM,EACpC,WAAY,CAAC,mBAAM,EAAE,CACvB,CAAC,CACH,EAAE","names":[],"ignoreList":[],"sources":["/Users/diegoalzate/Code/work/lexicon/pluraltools-backend/src/db/schema/federated-credentials.ts"],"sourcesContent":[null]},"_coverageSchema":"1a1c01bbd47fc00a2c39e90264f33305004495a9","hash":"52c6fa17823ee9ea1c435ba927fa3015fd5d6b61"},"/Users/diegoalzate/Code/work/lexicon/pluraltools-backend/src/db/schema/comments.ts":{"path":"/Users/diegoalzate/Code/work/lexicon/pluraltools-backend/src/db/schema/comments.ts","statementMap":{"0":{"start":{"line":1,"column":0},"end":{"line":3,"column":4}},"1":{"start":{"line":2,"column":27},"end":{"line":2,"column":48}},"2":{"start":{"line":2,"column":70},"end":{"line":2,"column":101}},"3":{"start":{"line":2,"column":124},"end":{"line":2,"column":150}},"4":{"start":{"line":2,"column":168},"end":{"line":2,"column":199}},"5":{"start":{"line":2,"column":213},"end":{"line":2,"column":303}},"6":{"start":{"line":2,"column":228},"end":{"line":2,"column":302}},"7":{"start":{"line":2,"column":248},"end":{"line":2,"column":302}},"8":{"start":{"line":2,"column":320},"end":{"line":2,"column":597}},"9":{"start":{"line":2,"column":344},"end":{"line":2,"column":587}},"10":{"start":{"line":2,"column":403},"end":{"line":2,"column":586}},"11":{"start":{"line":2,"column":442},"end":{"line":2,"column":586}},"12":{"start":{"line":2,"column":486},"end":{"line":2,"column":586}},"13":{"start":{"line":2,"column":512},"end":{"line":2,"column":521}},"14":{"start":{"line":2,"column":587},"end":{"line":2,"column":596}},"15":{"start":{"line":2,"column":615},"end":{"line":2,"column":676}},"16":{"start":{"line":2,"column":620},"end":{"line":2,"column":676}},"17":{"start":{"line":2,"column":698},"end":{"line":2,"column":700}},"18":{"start":{"line":2,"column":701},"end":{"line":2,"column":792}},"19":{"start":{"line":2,"column":741},"end":{"line":2,"column":749}},"20":{"start":{"line":2,"column":772},"end":{"line":2,"column":789}},"21":{"start":{"line":2,"column":792},"end":{"line":2,"column":838}},"22":{"start":{"line":2,"column":861},"end":{"line":2,"column":883}},"23":{"start":{"line":2,"column":903},"end":{"line":2,"column":933}},"24":{"start":{"line":2,"column":953},"end":{"line":2,"column":973}},"25":{"start":{"line":2,"column":991},"end":{"line":2,"column":1009}},"26":{"start":{"line":2,"column":1027},"end":{"line":2,"column":1045}},"27":{"start":{"line":2,"column":1061},"end":{"line":2,"column":1535}},"28":{"start":{"line":2,"column":1219},"end":{"line":2,"column":1240}},"29":{"start":{"line":2,"column":1303},"end":{"line":2,"column":1328}},"30":{"start":{"line":2,"column":1560},"end":{"line":2,"column":1845}},"31":{"start":{"line":2,"column":1617},"end":{"line":2,"column":1843}},"32":{"start":{"line":2,"column":1846},"end":{"line":2,"column":1895}}},"fnMap":{"0":{"name":"(anonymous_0)","decl":{"start":{"line":1,"column":1},"end":{"line":1,"column":2}},"loc":{"start":{"line":1,"column":5},"end":{"line":3,"column":1}},"line":1},"1":{"name":"(anonymous_1)","decl":{"start":{"line":2,"column":213},"end":{"line":2,"column":214}},"loc":{"start":{"line":2,"column":227},"end":{"line":2,"column":303}},"line":2},"2":{"name":"(anonymous_2)","decl":{"start":{"line":2,"column":320},"end":{"line":2,"column":321}},"loc":{"start":{"line":2,"column":343},"end":{"line":2,"column":597}},"line":2},"3":{"name":"(anonymous_3)","decl":{"start":{"line":2,"column":508},"end":{"line":2,"column":509}},"loc":{"start":{"line":2,"column":512},"end":{"line":2,"column":521}},"line":2},"4":{"name":"(anonymous_4)","decl":{"start":{"line":2,"column":615},"end":{"line":2,"column":616}},"loc":{"start":{"line":2,"column":620},"end":{"line":2,"column":676}},"line":2},"5":{"name":"(anonymous_5)","decl":{"start":{"line":2,"column":737},"end":{"line":2,"column":738}},"loc":{"start":{"line":2,"column":741},"end":{"line":2,"column":749}},"line":2},"6":{"name":"(anonymous_6)","decl":{"start":{"line":2,"column":768},"end":{"line":2,"column":769}},"loc":{"start":{"line":2,"column":772},"end":{"line":2,"column":789}},"line":2},"7":{"name":"(anonymous_7)","decl":{"start":{"line":2,"column":1215},"end":{"line":2,"column":1216}},"loc":{"start":{"line":2,"column":1219},"end":{"line":2,"column":1240}},"line":2},"8":{"name":"(anonymous_8)","decl":{"start":{"line":2,"column":1299},"end":{"line":2,"column":1300}},"loc":{"start":{"line":2,"column":1303},"end":{"line":2,"column":1328}},"line":2},"9":{"name":"(anonymous_9)","decl":{"start":{"line":2,"column":1602},"end":{"line":2,"column":1603}},"loc":{"start":{"line":2,"column":1617},"end":{"line":2,"column":1843}},"line":2}},"branchMap":{"0":{"loc":{"start":{"line":2,"column":344},"end":{"line":2,"column":587}},"type":"if","locations":[{"start":{"line":2,"column":344},"end":{"line":2,"column":587}},{"start":{},"end":{}}],"line":2},"1":{"loc":{"start":{"line":2,"column":347},"end":{"line":2,"column":401}},"type":"binary-expr","locations":[{"start":{"line":2,"column":347},"end":{"line":2,"column":351}},{"start":{"line":2,"column":353},"end":{"line":2,"column":375}},{"start":{"line":2,"column":377},"end":{"line":2,"column":401}}],"line":2},"2":{"loc":{"start":{"line":2,"column":442},"end":{"line":2,"column":586}},"type":"if","locations":[{"start":{"line":2,"column":442},"end":{"line":2,"column":586}},{"start":{},"end":{}}],"line":2},"3":{"loc":{"start":{"line":2,"column":445},"end":{"line":2,"column":485}},"type":"binary-expr","locations":[{"start":{"line":2,"column":445},"end":{"line":2,"column":471}},{"start":{"line":2,"column":473},"end":{"line":2,"column":485}}],"line":2},"4":{"loc":{"start":{"line":2,"column":533},"end":{"line":2,"column":584}},"type":"binary-expr","locations":[{"start":{"line":2,"column":533},"end":{"line":2,"column":567}},{"start":{"line":2,"column":569},"end":{"line":2,"column":584}}],"line":2},"5":{"loc":{"start":{"line":2,"column":1846},"end":{"line":2,"column":1894}},"type":"binary-expr","locations":[{"start":{"line":2,"column":1846},"end":{"line":2,"column":1847}},{"start":{"line":2,"column":1850},"end":{"line":2,"column":1893}}],"line":2}},"s":{"0":1,"1":1,"2":1,"3":1,"4":1,"5":1,"6":1,"7":2,"8":1,"9":1,"10":1,"11":2,"12":2,"13":23,"14":1,"15":1,"16":1,"17":1,"18":1,"19":20,"20":3,"21":1,"22":1,"23":1,"24":1,"25":1,"26":1,"27":1,"28":0,"29":0,"30":1,"31":3,"32":1},"f":{"0":1,"1":1,"2":1,"3":23,"4":1,"5":20,"6":3,"7":0,"8":0,"9":3},"b":{"0":[1,0],"1":[1,1,0],"2":[2,0],"3":[2,2],"4":[2,2],"5":[1,0]},"inputSourceMap":{"version":3,"mappings":";qqBAAA,wLAA0B,uBAC1B,mBAAkD,+BAClD,mBAAwB,qBACxB,iBAAsB,mBACtB,iBAAsB,mBAEf,MAAM,YAAW,wBAAQ,WAAY,CAC1C,MAAI,qBAAK,IAAI,EAAE,WAAW,EAAE,cAAc,EAC1C,UAAQ,qBAAK,SAAS,EAAE,WAAW,IAAM,mBAAM,EAAE,EACjD,YAAU,qBAAK,WAAW,EAAE,WAAW,IAAM,uBAAQ,EAAE,EACvD,SAAO,wBAAQ,OAAO,EAAE,QAAQ,EAChC,aAAW,0BAAU,YAAY,EAAE,QAAQ,EAAE,WAAW,EACxD,aAAW,0BAAU,YAAY,EAAE,QAAQ,EAAE,WAAW,CAC1D,CAAC,EAEM,MAAM,qBAAoB,8BAAU,SAAU,CAAC,CAAE,IAAK,IAAK,KAAO,CACvE,KAAM,IAAI,mBAAO,CACf,OAAQ,CAAC,SAAS,MAAM,EACxB,WAAY,CAAC,mBAAM,EAAE,CACvB,CAAC,EACD,OAAQ,IAAI,uBAAS,CACnB,OAAQ,CAAC,SAAS,QAAQ,EAC1B,WAAY,CAAC,uBAAQ,EAAE,CACzB,CAAC,EACD,MAAO,KAAK,kBAAK,CACnB,EAAE","names":[],"ignoreList":[],"sources":["/Users/diegoalzate/Code/work/lexicon/pluraltools-backend/src/db/schema/comments.ts"],"sourcesContent":[null]},"_coverageSchema":"1a1c01bbd47fc00a2c39e90264f33305004495a9","hash":"055dacfd98de118770e80343df4cf9e103fc81a8"},"/Users/diegoalzate/Code/work/lexicon/pluraltools-backend/src/db/schema/options.ts":{"path":"/Users/diegoalzate/Code/work/lexicon/pluraltools-backend/src/db/schema/options.ts","statementMap":{"0":{"start":{"line":1,"column":0},"end":{"line":3,"column":4}},"1":{"start":{"line":2,"column":27},"end":{"line":2,"column":48}},"2":{"start":{"line":2,"column":70},"end":{"line":2,"column":101}},"3":{"start":{"line":2,"column":124},"end":{"line":2,"column":150}},"4":{"start":{"line":2,"column":168},"end":{"line":2,"column":199}},"5":{"start":{"line":2,"column":213},"end":{"line":2,"column":303}},"6":{"start":{"line":2,"column":228},"end":{"line":2,"column":302}},"7":{"start":{"line":2,"column":248},"end":{"line":2,"column":302}},"8":{"start":{"line":2,"column":320},"end":{"line":2,"column":597}},"9":{"start":{"line":2,"column":344},"end":{"line":2,"column":587}},"10":{"start":{"line":2,"column":403},"end":{"line":2,"column":586}},"11":{"start":{"line":2,"column":442},"end":{"line":2,"column":586}},"12":{"start":{"line":2,"column":486},"end":{"line":2,"column":586}},"13":{"start":{"line":2,"column":512},"end":{"line":2,"column":521}},"14":{"start":{"line":2,"column":587},"end":{"line":2,"column":596}},"15":{"start":{"line":2,"column":615},"end":{"line":2,"column":676}},"16":{"start":{"line":2,"column":620},"end":{"line":2,"column":676}},"17":{"start":{"line":2,"column":697},"end":{"line":2,"column":699}},"18":{"start":{"line":2,"column":700},"end":{"line":2,"column":802}},"19":{"start":{"line":2,"column":738},"end":{"line":2,"column":745}},"20":{"start":{"line":2,"column":775},"end":{"line":2,"column":799}},"21":{"start":{"line":2,"column":802},"end":{"line":2,"column":847}},"22":{"start":{"line":2,"column":866},"end":{"line":2,"column":896}},"23":{"start":{"line":2,"column":918},"end":{"line":2,"column":940}},"24":{"start":{"line":2,"column":964},"end":{"line":2,"column":986}},"25":{"start":{"line":2,"column":1004},"end":{"line":2,"column":1022}},"26":{"start":{"line":2,"column":1048},"end":{"line":2,"column":1074}},"27":{"start":{"line":2,"column":1095},"end":{"line":2,"column":1116}},"28":{"start":{"line":2,"column":1134},"end":{"line":2,"column":1152}},"29":{"start":{"line":2,"column":1171},"end":{"line":2,"column":1190}},"30":{"start":{"line":2,"column":1205},"end":{"line":2,"column":2199}},"31":{"start":{"line":2,"column":1362},"end":{"line":2,"column":1383}},"32":{"start":{"line":2,"column":1458},"end":{"line":2,"column":1495}},"33":{"start":{"line":2,"column":1556},"end":{"line":2,"column":1579}},"34":{"start":{"line":2,"column":1646},"end":{"line":2,"column":1675}},"35":{"start":{"line":2,"column":2231},"end":{"line":2,"column":2799}},"36":{"start":{"line":2,"column":2287},"end":{"line":2,"column":2797}},"37":{"start":{"line":2,"column":2800},"end":{"line":2,"column":2855}}},"fnMap":{"0":{"name":"(anonymous_0)","decl":{"start":{"line":1,"column":1},"end":{"line":1,"column":2}},"loc":{"start":{"line":1,"column":5},"end":{"line":3,"column":1}},"line":1},"1":{"name":"(anonymous_1)","decl":{"start":{"line":2,"column":213},"end":{"line":2,"column":214}},"loc":{"start":{"line":2,"column":227},"end":{"line":2,"column":303}},"line":2},"2":{"name":"(anonymous_2)","decl":{"start":{"line":2,"column":320},"end":{"line":2,"column":321}},"loc":{"start":{"line":2,"column":343},"end":{"line":2,"column":597}},"line":2},"3":{"name":"(anonymous_3)","decl":{"start":{"line":2,"column":508},"end":{"line":2,"column":509}},"loc":{"start":{"line":2,"column":512},"end":{"line":2,"column":521}},"line":2},"4":{"name":"(anonymous_4)","decl":{"start":{"line":2,"column":615},"end":{"line":2,"column":616}},"loc":{"start":{"line":2,"column":620},"end":{"line":2,"column":676}},"line":2},"5":{"name":"(anonymous_5)","decl":{"start":{"line":2,"column":734},"end":{"line":2,"column":735}},"loc":{"start":{"line":2,"column":738},"end":{"line":2,"column":745}},"line":2},"6":{"name":"(anonymous_6)","decl":{"start":{"line":2,"column":771},"end":{"line":2,"column":772}},"loc":{"start":{"line":2,"column":775},"end":{"line":2,"column":799}},"line":2},"7":{"name":"(anonymous_7)","decl":{"start":{"line":2,"column":1358},"end":{"line":2,"column":1359}},"loc":{"start":{"line":2,"column":1362},"end":{"line":2,"column":1383}},"line":2},"8":{"name":"(anonymous_8)","decl":{"start":{"line":2,"column":1454},"end":{"line":2,"column":1455}},"loc":{"start":{"line":2,"column":1458},"end":{"line":2,"column":1495}},"line":2},"9":{"name":"(anonymous_9)","decl":{"start":{"line":2,"column":1552},"end":{"line":2,"column":1553}},"loc":{"start":{"line":2,"column":1556},"end":{"line":2,"column":1579}},"line":2},"10":{"name":"(anonymous_10)","decl":{"start":{"line":2,"column":1642},"end":{"line":2,"column":1643}},"loc":{"start":{"line":2,"column":1646},"end":{"line":2,"column":1675}},"line":2},"11":{"name":"(anonymous_11)","decl":{"start":{"line":2,"column":2272},"end":{"line":2,"column":2273}},"loc":{"start":{"line":2,"column":2287},"end":{"line":2,"column":2797}},"line":2}},"branchMap":{"0":{"loc":{"start":{"line":2,"column":344},"end":{"line":2,"column":587}},"type":"if","locations":[{"start":{"line":2,"column":344},"end":{"line":2,"column":587}},{"start":{},"end":{}}],"line":2},"1":{"loc":{"start":{"line":2,"column":347},"end":{"line":2,"column":401}},"type":"binary-expr","locations":[{"start":{"line":2,"column":347},"end":{"line":2,"column":351}},{"start":{"line":2,"column":353},"end":{"line":2,"column":375}},{"start":{"line":2,"column":377},"end":{"line":2,"column":401}}],"line":2},"2":{"loc":{"start":{"line":2,"column":442},"end":{"line":2,"column":586}},"type":"if","locations":[{"start":{"line":2,"column":442},"end":{"line":2,"column":586}},{"start":{},"end":{}}],"line":2},"3":{"loc":{"start":{"line":2,"column":445},"end":{"line":2,"column":485}},"type":"binary-expr","locations":[{"start":{"line":2,"column":445},"end":{"line":2,"column":471}},{"start":{"line":2,"column":473},"end":{"line":2,"column":485}}],"line":2},"4":{"loc":{"start":{"line":2,"column":533},"end":{"line":2,"column":584}},"type":"binary-expr","locations":[{"start":{"line":2,"column":533},"end":{"line":2,"column":567}},{"start":{"line":2,"column":569},"end":{"line":2,"column":584}}],"line":2},"5":{"loc":{"start":{"line":2,"column":2800},"end":{"line":2,"column":2854}},"type":"binary-expr","locations":[{"start":{"line":2,"column":2800},"end":{"line":2,"column":2801}},{"start":{"line":2,"column":2804},"end":{"line":2,"column":2853}}],"line":2}},"s":{"0":1,"1":1,"2":1,"3":1,"4":1,"5":1,"6":1,"7":2,"8":1,"9":1,"10":1,"11":2,"12":2,"13":45,"14":1,"15":1,"16":1,"17":1,"18":1,"19":42,"20":3,"21":1,"22":1,"23":1,"24":1,"25":1,"26":1,"27":1,"28":1,"29":1,"30":1,"31":0,"32":0,"33":0,"34":0,"35":1,"36":3,"37":1},"f":{"0":1,"1":1,"2":1,"3":45,"4":1,"5":42,"6":3,"7":0,"8":0,"9":0,"10":0,"11":3},"b":{"0":[1,0],"1":[1,1,0],"2":[2,0],"3":[2,2],"4":[2,2],"5":[1,0]},"inputSourceMap":{"version":3,"mappings":";qqBAAA,6LAA2E,+BAC3E,qBAA0B,uBAC1B,uBAA0B,uBAC1B,iBAAsB,mBACtB,yBAA8B,2BAC9B,oBAAyB,sBACzB,iBAAsB,mBACtB,kBAAuB,oBAEhB,MAAM,WAAU,wBAAQ,UAAW,CACxC,MAAI,qBAAK,IAAI,EAAE,WAAW,EAAE,cAAc,EAC1C,UAAQ,qBAAK,SAAS,EAAE,WAAW,IAAM,mBAAM,EAAE,EACjD,kBAAgB,qBAAK,iBAAiB,EAAE,WAAW,IAAM,mCAAc,EAAE,EACzE,WAAS,qBAAK,UAAU,EAAE,WAAW,IAAM,qBAAO,EAAE,EACpD,cAAY,qBAAK,aAAa,EAC3B,WAAW,IAAM,2BAAU,EAAE,EAC7B,QAAQ,EACX,SAAO,wBAAQ,QAAS,CAAE,OAAQ,GAAI,CAAC,EAAE,QAAQ,EACjD,YAAU,wBAAQ,WAAW,EAC7B,QAAM,wBAAQ,MAAM,EAAE,QAAQ,KAAK,EACnC,aAAW,wBAAQ,YAAY,EAAE,QAAQ,EAAE,QAAQ,KAAK,EACxD,kBAAgB,wBAAQ,iBAAiB,EAAE,QAAQ,KAAK,EACxD,QAAM,sBAAM,MAAM,EAClB,aAAW,0BAAU,YAAY,EAAE,QAAQ,EAAE,WAAW,EACxD,aAAW,0BAAU,YAAY,EAAE,QAAQ,EAAE,WAAW,CAC1D,CAAC,EAEM,MAAM,4BAA2B,8BAAU,QAAS,CAAC,CAAE,IAAK,IAAK,KAAO,CAC7E,KAAM,IAAI,mBAAO,CACf,OAAQ,CAAC,QAAQ,MAAM,EACvB,WAAY,CAAC,mBAAM,EAAE,CACvB,CAAC,EACD,SAAU,IAAI,2BAAW,CACvB,OAAQ,CAAC,QAAQ,UAAU,EAC3B,WAAY,CAAC,2BAAU,EAAE,CAC3B,CAAC,EACD,cAAe,IAAI,mCAAe,CAChC,OAAQ,CAAC,QAAQ,cAAc,EAC/B,WAAY,CAAC,mCAAc,EAAE,CAC/B,CAAC,EACD,MAAO,IAAI,qBAAQ,CACjB,OAAQ,CAAC,QAAQ,OAAO,EACxB,WAAY,CAAC,qBAAO,EAAE,CACxB,CAAC,EACD,QAAS,KAAK,wBAAQ,EACtB,MAAO,KAAK,kBAAK,CACnB,EAAE","names":[],"ignoreList":[],"sources":["/Users/diegoalzate/Code/work/lexicon/pluraltools-backend/src/db/schema/options.ts"],"sourcesContent":[null]},"_coverageSchema":"1a1c01bbd47fc00a2c39e90264f33305004495a9","hash":"eb92d178f00754466924aed60942d8ab34e0103a"},"/Users/diegoalzate/Code/work/lexicon/pluraltools-backend/src/db/schema/questions.ts":{"path":"/Users/diegoalzate/Code/work/lexicon/pluraltools-backend/src/db/schema/questions.ts","statementMap":{"0":{"start":{"line":1,"column":0},"end":{"line":3,"column":4}},"1":{"start":{"line":2,"column":27},"end":{"line":2,"column":48}},"2":{"start":{"line":2,"column":70},"end":{"line":2,"column":101}},"3":{"start":{"line":2,"column":124},"end":{"line":2,"column":150}},"4":{"start":{"line":2,"column":168},"end":{"line":2,"column":199}},"5":{"start":{"line":2,"column":213},"end":{"line":2,"column":303}},"6":{"start":{"line":2,"column":228},"end":{"line":2,"column":302}},"7":{"start":{"line":2,"column":248},"end":{"line":2,"column":302}},"8":{"start":{"line":2,"column":320},"end":{"line":2,"column":597}},"9":{"start":{"line":2,"column":344},"end":{"line":2,"column":587}},"10":{"start":{"line":2,"column":403},"end":{"line":2,"column":586}},"11":{"start":{"line":2,"column":442},"end":{"line":2,"column":586}},"12":{"start":{"line":2,"column":486},"end":{"line":2,"column":586}},"13":{"start":{"line":2,"column":512},"end":{"line":2,"column":521}},"14":{"start":{"line":2,"column":587},"end":{"line":2,"column":596}},"15":{"start":{"line":2,"column":615},"end":{"line":2,"column":676}},"16":{"start":{"line":2,"column":620},"end":{"line":2,"column":676}},"17":{"start":{"line":2,"column":699},"end":{"line":2,"column":701}},"18":{"start":{"line":2,"column":702},"end":{"line":2,"column":808}},"19":{"start":{"line":2,"column":758},"end":{"line":2,"column":781}},"20":{"start":{"line":2,"column":796},"end":{"line":2,"column":805}},"21":{"start":{"line":2,"column":808},"end":{"line":2,"column":855}},"22":{"start":{"line":2,"column":874},"end":{"line":2,"column":904}},"23":{"start":{"line":2,"column":923},"end":{"line":2,"column":942}},"24":{"start":{"line":2,"column":966},"end":{"line":2,"column":988}},"25":{"start":{"line":2,"column":1008},"end":{"line":2,"column":1028}},"26":{"start":{"line":2,"column":1070},"end":{"line":2,"column":1112}},"27":{"start":{"line":2,"column":1129},"end":{"line":2,"column":1900}},"28":{"start":{"line":2,"column":1290},"end":{"line":2,"column":1313}},"29":{"start":{"line":2,"column":1931},"end":{"line":2,"column":2224}},"30":{"start":{"line":2,"column":1989},"end":{"line":2,"column":2222}},"31":{"start":{"line":2,"column":2225},"end":{"line":2,"column":2281}}},"fnMap":{"0":{"name":"(anonymous_0)","decl":{"start":{"line":1,"column":1},"end":{"line":1,"column":2}},"loc":{"start":{"line":1,"column":5},"end":{"line":3,"column":1}},"line":1},"1":{"name":"(anonymous_1)","decl":{"start":{"line":2,"column":213},"end":{"line":2,"column":214}},"loc":{"start":{"line":2,"column":227},"end":{"line":2,"column":303}},"line":2},"2":{"name":"(anonymous_2)","decl":{"start":{"line":2,"column":320},"end":{"line":2,"column":321}},"loc":{"start":{"line":2,"column":343},"end":{"line":2,"column":597}},"line":2},"3":{"name":"(anonymous_3)","decl":{"start":{"line":2,"column":508},"end":{"line":2,"column":509}},"loc":{"start":{"line":2,"column":512},"end":{"line":2,"column":521}},"line":2},"4":{"name":"(anonymous_4)","decl":{"start":{"line":2,"column":615},"end":{"line":2,"column":616}},"loc":{"start":{"line":2,"column":620},"end":{"line":2,"column":676}},"line":2},"5":{"name":"(anonymous_5)","decl":{"start":{"line":2,"column":754},"end":{"line":2,"column":755}},"loc":{"start":{"line":2,"column":758},"end":{"line":2,"column":781}},"line":2},"6":{"name":"(anonymous_6)","decl":{"start":{"line":2,"column":792},"end":{"line":2,"column":793}},"loc":{"start":{"line":2,"column":796},"end":{"line":2,"column":805}},"line":2},"7":{"name":"(anonymous_7)","decl":{"start":{"line":2,"column":1286},"end":{"line":2,"column":1287}},"loc":{"start":{"line":2,"column":1290},"end":{"line":2,"column":1313}},"line":2},"8":{"name":"(anonymous_8)","decl":{"start":{"line":2,"column":1974},"end":{"line":2,"column":1975}},"loc":{"start":{"line":2,"column":1989},"end":{"line":2,"column":2222}},"line":2}},"branchMap":{"0":{"loc":{"start":{"line":2,"column":344},"end":{"line":2,"column":587}},"type":"if","locations":[{"start":{"line":2,"column":344},"end":{"line":2,"column":587}},{"start":{},"end":{}}],"line":2},"1":{"loc":{"start":{"line":2,"column":347},"end":{"line":2,"column":401}},"type":"binary-expr","locations":[{"start":{"line":2,"column":347},"end":{"line":2,"column":351}},{"start":{"line":2,"column":353},"end":{"line":2,"column":375}},{"start":{"line":2,"column":377},"end":{"line":2,"column":401}}],"line":2},"2":{"loc":{"start":{"line":2,"column":442},"end":{"line":2,"column":586}},"type":"if","locations":[{"start":{"line":2,"column":442},"end":{"line":2,"column":586}},{"start":{},"end":{}}],"line":2},"3":{"loc":{"start":{"line":2,"column":445},"end":{"line":2,"column":485}},"type":"binary-expr","locations":[{"start":{"line":2,"column":445},"end":{"line":2,"column":471}},{"start":{"line":2,"column":473},"end":{"line":2,"column":485}}],"line":2},"4":{"loc":{"start":{"line":2,"column":533},"end":{"line":2,"column":584}},"type":"binary-expr","locations":[{"start":{"line":2,"column":533},"end":{"line":2,"column":567}},{"start":{"line":2,"column":569},"end":{"line":2,"column":584}}],"line":2},"5":{"loc":{"start":{"line":2,"column":2225},"end":{"line":2,"column":2280}},"type":"binary-expr","locations":[{"start":{"line":2,"column":2225},"end":{"line":2,"column":2226}},{"start":{"line":2,"column":2229},"end":{"line":2,"column":2279}}],"line":2}},"s":{"0":1,"1":1,"2":1,"3":1,"4":1,"5":1,"6":1,"7":2,"8":1,"9":1,"10":1,"11":2,"12":2,"13":34,"14":1,"15":1,"16":1,"17":1,"18":1,"19":3,"20":31,"21":1,"22":1,"23":1,"24":1,"25":1,"26":1,"27":1,"28":0,"29":1,"30":3,"31":1},"f":{"0":1,"1":1,"2":1,"3":34,"4":1,"5":3,"6":31,"7":0,"8":3},"b":{"0":[1,0],"1":[1,1,0],"2":[2,0],"3":[2,2],"4":[2,2],"5":[1,0]},"inputSourceMap":{"version":3,"mappings":";qqBAAA,qMAAkE,+BAClE,kBAAuB,oBACvB,uBAA0B,uBAC1B,mBAAwB,qBACxB,yCAA2C,2CAEpC,MAAM,aAAY,wBAAQ,YAAa,CAC5C,MAAI,qBAAK,IAAI,EAAE,WAAW,EAAE,cAAc,EAC1C,WAAS,qBAAK,UAAU,EACrB,WAAW,IAAM,qBAAO,EAAE,EAC1B,QAAQ,EACX,SAAO,wBAAQ,QAAS,CAAE,OAAQ,GAAI,CAAC,EAAE,QAAQ,EACjD,YAAU,wBAAQ,YAAa,CAAE,OAAQ,GAAI,CAAC,EAC9C,aAAW,wBAAQ,aAAc,CAAE,OAAQ,GAAI,CAAC,EAAE,QAAQ,EAAE,QAAQ,MAAM,EAC1E,aAAW,wBAAQ,YAAY,EAAE,QAAQ,KAAK,EAC9C,UAAQ,sBAAM,QAAQ,EAAE,QAAQ,EAAE,QAAQ,CAAC,CAAC,EAC5C,iBAAe,wBAAQ,iBAAiB,EAAE,QAAQ,KAAK,EACvD,aAAW,0BAAU,YAAY,EAAE,QAAQ,EAAE,WAAW,EACxD,aAAW,0BAAU,YAAY,EAAE,QAAQ,EAAE,WAAW,CAC1D,CAAC,EAEM,MAAM,2BAA0B,8BAAU,UAAW,CAAC,CAAE,IAAK,IAAK,KAAO,CAC9E,MAAO,IAAI,qBAAQ,CACjB,OAAQ,CAAC,UAAU,OAAO,EAC1B,WAAY,CAAC,qBAAO,EAAE,CACxB,CAAC,EACD,QAAS,KAAK,sBAAO,EACrB,2BAA4B,KAAK,+DAA0B,CAC7D,EAAE","names":[],"ignoreList":[],"sources":["/Users/diegoalzate/Code/work/lexicon/pluraltools-backend/src/db/schema/questions.ts"],"sourcesContent":[null]},"_coverageSchema":"1a1c01bbd47fc00a2c39e90264f33305004495a9","hash":"3de714017203147302663d04e4b829df2c4c162f"},"/Users/diegoalzate/Code/work/lexicon/pluraltools-backend/src/db/schema/cycles.ts":{"path":"/Users/diegoalzate/Code/work/lexicon/pluraltools-backend/src/db/schema/cycles.ts","statementMap":{"0":{"start":{"line":1,"column":0},"end":{"line":3,"column":4}},"1":{"start":{"line":2,"column":27},"end":{"line":2,"column":48}},"2":{"start":{"line":2,"column":70},"end":{"line":2,"column":101}},"3":{"start":{"line":2,"column":124},"end":{"line":2,"column":150}},"4":{"start":{"line":2,"column":168},"end":{"line":2,"column":199}},"5":{"start":{"line":2,"column":213},"end":{"line":2,"column":303}},"6":{"start":{"line":2,"column":228},"end":{"line":2,"column":302}},"7":{"start":{"line":2,"column":248},"end":{"line":2,"column":302}},"8":{"start":{"line":2,"column":320},"end":{"line":2,"column":597}},"9":{"start":{"line":2,"column":344},"end":{"line":2,"column":587}},"10":{"start":{"line":2,"column":403},"end":{"line":2,"column":586}},"11":{"start":{"line":2,"column":442},"end":{"line":2,"column":586}},"12":{"start":{"line":2,"column":486},"end":{"line":2,"column":586}},"13":{"start":{"line":2,"column":512},"end":{"line":2,"column":521}},"14":{"start":{"line":2,"column":587},"end":{"line":2,"column":596}},"15":{"start":{"line":2,"column":615},"end":{"line":2,"column":676}},"16":{"start":{"line":2,"column":620},"end":{"line":2,"column":676}},"17":{"start":{"line":2,"column":696},"end":{"line":2,"column":698}},"18":{"start":{"line":2,"column":699},"end":{"line":2,"column":780}},"19":{"start":{"line":2,"column":735},"end":{"line":2,"column":741}},"20":{"start":{"line":2,"column":762},"end":{"line":2,"column":777}},"21":{"start":{"line":2,"column":780},"end":{"line":2,"column":824}},"22":{"start":{"line":2,"column":847},"end":{"line":2,"column":869}},"23":{"start":{"line":2,"column":889},"end":{"line":2,"column":919}},"24":{"start":{"line":2,"column":941},"end":{"line":2,"column":963}},"25":{"start":{"line":2,"column":982},"end":{"line":2,"column":1001}},"26":{"start":{"line":2,"column":1015},"end":{"line":2,"column":1541}},"27":{"start":{"line":2,"column":1173},"end":{"line":2,"column":1196}},"28":{"start":{"line":2,"column":1564},"end":{"line":2,"column":1760}},"29":{"start":{"line":2,"column":1619},"end":{"line":2,"column":1758}},"30":{"start":{"line":2,"column":1761},"end":{"line":2,"column":1806}}},"fnMap":{"0":{"name":"(anonymous_0)","decl":{"start":{"line":1,"column":1},"end":{"line":1,"column":2}},"loc":{"start":{"line":1,"column":5},"end":{"line":3,"column":1}},"line":1},"1":{"name":"(anonymous_1)","decl":{"start":{"line":2,"column":213},"end":{"line":2,"column":214}},"loc":{"start":{"line":2,"column":227},"end":{"line":2,"column":303}},"line":2},"2":{"name":"(anonymous_2)","decl":{"start":{"line":2,"column":320},"end":{"line":2,"column":321}},"loc":{"start":{"line":2,"column":343},"end":{"line":2,"column":597}},"line":2},"3":{"name":"(anonymous_3)","decl":{"start":{"line":2,"column":508},"end":{"line":2,"column":509}},"loc":{"start":{"line":2,"column":512},"end":{"line":2,"column":521}},"line":2},"4":{"name":"(anonymous_4)","decl":{"start":{"line":2,"column":615},"end":{"line":2,"column":616}},"loc":{"start":{"line":2,"column":620},"end":{"line":2,"column":676}},"line":2},"5":{"name":"(anonymous_5)","decl":{"start":{"line":2,"column":731},"end":{"line":2,"column":732}},"loc":{"start":{"line":2,"column":735},"end":{"line":2,"column":741}},"line":2},"6":{"name":"(anonymous_6)","decl":{"start":{"line":2,"column":758},"end":{"line":2,"column":759}},"loc":{"start":{"line":2,"column":762},"end":{"line":2,"column":777}},"line":2},"7":{"name":"(anonymous_7)","decl":{"start":{"line":2,"column":1169},"end":{"line":2,"column":1170}},"loc":{"start":{"line":2,"column":1173},"end":{"line":2,"column":1196}},"line":2},"8":{"name":"(anonymous_8)","decl":{"start":{"line":2,"column":1604},"end":{"line":2,"column":1605}},"loc":{"start":{"line":2,"column":1619},"end":{"line":2,"column":1758}},"line":2}},"branchMap":{"0":{"loc":{"start":{"line":2,"column":344},"end":{"line":2,"column":587}},"type":"if","locations":[{"start":{"line":2,"column":344},"end":{"line":2,"column":587}},{"start":{},"end":{}}],"line":2},"1":{"loc":{"start":{"line":2,"column":347},"end":{"line":2,"column":401}},"type":"binary-expr","locations":[{"start":{"line":2,"column":347},"end":{"line":2,"column":351}},{"start":{"line":2,"column":353},"end":{"line":2,"column":375}},{"start":{"line":2,"column":377},"end":{"line":2,"column":401}}],"line":2},"2":{"loc":{"start":{"line":2,"column":442},"end":{"line":2,"column":586}},"type":"if","locations":[{"start":{"line":2,"column":442},"end":{"line":2,"column":586}},{"start":{},"end":{}}],"line":2},"3":{"loc":{"start":{"line":2,"column":445},"end":{"line":2,"column":485}},"type":"binary-expr","locations":[{"start":{"line":2,"column":445},"end":{"line":2,"column":471}},{"start":{"line":2,"column":473},"end":{"line":2,"column":485}}],"line":2},"4":{"loc":{"start":{"line":2,"column":533},"end":{"line":2,"column":584}},"type":"binary-expr","locations":[{"start":{"line":2,"column":533},"end":{"line":2,"column":567}},{"start":{"line":2,"column":569},"end":{"line":2,"column":584}}],"line":2},"5":{"loc":{"start":{"line":2,"column":1761},"end":{"line":2,"column":1805}},"type":"binary-expr","locations":[{"start":{"line":2,"column":1761},"end":{"line":2,"column":1762}},{"start":{"line":2,"column":1765},"end":{"line":2,"column":1804}}],"line":2}},"s":{"0":1,"1":1,"2":1,"3":1,"4":1,"5":1,"6":1,"7":2,"8":1,"9":1,"10":1,"11":2,"12":2,"13":21,"14":1,"15":1,"16":1,"17":1,"18":1,"19":18,"20":3,"21":1,"22":1,"23":1,"24":1,"25":1,"26":1,"27":0,"28":1,"29":3,"30":1},"f":{"0":1,"1":1,"2":1,"3":21,"4":1,"5":18,"6":3,"7":0,"8":3},"b":{"0":[1,0],"1":[1,1,0],"2":[2,0],"3":[2,2],"4":[2,2],"5":[1,0]},"inputSourceMap":{"version":3,"mappings":";qqBAAA,0KAA0B,uBAC1B,mBAAkD,+BAClD,qBAA0B,uBAC1B,kBAAuB,oBAEhB,MAAM,UAAS,wBAAQ,SAAU,CACtC,MAAI,qBAAK,IAAI,EAAE,WAAW,EAAE,cAAc,EAC1C,WAAS,qBAAK,UAAU,EAAE,WAAW,IAAM,qBAAO,EAAE,EACpD,WAAS,0BAAU,UAAU,EAAE,QAAQ,EACvC,SAAO,0BAAU,QAAQ,EAAE,QAAQ,EAEnC,UAAQ,wBAAQ,SAAU,CACxB,OAAQ,EACV,CAAC,EAAE,QAAQ,UAAU,EACrB,aAAW,0BAAU,YAAY,EAAE,QAAQ,EAAE,WAAW,EACxD,aAAW,0BAAU,YAAY,EAAE,QAAQ,EAAE,WAAW,CAC1D,CAAC,EAEM,MAAM,mBAAkB,8BAAU,OAAQ,CAAC,CAAE,KAAM,GAAI,KAAO,CACnE,UAAW,KAAK,0BAAS,EACzB,MAAO,IAAI,qBAAQ,CACjB,OAAQ,CAAC,OAAO,OAAO,EACvB,WAAY,CAAC,qBAAO,EAAE,CACxB,CAAC,CACH,EAAE","names":[],"ignoreList":[],"sources":["/Users/diegoalzate/Code/work/lexicon/pluraltools-backend/src/db/schema/cycles.ts"],"sourcesContent":[null]},"_coverageSchema":"1a1c01bbd47fc00a2c39e90264f33305004495a9","hash":"59a7e3843def92f82e6a4fa076c181ce055be3bb"},"/Users/diegoalzate/Code/work/lexicon/pluraltools-backend/src/db/schema/events.ts":{"path":"/Users/diegoalzate/Code/work/lexicon/pluraltools-backend/src/db/schema/events.ts","statementMap":{"0":{"start":{"line":1,"column":0},"end":{"line":3,"column":4}},"1":{"start":{"line":2,"column":27},"end":{"line":2,"column":48}},"2":{"start":{"line":2,"column":70},"end":{"line":2,"column":101}},"3":{"start":{"line":2,"column":124},"end":{"line":2,"column":150}},"4":{"start":{"line":2,"column":168},"end":{"line":2,"column":199}},"5":{"start":{"line":2,"column":213},"end":{"line":2,"column":303}},"6":{"start":{"line":2,"column":228},"end":{"line":2,"column":302}},"7":{"start":{"line":2,"column":248},"end":{"line":2,"column":302}},"8":{"start":{"line":2,"column":320},"end":{"line":2,"column":597}},"9":{"start":{"line":2,"column":344},"end":{"line":2,"column":587}},"10":{"start":{"line":2,"column":403},"end":{"line":2,"column":586}},"11":{"start":{"line":2,"column":442},"end":{"line":2,"column":586}},"12":{"start":{"line":2,"column":486},"end":{"line":2,"column":586}},"13":{"start":{"line":2,"column":512},"end":{"line":2,"column":521}},"14":{"start":{"line":2,"column":587},"end":{"line":2,"column":596}},"15":{"start":{"line":2,"column":615},"end":{"line":2,"column":676}},"16":{"start":{"line":2,"column":620},"end":{"line":2,"column":676}},"17":{"start":{"line":2,"column":696},"end":{"line":2,"column":698}},"18":{"start":{"line":2,"column":699},"end":{"line":2,"column":780}},"19":{"start":{"line":2,"column":735},"end":{"line":2,"column":741}},"20":{"start":{"line":2,"column":762},"end":{"line":2,"column":777}},"21":{"start":{"line":2,"column":780},"end":{"line":2,"column":824}},"22":{"start":{"line":2,"column":847},"end":{"line":2,"column":869}},"23":{"start":{"line":2,"column":889},"end":{"line":2,"column":919}},"24":{"start":{"line":2,"column":945},"end":{"line":2,"column":971}},"25":{"start":{"line":2,"column":990},"end":{"line":2,"column":1009}},"26":{"start":{"line":2,"column":1041},"end":{"line":2,"column":1073}},"27":{"start":{"line":2,"column":1102},"end":{"line":2,"column":1131}},"28":{"start":{"line":2,"column":1145},"end":{"line":2,"column":1887}},"29":{"start":{"line":2,"column":1910},"end":{"line":2,"column":2186}},"30":{"start":{"line":2,"column":1961},"end":{"line":2,"column":2184}},"31":{"start":{"line":2,"column":2187},"end":{"line":2,"column":2232}}},"fnMap":{"0":{"name":"(anonymous_0)","decl":{"start":{"line":1,"column":1},"end":{"line":1,"column":2}},"loc":{"start":{"line":1,"column":5},"end":{"line":3,"column":1}},"line":1},"1":{"name":"(anonymous_1)","decl":{"start":{"line":2,"column":213},"end":{"line":2,"column":214}},"loc":{"start":{"line":2,"column":227},"end":{"line":2,"column":303}},"line":2},"2":{"name":"(anonymous_2)","decl":{"start":{"line":2,"column":320},"end":{"line":2,"column":321}},"loc":{"start":{"line":2,"column":343},"end":{"line":2,"column":597}},"line":2},"3":{"name":"(anonymous_3)","decl":{"start":{"line":2,"column":508},"end":{"line":2,"column":509}},"loc":{"start":{"line":2,"column":512},"end":{"line":2,"column":521}},"line":2},"4":{"name":"(anonymous_4)","decl":{"start":{"line":2,"column":615},"end":{"line":2,"column":616}},"loc":{"start":{"line":2,"column":620},"end":{"line":2,"column":676}},"line":2},"5":{"name":"(anonymous_5)","decl":{"start":{"line":2,"column":731},"end":{"line":2,"column":732}},"loc":{"start":{"line":2,"column":735},"end":{"line":2,"column":741}},"line":2},"6":{"name":"(anonymous_6)","decl":{"start":{"line":2,"column":758},"end":{"line":2,"column":759}},"loc":{"start":{"line":2,"column":762},"end":{"line":2,"column":777}},"line":2},"7":{"name":"(anonymous_7)","decl":{"start":{"line":2,"column":1950},"end":{"line":2,"column":1951}},"loc":{"start":{"line":2,"column":1961},"end":{"line":2,"column":2184}},"line":2}},"branchMap":{"0":{"loc":{"start":{"line":2,"column":344},"end":{"line":2,"column":587}},"type":"if","locations":[{"start":{"line":2,"column":344},"end":{"line":2,"column":587}},{"start":{},"end":{}}],"line":2},"1":{"loc":{"start":{"line":2,"column":347},"end":{"line":2,"column":401}},"type":"binary-expr","locations":[{"start":{"line":2,"column":347},"end":{"line":2,"column":351}},{"start":{"line":2,"column":353},"end":{"line":2,"column":375}},{"start":{"line":2,"column":377},"end":{"line":2,"column":401}}],"line":2},"2":{"loc":{"start":{"line":2,"column":442},"end":{"line":2,"column":586}},"type":"if","locations":[{"start":{"line":2,"column":442},"end":{"line":2,"column":586}},{"start":{},"end":{}}],"line":2},"3":{"loc":{"start":{"line":2,"column":445},"end":{"line":2,"column":485}},"type":"binary-expr","locations":[{"start":{"line":2,"column":445},"end":{"line":2,"column":471}},{"start":{"line":2,"column":473},"end":{"line":2,"column":485}}],"line":2},"4":{"loc":{"start":{"line":2,"column":533},"end":{"line":2,"column":584}},"type":"binary-expr","locations":[{"start":{"line":2,"column":533},"end":{"line":2,"column":567}},{"start":{"line":2,"column":569},"end":{"line":2,"column":584}}],"line":2},"5":{"loc":{"start":{"line":2,"column":2187},"end":{"line":2,"column":2231}},"type":"binary-expr","locations":[{"start":{"line":2,"column":2187},"end":{"line":2,"column":2188}},{"start":{"line":2,"column":2191},"end":{"line":2,"column":2230}}],"line":2}},"s":{"0":1,"1":1,"2":1,"3":1,"4":1,"5":1,"6":1,"7":2,"8":1,"9":1,"10":1,"11":2,"12":2,"13":36,"14":1,"15":1,"16":1,"17":1,"18":1,"19":33,"20":3,"21":1,"22":1,"23":1,"24":1,"25":1,"26":1,"27":1,"28":1,"29":1,"30":3,"31":1},"f":{"0":1,"1":1,"2":1,"3":36,"4":1,"5":33,"6":3,"7":3},"b":{"0":[1,0],"1":[1,1,0],"2":[2,0],"3":[2,2],"4":[2,2],"5":[1,0]},"inputSourceMap":{"version":3,"mappings":";qqBAAA,0KAA0B,uBAC1B,mBAA2E,+BAC3E,yBAA8B,2BAC9B,kBAAuB,oBACvB,+BAAmC,iCACnC,4BAAgC,8BAEzB,MAAM,UAAS,wBAAQ,SAAU,CACtC,MAAI,qBAAK,IAAI,EAAE,WAAW,EAAE,cAAc,EAC1C,QAAM,wBAAQ,MAAM,EAAE,QAAQ,EAC9B,mBAAiB,wBAAQ,kBAAkB,EAAE,QAAQ,EAAE,QAAQ,KAAK,EACpE,eAAa,wBAAQ,aAAa,EAClC,QAAM,wBAAQ,MAAM,EACpB,2BAAyB,wBAAQ,0BAA0B,EAC3D,UAAQ,sBAAM,QAAQ,EAAE,QAAQ,EAAE,QAAQ,CAAC,CAAC,EAC5C,YAAU,wBAAQ,WAAW,EAC7B,oBAAkB,wBAAQ,oBAAoB,EAC9C,aAAW,0BAAU,YAAY,EAAE,QAAQ,EAAE,WAAW,EACxD,aAAW,0BAAU,YAAY,EAAE,QAAQ,EAAE,WAAW,CAC1D,CAAC,EAEM,MAAM,mBAAkB,8BAAU,OAAQ,CAAC,CAAE,IAAK,KAAO,CAC9D,cAAe,KAAK,kCAAa,EACjC,mBAAoB,KAAK,6CAAkB,EAC3C,OAAQ,KAAK,oBAAM,EACnB,gBAAiB,KAAK,uCAAe,CACvC,EAAE","names":[],"ignoreList":[],"sources":["/Users/diegoalzate/Code/work/lexicon/pluraltools-backend/src/db/schema/events.ts"],"sourcesContent":[null]},"_coverageSchema":"1a1c01bbd47fc00a2c39e90264f33305004495a9","hash":"79f3f8897a181feff5927adc285556b0b1503395"},"/Users/diegoalzate/Code/work/lexicon/pluraltools-backend/src/db/schema/registrations.ts":{"path":"/Users/diegoalzate/Code/work/lexicon/pluraltools-backend/src/db/schema/registrations.ts","statementMap":{"0":{"start":{"line":1,"column":0},"end":{"line":3,"column":4}},"1":{"start":{"line":2,"column":27},"end":{"line":2,"column":48}},"2":{"start":{"line":2,"column":70},"end":{"line":2,"column":101}},"3":{"start":{"line":2,"column":124},"end":{"line":2,"column":150}},"4":{"start":{"line":2,"column":168},"end":{"line":2,"column":199}},"5":{"start":{"line":2,"column":213},"end":{"line":2,"column":303}},"6":{"start":{"line":2,"column":228},"end":{"line":2,"column":302}},"7":{"start":{"line":2,"column":248},"end":{"line":2,"column":302}},"8":{"start":{"line":2,"column":320},"end":{"line":2,"column":597}},"9":{"start":{"line":2,"column":344},"end":{"line":2,"column":587}},"10":{"start":{"line":2,"column":403},"end":{"line":2,"column":586}},"11":{"start":{"line":2,"column":442},"end":{"line":2,"column":586}},"12":{"start":{"line":2,"column":486},"end":{"line":2,"column":586}},"13":{"start":{"line":2,"column":512},"end":{"line":2,"column":521}},"14":{"start":{"line":2,"column":587},"end":{"line":2,"column":596}},"15":{"start":{"line":2,"column":615},"end":{"line":2,"column":676}},"16":{"start":{"line":2,"column":620},"end":{"line":2,"column":676}},"17":{"start":{"line":2,"column":703},"end":{"line":2,"column":705}},"18":{"start":{"line":2,"column":706},"end":{"line":2,"column":822}},"19":{"start":{"line":2,"column":756},"end":{"line":2,"column":769}},"20":{"start":{"line":2,"column":797},"end":{"line":2,"column":819}},"21":{"start":{"line":2,"column":822},"end":{"line":2,"column":873}},"22":{"start":{"line":2,"column":896},"end":{"line":2,"column":918}},"23":{"start":{"line":2,"column":938},"end":{"line":2,"column":968}},"24":{"start":{"line":2,"column":987},"end":{"line":2,"column":1006}},"25":{"start":{"line":2,"column":1036},"end":{"line":2,"column":1066}},"26":{"start":{"line":2,"column":1084},"end":{"line":2,"column":1102}},"27":{"start":{"line":2,"column":1121},"end":{"line":2,"column":1140}},"28":{"start":{"line":2,"column":1161},"end":{"line":2,"column":1787}},"29":{"start":{"line":2,"column":1324},"end":{"line":2,"column":1345}},"30":{"start":{"line":2,"column":1416},"end":{"line":2,"column":1439}},"31":{"start":{"line":2,"column":1510},"end":{"line":2,"column":1533}},"32":{"start":{"line":2,"column":1817},"end":{"line":2,"column":2247}},"33":{"start":{"line":2,"column":1879},"end":{"line":2,"column":2245}},"34":{"start":{"line":2,"column":2248},"end":{"line":2,"column":2307}}},"fnMap":{"0":{"name":"(anonymous_0)","decl":{"start":{"line":1,"column":1},"end":{"line":1,"column":2}},"loc":{"start":{"line":1,"column":5},"end":{"line":3,"column":1}},"line":1},"1":{"name":"(anonymous_1)","decl":{"start":{"line":2,"column":213},"end":{"line":2,"column":214}},"loc":{"start":{"line":2,"column":227},"end":{"line":2,"column":303}},"line":2},"2":{"name":"(anonymous_2)","decl":{"start":{"line":2,"column":320},"end":{"line":2,"column":321}},"loc":{"start":{"line":2,"column":343},"end":{"line":2,"column":597}},"line":2},"3":{"name":"(anonymous_3)","decl":{"start":{"line":2,"column":508},"end":{"line":2,"column":509}},"loc":{"start":{"line":2,"column":512},"end":{"line":2,"column":521}},"line":2},"4":{"name":"(anonymous_4)","decl":{"start":{"line":2,"column":615},"end":{"line":2,"column":616}},"loc":{"start":{"line":2,"column":620},"end":{"line":2,"column":676}},"line":2},"5":{"name":"(anonymous_5)","decl":{"start":{"line":2,"column":752},"end":{"line":2,"column":753}},"loc":{"start":{"line":2,"column":756},"end":{"line":2,"column":769}},"line":2},"6":{"name":"(anonymous_6)","decl":{"start":{"line":2,"column":793},"end":{"line":2,"column":794}},"loc":{"start":{"line":2,"column":797},"end":{"line":2,"column":819}},"line":2},"7":{"name":"(anonymous_7)","decl":{"start":{"line":2,"column":1320},"end":{"line":2,"column":1321}},"loc":{"start":{"line":2,"column":1324},"end":{"line":2,"column":1345}},"line":2},"8":{"name":"(anonymous_8)","decl":{"start":{"line":2,"column":1412},"end":{"line":2,"column":1413}},"loc":{"start":{"line":2,"column":1416},"end":{"line":2,"column":1439}},"line":2},"9":{"name":"(anonymous_9)","decl":{"start":{"line":2,"column":1506},"end":{"line":2,"column":1507}},"loc":{"start":{"line":2,"column":1510},"end":{"line":2,"column":1533}},"line":2},"10":{"name":"(anonymous_10)","decl":{"start":{"line":2,"column":1864},"end":{"line":2,"column":1865}},"loc":{"start":{"line":2,"column":1879},"end":{"line":2,"column":2245}},"line":2}},"branchMap":{"0":{"loc":{"start":{"line":2,"column":344},"end":{"line":2,"column":587}},"type":"if","locations":[{"start":{"line":2,"column":344},"end":{"line":2,"column":587}},{"start":{},"end":{}}],"line":2},"1":{"loc":{"start":{"line":2,"column":347},"end":{"line":2,"column":401}},"type":"binary-expr","locations":[{"start":{"line":2,"column":347},"end":{"line":2,"column":351}},{"start":{"line":2,"column":353},"end":{"line":2,"column":375}},{"start":{"line":2,"column":377},"end":{"line":2,"column":401}}],"line":2},"2":{"loc":{"start":{"line":2,"column":442},"end":{"line":2,"column":586}},"type":"if","locations":[{"start":{"line":2,"column":442},"end":{"line":2,"column":586}},{"start":{},"end":{}}],"line":2},"3":{"loc":{"start":{"line":2,"column":445},"end":{"line":2,"column":485}},"type":"binary-expr","locations":[{"start":{"line":2,"column":445},"end":{"line":2,"column":471}},{"start":{"line":2,"column":473},"end":{"line":2,"column":485}}],"line":2},"4":{"loc":{"start":{"line":2,"column":533},"end":{"line":2,"column":584}},"type":"binary-expr","locations":[{"start":{"line":2,"column":533},"end":{"line":2,"column":567}},{"start":{"line":2,"column":569},"end":{"line":2,"column":584}}],"line":2},"5":{"loc":{"start":{"line":2,"column":2248},"end":{"line":2,"column":2306}},"type":"binary-expr","locations":[{"start":{"line":2,"column":2248},"end":{"line":2,"column":2249}},{"start":{"line":2,"column":2252},"end":{"line":2,"column":2305}}],"line":2}},"s":{"0":1,"1":1,"2":1,"3":1,"4":1,"5":1,"6":1,"7":2,"8":1,"9":1,"10":1,"11":2,"12":2,"13":33,"14":1,"15":1,"16":1,"17":1,"18":1,"19":30,"20":3,"21":1,"22":1,"23":1,"24":1,"25":1,"26":1,"27":1,"28":1,"29":0,"30":0,"31":0,"32":1,"33":3,"34":1},"f":{"0":1,"1":1,"2":1,"3":33,"4":1,"5":30,"6":3,"7":0,"8":0,"9":0,"10":3},"b":{"0":[1,0],"1":[1,1,0],"2":[2,0],"3":[2,2],"4":[2,2],"5":[1,0]},"inputSourceMap":{"version":3,"mappings":";qqBAAA,2NAA0B,uBAC1B,mBAAyD,+BACzD,kBAAuB,oBACvB,6BAAiC,+BACjC,iBAAsB,mBACtB,kBAAuB,oBAEhB,MAAM,iBAAgB,wBAAQ,gBAAiB,CACpD,MAAI,qBAAK,IAAI,EAAE,WAAW,EAAE,cAAc,EAC1C,UAAQ,qBAAK,SAAS,EACnB,WAAW,IAAM,mBAAM,EAAE,EACzB,QAAQ,EACX,WAAS,qBAAK,UAAU,EACrB,WAAW,IAAM,qBAAO,EAAE,EAC1B,QAAQ,EACX,WAAS,qBAAK,UAAU,EAAE,WAAW,IAAM,qBAAO,EAAE,EAEpD,UAAQ,wBAAQ,QAAQ,EAAE,QAAQ,OAAO,EACzC,QAAM,sBAAM,MAAM,EAClB,aAAW,0BAAU,YAAY,EAAE,QAAQ,EAAE,WAAW,EACxD,aAAW,0BAAU,YAAY,EAAE,QAAQ,EAAE,WAAW,CAC1D,CAAC,EAEM,MAAM,0BAAyB,8BAAU,cAAe,CAAC,CAAE,IAAK,IAAK,KAAO,CACjF,KAAM,IAAI,mBAAO,CACf,OAAQ,CAAC,cAAc,MAAM,EAC7B,WAAY,CAAC,mBAAM,EAAE,CACvB,CAAC,EACD,MAAO,IAAI,qBAAQ,CACjB,OAAQ,CAAC,cAAc,OAAO,EAC9B,WAAY,CAAC,qBAAO,EAAE,CACxB,CAAC,EACD,MAAO,IAAI,qBAAQ,CACjB,OAAQ,CAAC,cAAc,OAAO,EAC9B,WAAY,CAAC,qBAAO,EAAE,CACxB,CAAC,EACD,iBAAkB,KAAK,yCAAgB,CACzC,EAAE","names":[],"ignoreList":[],"sources":["/Users/diegoalzate/Code/work/lexicon/pluraltools-backend/src/db/schema/registrations.ts"],"sourcesContent":[null]},"_coverageSchema":"1a1c01bbd47fc00a2c39e90264f33305004495a9","hash":"27a60a580ad9a89705a0dbf52ce93749e5b19804"},"/Users/diegoalzate/Code/work/lexicon/pluraltools-backend/src/db/schema/registration-data.ts":{"path":"/Users/diegoalzate/Code/work/lexicon/pluraltools-backend/src/db/schema/registration-data.ts","statementMap":{"0":{"start":{"line":1,"column":0},"end":{"line":3,"column":4}},"1":{"start":{"line":2,"column":27},"end":{"line":2,"column":48}},"2":{"start":{"line":2,"column":70},"end":{"line":2,"column":101}},"3":{"start":{"line":2,"column":124},"end":{"line":2,"column":150}},"4":{"start":{"line":2,"column":168},"end":{"line":2,"column":199}},"5":{"start":{"line":2,"column":213},"end":{"line":2,"column":303}},"6":{"start":{"line":2,"column":228},"end":{"line":2,"column":302}},"7":{"start":{"line":2,"column":248},"end":{"line":2,"column":302}},"8":{"start":{"line":2,"column":320},"end":{"line":2,"column":597}},"9":{"start":{"line":2,"column":344},"end":{"line":2,"column":587}},"10":{"start":{"line":2,"column":403},"end":{"line":2,"column":586}},"11":{"start":{"line":2,"column":442},"end":{"line":2,"column":586}},"12":{"start":{"line":2,"column":486},"end":{"line":2,"column":586}},"13":{"start":{"line":2,"column":512},"end":{"line":2,"column":521}},"14":{"start":{"line":2,"column":587},"end":{"line":2,"column":596}},"15":{"start":{"line":2,"column":615},"end":{"line":2,"column":676}},"16":{"start":{"line":2,"column":620},"end":{"line":2,"column":676}},"17":{"start":{"line":2,"column":707},"end":{"line":2,"column":709}},"18":{"start":{"line":2,"column":710},"end":{"line":2,"column":842}},"19":{"start":{"line":2,"column":767},"end":{"line":2,"column":783}},"20":{"start":{"line":2,"column":814},"end":{"line":2,"column":839}},"21":{"start":{"line":2,"column":842},"end":{"line":2,"column":897}},"22":{"start":{"line":2,"column":916},"end":{"line":2,"column":946}},"23":{"start":{"line":2,"column":978},"end":{"line":2,"column":1010}},"24":{"start":{"line":2,"column":1036},"end":{"line":2,"column":1062}},"25":{"start":{"line":2,"column":1086},"end":{"line":2,"column":1108}},"26":{"start":{"line":2,"column":1132},"end":{"line":2,"column":1713}},"27":{"start":{"line":2,"column":1315},"end":{"line":2,"column":1352}},"28":{"start":{"line":2,"column":1448},"end":
[...]
42":1,"43":1,"44":1},"f":{"0":1,"1":4,"2":1,"3":1,"4":1,"5":1,"6":1,"7":1,"8":1,"9":1,"10":1},"b":{"0":[1,0],"1":[1,1,0],"2":[1,0],"3":[1,1],"4":[1,1],"5":[1,0]},"inputSourceMap":{"version":3,"mappings":";mvBAAA,iIAEA,cAAuB,cACvB,gCAA+B,kCAC/B,0BAA8B,4BAE9B,eAAsB,mBAAmB,aAAoD,CAC3F,MAAM,OAAS,QAAM,4CAAe,CAClC,SAAU,aAAa,cACvB,KAAM,aAAa,cACnB,SAAU,aAAa,kBACvB,KAAM,aAAa,cACnB,KAAM,aAAa,aACrB,CAAC,EAID,MAAM,WAAa,uBAAuB,aAAa,aAAa,EACpE,MAAM,OAAO,OAAO,MAAM,oBAAoB,UAAU,GAAG,EAE3D,MAAM,OAAO,OAAO,IAAI,EAExB,MAAM,UAAY,QAAM,4CAAe,CACrC,SAAU,WACV,KAAM,aAAa,cACnB,SAAU,aAAa,kBACvB,KAAM,aAAa,cACnB,KAAM,aAAa,aACrB,CAAC,EAGD,QAAM,qCAAc,CAClB,SAAU,WACV,KAAM,aAAa,cACnB,SAAU,aAAa,kBACvB,KAAM,aAAa,cACnB,KAAM,aAAa,aACrB,CAAC,EAED,MAAO,CACL,SAAU,UACV,SAAU,gBAAY,CACpB,MAAM,qBAAqB,UAAU,OAAQ,UAAU,CACzD,EAFU,WAGZ,CACF,CAvCsB,gDAyCtB,SAAS,uBAAuB,KAAc,CAC5C,MAAO,GAAG,IAAI,SAAS,KAAK,OAAO,EAAE,SAAS,EAAE,EAAE,UAAU,CAAC,CAAC,EAChE,CAFS,wDAIT,eAAe,qBAAqB,OAAgB,KAAc,CAChE,MAAM,OAAO,IAAI,EAGjB,MAAM,WAAa,IAAI,iBAAO,CAC5B,KAAM,OAAO,KACb,KAAM,OAAO,KACb,KAAM,OAAO,KACb,SAAU,OAAO,SACjB,SAAU,UACZ,CAAC,EAED,MAAM,WAAW,QAAQ,EAGzB,MAAM,WAAW,MACf;AAAA;AAAA;AAAA;AAAA;AAAA,IAMA,CAAC,IAAI,CACP,EAEA,MAAM,WAAW,MAAM,2BAA2B,IAAI,EAAE,EAExD,MAAM,WAAW,IAAI,CACvB,CA5Be","names":[],"ignoreList":[],"sources":["/Users/diegoalzate/Code/work/lexicon/pluraltools-backend/src/db/test.ts"],"sourcesContent":[null]},"_coverageSchema":"1a1c01bbd47fc00a2c39e90264f33305004495a9","hash":"ed00ef76bac67bd6942e714991fa0bb0ad53d146"},"/Users/diegoalzate/Code/work/lexicon/pluraltools-backend/src/services/funding-mechanism.ts":{"path":"/Users/diegoalzate/Code/work/lexicon/pluraltools-backend/src/services/funding-mechanism.ts","statementMap":{"0":{"start":{"line":1,"column":0},"end":{"line":3,"column":4}},"1":{"start":{"line":2,"column":26},"end":{"line":2,"column":39}},"2":{"start":{"line":2,"column":54},"end":{"line":2,"column":75}},"3":{"start":{"line":2,"column":97},"end":{"line":2,"column":128}},"4":{"start":{"line":2,"column":151},"end":{"line":2,"column":177}},"5":{"start":{"line":2,"column":195},"end":{"line":2,"column":216}},"6":{"start":{"line":2,"column":234},"end":{"line":2,"column":265}},"7":{"start":{"line":2,"column":277},"end":{"line":2,"column":343}},"8":{"start":{"line":2,"column":293},"end":{"line":2,"column":343}},"9":{"start":{"line":2,"column":357},"end":{"line":2,"column":447}},"10":{"start":{"line":2,"column":372},"end":{"line":2,"column":446}},"11":{"start":{"line":2,"column":392},"end":{"line":2,"column":446}},"12":{"start":{"line":2,"column":464},"end":{"line":2,"column":741}},"13":{"start":{"line":2,"column":488},"end":{"line":2,"column":731}},"14":{"start":{"line":2,"column":547},"end":{"line":2,"column":730}},"15":{"start":{"line":2,"column":586},"end":{"line":2,"column":730}},"16":{"start":{"line":2,"column":630},"end":{"line":2,"column":730}},"17":{"start":{"line":2,"column":656},"end":{"line":2,"column":665}},"18":{"start":{"line":2,"column":731},"end":{"line":2,"column":740}},"19":{"start":{"line":2,"column":754},"end":{"line":2,"column":942}},"20":{"start":{"line":2,"column":780},"end":{"line":2,"column":941}},"21":{"start":{"line":2,"column":960},"end":{"line":2,"column":1021}},"22":{"start":{"line":2,"column":965},"end":{"line":2,"column":1021}},"23":{"start":{"line":2,"column":1052},"end":{"line":2,"column":1054}},"24":{"start":{"line":2,"column":1055},"end":{"line":2,"column":1131}},"25":{"start":{"line":2,"column":1112},"end":{"line":2,"column":1128}},"26":{"start":{"line":2,"column":1131},"end":{"line":2,"column":1186}},"27":{"start":{"line":2,"column":1209},"end":{"line":2,"column":1231}},"28":{"start":{"line":2,"column":1243},"end":{"line":2,"column":1275}},"29":{"start":{"line":2,"column":1305},"end":{"line":2,"column":1344}},"30":{"start":{"line":2,"column":1421},"end":{"line":2,"column":1641}},"31":{"start":{"line":2,"column":1642},"end":{"line":2,"column":1760}},"32":{"start":{"line":2,"column":1671},"end":{"line":2,"column":1759}},"33":{"start":{"line":2,"column":1774},"end":{"line":2,"column":1841}},"34":{"start":{"line":2,"column":1842},"end":{"line":2,"column":1943}},"35":{"start":{"line":2,"column":1855},"end":{"line":2,"column":1942}},"36":{"start":{"line":2,"column":1943},"end":{"line":2,"column":2047}},"37":{"start":{"line":2,"column":2048},"end":{"line":2,"column":2092}},"38":{"start":{"line":2,"column":2092},"end":{"line":2,"column":2131}}},"fnMap":{"0":{"name":"(anonymous_0)","decl":{"start":{"line":1,"column":1},"end":{"line":1,"column":2}},"loc":{"start":{"line":1,"column":5},"end":{"line":3,"column":1}},"line":1},"1":{"name":"(anonymous_1)","decl":{"start":{"line":2,"column":277},"end":{"line":2,"column":278}},"loc":{"start":{"line":2,"column":293},"end":{"line":2,"column":343}},"line":2},"2":{"name":"(anonymous_2)","decl":{"start":{"line":2,"column":357},"end":{"line":2,"column":358}},"loc":{"start":{"line":2,"column":371},"end":{"line":2,"column":447}},"line":2},"3":{"name":"(anonymous_3)","decl":{"start":{"line":2,"column":464},"end":{"line":2,"column":465}},"loc":{"start":{"line":2,"column":487},"end":{"line":2,"column":741}},"line":2},"4":{"name":"(anonymous_4)","decl":{"start":{"line":2,"column":652},"end":{"line":2,"column":653}},"loc":{"start":{"line":2,"column":656},"end":{"line":2,"column":665}},"line":2},"5":{"name":"(anonymous_5)","decl":{"start":{"line":2,"column":754},"end":{"line":2,"column":755}},"loc":{"start":{"line":2,"column":780},"end":{"line":2,"column":941}},"line":2},"6":{"name":"(anonymous_6)","decl":{"start":{"line":2,"column":960},"end":{"line":2,"column":961}},"loc":{"start":{"line":2,"column":965},"end":{"line":2,"column":1021}},"line":2},"7":{"name":"(anonymous_7)","decl":{"start":{"line":2,"column":1108},"end":{"line":2,"column":1109}},"loc":{"start":{"line":2,"column":1112},"end":{"line":2,"column":1128}},"line":2},"8":{"name":"calculateFunding","decl":{"start":{"line":2,"column":1360},"end":{"line":2,"column":1376}},"loc":{"start":{"line":2,"column":1400},"end":{"line":2,"column":2048}},"line":2}},"branchMap":{"0":{"loc":{"start":{"line":2,"column":488},"end":{"line":2,"column":731}},"type":"if","locations":[{"start":{"line":2,"column":488},"end":{"line":2,"column":731}},{"start":{},"end":{}}],"line":2},"1":{"loc":{"start":{"line":2,"column":491},"end":{"line":2,"column":545}},"type":"binary-expr","locations":[{"start":{"line":2,"column":491},"end":{"line":2,"column":495}},{"start":{"line":2,"column":497},"end":{"line":2,"column":519}},{"start":{"line":2,"column":521},"end":{"line":2,"column":545}}],"line":2},"2":{"loc":{"start":{"line":2,"column":586},"end":{"line":2,"column":730}},"type":"if","locations":[{"start":{"line":2,"column":586},"end":{"line":2,"column":730}},{"start":{},"end":{}}],"line":2},"3":{"loc":{"start":{"line":2,"column":589},"end":{"line":2,"column":629}},"type":"binary-expr","locations":[{"start":{"line":2,"column":589},"end":{"line":2,"column":615}},{"start":{"line":2,"column":617},"end":{"line":2,"column":629}}],"line":2},"4":{"loc":{"start":{"line":2,"column":677},"end":{"line":2,"column":728}},"type":"binary-expr","locations":[{"start":{"line":2,"column":677},"end":{"line":2,"column":711}},{"start":{"line":2,"column":713},"end":{"line":2,"column":728}}],"line":2},"5":{"loc":{"start":{"line":2,"column":787},"end":{"line":2,"column":827}},"type":"cond-expr","locations":[{"start":{"line":2,"column":797},"end":{"line":2,"column":824}},{"start":{"line":2,"column":825},"end":{"line":2,"column":827}}],"line":2},"6":{"loc":{"start":{"line":2,"column":840},"end":{"line":2,"column":936}},"type":"cond-expr","locations":[{"start":{"line":2,"column":874},"end":{"line":2,"column":929}},{"start":{"line":2,"column":930},"end":{"line":2,"column":936}}],"line":2},"7":{"loc":{"start":{"line":2,"column":840},"end":{"line":2,"column":873}},"type":"binary-expr","locations":[{"start":{"line":2,"column":840},"end":{"line":2,"column":850}},{"start":{"line":2,"column":852},"end":{"line":2,"column":856}},{"start":{"line":2,"column":858},"end":{"line":2,"column":873}}],"line":2},"8":{"loc":{"start":{"line":2,"column":1642},"end":{"line":2,"column":1760}},"type":"if","locations":[{"start":{"line":2,"column":1642},"end":{"line":2,"column":1760}},{"start":{},"end":{}}],"line":2},"9":{"loc":{"start":{"line":2,"column":1842},"end":{"line":2,"column":1943}},"type":"if","locations":[{"start":{"line":2,"column":1842},"end":{"line":2,"column":1943}},{"start":{},"end":{}}],"line":2},"10":{"loc":{"start":{"line":2,"column":2092},"end":{"line":2,"column":2130}},"type":"binary-expr","locations":[{"start":{"line":2,"column":2092},"end":{"line":2,"column":2093}},{"start":{"line":2,"column":2096},"end":{"line":2,"column":2129}}],"line":2}},"s":{"0":1,"1":1,"2":1,"3":1,"4":1,"5":1,"6":1,"7":1,"8":1,"9":1,"10":1,"11":1,"12":1,"13":2,"14":2,"15":42,"16":42,"17":12,"18":2,"19":1,"20":1,"21":1,"22":1,"23":1,"24":1,"25":2,"26":1,"27":1,"28":1,"29":1,"30":2,"31":2,"32":1,"33":1,"34":1,"35":0,"36":1,"37":1,"38":1},"f":{"0":1,"1":1,"2":1,"3":2,"4":12,"5":1,"6":1,"7":2,"8":2},"b":{"0":[2,0],"1":[2,2,0],"2":[42,0],"3":[42,42],"4":[42,42],"5":[1,0],"6":[0,1],"7":[1,1,1],"8":[1,1],"9":[0,1],"10":[1,0]},"inputSourceMap":{"version":3,"mappings":";8/BAAA,2LAAmB,uBACnB,WAAwB,iCACxB,6BAAgC,wCAWhC,eAAsB,iBACpB,OACA,gBAKC,CACD,MAAM,cAAgB,MAAM,OACzB,OAAO,CACN,GAAI,OAAO,QAAQ,GACnB,UAAW,OAAO,QAAQ,UAC1B,eAAgB,OAAO,QAAQ,cACjC,CAAC,EACA,KAAK,OAAO,OAAO,EACnB,SAAM,uBAAG,OAAO,QAAQ,WAAY,eAAe,CAAC,EAEvD,GAAI,cAAc,SAAW,EAAG,CAC9B,MAAO,CACL,iBAAkB,KAClB,iBAAkB,KAClB,MAAO,8BACT,CACF,CAEA,MAAM,WAAU,0CAAgB,IAAQ,IAAO,aAAa,EAE5D,GAAI,CAAC,QAAS,CACZ,MAAO,CAAE,iBAAkB,KAAM,iBAAkB,KAAM,MAAO,6BAA8B,CAChG,CAEA,MAAO,CACL,iBAAkB,QAAQ,kBAC1B,iBAAkB,QAAQ,kBAC1B,MAAO,IACT,CACF,CApCsB","names":[],"ignoreList":[],"sources":["/Users/diegoalzate/Code/work/lexicon/pluraltools-backend/src/services/funding-mechanism.ts"],"sourcesContent":[null]},"_coverageSchema":"1a1c01bbd47fc00a2c39e90264f33305004495a9","hash":"c0b9d1c4d800ee7c409acd22210b3883ca7ffdd5"},"/Users/diegoalzate/Code/work/lexicon/pluraltools-backend/src/modules/funding-mechanism.ts":{"path":"/Users/diegoalzate/Code/work/lexicon/pluraltools-backend/src/modules/funding-mechanism.ts","statementMap":{"0":{"start":{"line":1,"column":0},"end":{"line":3,"column":4}},"1":{"start":{"line":2,"column":27},"end":{"line":2,"column":48}},"2":{"start":{"line":2,"column":70},"end":{"line":2,"column":101}},"3":{"start":{"line":2,"column":124},"end":{"line":2,"column":150}},"4":{"start":{"line":2,"column":168},"end":{"line":2,"column":199}},"5":{"start":{"line":2,"column":211},"end":{"line":2,"column":277}},"6":{"start":{"line":2,"column":227},"end":{"line":2,"column":277}},"7":{"start":{"line":2,"column":291},"end":{"line":2,"column":381}},"8":{"start":{"line":2,"column":306},"end":{"line":2,"column":380}},"9":{"start":{"line":2,"column":326},"end":{"line":2,"column":380}},"10":{"start":{"line":2,"column":398},"end":{"line":2,"column":675}},"11":{"start":{"line":2,"column":422},"end":{"line":2,"column":665}},"12":{"start":{"line":2,"column":481},"end":{"line":2,"column":664}},"13":{"start":{"line":2,"column":520},"end":{"line":2,"column":664}},"14":{"start":{"line":2,"column":564},"end":{"line":2,"column":664}},"15":{"start":{"line":2,"column":590},"end":{"line":2,"column":599}},"16":{"start":{"line":2,"column":665},"end":{"line":2,"column":674}},"17":{"start":{"line":2,"column":693},"end":{"line":2,"column":754}},"18":{"start":{"line":2,"column":698},"end":{"line":2,"column":754}},"19":{"start":{"line":2,"column":785},"end":{"line":2,"column":787}},"20":{"start":{"line":2,"column":788},"end":{"line":2,"column":862}},"21":{"start":{"line":2,"column":844},"end":{"line":2,"column":859}},"22":{"start":{"line":2,"column":862},"end":{"line":2,"column":917}},"23":{"start":{"line":2,"column":1003},"end":{"line":2,"column":1005}},"24":{"start":{"line":2,"column":1006},"end":{"line":2,"column":1182}},"25":{"start":{"line":2,"column":1034},"end":{"line":2,"column":1179}},"26":{"start":{"line":2,"column":1067},"end":{"line":2,"column":1136}},"27":{"start":{"line":2,"column":1142},"end":{"line":2,"column":1178}},"28":{"start":{"line":2,"column":1213},"end":{"line":2,"column":1215}},"29":{"start":{"line":2,"column":1216},"end":{"line":2,"column":1311}},"30":{"start":{"line":2,"column":1244},"end":{"line":2,"column":1308}},"31":{"start":{"line":2,"column":1311},"end":{"line":2,"column":1444}},"32":{"start":{"line":2,"column":1358},"end":{"line":2,"column":1443}},"33":{"start":{"line":2,"column":1407},"end":{"line":2,"column":1442}},"34":{"start":{"line":2,"column":1465},"end":{"line":2,"column":1528}},"35":{"start":{"line":2,"column":1518},"end":{"line":2,"column":1527}},"36":{"start":{"line":2,"column":1552},"end":{"line":2,"column":1554}},"37":{"start":{"line":2,"column":1555},"end":{"line":2,"column":1631}},"38":{"start":{"line":2,"column":1602},"end":{"line":2,"column":1630}},"39":{"start":{"line":2,"column":1631},"end":{"line":2,"column":1898}},"40":{"start":{"line":2,"column":1689},"end":{"line":2,"column":1722}},"41":{"start":{"line":2,"column":1723},"end":{"line":2,"column":1897}},"42":{"start":{"line":2,"column":1750},"end":{"line":2,"column":1771}},"43":{"start":{"line":2,"column":1765},"end":{"line":2,"column":1770}},"44":{"start":{"line":2,"column":1771},"end":{"line":2,"column":1896}},"45":{"start":{"line":2,"column":1798},"end":{"line":2,"column":1839}},"46":{"start":{"line":2,"column":1839},"end":{"line":2,"column":1861}},"47":{"start":{"line":2,"column":1867},"end":{"line":2,"column":1895}},"48":{"start":{"line":2,"column":1898},"end":{"line":2,"column":1966}},"49":{"start":{"line":2,"column":1967},"end":{"line":2,"column":2009}},"50":{"start":{"line":2,"column":2009},"end":{"line":2,"column":2047}}},"fnMap":{"0":{"name":"(anonymous_0)","decl":{"start":{"line":1,"column":1},"end":{"line":1,"column":2}},"loc":{"start":{"line":1,"column":5},"end":{"line":3,"column":1}},"line":1},"1":{"name":"(anonymous_1)","decl":{"start":{"line":2,"column":211},"end":{"line":2,"column":212}},"loc":{"start":{"line":2,"column":227},"end":{"line":2,"column":277}},"line":2},"2":{"name":"(anonymous_2)","decl":{"start":{"line":2,"column":291},"end":{"line":2,"column":292}},"loc":{"start":{"line":2,"column":305},"end":{"line":2,"column":381}},"line":2},"3":{"name":"(anonymous_3)","decl":{"start":{"line":2,"column":398},"end":{"line":2,"column":399}},"loc":{"start":{"line":2,"column":421},"end":{"line":2,"column":675}},"line":2},"4":{"name":"(anonymous_4)","decl":{"start":{"line":2,"column":586},"end":{"line":2,"column":587}},"loc":{"start":{"line":2,"column":590},"end":{"line":2,"column":599}},"line":2},"5":{"name":"(anonymous_5)","decl":{"start":{"line":2,"column":693},"end":{"line":2,"column":694}},"loc":{"start":{"line":2,"column":698},"end":{"line":2,"column":754}},"line":2},"6":{"name":"(anonymous_6)","decl":{"start":{"line":2,"column":840},"end":{"line":2,"column":841}},"loc":{"start":{"line":2,"column":844},"end":{"line":2,"column":859}},"line":2},"7":{"name":"allocateFunding","decl":{"start":{"line":2,"column":926},"end":{"line":2,"column":941}},"loc":{"start":{"line":2,"column":972},"end":{"line":2,"column":1967}},"line":2},"8":{"name":"(anonymous_8)","decl":{"start":{"line":2,"column":1025},"end":{"line":2,"column":1026}},"loc":{"start":{"line":2,"column":1033},"end":{"line":2,"column":1180}},"line":2},"9":{"name":"(anonymous_9)","decl":{"start":{"line":2,"column":1235},"end":{"line":2,"column":1236}},"loc":{"start":{"line":2,"column":1243},"end":{"line":2,"column":1309}},"line":2},"10":{"name":"(anonymous_10)","decl":{"start":{"line":2,"column":1511},"end":{"line":2,"column":1512}},"loc":{"start":{"line":2,"column":1518},"end":{"line":2,"column":1527}},"line":2}},"branchMap":{"0":{"loc":{"start":{"line":2,"column":422},"end":{"line":2,"column":665}},"type":"if","locations":[{"start":{"line":2,"column":422},"end":{"line":2,"column":665}},{"start":{},"end":{}}],"line":2},"1":{"loc":{"start":{"line":2,"column":425},"end":{"line":2,"column":479}},"type":"binary-expr","locations":[{"start":{"line":2,"column":425},"end":{"line":2,"column":429}},{"start":{"line":2,"column":431},"end":{"line":2,"column":453}},{"start":{"line":2,"column":455},"end":{"line":2,"column":479}}],"line":2},"2":{"loc":{"start":{"line":2,"column":520},"end":{"line":2,"column":664}},"type":"if","locations":[{"start":{"line":2,"column":520},"end":{"line":2,"column":664}},{"start":{},"end":{}}],"line":2},"3":{"loc":{"start":{"line":2,"column":523},"end":{"line":2,"column":563}},"type":"binary-expr","locations":[{"start":{"line":2,"column":523},"end":{"line":2,"column":549}},{"start":{"line":2,"column":551},"end":{"line":2,"column":563}}],"line":2},"4":{"loc":{"start":{"line":2,"column":611},"end":{"line":2,"column":662}},"type":"binary-expr","locations":[{"start":{"line":2,"column":611},"end":{"line":2,"column":645}},{"start":{"line":2,"column":647},"end":{"line":2,"column":662}}],"line":2},"5":{"loc":{"start":{"line":2,"column":1034},"end":{"line":2,"column":1179}},"type":"if","locations":[{"start":{"line":2,"column":1034},"end":{"line":2,"column":1179}},{"start":{"line":2,"column":1141},"end":{"line":2,"column":1179}}],"line":2},"6":{"loc":{"start":{"line":2,"column":1358},"end":{"line":2,"column":1443}},"type":"if","locations":[{"start":{"line":2,"column":1358},"end":{"line":2,"column":1443}},{"start":{},"end":{}}],"line":2},"7":{"loc":{"start":{"line":2,"column":1723},"end":{"line":2,"column":1897}},"type":"if","locations":[{"start":{"line":2,"column":1723},"end":{"line":2,"column":1897}},{"start":{},"end":{}}],"line":2},"8":{"loc":{"start":{"line":2,"column":1750},"end":{"line":2,"column":1771}},"type":"if","locations":[{"start":{"line":2,"column":1750},"end":{"line":2,"column":1771}},{"start":{},"end":{}}],"line":2},"9":{"loc":{"start":{"line":2,"column":1771},"end":{"line":2,"column":1896}},"type":"if","locations":[{"start":{"line":2,"column":1771},"end":{"line":2,"column":1896}},{"start":{"line":2,"column":1866},"end":{"line":2,"column":1896}}],"line":2},"10":{"loc":{"start":{"line":2,"column":2009},"end":{"line":2,"column":2046}},"type":"binary-expr","locations":[{"start":{"line":2,"column":2009},"end":{"line":2,"column":2010}},{"start":{"line":2,"column":2013},"end":{"line":2,"column":2045}}],"line":2}},"s":{"0":1,"1":1,"2":1,"3":1,"4":1,"5":1,"6":1,"7":1,"8":1,"9":1,"10":1,"11":1,"12":1,"13":1,"14":1,"15":1,"16":1,"17":1,"18":1,"19":1,"20":1,"21":1,"22":1,"23":1,"24":1,"25":3,"26":3,"27":0,"28":1,"29":1,"30":3,"31":1,"32":3,"33":0,"34":1,"35":2,"36":1,"37":1,"38":3,"39":1,"40":3,"41":3,"42":3,"43":0,"44":3,"45":3,"46":3,"47":0,"48":1,"49":1,"50":1},"f":{"0":1,"1":1,"2":1,"3":1,"4":1,"5":1,"6":1,"7":1,"8":3,"9":3,"10":2},"b":{"0":[1,0],"1":[1,1,0],"2":[1,0],"3":[1,1],"4":[1,1],"5":[3,0],"6":[0,3],"7":[3,0],"8":[0,3],"9":[3,0],"10":[1,0]},"inputSourceMap":{"version":3,"mappings":";mvBAAA,kKAQO,SAAS,gBACd,QACA,WACA,WAC6E,CAE7E,MAAM,wBAAqD,CAAC,EAC5D,WAAW,QAAS,QAAW,CAC7B,GAAI,OAAO,iBAAmB,KAAM,CAClC,wBAAwB,OAAO,EAAE,EAAI,SAAS,OAAO,eAAgB,EAAE,CACzE,KAAO,CACL,wBAAwB,OAAO,EAAE,EAAI,CACvC,CACF,CAAC,EAGD,MAAM,yBAAsD,CAAC,EAC7D,WAAW,QAAS,QAAW,CAC7B,yBAAyB,OAAO,EAAE,EAAI,WAAW,OAAO,SAAS,CACnE,CAAC,EAGD,UAAW,YAAY,wBAAyB,CAC9C,GAAI,wBAAwB,QAAQ,EAAK,WAAY,CACnD,wBAAwB,QAAQ,EAAI,CACtC,CACF,CAGA,MAAM,eAAqC,OAAO,QAAQ,wBAAwB,EAAE,KAClF,CAAC,EAAG,IAAM,EAAE,CAAC,EAAI,EAAE,CAAC,CACtB,EAGA,MAAM,iBAA8C,CAAC,EACrD,UAAW,YAAY,wBAAyB,CAC9C,iBAAiB,QAAQ,EAAI,CAC/B,CAEA,SAAW,CAAC,QAAQ,IAAK,eAAgB,CACvC,MAAM,cAAgB,wBAAwB,QAAQ,EACtD,GAAI,gBAAkB,OAAW,CAC/B,GAAI,SAAW,EAAG,CAChB,KACF,CACA,GAAI,eAAiB,QAAS,CAC5B,iBAAiB,QAAQ,EAAI,cAC7B,SAAW,aACb,KAAO,CACL,iBAAiB,QAAQ,EAAI,CAC/B,CACF,CACF,CAGA,MAAO,CACL,kBAAmB,iBACnB,kBAAmB,OACrB,CACF,CA3DgB","names":[],"ignoreList":[],"sources":["/Users/diegoalzate/Code/work/lexicon/pluraltools-backend/src/modules/funding-mechanism.ts"],"sourcesContent":[null]},"_coverageSchema":"1a1c01bbd47fc00a2c39e90264f33305004495a9","hash":"9fd9a55554c772d31446c9e8471027cadb518a55"}}