{"/Users/diegoalzate/Code/work/lexicon/pluraltools-backend/src/db/create-db-connection.ts":{"path":"/Users/diegoalzate/Code/work/lexicon/pluraltools-backend/src/db/create-db-connection.ts","statementMap":{"0":{"start":{"line":22,"column":15},"end":{"line":29,"column":4}},"1":{"start":{"line":33,"column":2},"end":{"line":36,"column":5}},"2":{"start":{"line":34,"column":4},"end":{"line":34,"column":57}},"3":{"start":{"line":35,"column":4},"end":{"line":35,"column":21}},"4":{"start":{"line":38,"column":2},"end":{"line":41,"column":4}},"5":{"start":{"line":60,"column":17},"end":{"line":67,"column":4}},"6":{"start":{"line":69,"column":2},"end":{"line":69,"column":25}},"7":{"start":{"line":70,"column":2},"end":{"line":73,"column":4}}},"fnMap":{"0":{"name":"createDbPool","decl":{"start":{"line":9,"column":16},"end":{"line":9,"column":28}},"loc":{"start":{"line":21,"column":3},"end":{"line":42,"column":1}},"line":21},"1":{"name":"(anonymous_1)","decl":{"start":{"line":33,"column":19},"end":{"line":33,"column":20}},"loc":{"start":{"line":33,"column":28},"end":{"line":36,"column":3}},"line":33},"2":{"name":"createDbClient","decl":{"start":{"line":47,"column":22},"end":{"line":47,"column":36}},"loc":{"start":{"line":59,"column":3},"end":{"line":74,"column":1}},"line":59}},"branchMap":{},"s":{"0":0,"1":0,"2":0,"3":0,"4":0,"5":0,"6":0,"7":0},"f":{"0":0,"1":0,"2":0},"b":{},"all":true},"/Users/diegoalzate/Code/work/lexicon/pluraltools-backend/src/db/index.ts":{"path":"/Users/diegoalzate/Code/work/lexicon/pluraltools-backend/src/db/index.ts","statementMap":{},"fnMap":{},"branchMap":{},"s":{},"f":{},"b":{},"all":true},"/Users/diegoalzate/Code/work/lexicon/pluraltools-backend/src/db/run-migrations.ts":{"path":"/Users/diegoalzate/Code/work/lexicon/pluraltools-backend/src/db/run-migrations.ts","statementMap":{"0":{"start":{"line":17,"column":25},"end":{"line":17,"column":87}},"1":{"start":{"line":18,"column":2},"end":{"line":18,"column":56}},"2":{"start":{"line":19,"column":2},"end":{"line":19,"column":21}}},"fnMap":{"0":{"name":"runMigrations","decl":{"start":{"line":4,"column":22},"end":{"line":4,"column":35}},"loc":{"start":{"line":16,"column":3},"end":{"line":20,"column":1}},"line":16}},"branchMap":{},"s":{"0":0,"1":0,"2":0},"f":{"0":0},"b":{},"all":true},"/Users/diegoalzate/Code/work/lexicon/pluraltools-backend/src/db/schema/alerts.ts":{"path":"/Users/diegoalzate/Code/work/lexicon/pluraltools-backend/src/db/schema/alerts.ts","statementMap":{"0":{"start":{"line":3,"column":22},"end":{"line":13,"column":2}}},"fnMap":{},"branchMap":{},"s":{"0":0},"f":{},"b":{},"all":true},"/Users/diegoalzate/Code/work/lexicon/pluraltools-backend/src/db/schema/comments.ts":{"path":"/Users/diegoalzate/Code/work/lexicon/pluraltools-backend/src/db/schema/comments.ts","statementMap":{"0":{"start":{"line":7,"column":24},"end":{"line":14,"column":2}},"1":{"start":{"line":9,"column":43},"end":{"line":9,"column":51}},"2":{"start":{"line":10,"column":47},"end":{"line":10,"column":57}},"3":{"start":{"line":16,"column":33},"end":{"line":26,"column":3}},"4":{"start":{"line":16,"column":73},"end":{"line":26,"column":1}}},"fnMap":{"0":{"name":"(anonymous_0)","decl":{"start":{"line":9,"column":37},"end":{"line":9,"column":38}},"loc":{"start":{"line":9,"column":43},"end":{"line":9,"column":51}},"line":9},"1":{"name":"(anonymous_1)","decl":{"start":{"line":10,"column":41},"end":{"line":10,"column":42}},"loc":{"start":{"line":10,"column":47},"end":{"line":10,"column":57}},"line":10},"2":{"name":"(anonymous_2)","decl":{"start":{"line":16,"column":53},"end":{"line":16,"column":54}},"loc":{"start":{"line":16,"column":73},"end":{"line":26,"column":1}},"line":16}},"branchMap":{},"s":{"0":0,"1":0,"2":0,"3":0,"4":0},"f":{"0":0,"1":0,"2":0},"b":{},"all":true},"/Users/diegoalzate/Code/work/lexicon/pluraltools-backend/src/db/schema/cycles.ts":{"path":"/Users/diegoalzate/Code/work/lexicon/pluraltools-backend/src/db/schema/cycles.ts","statementMap":{"0":{"start":{"line":6,"column":22},"end":{"line":17,"column":2}},"1":{"start":{"line":8,"column":45},"end":{"line":8,"column":54}},"2":{"start":{"line":19,"column":31},"end":{"line":25,"column":3}},"3":{"start":{"line":19,"column":69},"end":{"line":25,"column":1}}},"fnMap":{"0":{"name":"(anonymous_0)","decl":{"start":{"line":8,"column":39},"end":{"line":8,"column":40}},"loc":{"start":{"line":8,"column":45},"end":{"line":8,"column":54}},"line":8},"1":{"name":"(anonymous_1)","decl":{"start":{"line":19,"column":49},"end":{"line":19,"column":50}},"loc":{"start":{"line":19,"column":69},"end":{"line":25,"column":1}},"line":19}},"branchMap":{},"s":{"0":0,"1":0,"2":0,"3":0},"f":{"0":0,"1":0},"b":{},"all":true},"/Users/diegoalzate/Code/work/lexicon/pluraltools-backend/src/db/schema/events.ts":{"path":"/Users/diegoalzate/Code/work/lexicon/pluraltools-backend/src/db/schema/events.ts","statementMap":{"0":{"start":{"line":8,"column":22},"end":{"line":20,"column":2}},"1":{"start":{"line":22,"column":31},"end":{"line":27,"column":3}},"2":{"start":{"line":22,"column":64},"end":{"line":27,"column":1}}},"fnMap":{"0":{"name":"(anonymous_0)","decl":{"start":{"line":22,"column":49},"end":{"line":22,"column":50}},"loc":{"start":{"line":22,"column":64},"end":{"line":27,"column":1}},"line":22}},"branchMap":{},"s":{"0":0,"1":0,"2":0},"f":{"0":0},"b":{},"all":true},"/Users/diegoalzate/Code/work/lexicon/pluraltools-backend/src/db/schema/federated-credentials.ts":{"path":"/Users/diegoalzate/Code/work/lexicon/pluraltools-backend/src/db/schema/federated-credentials.ts","statementMap":{"0":{"start":{"line":5,"column":36},"end":{"line":20,"column":1}},"1":{"start":{"line":10,"column":24},"end":{"line":10,"column":32}},"2":{"start":{"line":17,"column":10},"end":{"line":19,"column":3}},"3":{"start":{"line":22,"column":45},"end":{"line":27,"column":3}},"4":{"start":{"line":22,"column":91},"end":{"line":27,"column":1}}},"fnMap":{"0":{"name":"(anonymous_0)","decl":{"start":{"line":10,"column":18},"end":{"line":10,"column":19}},"loc":{"start":{"line":10,"column":24},"end":{"line":10,"column":32}},"line":10},"1":{"name":"(anonymous_1)","decl":{"start":{"line":17,"column":2},"end":{"line":17,"column":3}},"loc":{"start":{"line":17,"column":10},"end":{"line":19,"column":3}},"line":17},"2":{"name":"(anonymous_2)","decl":{"start":{"line":22,"column":77},"end":{"line":22,"column":78}},"loc":{"start":{"line":22,"column":91},"end":{"line":27,"column":1}},"line":22}},"branchMap":{},"s":{"0":0,"1":0,"2":0,"3":0,"4":0},"f":{"0":0,"1":0,"2":0},"b":{},"all":true},"/Users/diegoalzate/Code/work/lexicon/pluraltools-backend/src/db/schema/group-categories.ts":{"path":"/Users/diegoalzate/Code/work/lexicon/pluraltools-backend/src/db/schema/group-categories.ts","statementMap":{"0":{"start":{"line":8,"column":31},"end":{"line":17,"column":2}},"1":{"start":{"line":11,"column":45},"end":{"line":11,"column":54}},"2":{"start":{"line":19,"column":40},"end":{"line":27,"column":3}},"3":{"start":{"line":19,"column":87},"end":{"line":27,"column":1}}},"fnMap":{"0":{"name":"(anonymous_0)","decl":{"start":{"line":11,"column":39},"end":{"line":11,"column":40}},"loc":{"start":{"line":11,"column":45},"end":{"line":11,"column":54}},"line":11},"1":{"name":"(anonymous_1)","decl":{"start":{"line":19,"column":67},"end":{"line":19,"column":68}},"loc":{"start":{"line":19,"column":87},"end":{"line":27,"column":1}},"line":19}},"branchMap":{},"s":{"0":0,"1":0,"2":0,"3":0},"f":{"0":0,"1":0},"b":{},"all":true},"/Users/diegoalzate/Code/work/lexicon/pluraltools-backend/src/db/schema/groups.ts":{"path":"/Users/diegoalzate/Code/work/lexicon/pluraltools-backend/src/db/schema/groups.ts","statementMap":{"0":{"start":{"line":8,"column":22},"end":{"line":18,"column":2}},"1":{"start":{"line":14,"column":22},"end":{"line":14,"column":40}},"2":{"start":{"line":20,"column":31},"end":{"line":28,"column":3}},"3":{"start":{"line":20,"column":69},"end":{"line":28,"column":1}}},"fnMap":{"0":{"name":"(anonymous_0)","decl":{"start":{"line":14,"column":16},"end":{"line":14,"column":17}},"loc":{"start":{"line":14,"column":22},"end":{"line":14,"column":40}},"line":14},"1":{"name":"(anonymous_1)","decl":{"start":{"line":20,"column":49},"end":{"line":20,"column":50}},"loc":{"start":{"line":20,"column":69},"end":{"line":28,"column":1}},"line":20}},"branchMap":{},"s":{"0":0,"1":0,"2":0,"3":0},"f":{"0":0,"1":0},"b":{},"all":true},"/Users/diegoalzate/Code/work/lexicon/pluraltools-backend/src/db/schema/index.ts":{"path":"/Users/diegoalzate/Code/work/lexicon/pluraltools-backend/src/db/schema/index.ts","statementMap":{},"fnMap":{},"branchMap":{},"s":{},"f":{},"b":{},"all":true},"/Users/diegoalzate/Code/work/lexicon/pluraltools-backend/src/db/schema/likes.ts":{"path":"/Users/diegoalzate/Code/work/lexicon/pluraltools-backend/src/db/schema/likes.ts","statementMap":{"0":{"start":{"line":6,"column":21},"end":{"line":11,"column":2}},"1":{"start":{"line":8,"column":43},"end":{"line":8,"column":51}},"2":{"start":{"line":9,"column":49},"end":{"line":9,"column":60}},"3":{"start":{"line":13,"column":30},"end":{"line":22,"column":3}},"4":{"start":{"line":13,"column":61},"end":{"line":22,"column":1}}},"fnMap":{"0":{"name":"(anonymous_0)","decl":{"start":{"line":8,"column":37},"end":{"line":8,"column":38}},"loc":{"start":{"line":8,"column":43},"end":{"line":8,"column":51}},"line":8},"1":{"name":"(anonymous_1)","decl":{"start":{"line":9,"column":43},"end":{"line":9,"column":44}},"loc":{"start":{"line":9,"column":49},"end":{"line":9,"column":60}},"line":9},"2":{"name":"(anonymous_2)","decl":{"start":{"line":13,"column":47},"end":{"line":13,"column":48}},"loc":{"start":{"line":13,"column":61},"end":{"line":22,"column":1}},"line":13}},"branchMap":{},"s":{"0":0,"1":0,"2":0,"3":0,"4":0},"f":{"0":0,"1":0,"2":0},"b":{},"all":true},"/Users/diegoalzate/Code/work/lexicon/pluraltools-backend/src/db/schema/notification-types.ts":{"path":"/Users/diegoalzate/Code/work/lexicon/pluraltools-backend/src/db/schema/notification-types.ts","statementMap":{"0":{"start":{"line":3,"column":33},"end":{"line":8,"column":2}}},"fnMap":{},"branchMap":{},"s":{"0":0},"f":{},"b":{},"all":true},"/Users/diegoalzate/Code/work/lexicon/pluraltools-backend/src/db/schema/options.ts":{"path":"/Users/diegoalzate/Code/work/lexicon/pluraltools-backend/src/db/schema/options.ts","statementMap":{"0":{"start":{"line":10,"column":23},"end":{"line":26,"column":2}},"1":{"start":{"line":12,"column":43},"end":{"line":12,"column":51}},"2":{"start":{"line":13,"column":59},"end":{"line":13,"column":75}},"3":{"start":{"line":14,"column":45},"end":{"line":14,"column":54}},"4":{"start":{"line":16,"column":22},"end":{"line":16,"column":34}},"5":{"start":{"line":28,"column":40},"end":{"line":47,"column":3}},"6":{"start":{"line":28,"column":79},"end":{"line":47,"column":1}}},"fnMap":{"0":{"name":"(anonymous_0)","decl":{"start":{"line":12,"column":37},"end":{"line":12,"column":38}},"loc":{"start":{"line":12,"column":43},"end":{"line":12,"column":51}},"line":12},"1":{"name":"(anonymous_1)","decl":{"start":{"line":13,"column":53},"end":{"line":13,"column":54}},"loc":{"start":{"line":13,"column":59},"end":{"line":13,"column":75}},"line":13},"2":{"name":"(anonymous_2)","decl":{"start":{"line":14,"column":39},"end":{"line":14,"column":40}},"loc":{"start":{"line":14,"column":45},"end":{"line":14,"column":54}},"line":14},"3":{"name":"(anonymous_3)","decl":{"start":{"line":16,"column":16},"end":{"line":16,"column":17}},"loc":{"start":{"line":16,"column":22},"end":{"line":16,"column":34}},"line":16},"4":{"name":"(anonymous_4)","decl":{"start":{"line":28,"column":59},"end":{"line":28,"column":60}},"loc":{"start":{"line":28,"column":79},"end":{"line":47,"column":1}},"line":28}},"branchMap":{},"s":{"0":0,"1":0,"2":0,"3":0,"4":0,"5":0,"6":0},"f":{"0":0,"1":0,"2":0,"3":0,"4":0},"b":{},"all":true},"/Users/diegoalzate/Code/work/lexicon/pluraltools-backend/src/db/schema/questions-to-group-categories.ts":{"path":"/Users/diegoalzate/Code/work/lexicon/pluraltools-backend/src/db/schema/questions-to-group-categories.ts","statementMap":{"0":{"start":{"line":6,"column":42},"end":{"line":16,"column":2}},"1":{"start":{"line":10,"column":22},"end":{"line":10,"column":34}},"2":{"start":{"line":13,"column":22},"end":{"line":13,"column":40}},"3":{"start":{"line":18,"column":51},"end":{"line":30,"column":1}},"4":{"start":{"line":20,"column":16},"end":{"line":29,"column":3}}},"fnMap":{"0":{"name":"(anonymous_0)","decl":{"start":{"line":10,"column":16},"end":{"line":10,"column":17}},"loc":{"start":{"line":10,"column":22},"end":{"line":10,"column":34}},"line":10},"1":{"name":"(anonymous_1)","decl":{"start":{"line":13,"column":16},"end":{"line":13,"column":17}},"loc":{"start":{"line":13,"column":22},"end":{"line":13,"column":40}},"line":13},"2":{"name":"(anonymous_2)","decl":{"start":{"line":20,"column":2},"end":{"line":20,"column":3}},"loc":{"start":{"line":20,"column":16},"end":{"line":29,"column":3}},"line":20}},"branchMap":{},"s":{"0":0,"1":0,"2":0,"3":0,"4":0},"f":{"0":0,"1":0,"2":0},"b":{},"all":true},"/Users/diegoalzate/Code/work/lexicon/pluraltools-backend/src/db/schema/questions.ts":{"path":"/Users/diegoalzate/Code/work/lexicon/pluraltools-backend/src/db/schema/questions.ts","statementMap":{"0":{"start":{"line":7,"column":25},"end":{"line":20,"column":2}},"1":{"start":{"line":10,"column":22},"end":{"line":10,"column":31}},"2":{"start":{"line":22,"column":39},"end":{"line":29,"column":3}},"3":{"start":{"line":22,"column":80},"end":{"line":29,"column":1}}},"fnMap":{"0":{"name":"(anonymous_0)","decl":{"start":{"line":10,"column":16},"end":{"line":10,"column":17}},"loc":{"start":{"line":10,"column":22},"end":{"line":10,"column":31}},"line":10},"1":{"name":"(anonymous_1)","decl":{"start":{"line":22,"column":60},"end":{"line":22,"column":61}},"loc":{"start":{"line":22,"column":80},"end":{"line":29,"column":1}},"line":22}},"branchMap":{},"s":{"0":0,"1":0,"2":0,"3":0},"f":{"0":0,"1":0},"b":{},"all":true},"/Users/diegoalzate/Code/work/lexicon/pluraltools-backend/src/db/schema/registration-data.ts":{"path":"/Users/diegoalzate/Code/work/lexicon/pluraltools-backend/src/db/schema/registration-data.ts","statementMap":{"0":{"start":{"line":6,"column":32},"end":{"line":17,"column":2}},"1":{"start":{"line":9,"column":22},"end":{"line":9,"column":38}},"2":{"start":{"line":12,"column":22},"end":{"line":12,"column":43}},"3":{"start":{"line":19,"column":41},"end":{"line":28,"column":3}},"4":{"start":{"line":19,"column":83},"end":{"line":28,"column":1}}},"fnMap":{"0":{"name":"(anonymous_0)","decl":{"start":{"line":9,"column":16},"end":{"line":9,"column":17}},"loc":{"start":{"line":9,"column":22},"end":{"line":9,"column":38}},"line":9},"1":{"name":"(anonymous_1)","decl":{"start":{"line":12,"column":16},"end":{"line":12,"column":17}},"loc":{"start":{"line":12,"column":22},"end":{"line":12,"column":43}},"line":12},"2":{"name":"(anonymous_2)","decl":{"start":{"line":19,"column":69},"end":{"line":19,"column":70}},"loc":{"start":{"line":19,"column":83},"end":{"line":28,"column":1}},"line":19}},"branchMap":{},"s":{"0":0,"1":0,"2":0,"3":0,"4":0},"f":{"0":0,"1":0,"2":0},"b":{},"all":true},"/Users/diegoalzate/Code/work/lexicon/pluraltools-backend/src/db/schema/registration-field-options.ts":{"path":"/Users/diegoalzate/Code/work/lexicon/pluraltools-backend/src/db/schema/registration-field-options.ts","statementMap":{"0":{"start":{"line":5,"column":40},"end":{"line":13,"column":2}},"1":{"start":{"line":8,"column":22},"end":{"line":8,"column":43}},"2":{"start":{"line":15,"column":49},"end":{"line":20,"column":3}},"3":{"start":{"line":15,"column":99},"end":{"line":20,"column":1}}},"fnMap":{"0":{"name":"(anonymous_0)","decl":{"start":{"line":8,"column":16},"end":{"line":8,"column":17}},"loc":{"start":{"line":8,"column":22},"end":{"line":8,"column":43}},"line":8},"1":{"name":"(anonymous_1)","decl":{"start":{"line":15,"column":85},"end":{"line":15,"column":86}},"loc":{"start":{"line":15,"column":99},"end":{"line":20,"column":1}},"line":15}},"branchMap":{},"s":{"0":0,"1":0,"2":0,"3":0},"f":{"0":0,"1":0},"b":{},"all":true},"/Users/diegoalzate/Code/work/lexicon/pluraltools-backend/src/db/schema/registration-fields.ts":{"path":"/Users/diegoalzate/Code/work/lexicon/pluraltools-backend/src/db/schema/registration-fields.ts","statementMap":{"0":{"start":{"line":5,"column":34},"end":{"line":21,"column":2}},"1":{"start":{"line":8,"column":22},"end":{"line":8,"column":31}},"2":{"start":{"line":23,"column":43},"end":{"line":30,"column":3}},"3":{"start":{"line":23,"column":93},"end":{"line":30,"column":1}}},"fnMap":{"0":{"name":"(anonymous_0)","decl":{"start":{"line":8,"column":16},"end":{"line":8,"column":17}},"loc":{"start":{"line":8,"column":22},"end":{"line":8,"column":31}},"line":8},"1":{"name":"(anonymous_1)","decl":{"start":{"line":23,"column":73},"end":{"line":23,"column":74}},"loc":{"start":{"line":23,"column":93},"end":{"line":30,"column":1}},"line":23}},"branchMap":{},"s":{"0":0,"1":0,"2":0,"3":0},"f":{"0":0,"1":0},"b":{},"all":true},"/Users/diegoalzate/Code/work/lexicon/pluraltools-backend/src/db/schema/registrations.ts":{"path":"/Users/diegoalzate/Code/work/lexicon/pluraltools-backend/src/db/schema/registrations.ts","statementMap":{"0":{"start":{"line":8,"column":29},"end":{"line":22,"column":2}},"1":{"start":{"line":11,"column":22},"end":{"line":11,"column":30}},"2":{"start":{"line":14,"column":22},"end":{"line":14,"column":31}},"3":{"start":{"line":16,"column":45},"end":{"line":16,"column":54}},"4":{"start":{"line":24,"column":38},"end":{"line":38,"column":3}},"5":{"start":{"line":24,"column":83},"end":{"line":38,"column":1}}},"fnMap":{"0":{"name":"(anonymous_0)","decl":{"start":{"line":11,"column":16},"end":{"line":11,"column":17}},"loc":{"start":{"line":11,"column":22},"end":{"line":11,"column":30}},"line":11},"1":{"name":"(anonymous_1)","decl":{"start":{"line":14,"column":16},"end":{"line":14,"column":17}},"loc":{"start":{"line":14,"column":22},"end":{"line":14,"column":31}},"line":14},"2":{"name":"(anonymous_2)","decl":{"start":{"line":16,"column":39},"end":{"line":16,"column":40}},"loc":{"start":{"line":16,"column":45},"end":{"line":16,"column":54}},"line":16},"3":{"name":"(anonymous_3)","decl":{"start":{"line":24,"column":63},"end":{"line":24,"column":64}},"loc":{"start":{"line":24,"column":83},"end":{"line":38,"column":1}},"line":24}},"branchMap":{},"s":{"0":0,"1":0,"2":0,"3":0,"4":0,"5":0},"f":{"0":0,"1":0,"2":0,"3":0},"b":{},"all":true},"/Users/diegoalzate/Code/work/lexicon/pluraltools-backend/src/db/schema/user-attributes.ts":{"path":"/Users/diegoalzate/Code/work/lexicon/pluraltools-backend/src/db/schema/user-attributes.ts","statementMap":{"0":{"start":{"line":5,"column":30},"end":{"line":14,"column":2}},"1":{"start":{"line":8,"column":22},"end":{"line":8,"column":30}},"2":{"start":{"line":16,"column":38},"end":{"line":21,"column":3}},"3":{"start":{"line":16,"column":78},"end":{"line":21,"column":1}}},"fnMap":{"0":{"name":"(anonymous_0)","decl":{"start":{"line":8,"column":16},"end":{"line":8,"column":17}},"loc":{"start":{"line":8,"column":22},"end":{"line":8,"column":30}},"line":8},"1":{"name":"(anonymous_1)","decl":{"start":{"line":16,"column":64},"end":{"line":16,"column":65}},"loc":{"start":{"line":16,"column":78},"end":{"line":21,"column":1}},"line":16}},"branchMap":{},"s":{"0":0,"1":0,"2":0,"3":0},"f":{"0":0,"1":0},"b":{},"all":true},"/Users/diegoalzate/Code/work/lexicon/pluraltools-backend/src/db/schema/users-to-groups.ts":{"path":"/Users/diegoalzate/Code/work/lexicon/pluraltools-backend/src/db/schema/users-to-groups.ts","statementMap":{"0":{"start":{"line":7,"column":29},"end":{"line":18,"column":2}},"1":{"start":{"line":11,"column":22},"end":{"line":11,"column":30}},"2":{"start":{"line":14,"column":22},"end":{"line":14,"column":31}},"3":{"start":{"line":15,"column":62},"end":{"line":15,"column":80}},"4":{"start":{"line":20,"column":38},"end":{"line":33,"column":3}},"5":{"start":{"line":20,"column":77},"end":{"line":33,"column":1}}},"fnMap":{"0":{"name":"(anonymous_0)","decl":{"start":{"line":11,"column":16},"end":{"line":11,"column":17}},"loc":{"start":{"line":11,"column":22},"end":{"line":11,"column":30}},"line":11},"1":{"name":"(anonymous_1)","decl":{"start":{"line":14,"column":16},"end":{"line":14,"column":17}},"loc":{"start":{"line":14,"column":22},"end":{"line":14,"column":31}},"line":14},"2":{"name":"(anonymous_2)","decl":{"start":{"line":15,"column":56},"end":{"line":15,"column":57}},"loc":{"start":{"line":15,"column":62},"end":{"line":15,"column":80}},"line":15},"3":{"name":"(anonymous_3)","decl":{"start":{"line":20,"column":63},"end":{"line":20,"column":64}},"loc":{"start":{"line":20,"column":77},"end":{"line":33,"column":1}},"line":20}},"branchMap":{},"s":{"0":0,"1":0,"2":0,"3":0,"4":0,"5":0},"f":{"0":0,"1":0,"2":0,"3":0},"b":{},"all":true},"/Users/diegoalzate/Code/work/lexicon/pluraltools-backend/src/db/schema/users-to-notifications.ts":{"path":"/Users/diegoalzate/Code/work/lexicon/pluraltools-backend/src/db/schema/users-to-notifications.ts","statementMap":{"0":{"start":{"line":6,"column":36},"end":{"line":13,"column":2}},"1":{"start":{"line":8,"column":43},"end":{"line":8,"column":51}},"2":{"start":{"line":9,"column":68},"end":{"line":9,"column":88}},"3":{"start":{"line":17,"column":45},"end":{"line":26,"column":3}},"4":{"start":{"line":17,"column":91},"end":{"line":26,"column":1}}},"fnMap":{"0":{"name":"(anonymous_0)","decl":{"start":{"line":8,"column":37},"end":{"line":8,"column":38}},"loc":{"start":{"line":8,"column":43},"end":{"line":8,"column":51}},"line":8},"1":{"name":"(anonymous_1)","decl":{"start":{"line":9,"column":62},"end":{"line":9,"column":63}},"loc":{"start":{"line":9,"column":68},"end":{"line":9,"column":88}},"line":9},"2":{"name":"(anonymous_2)","decl":{"start":{"line":17,"column":77},"end":{"line":17,"column":78}},"loc":{"start":{"line":17,"column":91},"end":{"line":26,"column":1}},"line":17}},"branchMap":{},"s":{"0":0,"1":0,"2":0,"3":0,"4":0},"f":{"0":0,"1":0,"2":0},"b":{},"all":true},"/Users/diegoalzate/Code/work/lexicon/pluraltools-backend/src/db/schema/users.ts":{"path":"/Users/diegoalzate/Code/work/lexicon/pluraltools-backend/src/db/schema/users.ts","statementMap":{"0":{"start":{"line":13,"column":21},"end":{"line":22,"column":2}},"1":{"start":{"line":24,"column":30},"end":{"line":34,"column":3}},"2":{"start":{"line":24,"column":67},"end":{"line":34,"column":1}}},"fnMap":{"0":{"name":"(anonymous_0)","decl":{"start":{"line":24,"column":47},"end":{"line":24,"column":48}},"loc":{"start":{"line":24,"column":67},"end":{"line":34,"column":1}},"line":24}},"branchMap":{},"s":{"0":0,"1":0,"2":0},"f":{"0":0},"b":{},"all":true},"/Users/diegoalzate/Code/work/lexicon/pluraltools-backend/src/db/schema/votes.ts":{"path":"/Users/diegoalzate/Code/work/lexicon/pluraltools-backend/src/db/schema/votes.ts","statementMap":{"0":{"start":{"line":7,"column":21},"end":{"line":21,"column":2}},"1":{"start":{"line":11,"column":22},"end":{"line":11,"column":30}},"2":{"start":{"line":14,"column":22},"end":{"line":14,"column":32}},"3":{"start":{"line":17,"column":22},"end":{"line":17,"column":34}},"4":{"start":{"line":23,"column":30},"end":{"line":36,"column":3}},"5":{"start":{"line":23,"column":61},"end":{"line":36,"column":1}}},"fnMap":{"0":{"name":"(anonymous_0)","decl":{"start":{"line":11,"column":16},"end":{"line":11,"column":17}},"loc":{"start":{"line":11,"column":22},"end":{"line":11,"column":30}},"line":11},"1":{"name":"(anonymous_1)","decl":{"start":{"line":14,"column":16},"end":{"line":14,"column":17}},"loc":{"start":{"line":14,"column":22},"end":{"line":14,"column":32}},"line":14},"2":{"name":"(anonymous_2)","decl":{"start":{"line":17,"column":16},"end":{"line":17,"column":17}},"loc":{"start":{"line":17,"column":22},"end":{"line":17,"column":34}},"line":17},"3":{"name":"(anonymous_3)","decl":{"start":{"line":23,"column":47},"end":{"line":23,"column":48}},"loc":{"start":{"line":23,"column":61},"end":{"line":36,"column":1}},"line":23}},"branchMap":{},"s":{"0":0,"1":0,"2":0,"3":0,"4":0,"5":0},"f":{"0":0,"1":0,"2":0,"3":0},"b":{},"all":true},"/Users/diegoalzate/Code/work/lexicon/pluraltools-backend/src/db/seed.ts":{"path":"/Users/diegoalzate/Code/work/lexicon/pluraltools-backend/src/db/seed.ts","statementMap":{"0":{"start":{"line":20,"column":26},"end":{"line":20,"column":59}},"1":{"start":{"line":21,"column":26},"end":{"line":23,"column":2}},"2":{"start":{"line":24,"column":36},"end":{"line":24,"column":78}},"3":{"start":{"line":25,"column":27},"end":{"line":25,"column":60}},"4":{"start":{"line":26,"column":30},"end":{"line":28,"column":2}},"5":{"start":{"line":29,"column":47},"end":{"line":31,"column":1}},"6":{"start":{"line":32,"column":26},"end":{"line":32,"column":58}},"7":{"start":{"line":33,"column":34},"end":{"line":33,"column":74}},"8":{"start":{"line":36,"column":17},"end":{"line":51,"column":4}},"9":{"start":{"line":52,"column":17},"end":{"line":60,"column":4}},"10":{"start":{"line":62,"column":25},"end":{"line":73,"column":4}},"11":{"start":{"line":74,"column":26},"end":{"line":90,"column":4}},"12":{"start":{"line":92,"column":26},"end":{"line":103,"column":4}},"13":{"start":{"line":105,"column":17},"end":{"line":170,"column":4}},"14":{"start":{"line":172,"column":16},"end":{"line":192,"column":4}},"15":{"start":{"line":194,"column":24},"end":{"line":234,"column":3}},"16":{"start":{"line":236,"column":37},"end":{"line":241,"column":4}},"17":{"start":{"line":243,"column":2},"end":{"line":253,"column":4}},"18":{"start":{"line":257,"column":2},"end":{"line":257,"column":45}},"19":{"start":{"line":258,"column":2},"end":{"line":258,"column":36}},"20":{"start":{"line":259,"column":2},"end":{"line":259,"column":51}},"21":{"start":{"line":260,"column":2},"end":{"line":260,"column":38}},"22":{"start":{"line":261,"column":2},"end":{"line":261,"column":47}},"23":{"start":{"line":262,"column":2},"end":{"line":262,"column":55}},"24":{"start":{"line":263,"column":2},"end":{"line":263,"column":49}},"25":{"start":{"line":264,"column":2},"end":{"line":264,"column":44}},"26":{"start":{"line":265,"column":2},"end":{"line":265,"column":44}},"27":{"start":{"line":266,"column":2},"end":{"line":266,"column":36}},"28":{"start":{"line":267,"column":2},"end":{"line":267,"column":37}},"29":{"start":{"line":268,"column":2},"end":{"line":268,"column":57}},"30":{"start":{"line":269,"column":2},"end":{"line":269,"column":46}},"31":{"start":{"line":270,"column":2},"end":{"line":270,"column":40}},"32":{"start":{"line":271,"column":2},"end":{"line":271,"column":37}},"33":{"start":{"line":272,"column":2},"end":{"line":272,"column":37}},"34":{"start":{"line":279,"column":17},"end":{"line":279,"column":19}},"35":{"start":{"line":280,"column":2},"end":{"line":289,"column":3}},"36":{"start":{"line":281,"column":19},"end":{"line":287,"column":18}},"37":{"start":{"line":288,"column":4},"end":{"line":288,"column":27}},"38":{"start":{"line":290,"column":2},"end":{"line":290,"column":16}},"39":{"start":{"line":297,"column":2},"end":{"line":299,"column":3}},"40":{"start":{"line":298,"column":4},"end":{"line":298,"column":44}},"41":{"start":{"line":301,"column":17},"end":{"line":301,"column":19}},"42":{"start":{"line":302,"column":2},"end":{"line":318,"column":3}},"43":{"start":{"line":303,"column":4},"end":{"line":305,"column":5}},"44":{"start":{"line":304,"column":6},"end":{"line":304,"column":50}},"45":{"start":{"line":307,"column":19},"end":{"line":315,"column":18}},"46":{"start":{"line":317,"column":4},"end":{"line":317,"column":27}},"47":{"start":{"line":320,"column":2},"end":{"line":320,"column":16}},"48":{"start":{"line":327,"column":2},"end":{"line":329,"column":3}},"49":{"start":{"line":328,"column":4},"end":{"line":328,"column":53}},"50":{"start":{"line":331,"column":20},"end":{"line":331,"column":22}},"51":{"start":{"line":332,"column":2},"end":{"line":343,"column":3}},"52":{"start":{"line":333,"column":19},"end":{"line":340,"column":18}},"53":{"start":{"line":342,"column":4},"end":{"line":342,"column":30}},"54":{"start":{"line":345,"column":2},"end":{"line":345,"column":19}},"55":{"start":{"line":352,"column":2},"end":{"line":354,"column":3}},"56":{"start":{"line":353,"column":4},"end":{"line":353,"column":54}},"57":{"start":{"line":356,"column":18},"end":{"line":356,"column":20}},"58":{"start":{"line":357,"column":2},"end":{"line":372,"column":3}},"59":{"start":{"line":358,"column":4},"end":{"line":360,"column":5}},"60":{"start":{"line":359,"column":6},"end":{"line":359,"column":77}},"61":{"start":{"line":362,"column":19},"end":{"line":369,"column":18}},"62":{"start":{"line":371,"column":4},"end":{"line":371,"column":28}},"63":{"start":{"line":374,"column":2},"end":{"line":374,"column":17}},"64":{"start":{"line":381,"column":2},"end":{"line":383,"column":3}},"65":{"start":{"line":382,"column":4},"end":{"line":382,"column":55}},"66":{"start":{"line":385,"column":26},"end":{"line":385,"column":28}},"67":{"start":{"line":386,"column":2},"end":{"line":403,"column":3}},"68":{"start":{"line":387,"column":4},"end":{"line":389,"column":5}},"69":{"start":{"line":388,"column":6},"end":{"line":388,"column":73}},"70":{"start":{"line":391,"column":19},"end":{"line":400,"column":18}},"71":{"start":{"line":402,"column":4},"end":{"line":402,"column":36}},"72":{"start":{"line":405,"column":2},"end":{"line":405,"column":25}},"73":{"start":{"line":412,"column":2},"end":{"line":414,"column":3}},"74":{"start":{"line":413,"column":4},"end":{"line":413,"column":44}},"75":{"start":{"line":416,"column":17},"end":{"line":416,"column":19}},"76":{"start":{"line":417,"column":2},"end":{"line":431,"column":3}},"77":{"start":{"line":418,"column":4},"end":{"line":420,"column":5}},"78":{"start":{"line":419,"column":6},"end":{"line":419,"column":73}},"79":{"start":{"line":422,"column":19},"end":{"line":428,"column":18}},"80":{"start":{"line":430,"column":4},"end":{"line":430,"column":27}},"81":{"start":{"line":433,"column":2},"end":{"line":433,"column":16}},"82":{"start":{"line":440,"column":16},"end":{"line":440,"column":18}},"83":{"start":{"line":441,"column":2},"end":{"line":453,"column":3}},"84":{"start":{"line":442,"column":19},"end":{"line":450,"column":18}},"85":{"start":{"line":452,"column":4},"end":{"line":452,"column":26}},"86":{"start":{"line":455,"column":2},"end":{"line":455,"column":15}},"87":{"start":{"line":462,"column":2},"end":{"line":464,"column":3}},"88":{"start":{"line":463,"column":4},"end":{"line":463,"column":54}},"89":{"start":{"line":466,"column":24},"end":{"line":466,"column":26}},"90":{"start":{"line":467,"column":2},"end":{"line":482,"column":3}},"91":{"start":{"line":468,"column":4},"end":{"line":470,"column":5}},"92":{"start":{"line":469,"column":6},"end":{"line":469,"column":87}},"93":{"start":{"line":472,"column":19},"end":{"line":479,"column":18}},"94":{"start":{"line":481,"column":4},"end":{"line":481,"column":34}},"95":{"start":{"line":484,"column":2},"end":{"line":484,"column":23}},"96":{"start":{"line":491,"column":2},"end":{"line":493,"column":3}},"97":{"start":{"line":492,"column":4},"end":{"line":492,"column":68}},"98":{"start":{"line":495,"column":37},"end":{"line":495,"column":39}},"99":{"start":{"line":496,"column":2},"end":{"line":510,"column":3}},"100":{"start":{"line":497,"column":4},"end":{"line":499,"column":5}},"101":{"start":{"line":498,"column":6},"end":{"line":498,"column":76}},"102":{"start":{"line":501,"column":19},"end":{"line":507,"column":18}},"103":{"start":{"line":509,"column":4},"end":{"line":509,"column":47}},"104":{"start":{"line":512,"column":2},"end":{"line":512,"column":36}}},"fnMap":{"0":{"name":"seed","decl":{"start":{"line":35,"column":15},"end":{"line":35,"column":19}},"loc":{"start":{"line":35,"column":59},"end":{"line":254,"column":1}},"line":35},"1":{"name":"cleanup","decl":{"start":{"line":256,"column":15},"end":{"line":256,"column":22}},"loc":{"start":{"line":256,"column":62},"end":{"line":273,"column":1}},"line":256},"2":{"name":"createEvent","decl":{"start":{"line":275,"column":15},"end":{"line":275,"column":26}},"loc":{"start":{"line":278,"column":2},"end":{"line":291,"column":1}},"line":278},"3":{"name":"createCycle","decl":{"start":{"line":293,"column":15},"end":{"line":293,"column":26}},"loc":{"start":{"line":296,"column":2},"end":{"line":321,"column":1}},"line":296},"4":{"name":"createQuestions","decl":{"start":{"line":323,"column":15},"end":{"line":323,"column":30}},"loc":{"start":{"line":326,"column":2},"end":{"line":346,"column":1}},"line":326},"5":{"name":"createQuestionOptions","decl":{"start":{"line":348,"column":15},"end":{"line":348,"column":36}},"loc":{"start":{"line":351,"column":2},"end":{"line":375,"column":1}},"line":351},"6":{"name":"createGroupCategories","decl":{"start":{"line":377,"column":15},"end":{"line":377,"column":36}},"loc":{"start":{"line":380,"column":2},"end":{"line":406,"column":1}},"line":380},"7":{"name":"createGroups","decl":{"start":{"line":408,"column":15},"end":{"line":408,"column":27}},"loc":{"start":{"line":411,"column":2},"end":{"line":434,"column":1}},"line":411},"8":{"name":"createUsers","decl":{"start":{"line":436,"column":15},"end":{"line":436,"column":26}},"loc":{"start":{"line":439,"column":2},"end":{"line":456,"column":1}},"line":439},"9":{"name":"createUsersToGroups","decl":{"start":{"line":458,"column":15},"end":{"line":458,"column":34}},"loc":{"start":{"line":461,"column":2},"end":{"line":485,"column":1}},"line":461},"10":{"name":"createQuestionsToGroupCategories","decl":{"start":{"line":487,"column":15},"end":{"line":487,"column":47}},"loc":{"start":{"line":490,"column":2},"end":{"line":513,"column":1}},"line":490}},"branchMap":{"0":{"loc":{"start":{"line":297,"column":2},"end":{"line":299,"column":3}},"type":"if","locations":[{"start":{"line":297,"column":2},"end":{"line":299,"column":3}},{"start":{},"end":{}}],"line":297},"1":{"loc":{"start":{"line":303,"column":4},"end":{"line":305,"column":5}},"type":"if","locations":[{"start":{"line":303,"column":4},"end":{"line":305,"column":5}},{"start":{},"end":{}}],"line":303},"2":{"loc":{"start":{"line":327,"column":2},"end":{"line":329,"column":3}},"type":"if","locations":[{"start":{"line":327,"column":2},"end":{"line":329,"column":3}},{"start":{},"end":{}}],"line":327},"3":{"loc":{"start":{"line":352,"column":2},"end":{"line":354,"column":3}},"type":"if","locations":[{"start":{"line":352,"column":2},"end":{"line":354,"column":3}},{"start":{},"end":{}}],"line":352},"4":{"loc":{"start":{"line":358,"column":4},"end":{"line":360,"column":5}},"type":"if","locations":[{"start":{"line":358,"column":4},"end":{"line":360,"column":5}},{"start":{},"end":{}}],"line":358},"5":{"loc":{"start":{"line":381,"column":2},"end":{"line":383,"column":3}},"type":"if","locations":[{"start":{"line":381,"column":2},"end":{"line":383,"column":3}},{"start":{},"end":{}}],"line":381},"6":{"loc":{"start":{"line":387,"column":4},"end":{"line":389,"column":5}},"type":"if","locations":[{"start":{"line":387,"column":4},"end":{"line":389,"column":5}},{"start":{},"end":{}}],"line":387},"7":{"loc":{"start":{"line":412,"column":2},"end":{"line":414,"column":3}},"type":"if","locations":[{"start":{"line":412,"column":2},"end":{"line":414,"column":3}},{"start":{},"end":{}}],"line":412},"8":{"loc":{"start":{"line":418,"column":4},"end":{"line":420,"column":5}},"type":"if","locations":[{"start":{"line":418,"column":4},"end":{"line":420,"column":5}},{"start":{},"end":{}}],"line":418},"9":{"loc":{"start":{"line":462,"column":2},"end":{"line":464,"column":3}},"type":"if","locations":[{"start":{"line":462,"column":2},"end":{"line":464,"column":3}},{"start":{},"end":{}}],"line":462},"10":{"loc":{"start":{"line":468,"column":4},"end":{"line":470,"column":5}},"type":"if","locations":[{"start":{"line":468,"column":4},"end":{"line":470,"column":5}},{"start":{},"end":{}}],"line":468},"11":{"loc":{"start":{"line":491,"column":2},"end":{"line":493,"column":3}},"type":"if","locations":[{"start":{"line":491,"column":2},"end":{"line":493,"column":3}},{"start":{},"end":{}}],"line":491},"12":{"loc":{"start":{"line":497,"column":4},"end":{"line":499,"column":5}},"type":"if","locations":[{"start":{"line":497,"column":4},"end":{"line":499,"column":5}},{"start":{},"end":{}}],"line":497}},"s":{"0":0,"1":0,"2":0,"3":0,"4":0,"5":0,"6":0,"7":0,"8":0,"9":0,"10":0,"11":0,"12":0,"13":0,"14":0,"15":0,"16":0,"17":0,"18":0,"19":0,"20":0,"21":0,"22":0,"23":0,"24":0,"25":0,"26":0,"27":0,"28":0,"29":0,"30":0,"31":0,"32":0,"33":0,"34":0,"35":0,"36":0,"37":0,"38":0,"39":0,"40":0,"41":0,"42":0,"43":0,"44":0,"45":0,"46":0,"47":0,"48":0,"49":0,"50":0,"51":0,"52":0,"53":0,"54":0,"55":0,"56":0,"57":0,"58":0,"59":0,"60":0,"61":0,"62":0,"63":0,"64":0,"65":0,"66":0,"67":0,"68":0,"69":0,"70":0,"71":0,"72":0,"73":0,"74":0,"75":0,"76":0,"77":0,"78":0,"79":0,"80":0,"81":0,"82":0,"83":0,"84":0,"85":0,"86":0,"87":0,"88":0,"89":0,"90":0,"91":0,"92":0,"93":0,"94":0,"95":0,"96":0,"97":0,"98":0,"99":0,"100":0,"101":0,"102":0,"103":0,"104":0},"f":{"0":0,"1":0,"2":0,"3":0,"4":0,"5":0,"6":0,"7":0,"8":0,"9":0,"10":0},"b":{"0":[0,0],"1":[0,0],"2":[0,0],"3":[0,0],"4":[0,0],"5":[0,0],"6":[0,0],"7":[0,0],"8":[0,0],"9":[0,0],"10":[0,0],"11":[0,0],"12":[0,0]},"all":true},"/Users/diegoalzate/Code/work/lexicon/pluraltools-backend/src/db/test.ts":{"path":"/Users/diegoalzate/Code/work/lexicon/pluraltools-backend/src/db/test.ts","statementMap":{"0":{"start":{"line":8,"column":17},"end":{"line":14,"column":4}},"1":{"start":{"line":18,"column":21},"end":{"line":18,"column":71}},"2":{"start":{"line":19,"column":2},"end":{"line":19,"column":63}},"3":{"start":{"line":21,"column":2},"end":{"line":21,"column":28}},"4":{"start":{"line":23,"column":20},"end":{"line":29,"column":4}},"5":{"start":{"line":32,"column":2},"end":{"line":38,"column":5}},"6":{"start":{"line":40,"column":2},"end":{"line":45,"column":4}},"7":{"start":{"line":43,"column":6},"end":{"line":43,"column":63}},"8":{"start":{"line":49,"column":2},"end":{"line":49,"column":67}},"9":{"start":{"line":53,"column":2},"end":{"line":53,"column":21}},"10":{"start":{"line":56,"column":21},"end":{"line":62,"column":4}},"11":{"start":{"line":64,"column":2},"end":{"line":64,"column":29}},"12":{"start":{"line":67,"column":2},"end":{"line":75,"column":4}},"13":{"start":{"line":77,"column":2},"end":{"line":77,"column":60}},"14":{"start":{"line":79,"column":2},"end":{"line":79,"column":25}}},"fnMap":{"0":{"name":"createTestDatabase","decl":{"start":{"line":7,"column":22},"end":{"line":7,"column":40}},"loc":{"start":{"line":7,"column":93},"end":{"line":46,"column":1}},"line":7},"1":{"name":"(anonymous_1)","decl":{"start":{"line":42,"column":14},"end":{"line":42,"column":15}},"loc":{"start":{"line":42,"column":26},"end":{"line":44,"column":5}},"line":42},"2":{"name":"createTestDatabaseName","decl":{"start":{"line":48,"column":9},"end":{"line":48,"column":31}},"loc":{"start":{"line":48,"column":46},"end":{"line":50,"column":1}},"line":48},"3":{"name":"teardownTestDatabase","decl":{"start":{"line":52,"column":15},"end":{"line":52,"column":35}},"loc":{"start":{"line":52,"column":66},"end":{"line":80,"column":1}},"line":52}},"branchMap":{},"s":{"0":0,"1":0,"2":0,"3":0,"4":0,"5":0,"6":0,"7":0,"8":0,"9":0,"10":0,"11":0,"12":0,"13":0,"14":0},"f":{"0":0,"1":0,"2":0,"3":0},"b":{},"all":true},"/Users/diegoalzate/Code/work/lexicon/pluraltools-backend/src/index.ts":{"path":"/Users/diegoalzate/Code/work/lexicon/pluraltools-backend/src/index.ts","statementMap":{"0":{"start":{"line":6,"column":12},"end":{"line":6,"column":21}},"1":{"start":{"line":9,"column":23},"end":{"line":9,"column":62}},"2":{"start":{"line":10,"column":17},"end":{"line":16,"column":4}},"3":{"start":{"line":18,"column":2},"end":{"line":24,"column":5}},"4":{"start":{"line":26,"column":2},"end":{"line":26,"column":91}},"5":{"start":{"line":27,"column":2},"end":{"line":29,"column":5}},"6":{"start":{"line":28,"column":4},"end":{"line":28,"column":62}},"7":{"start":{"line":32,"column":0},"end":{"line":32,"column":7}}},"fnMap":{"0":{"name":"main","decl":{"start":{"line":8,"column":15},"end":{"line":8,"column":19}},"loc":{"start":{"line":8,"column":22},"end":{"line":30,"column":1}},"line":8},"1":{"name":"(anonymous_1)","decl":{"start":{"line":27,"column":87},"end":{"line":27,"column":88}},"loc":{"start":{"line":27,"column":93},"end":{"line":29,"column":3}},"line":27}},"branchMap":{"0":{"loc":{"start":{"line":27,"column":13},"end":{"line":27,"column":74}},"type":"cond-expr","locations":[{"start":{"line":27,"column":49},"end":{"line":27,"column":67}},{"start":{"line":27,"column":70},"end":{"line":27,"column":74}}],"line":27},"1":{"loc":{"start":{"line":28,"column":33},"end":{"line":28,"column":58}},"type":"binary-expr","locations":[{"start":{"line":28,"column":33},"end":{"line":28,"column":50}},{"start":{"line":28,"column":54},"end":{"line":28,"column":58}}],"line":28}},"s":{"0":0,"1":0,"2":0,"3":0,"4":0,"5":0,"6":0,"7":0},"f":{"0":0,"1":0},"b":{"0":[0,0],"1":[0,0]},"all":true},"/Users/diegoalzate/Code/work/lexicon/pluraltools-backend/src/middleware/is-logged-in.ts":{"path":"/Users/diegoalzate/Code/work/lexicon/pluraltools-backend/src/middleware/is-logged-in.ts","statementMap":{"0":{"start":{"line":7,"column":2},"end":{"line":24,"column":4}},"1":{"start":{"line":8,"column":4},"end":{"line":23,"column":5}},"2":{"start":{"line":9,"column":19},"end":{"line":14,"column":55}},"3":{"start":{"line":16,"column":6},"end":{"line":18,"column":7}},"4":{"start":{"line":17,"column":8},"end":{"line":17,"column":38}},"5":{"start":{"line":20,"column":6},"end":{"line":20,"column":13}},"6":{"start":{"line":22,"column":6},"end":{"line":22,"column":36}}},"fnMap":{"0":{"name":"isLoggedIn","decl":{"start":{"line":6,"column":16},"end":{"line":6,"column":26}},"loc":{"start":{"line":6,"column":66},"end":{"line":25,"column":1}},"line":6},"1":{"name":"(anonymous_1)","decl":{"start":{"line":7,"column":9},"end":{"line":7,"column":10}},"loc":{"start":{"line":7,"column":74},"end":{"line":24,"column":3}},"line":7}},"branchMap":{"0":{"loc":{"start":{"line":8,"column":4},"end":{"line":23,"column":5}},"type":"if","locations":[{"start":{"line":8,"column":4},"end":{"line":23,"column":5}},{"start":{"line":21,"column":11},"end":{"line":23,"column":5}}],"line":8},"1":{"loc":{"start":{"line":16,"column":6},"end":{"line":18,"column":7}},"type":"if","locations":[{"start":{"line":16,"column":6},"end":{"line":18,"column":7}},{"start":{},"end":{}}],"line":16}},"s":{"0":0,"1":0,"2":0,"3":0,"4":0,"5":0,"6":0},"f":{"0":0,"1":0},"b":{"0":[0,0],"1":[0,0]},"all":true},"/Users/diegoalzate/Code/work/lexicon/pluraltools-backend/src/modules/funding-mechanism.ts":{"path":"/Users/diegoalzate/Code/work/lexicon/pluraltools-backend/src/modules/funding-mechanism.ts","statementMap":{"0":{"start":{"line":15,"column":61},"end":{"line":15,"column":63}},"1":{"start":{"line":16,"column":2},"end":{"line":22,"column":5}},"2":{"start":{"line":17,"column":4},"end":{"line":21,"column":5}},"3":{"start":{"line":18,"column":6},"end":{"line":18,"column":79}},"4":{"start":{"line":20,"column":6},"end":{"line":20,"column":45}},"5":{"start":{"line":25,"column":62},"end":{"line":25,"column":64}},"6":{"start":{"line":26,"column":2},"end":{"line":28,"column":5}},"7":{"start":{"line":27,"column":4},"end":{"line":27,"column":71}},"8":{"start":{"line":31,"column":2},"end":{"line":35,"column":3}},"9":{"start":{"line":32,"column":4},"end":{"line":34,"column":5}},"10":{"start":{"line":33,"column":6},"end":{"line":33,"column":44}},"11":{"start":{"line":38,"column":45},"end":{"line":40,"column":3}},"12":{"start":{"line":39,"column":14},"end":{"line":39,"column":25}},"13":{"start":{"line":43,"column":54},"end":{"line":43,"column":56}},"14":{"start":{"line":44,"column":2},"end":{"line":46,"column":3}},"15":{"start":{"line":45,"column":4},"end":{"line":45,"column":35}},"16":{"start":{"line":48,"column":2},"end":{"line":61,"column":3}},"17":{"start":{"line":49,"column":26},"end":{"line":49,"column":59}},"18":{"start":{"line":50,"column":4},"end":{"line":60,"column":5}},"19":{"start":{"line":51,"column":6},"end":{"line":53,"column":7}},"20":{"start":{"line":52,"column":8},"end":{"line":52,"column":14}},"21":{"start":{"line":54,"column":6},"end":{"line":59,"column":7}},"22":{"start":{"line":55,"column":8},"end":{"line":55,"column":51}},"23":{"start":{"line":56,"column":8},"end":{"line":56,"column":33}},"24":{"start":{"line":58,"column":8},"end":{"line":58,"column":39}},"25":{"start":{"line":64,"column":2},"end":{"line":67,"column":4}}},"fnMap":{"0":{"name":"allocateFunding","decl":{"start":{"line":9,"column":16},"end":{"line":9,"column":31}},"loc":{"start":{"line":13,"column":79},"end":{"line":68,"column":1}},"line":13},"1":{"name":"(anonymous_1)","decl":{"start":{"line":16,"column":21},"end":{"line":16,"column":22}},"loc":{"start":{"line":16,"column":33},"end":{"line":22,"column":3}},"line":16},"2":{"name":"(anonymous_2)","decl":{"start":{"line":26,"column":21},"end":{"line":26,"column":22}},"loc":{"start":{"line":26,"column":33},"end":{"line":28,"column":3}},"line":26},"3":{"name":"(anonymous_3)","decl":{"start":{"line":39,"column":4},"end":{"line":39,"column":5}},"loc":{"start":{"line":39,"column":14},"end":{"line":39,"column":25}},"line":39}},"branchMap":{"0":{"loc":{"start":{"line":17,"column":4},"end":{"line":21,"column":5}},"type":"if","locations":[{"start":{"line":17,"column":4},"end":{"line":21,"column":5}},{"start":{"line":19,"column":11},"end":{"line":21,"column":5}}],"line":17},"1":{"loc":{"start":{"line":32,"column":4},"end":{"line":34,"column":5}},"type":"if","locations":[{"start":{"line":32,"column":4},"end":{"line":34,"column":5}},{"start":{},"end":{}}],"line":32},"2":{"loc":{"start":{"line":50,"column":4},"end":{"line":60,"column":5}},"type":"if","locations":[{"start":{"line":50,"column":4},"end":{"line":60,"column":5}},{"start":{},"end":{}}],"line":50},"3":{"loc":{"start":{"line":51,"column":6},"end":{"line":53,"column":7}},"type":"if","locations":[{"start":{"line":51,"column":6},"end":{"line":53,"column":7}},{"start":{},"end":{}}],"line":51},"4":{"loc":{"start":{"line":54,"column":6},"end":{"line":59,"column":7}},"type":"if","locations":[{"start":{"line":54,"column":6},"end":{"line":59,"column":7}},{"start":{"line":57,"column":13},"end":{"line":59,"column":7}}],"line":54}},"s":{"0":0,"1":0,"2":0,"3":0,"4":0,"5":0,"6":0,"7":0,"8":0,"9":0,"10":0,"11":0,"12":0,"13":0,"14":0,"15":0,"16":0,"17":0,"18":0,"19":0,"20":0,"21":0,"22":0,"23":0,"24":0,"25":0},"f":{"0":0,"1":0,"2":0,"3":0},"b":{"0":[0,0],"1":[0,0],"2":[0,0],"3":[0,0],"4":[0,0]},"all":true},"/Users/diegoalzate/Code/work/lexicon/pluraltools-backend/src/modules/plural-voting.ts":{"path":"/Users/diegoalzate/Code/work/lexicon/pluraltools-backend/src/modules/plural-voting.ts","statementMap":{"0":{"start":{"line":16,"column":4},"end":{"line":16,"column":25}},"1":{"start":{"line":17,"column":4},"end":{"line":17,"column":39}},"2":{"start":{"line":26,"column":50},"end":{"line":26,"column":52}},"3":{"start":{"line":28,"column":4},"end":{"line":32,"column":5}},"4":{"start":{"line":29,"column":6},"end":{"line":31,"column":7}},"5":{"start":{"line":30,"column":8},"end":{"line":30,"column":74}},"6":{"start":{"line":34,"column":4},"end":{"line":34,"column":23}},"7":{"start":{"line":50,"column":31},"end":{"line":50,"column":55}},"8":{"start":{"line":51,"column":31},"end":{"line":51,"column":55}},"9":{"start":{"line":53,"column":4},"end":{"line":55,"column":5}},"10":{"start":{"line":54,"column":6},"end":{"line":54,"column":84}},"11":{"start":{"line":54,"column":48},"end":{"line":54,"column":82}},"12":{"start":{"line":57,"column":4},"end":{"line":57,"column":89}},"13":{"start":{"line":75,"column":32},"end":{"line":75,"column":52}},"14":{"start":{"line":77,"column":4},"end":{"line":85,"column":5}},"15":{"start":{"line":78,"column":6},"end":{"line":83,"column":7}},"16":{"start":{"line":80,"column":40},"end":{"line":80,"column":93}},"17":{"start":{"line":82,"column":8},"end":{"line":82,"column":46}},"18":{"start":{"line":84,"column":6},"end":{"line":84,"column":33}},"19":{"start":{"line":87,"column":4},"end":{"line":87,"column":71}},"20":{"start":{"line":97,"column":23},"end":{"line":97,"column":42}},"21":{"start":{"line":98,"column":23},"end":{"line":98,"column":42}},"22":{"start":{"line":99,"column":4},"end":{"line":102,"column":6}},"23":{"start":{"line":101,"column":41},"end":{"line":101,"column":68}},"24":{"start":{"line":111,"column":51},"end":{"line":111,"column":53}},"25":{"start":{"line":113,"column":4},"end":{"line":126,"column":7}},"26":{"start":{"line":115,"column":26},"end":{"line":115,"column":46}},"27":{"start":{"line":118,"column":6},"end":{"line":125,"column":7}},"28":{"start":{"line":121,"column":12},"end":{"line":121,"column":88}},"29":{"start":{"line":124,"column":8},"end":{"line":124,"column":46}},"30":{"start":{"line":128,"column":4},"end":{"line":128,"column":24}},"31":{"start":{"line":142,"column":25},"end":{"line":142,"column":59}},"32":{"start":{"line":143,"column":55},"end":{"line":143,"column":96}},"33":{"start":{"line":145,"column":4},"end":{"line":147,"column":5}},"34":{"start":{"line":146,"column":6},"end":{"line":146,"column":58}},"35":{"start":{"line":149,"column":17},"end":{"line":149,"column":18}},"36":{"start":{"line":152,"column":4},"end":{"line":163,"column":5}},"37":{"start":{"line":153,"column":6},"end":{"line":162,"column":7}},"38":{"start":{"line":154,"column":31},"end":{"line":154,"column":51}},"39":{"start":{"line":155,"column":29},"end":{"line":155,"column":52}},"40":{"start":{"line":157,"column":8},"end":{"line":159,"column":9}},"41":{"start":{"line":158,"column":10},"end":{"line":158,"column":98}},"42":{"start":{"line":161,"column":8},"end":{"line":161,"column":55}},"43":{"start":{"line":166,"column":4},"end":{"line":201,"column":5}},"44":{"start":{"line":167,"column":6},"end":{"line":200,"column":7}},"45":{"start":{"line":168,"column":8},"end":{"line":168,"column":50}},"46":{"start":{"line":168,"column":41},"end":{"line":168,"column":50}},"47":{"start":{"line":170,"column":20},"end":{"line":170,"column":21}},"48":{"start":{"line":171,"column":8},"end":{"line":180,"column":9}},"49":{"start":{"line":172,"column":33},"end":{"line":172,"column":53}},"50":{"start":{"line":173,"column":31},"end":{"line":173,"column":54}},"51":{"start":{"line":175,"column":10},"end":{"line":177,"column":11}},"52":{"start":{"line":176,"column":12},"end":{"line":176,"column":100}},"53":{"start":{"line":179,"column":10},"end":{"line":179,"column":96}},"54":{"start":{"line":181,"column":8},"end":{"line":181,"column":33}},"55":{"start":{"line":183,"column":20},"end":{"line":183,"column":21}},"56":{"start":{"line":184,"column":8},"end":{"line":196,"column":9}},"57":{"start":{"line":185,"column":33},"end":{"line":185,"column":58}},"58":{"start":{"line":186,"column":31},"end":{"line":186,"column":59}},"59":{"start":{"line":188,"column":10},"end":{"line":192,"column":11}},"60":{"start":{"line":189,"column":12},"end":{"line":191,"column":14}},"61":{"start":{"line":194,"column":10},"end":{"line":195,"column":94}},"62":{"start":{"line":197,"column":8},"end":{"line":197,"column":33}},"63":{"start":{"line":199,"column":8},"end":{"line":199,"column":32}},"64":{"start":{"line":203,"column":4},"end":{"line":203,"column":29}},"65":{"start":{"line":211,"column":27},"end":{"line":211,"column":77}},"66":{"start":{"line":213,"column":4},"end":{"line":213,"column":18}}},"fnMap":{"0":{"name":"(anonymous_0)","decl":{"start":{"line":15,"column":2},"end":{"line":15,"column":3}},"loc":{"start":{"line":15,"column":87},"end":{"line":18,"column":3}},"line":15},"1":{"name":"(anonymous_1)","decl":{"start":{"line":25,"column":2},"end":{"line":25,"column":3}},"loc":{"start":{"line":25,"column":92},"end":{"line":35,"column":3}},"line":25},"2":{"name":"(anonymous_2)","decl":{"start":{"line":45,"column":2},"end":{"line":45,"column":3}},"loc":{"start":{"line":49,"column":13},"end":{"line":58,"column":3}},"line":49},"3":{"name":"(anonymous_3)","decl":{"start":{"line":54,"column":37},"end":{"line":54,"column":38}},"loc":{"start":{"line":54,"column":48},"end":{"line":54,"column":82}},"line":54},"4":{"name":"(anonymous_4)","decl":{"start":{"line":69,"column":2},"end":{"line":69,"column":3}},"loc":{"start":{"line":74,"column":12},"end":{"line":88,"column":3}},"line":74},"5":{"name":"(anonymous_5)","decl":{"start":{"line":80,"column":24},"end":{"line":80,"column":25}},"loc":{"start":{"line":80,"column":40},"end":{"line":80,"column":93}},"line":80},"6":{"name":"(anonymous_6)","decl":{"start":{"line":96,"column":2},"end":{"line":96,"column":3}},"loc":{"start":{"line":96,"column":62},"end":{"line":103,"column":3}},"line":96},"7":{"name":"(anonymous_7)","decl":{"start":{"line":101,"column":23},"end":{"line":101,"column":24}},"loc":{"start":{"line":101,"column":41},"end":{"line":101,"column":68}},"line":101},"8":{"name":"(anonymous_8)","decl":{"start":{"line":110,"column":2},"end":{"line":110,"column":3}},"loc":{"start":{"line":110,"column":96},"end":{"line":129,"column":3}},"line":110},"9":{"name":"(anonymous_9)","decl":{"start":{"line":113,"column":40},"end":{"line":113,"column":41}},"loc":{"start":{"line":113,"column":64},"end":{"line":126,"column":5}},"line":113},"10":{"name":"(anonymous_10)","decl":{"start":{"line":120,"column":10},"end":{"line":120,"column":11}},"loc":{"start":{"line":121,"column":12},"end":{"line":121,"column":88}},"line":121},"11":{"name":"(anonymous_11)","decl":{"start":{"line":138,"column":2},"end":{"line":138,"column":3}},"loc":{"start":{"line":141,"column":12},"end":{"line":204,"column":3}},"line":141},"12":{"name":"(anonymous_12)","decl":{"start":{"line":210,"column":2},"end":{"line":210,"column":3}},"loc":{"start":{"line":210,"column":42},"end":{"line":214,"column":3}},"line":210}},"branchMap":{"0":{"loc":{"start":{"line":30,"column":35},"end":{"line":30,"column":60}},"type":"binary-expr","locations":[{"start":{"line":30,"column":35},"end":{"line":30,"column":54}},{"start":{"line":30,"column":58},"end":{"line":30,"column":60}}],"line":30},"1":{"loc":{"start":{"line":53,"column":4},"end":{"line":55,"column":5}},"type":"if","locations":[{"start":{"line":53,"column":4},"end":{"line":55,"column":5}},{"start":{},"end":{}}],"line":53},"2":{"loc":{"start":{"line":53,"column":8},"end":{"line":53,"column":48}},"type":"binary-expr","locations":[{"start":{"line":53,"column":8},"end":{"line":53,"column":26}},{"start":{"line":53,"column":30},"end":{"line":53,"column":48}}],"line":53},"3":{"loc":{"start":{"line":77,"column":4},"end":{"line":85,"column":5}},"type":"if","locations":[{"start":{"line":77,"column":4},"end":{"line":85,"column":5}},{"start":{},"end":{}}],"line":77},"4":{"loc":{"start":{"line":78,"column":6},"end":{"line":83,"column":7}},"type":"if","locations":[{"start":{"line":78,"column":6},"end":{"line":83,"column":7}},{"start":{},"end":{}}],"line":78},"5":{"loc":{"start":{"line":79,"column":8},"end":{"line":80,"column":94}},"type":"binary-expr","locations":[{"start":{"line":79,"column":8},"end":{"line":79,"column":34}},{"start":{"line":80,"column":8},"end":{"line":80,"column":94}}],"line":79},"6":{"loc":{"start":{"line":100,"column":6},"end":{"line":101,"column":69}},"type":"binary-expr","locations":[{"start":{"line":100,"column":6},"end":{"line":100,"column":45}},{"start":{"line":101,"column":6},"end":{"line":101,"column":69}}],"line":100},"7":{"loc":{"start":{"line":118,"column":6},"end":{"line":125,"column":7}},"type":"if","locations":[{"start":{"line":118,"column":6},"end":{"line":125,"column":7}},{"start":{},"end":{}}],"line":118},"8":{"loc":{"start":{"line":145,"column":4},"end":{"line":147,"column":5}},"type":"if","locations":[{"start":{"line":145,"column":4},"end":{"line":147,"column":5}},{"start":{},"end":{}}],"line":145},"9":{"loc":{"start":{"line":157,"column":8},"end":{"line":159,"column":9}},"type":"if","locations":[{"start":{"line":157,"column":8},"end":{"line":159,"column":9}},{"start":{},"end":{}}],"line":157},"10":{"loc":{"start":{"line":157,"column":12},"end":{"line":157,"column":70}},"type":"binary-expr","locations":[{"start":{"line":157,"column":12},"end":{"line":157,"column":40}},{"start":{"line":157,"column":44},"end":{"line":157,"column":70}}],"line":157},"11":{"loc":{"start":{"line":168,"column":8},"end":{"line":168,"column":50}},"type":"if","locations":[{"start":{"line":168,"column":8},"end":{"line":168,"column":50}},{"start":{},"end":{}}],"line":168},"12":{"loc":{"start":{"line":175,"column":10},"end":{"line":177,"column":11}},"type":"if","locations":[{"start":{"line":175,"column":10},"end":{"line":177,"column":11}},{"start":{},"end":{}}],"line":175},"13":{"loc":{"start":{"line":175,"column":14},"end":{"line":175,"column":72}},"type":"binary-expr","locations":[{"start":{"line":175,"column":14},"end":{"line":175,"column":42}},{"start":{"line":175,"column":46},"end":{"line":175,"column":72}}],"line":175},"14":{"loc":{"start":{"line":188,"column":10},"end":{"line":192,"column":11}},"type":"if","locations":[{"start":{"line":188,"column":10},"end":{"line":192,"column":11}},{"start":{},"end":{}}],"line":188},"15":{"loc":{"start":{"line":188,"column":14},"end":{"line":188,"column":72}},"type":"binary-expr","locations":[{"start":{"line":188,"column":14},"end":{"line":188,"column":42}},{"start":{"line":188,"column":46},"end":{"line":188,"column":72}}],"line":188}},"s":{"0":0,"1":0,"2":0,"3":0,"4":0,"5":0,"6":0,"7":0,"8":0,"9":0,"10":0,"11":0,"12":0,"13":0,"14":0,"15":0,"16":0,"17":0,"18":0,"19":0,"20":0,"21":0,"22":0,"23":0,"24":0,"25":0,"26":0,"27":0,"28":0,"29":0,"30":0,"31":0,"32":0,"33":0,"34":0,"35":0,"36":0,"37":0,"38":0,"39":0,"40":0,"41":0,"42":0,"43":0,"44":0,"45":0,"46":0,"47":0,"48":0,"49":0,"50":0,"51":0,"52":0,"53":0,"54":0,"55":0,"56":0,"57":0,"58":0,"59":0,"60":0,"61":0,"62":0,"63":0,"64":0,"65":0,"66":0},"f":{"0":0,"1":0,"2":0,"3":0,"4":0,"5":0,"6":0,"7":0,"8":0,"9":0,"10":0,"11":0,"12":0},"b":{"0":[0,0],"1":[0,0],"2":[0,0],"3":[0,0],"4":[0,0],"5":[0,0],"6":[0,0],"7":[0,0],"8":[0,0],"9":[0,0],"10":[0,0],"11":[0,0],"12":[0,0],"13":[0,0],"14":[0,0],"15":[0,0]},"all":true},"/Users/diegoalzate/Code/work/lexicon/pluraltools-backend/src/modules/quadratic-voting.ts":{"path":"/Users/diegoalzate/Code/work/lexicon/pluraltools-backend/src/modules/quadratic-voting.ts","statementMap":{"0":{"start":{"line":8,"column":53},"end":{"line":8,"column":55}},"1":{"start":{"line":10,"column":2},"end":{"line":21,"column":3}},"2":{"start":{"line":11,"column":4},"end":{"line":20,"column":5}},"3":{"start":{"line":12,"column":19},"end":{"line":12,"column":32}},"4":{"start":{"line":14,"column":6},"end":{"line":16,"column":7}},"5":{"start":{"line":15,"column":8},"end":{"line":15,"column":65}},"6":{"start":{"line":18,"column":33},"end":{"line":18,"column":48}},"7":{"start":{"line":19,"column":6},"end":{"line":19,"column":54}},"8":{"start":{"line":23,"column":28},"end":{"line":26,"column":3}},"9":{"start":{"line":24,"column":20},"end":{"line":24,"column":31}},"10":{"start":{"line":28,"column":2},"end":{"line":28,"column":49}}},"fnMap":{"0":{"name":"quadraticVoting","decl":{"start":{"line":7,"column":16},"end":{"line":7,"column":31}},"loc":{"start":{"line":7,"column":97},"end":{"line":29,"column":1}},"line":7},"1":{"name":"(anonymous_1)","decl":{"start":{"line":24,"column":4},"end":{"line":24,"column":5}},"loc":{"start":{"line":24,"column":20},"end":{"line":24,"column":31}},"line":24}},"branchMap":{"0":{"loc":{"start":{"line":11,"column":4},"end":{"line":20,"column":5}},"type":"if","locations":[{"start":{"line":11,"column":4},"end":{"line":20,"column":5}},{"start":{},"end":{}}],"line":11},"1":{"loc":{"start":{"line":14,"column":6},"end":{"line":16,"column":7}},"type":"if","locations":[{"start":{"line":14,"column":6},"end":{"line":16,"column":7}},{"start":{},"end":{}}],"line":14}},"s":{"0":0,"1":0,"2":0,"3":0,"4":0,"5":0,"6":0,"7":0,"8":0,"9":0,"10":0},"f":{"0":0,"1":0},"b":{"0":[0,0],"1":[0,0]},"all":true},"/Users/diegoalzate/Code/work/lexicon/pluraltools-backend/src/services/auth.ts":{"path":"/Users/diegoalzate/Code/work/lexicon/pluraltools-backend/src/services/auth.ts","statementMap":{"0":{"start":{"line":11,"column":60},"end":{"line":14,"column":62}},"1":{"start":{"line":16,"column":2},"end":{"line":55,"column":3}},"2":{"start":{"line":18,"column":4},"end":{"line":41,"column":5}},"3":{"start":{"line":19,"column":34},"end":{"line":24,"column":20}},"4":{"start":{"line":26,"column":6},"end":{"line":28,"column":7}},"5":{"start":{"line":27,"column":8},"end":{"line":27,"column":49}},"6":{"start":{"line":30,"column":6},"end":{"line":34,"column":9}},"7":{"start":{"line":36,"column":6},"end":{"line":36,"column":21}},"8":{"start":{"line":39,"column":6},"end":{"line":39,"column":52}},"9":{"start":{"line":40,"column":6},"end":{"line":40,"column":45}},"10":{"start":{"line":43,"column":4},"end":{"line":45,"column":5}},"11":{"start":{"line":44,"column":6},"end":{"line":44,"column":64}},"12":{"start":{"line":46,"column":17},"end":{"line":48,"column":6}},"13":{"start":{"line":50,"column":4},"end":{"line":52,"column":5}},"14":{"start":{"line":51,"column":6},"end":{"line":51,"column":40}},"15":{"start":{"line":54,"column":4},"end":{"line":54,"column":16}}},"fnMap":{"0":{"name":"createOrSignInPCD","decl":{"start":{"line":6,"column":22},"end":{"line":6,"column":39}},"loc":{"start":{"line":9,"column":24},"end":{"line":56,"column":1}},"line":9}},"branchMap":{"0":{"loc":{"start":{"line":16,"column":2},"end":{"line":55,"column":3}},"type":"if","locations":[{"start":{"line":16,"column":2},"end":{"line":55,"column":3}},{"start":{"line":42,"column":9},"end":{"line":55,"column":3}}],"line":16},"1":{"loc":{"start":{"line":26,"column":6},"end":{"line":28,"column":7}},"type":"if","locations":[{"start":{"line":26,"column":6},"end":{"line":28,"column":7}},{"start":{},"end":{}}],"line":26},"2":{"loc":{"start":{"line":43,"column":4},"end":{"line":45,"column":5}},"type":"if","locations":[{"start":{"line":43,"column":4},"end":{"line":45,"column":5}},{"start":{},"end":{}}],"line":43},"3":{"loc":{"start":{"line":50,"column":4},"end":{"line":52,"column":5}},"type":"if","locations":[{"start":{"line":50,"column":4},"end":{"line":52,"column":5}},{"start":{},"end":{}}],"line":50}},"s":{"0":0,"1":0,"2":0,"3":0,"4":0,"5":0,"6":0,"7":0,"8":0,"9":0,"10":0,"11":0,"12":0,"13":0,"14":0,"15":0},"f":{"0":0},"b":{"0":[0,0],"1":[0,0],"2":[0,0],"3":[0,0]},"all":true},"/Users/diegoalzate/Code/work/lexicon/pluraltools-backend/src/services/comments.ts":{"path":"/Users/diegoalzate/Code/work/lexicon/pluraltools-backend/src/services/comments.ts","statementMap":{"0":{"start":{"line":17,"column":2},"end":{"line":30,"column":3}},"1":{"start":{"line":18,"column":23},"end":{"line":25,"column":18}},"2":{"start":{"line":26,"column":4},"end":{"line":26,"column":25}},"3":{"start":{"line":28,"column":4},"end":{"line":28,"column":52}},"4":{"start":{"line":29,"column":4},"end":{"line":29,"column":48}},"5":{"start":{"line":44,"column":32},"end":{"line":44,"column":36}},"6":{"start":{"line":47,"column":18},"end":{"line":49,"column":4}},"7":{"start":{"line":51,"column":2},"end":{"line":53,"column":3}},"8":{"start":{"line":52,"column":4},"end":{"line":52,"column":58}},"9":{"start":{"line":56,"column":2},"end":{"line":56,"column":81}},"10":{"start":{"line":59,"column":25},"end":{"line":62,"column":16}},"11":{"start":{"line":64,"column":2},"end":{"line":64,"column":37}},"12":{"start":{"line":74,"column":15},"end":{"line":78,"column":55}},"13":{"start":{"line":80,"column":32},"end":{"line":94,"column":4}},"14":{"start":{"line":81,"column":4},"end":{"line":93,"column":6}},"15":{"start":{"line":96,"column":2},"end":{"line":96,"column":31}},"16":{"start":{"line":108,"column":2},"end":{"line":110,"column":3}},"17":{"start":{"line":109,"column":4},"end":{"line":109,"column":17}},"18":{"start":{"line":113,"column":14},"end":{"line":120,"column":5}},"19":{"start":{"line":122,"column":2},"end":{"line":124,"column":3}},"20":{"start":{"line":123,"column":4},"end":{"line":123,"column":17}},"21":{"start":{"line":126,"column":2},"end":{"line":126,"column":14}},"22":{"start":{"line":151,"column":2},"end":{"line":249,"column":3}},"23":{"start":{"line":152,"column":23},"end":{"line":242,"column":5}},"24":{"start":{"line":245,"column":4},"end":{"line":245,"column":38}},"25":{"start":{"line":247,"column":4},"end":{"line":247,"column":52}},"26":{"start":{"line":248,"column":4},"end":{"line":248,"column":54}}},"fnMap":{"0":{"name":"saveComment","decl":{"start":{"line":12,"column":22},"end":{"line":12,"column":33}},"loc":{"start":{"line":16,"column":2},"end":{"line":31,"column":1}},"line":16},"1":{"name":"deleteComment","decl":{"start":{"line":37,"column":22},"end":{"line":37,"column":35}},"loc":{"start":{"line":43,"column":57},"end":{"line":65,"column":1}},"line":43},"2":{"name":"getOptionComments","decl":{"start":{"line":67,"column":22},"end":{"line":67,"column":39}},"loc":{"start":{"line":72,"column":2},"end":{"line":97,"column":1}},"line":72},"3":{"name":"(anonymous_3)","decl":{"start":{"line":80,"column":41},"end":{"line":80,"column":42}},"loc":{"start":{"line":80,"column":50},"end":{"line":94,"column":3}},"line":80},"4":{"name":"userCanComment","decl":{"start":{"line":103,"column":22},"end":{"line":103,"column":36}},"loc":{"start":{"line":107,"column":2},"end":{"line":127,"column":1}},"line":107},"5":{"name":"getOptionUsers","decl":{"start":{"line":147,"column":22},"end":{"line":147,"column":36}},"loc":{"start":{"line":150,"column":42},"end":{"line":250,"column":1}},"line":150}},"branchMap":{"0":{"loc":{"start":{"line":51,"column":2},"end":{"line":53,"column":3}},"type":"if","locations":[{"start":{"line":51,"column":2},"end":{"line":53,"column":3}},{"start":{},"end":{}}],"line":51},"1":{"loc":{"start":{"line":108,"column":2},"end":{"line":110,"column":3}},"type":"if","locations":[{"start":{"line":108,"column":2},"end":{"line":110,"column":3}},{"start":{},"end":{}}],"line":108},"2":{"loc":{"start":{"line":122,"column":2},"end":{"line":124,"column":3}},"type":"if","locations":[{"start":{"line":122,"column":2},"end":{"line":124,"column":3}},{"start":{},"end":{}}],"line":122},"3":{"loc":{"start":{"line":245,"column":11},"end":{"line":245,"column":37}},"type":"binary-expr","locations":[{"start":{"line":245,"column":11},"end":{"line":245,"column":29}},{"start":{"line":245,"column":33},"end":{"line":245,"column":37}}],"line":245}},"s":{"0":0,"1":0,"2":0,"3":0,"4":0,"5":0,"6":0,"7":0,"8":0,"9":0,"10":0,"11":0,"12":0,"13":0,"14":0,"15":0,"16":0,"17":0,"18":0,"19":0,"20":0,"21":0,"22":0,"23":0,"24":0,"25":0,"26":0},"f":{"0":0,"1":0,"2":0,"3":0,"4":0,"5":0},"b":{"0":[0,0],"1":[0,0],"2":[0,0],"3":[0,0]},"all":true},"/Users/diegoalzate/Code/work/lexicon/pluraltools-backend/src/services/cycles.ts":{"path":"/Users/diegoalzate/Code/work/lexicon/pluraltools-backend/src/services/cycles.ts","statementMap":{"0":{"start":{"line":6,"column":16},"end":{"line":35,"column":4}},"1":{"start":{"line":37,"column":14},"end":{"line":64,"column":3}},"2":{"start":{"line":40,"column":6},"end":{"line":62,"column":8}},"3":{"start":{"line":43,"column":10},"end":{"line":60,"column":12}},"4":{"start":{"line":56,"column":70},"end":{"line":56,"column":87}},"5":{"start":{"line":66,"column":2},"end":{"line":66,"column":13}},"6":{"start":{"line":80,"column":19},"end":{"line":104,"column":4}},"7":{"start":{"line":91,"column":18},"end":{"line":96,"column":20}},"8":{"start":{"line":106,"column":14},"end":{"line":108,"column":3}},"9":{"start":{"line":107,"column":4},"end":{"line":107,"column":93}},"10":{"start":{"line":107,"column":42},"end":{"line":107,"column":92}},"11":{"start":{"line":107,"column":79},"end":{"line":107,"column":91}},"12":{"start":{"line":110,"column":2},"end":{"line":110,"column":13}}},"fnMap":{"0":{"name":"GetCycleById","decl":{"start":{"line":5,"column":22},"end":{"line":5,"column":34}},"loc":{"start":{"line":5,"column":91},"end":{"line":67,"column":1}},"line":5},"1":{"name":"(anonymous_1)","decl":{"start":{"line":39,"column":41},"end":{"line":39,"column":42}},"loc":{"start":{"line":39,"column":55},"end":{"line":63,"column":5}},"line":39},"2":{"name":"(anonymous_2)","decl":{"start":{"line":42,"column":46},"end":{"line":42,"column":47}},"loc":{"start":{"line":42,"column":58},"end":{"line":61,"column":9}},"line":42},"3":{"name":"(anonymous_3)","decl":{"start":{"line":56,"column":53},"end":{"line":56,"column":54}},"loc":{"start":{"line":56,"column":70},"end":{"line":56,"column":87}},"line":56},"4":{"name":"getCycleVotes","decl":{"start":{"line":75,"column":22},"end":{"line":75,"column":35}},"loc":{"start":{"line":79,"column":2},"end":{"line":111,"column":1}},"line":79},"5":{"name":"(anonymous_5)","decl":{"start":{"line":90,"column":23},"end":{"line":90,"column":24}},"loc":{"start":{"line":91,"column":18},"end":{"line":96,"column":20}},"line":91},"6":{"name":"(anonymous_6)","decl":{"start":{"line":106,"column":31},"end":{"line":106,"column":32}},"loc":{"start":{"line":107,"column":4},"end":{"line":107,"column":93}},"line":107},"7":{"name":"(anonymous_7)","decl":{"start":{"line":107,"column":28},"end":{"line":107,"column":29}},"loc":{"start":{"line":107,"column":42},"end":{"line":107,"column":92}},"line":107},"8":{"name":"(anonymous_8)","decl":{"start":{"line":107,"column":67},"end":{"line":107,"column":68}},"loc":{"start":{"line":107,"column":79},"end":{"line":107,"column":91}},"line":107}},"branchMap":{"0":{"loc":{"start":{"line":49,"column":23},"end":{"line":49,"column":72}},"type":"cond-expr","locations":[{"start":{"line":49,"column":44},"end":{"line":49,"column":60}},{"start":{"line":49,"column":63},"end":{"line":49,"column":72}}],"line":49}},"s":{"0":0,"1":0,"2":0,"3":0,"4":0,"5":0,"6":0,"7":0,"8":0,"9":0,"10":0,"11":0,"12":0},"f":{"0":0,"1":0,"2":0,"3":0,"4":0,"5":0,"6":0,"7":0,"8":0},"b":{"0":[0,0]},"all":true},"/Users/diegoalzate/Code/work/lexicon/pluraltools-backend/src/services/funding-mechanism.ts":{"path":"/Users/diegoalzate/Code/work/lexicon/pluraltools-backend/src/services/funding-mechanism.ts","statementMap":{"0":{"start":{"line":22,"column":24},"end":{"line":29,"column":58}},"1":{"start":{"line":31,"column":2},"end":{"line":37,"column":3}},"2":{"start":{"line":32,"column":4},"end":{"line":36,"column":6}},"3":{"start":{"line":39,"column":18},"end":{"line":39,"column":63}},"4":{"start":{"line":41,"column":2},"end":{"line":43,"column":3}},"5":{"start":{"line":42,"column":4},"end":{"line":42,"column":100}},"6":{"start":{"line":45,"column":2},"end":{"line":49,"column":4}}},"fnMap":{"0":{"name":"calculateFunding","decl":{"start":{"line":14,"column":22},"end":{"line":14,"column":38}},"loc":{"start":{"line":21,"column":3},"end":{"line":50,"column":1}},"line":21}},"branchMap":{"0":{"loc":{"start":{"line":31,"column":2},"end":{"line":37,"column":3}},"type":"if","locations":[{"start":{"line":31,"column":2},"end":{"line":37,"column":3}},{"start":{},"end":{}}],"line":31},"1":{"loc":{"start":{"line":41,"column":2},"end":{"line":43,"column":3}},"type":"if","locations":[{"start":{"line":41,"column":2},"end":{"line":43,"column":3}},{"start":{},"end":{}}],"line":41}},"s":{"0":0,"1":0,"2":0,"3":0,"4":0,"5":0,"6":0},"f":{"0":0},"b":{"0":[0,0],"1":[0,0]},"all":true},"/Users/diegoalzate/Code/work/lexicon/pluraltools-backend/src/services/group-categories.ts":{"path":"/Users/diegoalzate/Code/work/lexicon/pluraltools-backend/src/services/group-categories.ts","statementMap":{"0":{"start":{"line":9,"column":24},"end":{"line":11,"column":4}},"1":{"start":{"line":13,"column":2},"end":{"line":15,"column":3}},"2":{"start":{"line":14,"column":4},"end":{"line":14,"column":17}},"3":{"start":{"line":17,"column":2},"end":{"line":17,"column":37}},"4":{"start":{"line":24,"column":24},"end":{"line":26,"column":4}},"5":{"start":{"line":28,"column":2},"end":{"line":30,"column":3}},"6":{"start":{"line":29,"column":4},"end":{"line":29,"column":17}},"7":{"start":{"line":32,"column":2},"end":{"line":32,"column":35}}},"fnMap":{"0":{"name":"canCreateGroupInGroupCategory","decl":{"start":{"line":5,"column":22},"end":{"line":5,"column":51}},"loc":{"start":{"line":8,"column":2},"end":{"line":18,"column":1}},"line":8},"1":{"name":"canViewGroupsInGroupCategory","decl":{"start":{"line":20,"column":22},"end":{"line":20,"column":50}},"loc":{"start":{"line":23,"column":2},"end":{"line":33,"column":1}},"line":23}},"branchMap":{"0":{"loc":{"start":{"line":13,"column":2},"end":{"line":15,"column":3}},"type":"if","locations":[{"start":{"line":13,"column":2},"end":{"line":15,"column":3}},{"start":{},"end":{}}],"line":13},"1":{"loc":{"start":{"line":28,"column":2},"end":{"line":30,"column":3}},"type":"if","locations":[{"start":{"line":28,"column":2},"end":{"line":30,"column":3}},{"start":{},"end":{}}],"line":28}},"s":{"0":0,"1":0,"2":0,"3":0,"4":0,"5":0,"6":0,"7":0},"f":{"0":0,"1":0},"b":{"0":[0,0],"1":[0,0]},"all":true},"/Users/diegoalzate/Code/work/lexicon/pluraltools-backend/src/services/groups.ts":{"path":"/Users/diegoalzate/Code/work/lexicon/pluraltools-backend/src/services/groups.ts","statementMap":{"0":{"start":{"line":12,"column":17},"end":{"line":12,"column":44}},"1":{"start":{"line":14,"column":15},"end":{"line":20,"column":16}},"2":{"start":{"line":22,"column":2},"end":{"line":22,"column":14}},"3":{"start":{"line":26,"column":16},"end":{"line":28,"column":4}},"4":{"start":{"line":30,"column":2},"end":{"line":30,"column":15}},"5":{"start":{"line":35,"column":34},"end":{"line":35,"column":36}},"6":{"start":{"line":36,"column":2},"end":{"line":40,"column":3}},"7":{"start":{"line":36,"column":15},"end":{"line":36,"column":16}},"8":{"start":{"line":37,"column":24},"end":{"line":37,"column":67}},"9":{"start":{"line":38,"column":23},"end":{"line":38,"column":54}},"10":{"start":{"line":39,"column":4},"end":{"line":39,"column":35}},"11":{"start":{"line":41,"column":2},"end":{"line":41,"column":33}},"12":{"start":{"line":48,"column":19},"end":{"line":64,"column":4}},"13":{"start":{"line":66,"column":14},"end":{"line":66,"column":79}},"14":{"start":{"line":66,"column":62},"end":{"line":66,"column":78}},"15":{"start":{"line":68,"column":2},"end":{"line":68,"column":13}},"16":{"start":{"line":78,"column":19},"end":{"line":94,"column":4}},"17":{"start":{"line":96,"column":2},"end":{"line":96,"column":18}},"18":{"start":{"line":108,"column":2},"end":{"line":119,"column":3}},"19":{"start":{"line":109,"column":22},"end":{"line":114,"column":6}},"20":{"start":{"line":116,"column":4},"end":{"line":118,"column":5}},"21":{"start":{"line":117,"column":6},"end":{"line":117,"column":19}},"22":{"start":{"line":121,"column":2},"end":{"line":121,"column":14}}},"fnMap":{"0":{"name":"createSecretGroup","decl":{"start":{"line":8,"column":16},"end":{"line":8,"column":33}},"loc":{"start":{"line":11,"column":2},"end":{"line":23,"column":1}},"line":11},"1":{"name":"getSecretGroup","decl":{"start":{"line":25,"column":16},"end":{"line":25,"column":30}},"loc":{"start":{"line":25,"column":86},"end":{"line":31,"column":1}},"line":25},"2":{"name":"generateSecret","decl":{"start":{"line":34,"column":16},"end":{"line":34,"column":30}},"loc":{"start":{"line":34,"column":75},"end":{"line":42,"column":1}},"line":34},"3":{"name":"getGroupMembers","decl":{"start":{"line":47,"column":22},"end":{"line":47,"column":37}},"loc":{"start":{"line":47,"column":94},"end":{"line":69,"column":1}},"line":47},"4":{"name":"(anonymous_4)","decl":{"start":{"line":66,"column":45},"end":{"line":66,"column":46}},"loc":{"start":{"line":66,"column":62},"end":{"line":66,"column":78}},"line":66},"5":{"name":"getGroupRegistrations","decl":{"start":{"line":74,"column":22},"end":{"line":74,"column":43}},"loc":{"start":{"line":77,"column":2},"end":{"line":97,"column":1}},"line":77},"6":{"name":"isUserIsPartOfGroup","decl":{"start":{"line":99,"column":22},"end":{"line":99,"column":41}},"loc":{"start":{"line":107,"column":3},"end":{"line":122,"column":1}},"line":107}},"branchMap":{"0":{"loc":{"start":{"line":108,"column":2},"end":{"line":119,"column":3}},"type":"if","locations":[{"start":{"line":108,"column":2},"end":{"line":119,"column":3}},{"start":{},"end":{}}],"line":108},"1":{"loc":{"start":{"line":116,"column":4},"end":{"line":118,"column":5}},"type":"if","locations":[{"start":{"line":116,"column":4},"end":{"line":118,"column":5}},{"start":{},"end":{}}],"line":116}},"s":{"0":0,"1":0,"2":0,"3":0,"4":0,"5":0,"6":0,"7":0,"8":0,"9":0,"10":0,"11":0,"12":0,"13":0,"14":0,"15":0,"16":0,"17":0,"18":0,"19":0,"20":0,"21":0,"22":0},"f":{"0":0,"1":0,"2":0,"3":0,"4":0,"5":0,"6":0},"b":{"0":[0,0],"1":[0,0]},"all":true},"/Users/diegoalzate/Code/work/lexicon/pluraltools-backend/src/services/likes.ts":{"path":"/Users/diegoalzate/Code/work/lexicon/pluraltools-backend/src/services/likes.ts","statementMap":{"0":{"start":{"line":15,"column":32},"end":{"line":15,"column":36}},"1":{"start":{"line":17,"column":15},"end":{"line":19,"column":4}},"2":{"start":{"line":21,"column":2},"end":{"line":23,"column":3}},"3":{"start":{"line":22,"column":4},"end":{"line":22,"column":59}},"4":{"start":{"line":25,"column":2},"end":{"line":37,"column":3}},"5":{"start":{"line":26,"column":20},"end":{"line":32,"column":18}},"6":{"start":{"line":34,"column":4},"end":{"line":34,"column":32}},"7":{"start":{"line":36,"column":4},"end":{"line":36,"column":47}},"8":{"start":{"line":50,"column":32},"end":{"line":50,"column":36}},"9":{"start":{"line":52,"column":15},"end":{"line":54,"column":4}},"10":{"start":{"line":56,"column":2},"end":{"line":58,"column":3}},"11":{"start":{"line":57,"column":4},"end":{"line":57,"column":47}},"12":{"start":{"line":60,"column":2},"end":{"line":68,"column":3}},"13":{"start":{"line":61,"column":24},"end":{"line":64,"column":18}},"14":{"start":{"line":65,"column":4},"end":{"line":65,"column":36}},"15":{"start":{"line":67,"column":4},"end":{"line":67,"column":49}},"16":{"start":{"line":79,"column":2},"end":{"line":81,"column":3}},"17":{"start":{"line":80,"column":4},"end":{"line":80,"column":17}},"18":{"start":{"line":84,"column":14},"end":{"line":91,"column":5}},"19":{"start":{"line":93,"column":2},"end":{"line":95,"column":3}},"20":{"start":{"line":94,"column":4},"end":{"line":94,"column":17}},"21":{"start":{"line":97,"column":2},"end":{"line":97,"column":14}}},"fnMap":{"0":{"name":"saveCommentLike","decl":{"start":{"line":5,"column":22},"end":{"line":5,"column":37}},"loc":{"start":{"line":14,"column":3},"end":{"line":38,"column":1}},"line":14},"1":{"name":"deleteCommentLike","decl":{"start":{"line":40,"column":22},"end":{"line":40,"column":39}},"loc":{"start":{"line":49,"column":3},"end":{"line":69,"column":1}},"line":49},"2":{"name":"userCanLike","decl":{"start":{"line":74,"column":22},"end":{"line":74,"column":33}},"loc":{"start":{"line":78,"column":2},"end":{"line":98,"column":1}},"line":78}},"branchMap":{"0":{"loc":{"start":{"line":21,"column":2},"end":{"line":23,"column":3}},"type":"if","locations":[{"start":{"line":21,"column":2},"end":{"line":23,"column":3}},{"start":{},"end":{}}],"line":21},"1":{"loc":{"start":{"line":56,"column":2},"end":{"line":58,"column":3}},"type":"if","locations":[{"start":{"line":56,"column":2},"end":{"line":58,"column":3}},{"start":{},"end":{}}],"line":56},"2":{"loc":{"start":{"line":79,"column":2},"end":{"line":81,"column":3}},"type":"if","locations":[{"start":{"line":79,"column":2},"end":{"line":81,"column":3}},{"start":{},"end":{}}],"line":79},"3":{"loc":{"start":{"line":93,"column":2},"end":{"line":95,"column":3}},"type":"if","locations":[{"start":{"line":93,"column":2},"end":{"line":95,"column":3}},{"start":{},"end":{}}],"line":93}},"s":{"0":0,"1":0,"2":0,"3":0,"4":0,"5":0,"6":0,"7":0,"8":0,"9":0,"10":0,"11":0,"12":0,"13":0,"14":0,"15":0,"16":0,"17":0,"18":0,"19":0,"20":0,"21":0},"f":{"0":0,"1":0,"2":0},"b":{"0":[0,0],"1":[0,0],"2":[0,0],"3":[0,0]},"all":true},"/Users/diegoalzate/Code/work/lexicon/pluraltools-backend/src/services/options.ts":{"path":"/Users/diegoalzate/Code/work/lexicon/pluraltools-backend/src/services/options.ts","statementMap":{"0":{"start":{"line":17,"column":25},"end":{"line":19,"column":4}},"1":{"start":{"line":21,
[...]
d":{"line":325,"column":59}},"85":{"start":{"line":327,"column":2},"end":{"line":327,"column":15}},"86":{"start":{"line":344,"column":2},"end":{"line":346,"column":3}},"87":{"start":{"line":345,"column":4},"end":{"line":345,"column":62}},"88":{"start":{"line":349,"column":30},"end":{"line":351,"column":4}},"89":{"start":{"line":353,"column":2},"end":{"line":355,"column":3}},"90":{"start":{"line":354,"column":4},"end":{"line":354,"column":57}},"91":{"start":{"line":358,"column":24},"end":{"line":363,"column":4}},"92":{"start":{"line":365,"column":2},"end":{"line":367,"column":3}},"93":{"start":{"line":366,"column":4},"end":{"line":366,"column":58}},"94":{"start":{"line":370,"column":18},"end":{"line":370,"column":66}},"95":{"start":{"line":371,"column":2},"end":{"line":373,"column":3}},"96":{"start":{"line":372,"column":4},"end":{"line":372,"column":57}},"97":{"start":{"line":375,"column":2},"end":{"line":375,"column":40}},"98":{"start":{"line":388,"column":60},"end":{"line":393,"column":3}},"99":{"start":{"line":395,"column":15},"end":{"line":395,"column":58}},"100":{"start":{"line":397,"column":2},"end":{"line":399,"column":3}},"101":{"start":{"line":398,"column":4},"end":{"line":398,"column":64}},"102":{"start":{"line":402,"column":18},"end":{"line":410,"column":16}},"103":{"start":{"line":412,"column":2},"end":{"line":414,"column":3}},"104":{"start":{"line":413,"column":4},"end":{"line":413,"column":68}},"105":{"start":{"line":416,"column":2},"end":{"line":416,"column":43}},"106":{"start":{"line":431,"column":2},"end":{"line":433,"column":3}},"107":{"start":{"line":432,"column":4},"end":{"line":432,"column":17}},"108":{"start":{"line":435,"column":14},"end":{"line":442,"column":5}},"109":{"start":{"line":444,"column":2},"end":{"line":446,"column":3}},"110":{"start":{"line":445,"column":4},"end":{"line":445,"column":17}},"111":{"start":{"line":448,"column":2},"end":{"line":448,"column":14}}},"fnMap":{"0":{"name":"validateAndSaveVotes","decl":{"start":{"line":16,"column":22},"end":{"line":16,"column":42}},"loc":{"start":{"line":20,"column":84},"end":{"line":59,"column":1}},"line":20},"1":{"name":"updateOptionScore","decl":{"start":{"line":64,"column":22},"end":{"line":64,"column":39}},"loc":{"start":{"line":68,"column":85},"end":{"line":137,"column":1}},"line":68},"2":{"name":"(anonymous_2)","decl":{"start":{"line":74,"column":25},"end":{"line":74,"column":26}},"loc":{"start":{"line":74,"column":41},"end":{"line":74,"column":71}},"line":74},"3":{"name":"(anonymous_3)","decl":{"start":{"line":113,"column":10},"end":{"line":113,"column":11}},"loc":{"start":{"line":113,"column":48},"end":{"line":113,"column":99}},"line":113},"4":{"name":"(anonymous_4)","decl":{"start":{"line":114,"column":8},"end":{"line":114,"column":9}},"loc":{"start":{"line":114,"column":34},"end":{"line":114,"column":76}},"line":114},"5":{"name":"(anonymous_5)","decl":{"start":{"line":126,"column":13},"end":{"line":126,"column":14}},"loc":{"start":{"line":126,"column":37},"end":{"line":133,"column":5}},"line":126},"6":{"name":"queryVoteData","decl":{"start":{"line":144,"column":22},"end":{"line":144,"column":35}},"loc":{"start":{"line":144,"column":93},"end":{"line":158,"column":1}},"line":144},"7":{"name":"numOfVotesDictionary","decl":{"start":{"line":164,"column":16},"end":{"line":164,"column":36}},"loc":{"start":{"line":164,"column":95},"end":{"line":176,"column":1}},"line":164},"8":{"name":"(anonymous_8)","decl":{"start":{"line":165,"column":41},"end":{"line":165,"column":42}},"loc":{"start":{"line":165,"column":51},"end":{"line":165,"column":70}},"line":165},"9":{"name":"(anonymous_9)","decl":{"start":{"line":167,"column":4},"end":{"line":167,"column":5}},"loc":{"start":{"line":167,"column":19},"end":{"line":172,"column":5}},"line":167},"10":{"name":"queryGroupCategories","decl":{"start":{"line":187,"column":22},"end":{"line":187,"column":42}},"loc":{"start":{"line":190,"column":60},"end":{"line":205,"column":1}},"line":190},"11":{"name":"(anonymous_11)","decl":{"start":{"line":202,"column":57},"end":{"line":202,"column":58}},"loc":{"start":{"line":202,"column":71},"end":{"line":202,"column":95}},"line":202},"12":{"name":"groupsDictionary","decl":{"start":{"line":210,"column":22},"end":{"line":210,"column":38}},"loc":{"start":{"line":214,"column":2},"end":{"line":236,"column":1}},"line":214},"13":{"name":"(anonymous_13)","decl":{"start":{"line":220,"column":13},"end":{"line":220,"column":14}},"loc":{"start":{"line":220,"column":21},"end":{"line":220,"column":30}},"line":220},"14":{"name":"(anonymous_14)","decl":{"start":{"line":222,"column":54},"end":{"line":222,"column":55}},"loc":{"start":{"line":222,"column":68},"end":{"line":222,"column":83}},"line":222},"15":{"name":"(anonymous_15)","decl":{"start":{"line":228,"column":4},"end":{"line":228,"column":5}},"loc":{"start":{"line":228,"column":20},"end":{"line":231,"column":5}},"line":228},"16":{"name":"calculatePluralScore","decl":{"start":{"line":243,"column":16},"end":{"line":243,"column":36}},"loc":{"start":{"line":246,"column":2},"end":{"line":249,"column":1}},"line":246},"17":{"name":"calculateQuadraticScore","decl":{"start":{"line":255,"column":16},"end":{"line":255,"column":39}},"loc":{"start":{"line":255,"column":86},"end":{"line":258,"column":1}},"line":255},"18":{"name":"updateVoteScoreInDatabase","decl":{"start":{"line":266,"column":22},"end":{"line":266,"column":47}},"loc":{"start":{"line":270,"column":2},"end":{"line":278,"column":1}},"line":270},"19":{"name":"updateVoteScorePlural","decl":{"start":{"line":290,"column":22},"end":{"line":290,"column":43}},"loc":{"start":{"line":294,"column":19},"end":{"line":305,"column":1}},"line":294},"20":{"name":"updateVoteScoreQuadratic","decl":{"start":{"line":317,"column":22},"end":{"line":317,"column":46}},"loc":{"start":{"line":320,"column":19},"end":{"line":328,"column":1}},"line":320},"21":{"name":"validateVote","decl":{"start":{"line":339,"column":22},"end":{"line":339,"column":34}},"loc":{"start":{"line":343,"column":55},"end":{"line":376,"column":1}},"line":343},"22":{"name":"saveVote","decl":{"start":{"line":382,"column":22},"end":{"line":382,"column":30}},"loc":{"start":{"line":387,"column":75},"end":{"line":417,"column":1}},"line":387},"23":{"name":"userCanVote","decl":{"start":{"line":426,"column":22},"end":{"line":426,"column":33}},"loc":{"start":{"line":430,"column":2},"end":{"line":449,"column":1}},"line":430}},"branchMap":{"0":{"loc":{"start":{"line":28,"column":4},"end":{"line":31,"column":5}},"type":"if","locations":[{"start":{"line":28,"column":4},"end":{"line":31,"column":5}},{"start":{},"end":{}}],"line":28},"1":{"loc":{"start":{"line":28,"column":8},"end":{"line":28,"column":25}},"type":"binary-expr","locations":[{"start":{"line":28,"column":8},"end":{"line":28,"column":16}},{"start":{"line":28,"column":20},"end":{"line":28,"column":25}}],"line":28},"2":{"loc":{"start":{"line":38,"column":4},"end":{"line":41,"column":5}},"type":"if","locations":[{"start":{"line":38,"column":4},"end":{"line":41,"column":5}},{"start":{},"end":{}}],"line":38},"3":{"loc":{"start":{"line":50,"column":4},"end":{"line":55,"column":5}},"type":"if","locations":[{"start":{"line":50,"column":4},"end":{"line":55,"column":5}},{"start":{"line":52,"column":11},"end":{"line":55,"column":5}}],"line":50},"4":{"loc":{"start":{"line":52,"column":11},"end":{"line":55,"column":5}},"type":"if","locations":[{"start":{"line":52,"column":11},"end":{"line":55,"column":5}},{"start":{},"end":{}}],"line":52},"5":{"loc":{"start":{"line":58,"column":17},"end":{"line":58,"column":54}},"type":"cond-expr","locations":[{"start":{"line":58,"column":39},"end":{"line":58,"column":47}},{"start":{"line":58,"column":50},"end":{"line":58,"column":54}}],"line":58},"6":{"loc":{"start":{"line":74,"column":2},"end":{"line":77,"column":3}},"type":"if","locations":[{"start":{"line":74,"column":2},"end":{"line":77,"column":3}},{"start":{},"end":{}}],"line":74},"7":{"loc":{"start":{"line":79,"column":2},"end":{"line":82,"column":3}},"type":"if","locations":[{"start":{"line":79,"column":2},"end":{"line":82,"column":3}},{"start":{},"end":{}}],"line":79},"8":{"loc":{"start":{"line":93,"column":2},"end":{"line":96,"column":3}},"type":"if","locations":[{"start":{"line":93,"column":2},"end":{"line":96,"column":3}},{"start":{},"end":{}}],"line":93},"9":{"loc":{"start":{"line":120,"column":2},"end":{"line":123,"column":3}},"type":"if","locations":[{"start":{"line":120,"column":2},"end":{"line":123,"column":3}},{"start":{},"end":{}}],"line":120},"10":{"loc":{"start":{"line":136,"column":17},"end":{"line":136,"column":50}},"type":"cond-expr","locations":[{"start":{"line":136,"column":37},"end":{"line":136,"column":43}},{"start":{"line":136,"column":46},"end":{"line":136,"column":50}}],"line":136},"11":{"loc":{"start":{"line":168,"column":6},"end":{"line":170,"column":7}},"type":"if","locations":[{"start":{"line":168,"column":6},"end":{"line":170,"column":7}},{"start":{},"end":{}}],"line":168},"12":{"loc":{"start":{"line":168,"column":10},"end":{"line":168,"column":51}},"type":"binary-expr","locations":[{"start":{"line":168,"column":10},"end":{"line":168,"column":26}},{"start":{"line":168,"column":30},"end":{"line":168,"column":51}}],"line":168},"13":{"loc":{"start":{"line":198,"column":2},"end":{"line":200,"column":3}},"type":"if","locations":[{"start":{"line":198,"column":2},"end":{"line":200,"column":3}},{"start":{},"end":{}}],"line":198},"14":{"loc":{"start":{"line":229,"column":27},"end":{"line":229,"column":46}},"type":"binary-expr","locations":[{"start":{"line":229,"column":27},"end":{"line":229,"column":40}},{"start":{"line":229,"column":44},"end":{"line":229,"column":46}}],"line":229},"15":{"loc":{"start":{"line":344,"column":2},"end":{"line":346,"column":3}},"type":"if","locations":[{"start":{"line":344,"column":2},"end":{"line":346,"column":3}},{"start":{},"end":{}}],"line":344},"16":{"loc":{"start":{"line":353,"column":2},"end":{"line":355,"column":3}},"type":"if","locations":[{"start":{"line":353,"column":2},"end":{"line":355,"column":3}},{"start":{},"end":{}}],"line":353},"17":{"loc":{"start":{"line":365,"column":2},"end":{"line":367,"column":3}},"type":"if","locations":[{"start":{"line":365,"column":2},"end":{"line":367,"column":3}},{"start":{},"end":{}}],"line":365},"18":{"loc":{"start":{"line":371,"column":2},"end":{"line":373,"column":3}},"type":"if","locations":[{"start":{"line":371,"column":2},"end":{"line":373,"column":3}},{"start":{},"end":{}}],"line":371},"19":{"loc":{"start":{"line":397,"column":2},"end":{"line":399,"column":3}},"type":"if","locations":[{"start":{"line":397,"column":2},"end":{"line":399,"column":3}},{"start":{},"end":{}}],"line":397},"20":{"loc":{"start":{"line":412,"column":2},"end":{"line":414,"column":3}},"type":"if","locations":[{"start":{"line":412,"column":2},"end":{"line":414,"column":3}},{"start":{},"end":{}}],"line":412},"21":{"loc":{"start":{"line":412,"column":6},"end":{"line":412,"column":53}},"type":"binary-expr","locations":[{"start":{"line":412,"column":6},"end":{"line":412,"column":14}},{"start":{"line":412,"column":18},"end":{"line":412,"column":38}},{"start":{"line":412,"column":42},"end":{"line":412,"column":53}}],"line":412},"22":{"loc":{"start":{"line":431,"column":2},"end":{"line":433,"column":3}},"type":"if","locations":[{"start":{"line":431,"column":2},"end":{"line":433,"column":3}},{"start":{},"end":{}}],"line":431},"23":{"loc":{"start":{"line":444,"column":2},"end":{"line":446,"column":3}},"type":"if","locations":[{"start":{"line":444,"column":2},"end":{"line":446,"column":3}},{"start":{},"end":{}}],"line":444}},"s":{"0":0,"1":0,"2":0,"3":0,"4":0,"5":0,"6":0,"7":0,"8":0,"9":0,"10":0,"11":0,"12":0,"13":0,"14":0,"15":0,"16":0,"17":0,"18":0,"19":0,"20":0,"21":0,"22":0,"23":0,"24":0,"25":0,"26":0,"27":0,"28":0,"29":0,"30":0,"31":0,"32":0,"33":0,"34":0,"35":0,"36":0,"37":0,"38":0,"39":0,"40":0,"41":0,"42":0,"43":0,"44":0,"45":0,"46":0,"47":0,"48":0,"49":0,"50":0,"51":0,"52":0,"53":0,"54":0,"55":0,"56":0,"57":0,"58":0,"59":0,"60":0,"61":0,"62":0,"63":0,"64":0,"65":0,"66":0,"67":0,"68":0,"69":0,"70":0,"71":0,"72":0,"73":0,"74":0,"75":0,"76":0,"77":0,"78":0,"79":0,"80":0,"81":0,"82":0,"83":0,"84":0,"85":0,"86":0,"87":0,"88":0,"89":0,"90":0,"91":0,"92":0,"93":0,"94":0,"95":0,"96":0,"97":0,"98":0,"99":0,"100":0,"101":0,"102":0,"103":0,"104":0,"105":0,"106":0,"107":0,"108":0,"109":0,"110":0,"111":0},"f":{"0":0,"1":0,"2":0,"3":0,"4":0,"5":0,"6":0,"7":0,"8":0,"9":0,"10":0,"11":0,"12":0,"13":0,"14":0,"15":0,"16":0,"17":0,"18":0,"19":0,"20":0,"21":0,"22":0,"23":0},"b":{"0":[0,0],"1":[0,0],"2":[0,0],"3":[0,0],"4":[0,0],"5":[0,0],"6":[0,0],"7":[0,0],"8":[0,0],"9":[0,0],"10":[0,0],"11":[0,0],"12":[0,0],"13":[0,0],"14":[0,0],"15":[0,0],"16":[0,0],"17":[0,0],"18":[0,0],"19":[0,0],"20":[0,0],"21":[0,0,0],"22":[0,0],"23":[0,0]},"all":true},"/Users/diegoalzate/Code/work/lexicon/pluraltools-backend/src/types/auth.ts":{"path":"/Users/diegoalzate/Code/work/lexicon/pluraltools-backend/src/types/auth.ts","statementMap":{"0":{"start":{"line":3,"column":32},"end":{"line":7,"column":2}}},"fnMap":{},"branchMap":{},"s":{"0":0},"f":{},"b":{},"all":true},"/Users/diegoalzate/Code/work/lexicon/pluraltools-backend/src/types/comments.ts":{"path":"/Users/diegoalzate/Code/work/lexicon/pluraltools-backend/src/types/comments.ts","statementMap":{"0":{"start":{"line":4,"column":35},"end":{"line":4,"column":63}}},"fnMap":{},"branchMap":{},"s":{"0":0},"f":{},"b":{},"all":true},"/Users/diegoalzate/Code/work/lexicon/pluraltools-backend/src/types/cycles.ts":{"path":"/Users/diegoalzate/Code/work/lexicon/pluraltools-backend/src/types/cycles.ts","statementMap":{"0":{"start":{"line":3,"column":27},"end":{"line":3,"column":65}}},"fnMap":{},"branchMap":{},"s":{"0":0},"f":{},"b":{},"all":true},"/Users/diegoalzate/Code/work/lexicon/pluraltools-backend/src/types/environment.ts":{"path":"/Users/diegoalzate/Code/work/lexicon/pluraltools-backend/src/types/environment.ts","statementMap":{"0":{"start":{"line":3,"column":36},"end":{"line":11,"column":2}}},"fnMap":{},"branchMap":{},"s":{"0":0},"f":{},"b":{},"all":true},"/Users/diegoalzate/Code/work/lexicon/pluraltools-backend/src/types/groups.ts":{"path":"/Users/diegoalzate/Code/work/lexicon/pluraltools-backend/src/types/groups.ts","statementMap":{"0":{"start":{"line":5,"column":34},"end":{"line":12,"column":2}}},"fnMap":{},"branchMap":{},"s":{"0":0},"f":{},"b":{},"all":true},"/Users/diegoalzate/Code/work/lexicon/pluraltools-backend/src/types/index.ts":{"path":"/Users/diegoalzate/Code/work/lexicon/pluraltools-backend/src/types/index.ts","statementMap":{},"fnMap":{},"branchMap":{},"s":{},"f":{},"b":{},"all":true},"/Users/diegoalzate/Code/work/lexicon/pluraltools-backend/src/types/options.ts":{"path":"/Users/diegoalzate/Code/work/lexicon/pluraltools-backend/src/types/options.ts","statementMap":{"0":{"start":{"line":5,"column":35},"end":{"line":7,"column":2}}},"fnMap":{},"branchMap":{},"s":{"0":0},"f":{},"b":{},"all":true},"/Users/diegoalzate/Code/work/lexicon/pluraltools-backend/src/types/registrations.ts":{"path":"/Users/diegoalzate/Code/work/lexicon/pluraltools-backend/src/types/registrations.ts","statementMap":{"0":{"start":{"line":5,"column":40},"end":{"line":7,"column":2}},"1":{"start":{"line":9,"column":46},"end":{"line":9,"column":79}}},"fnMap":{},"branchMap":{},"s":{"0":0,"1":0},"f":{},"b":{},"all":true},"/Users/diegoalzate/Code/work/lexicon/pluraltools-backend/src/types/users-to-groups.ts":{"path":"/Users/diegoalzate/Code/work/lexicon/pluraltools-backend/src/types/users-to-groups.ts","statementMap":{"0":{"start":{"line":3,"column":38},"end":{"line":5,"column":2}},"1":{"start":{"line":7,"column":38},"end":{"line":9,"column":2}},"2":{"start":{"line":11,"column":32},"end":{"line":11,"column":89}},"3":{"start":{"line":13,"column":41},"end":{"line":17,"column":2}},"4":{"start":{"line":19,"column":33},"end":{"line":21,"column":2}}},"fnMap":{},"branchMap":{},"s":{"0":0,"1":0,"2":0,"3":0,"4":0},"f":{},"b":{},"all":true},"/Users/diegoalzate/Code/work/lexicon/pluraltools-backend/src/types/users.ts":{"path":"/Users/diegoalzate/Code/work/lexicon/pluraltools-backend/src/types/users.ts","statementMap":{"0":{"start":{"line":5,"column":32},"end":{"line":15,"column":2}},"1":{"start":{"line":7,"column":2},"end":{"line":14,"column":4}}},"fnMap":{"0":{"name":"(anonymous_0)","decl":{"start":{"line":5,"column":68},"end":{"line":5,"column":69}},"loc":{"start":{"line":5,"column":78},"end":{"line":15,"column":1}},"line":5}},"branchMap":{"0":{"loc":{"start":{"line":9,"column":11},"end":{"line":9,"column":29}},"type":"binary-expr","locations":[{"start":{"line":9,"column":11},"end":{"line":9,"column":21}},{"start":{"line":9,"column":25},"end":{"line":9,"column":29}}],"line":9},"1":{"loc":{"start":{"line":10,"column":14},"end":{"line":10,"column":35}},"type":"binary-expr","locations":[{"start":{"line":10,"column":14},"end":{"line":10,"column":27}},{"start":{"line":10,"column":31},"end":{"line":10,"column":35}}],"line":10},"2":{"loc":{"start":{"line":11,"column":15},"end":{"line":11,"column":37}},"type":"binary-expr","locations":[{"start":{"line":11,"column":15},"end":{"line":11,"column":29}},{"start":{"line":11,"column":33},"end":{"line":11,"column":37}}],"line":11},"3":{"loc":{"start":{"line":12,"column":14},"end":{"line":12,"column":35}},"type":"binary-expr","locations":[{"start":{"line":12,"column":14},"end":{"line":12,"column":27}},{"start":{"line":12,"column":31},"end":{"line":12,"column":35}}],"line":12},"4":{"loc":{"start":{"line":13,"column":14},"end":{"line":13,"column":35}},"type":"binary-expr","locations":[{"start":{"line":13,"column":14},"end":{"line":13,"column":27}},{"start":{"line":13,"column":31},"end":{"line":13,"column":35}}],"line":13}},"s":{"0":0,"1":0},"f":{"0":0},"b":{"0":[0,0],"1":[0,0],"2":[0,0],"3":[0,0],"4":[0,0]},"all":true},"/Users/diegoalzate/Code/work/lexicon/pluraltools-backend/src/types/validation.ts":{"path":"/Users/diegoalzate/Code/work/lexicon/pluraltools-backend/src/types/validation.ts","statementMap":{"0":{"start":{"line":7,"column":18},"end":{"line":7,"column":94}},"1":{"start":{"line":9,"column":28},"end":{"line":23,"column":1}},"2":{"start":{"line":29,"column":24},"end":{"line":35,"column":2}},"3":{"start":{"line":38,"column":30},"end":{"line":42,"column":2}},"4":{"start":{"line":45,"column":26},"end":{"line":45,"column":69}}},"fnMap":{},"branchMap":{},"s":{"0":0,"1":0,"2":0,"3":0,"4":0},"f":{},"b":{},"all":true},"/Users/diegoalzate/Code/work/lexicon/pluraltools-backend/src/types/votes.ts":{"path":"/Users/diegoalzate/Code/work/lexicon/pluraltools-backend/src/types/votes.ts","statementMap":{"0":{"start":{"line":4,"column":33},"end":{"line":4,"column":58}}},"fnMap":{},"branchMap":{},"s":{"0":0},"f":{},"b":{},"all":true},"/Users/diegoalzate/Code/work/lexicon/pluraltools-backend/src/utils/logger/index.ts":{"path":"/Users/diegoalzate/Code/work/lexicon/pluraltools-backend/src/utils/logger/index.ts","statementMap":{"0":{"start":{"line":4,"column":22},"end":{"line":7,"column":2}},"1":{"start":{"line":10,"column":22},"end":{"line":15,"column":1}}},"fnMap":{},"branchMap":{"0":{"loc":{"start":{"line":12,"column":11},"end":{"line":12,"column":42}},"type":"binary-expr","locations":[{"start":{"line":12,"column":11},"end":{"line":12,"column":32}},{"start":{"line":12,"column":36},"end":{"line":12,"column":42}}],"line":12},"1":{"loc":{"start":{"line":14,"column":2},"end":{"line":14,"column":60}},"type":"cond-expr","locations":[{"start":{"line":14,"column":42},"end":{"line":14,"column":51}},{"start":{"line":14,"column":54},"end":{"line":14,"column":60}}],"line":14}},"s":{"0":0,"1":0},"f":{},"b":{"0":[0,0],"1":[0,0]},"all":true},"/Users/diegoalzate/Code/work/lexicon/pluraltools-backend/src/utils/mnemonics.ts":{"path":"/Users/diegoalzate/Code/work/lexicon/pluraltools-backend/src/utils/mnemonics.ts","statementMap":{"0":{"start":{"line":2,"column":34},"end":{"line":2051,"column":1}}},"fnMap":{},"branchMap":{},"s":{"0":0},"f":{},"b":{},"all":true}}