{"/Users/diegoalzate/Code/work/lexicon/pluraltools-backend/src/modules/quadratic-voting.ts":{"path":"/Users/diegoalzate/Code/work/lexicon/pluraltools-backend/src/modules/quadratic-voting.ts","statementMap":{"0":{"start":{"line":1,"column":0},"end":{"line":3,"column":4}},"1":{"start":{"line":2,"column":27},"end":{"line":2,"column":48}},"2":{"start":{"line":2,"column":70},"end":{"line":2,"column":101}},"3":{"start":{"line":2,"column":124},"end":{"line":2,"column":150}},"4":{"start":{"line":2,"column":168},"end":{"line":2,"column":199}},"5":{"start":{"line":2,"column":211},"end":{"line":2,"column":277}},"6":{"start":{"line":2,"column":227},"end":{"line":2,"column":277}},"7":{"start":{"line":2,"column":291},"end":{"line":2,"column":381}},"8":{"start":{"line":2,"column":306},"end":{"line":2,"column":380}},"9":{"start":{"line":2,"column":326},"end":{"line":2,"column":380}},"10":{"start":{"line":2,"column":398},"end":{"line":2,"column":675}},"11":{"start":{"line":2,"column":422},"end":{"line":2,"column":665}},"12":{"start":{"line":2,"column":481},"end":{"line":2,"column":664}},"13":{"start":{"line":2,"column":520},"end":{"line":2,"column":664}},"14":{"start":{"line":2,"column":564},"end":{"line":2,"column":664}},"15":{"start":{"line":2,"column":590},"end":{"line":2,"column":599}},"16":{"start":{"line":2,"column":665},"end":{"line":2,"column":674}},"17":{"start":{"line":2,"column":693},"end":{"line":2,"column":754}},"18":{"start":{"line":2,"column":698},"end":{"line":2,"column":754}},"19":{"start":{"line":2,"column":784},"end":{"line":2,"column":786}},"20":{"start":{"line":2,"column":787},"end":{"line":2,"column":860}},"21":{"start":{"line":2,"column":842},"end":{"line":2,"column":857}},"22":{"start":{"line":2,"column":860},"end":{"line":2,"column":914}},"23":{"start":{"line":2,"column":971},"end":{"line":2,"column":973}},"24":{"start":{"line":2,"column":974},"end":{"line":2,"column":1209}},"25":{"start":{"line":2,"column":1001},"end":{"line":2,"column":1208}},"26":{"start":{"line":2,"column":1032},"end":{"line":2,"column":1045}},"27":{"start":{"line":2,"column":1046},"end":{"line":2,"column":1121}},"28":{"start":{"line":2,"column":1064},"end":{"line":2,"column":1120}},"29":{"start":{"line":2,"column":1146},"end":{"line":2,"column":1161}},"30":{"start":{"line":2,"column":1162},"end":{"line":2,"column":1207}},"31":{"start":{"line":2,"column":1233},"end":{"line":2,"column":1299}},"32":{"start":{"line":2,"column":1287},"end":{"line":2,"column":1296}},"33":{"start":{"line":2,"column":1300},"end":{"line":2,"column":1344}},"34":{"start":{"line":2,"column":1345},"end":{"line":2,"column":1387}},"35":{"start":{"line":2,"column":1387},"end":{"line":2,"column":1425}}},"fnMap":{"0":{"name":"(anonymous_0)","decl":{"start":{"line":1,"column":1},"end":{"line":1,"column":2}},"loc":{"start":{"line":1,"column":5},"end":{"line":3,"column":1}},"line":1},"1":{"name":"(anonymous_1)","decl":{"start":{"line":2,"column":211},"end":{"line":2,"column":212}},"loc":{"start":{"line":2,"column":227},"end":{"line":2,"column":277}},"line":2},"2":{"name":"(anonymous_2)","decl":{"start":{"line":2,"column":291},"end":{"line":2,"column":292}},"loc":{"start":{"line":2,"column":305},"end":{"line":2,"column":381}},"line":2},"3":{"name":"(anonymous_3)","decl":{"start":{"line":2,"column":398},"end":{"line":2,"column":399}},"loc":{"start":{"line":2,"column":421},"end":{"line":2,"column":675}},"line":2},"4":{"name":"(anonymous_4)","decl":{"start":{"line":2,"column":586},"end":{"line":2,"column":587}},"loc":{"start":{"line":2,"column":590},"end":{"line":2,"column":599}},"line":2},"5":{"name":"(anonymous_5)","decl":{"start":{"line":2,"column":693},"end":{"line":2,"column":694}},"loc":{"start":{"line":2,"column":698},"end":{"line":2,"column":754}},"line":2},"6":{"name":"(anonymous_6)","decl":{"start":{"line":2,"column":838},"end":{"line":2,"column":839}},"loc":{"start":{"line":2,"column":842},"end":{"line":2,"column":857}},"line":2},"7":{"name":"quadraticVoting","decl":{"start":{"line":2,"column":923},"end":{"line":2,"column":938}},"loc":{"start":{"line":2,"column":945},"end":{"line":2,"column":1345}},"line":2},"8":{"name":"(anonymous_8)","decl":{"start":{"line":2,"column":1274},"end":{"line":2,"column":1275}},"loc":{"start":{"line":2,"column":1287},"end":{"line":2,"column":1296}},"line":2}},"branchMap":{"0":{"loc":{"start":{"line":2,"column":422},"end":{"line":2,"column":665}},"type":"if","locations":[{"start":{"line":2,"column":422},"end":{"line":2,"column":665}},{"start":{},"end":{}}],"line":2},"1":{"loc":{"start":{"line":2,"column":425},"end":{"line":2,"column":479}},"type":"binary-expr","locations":[{"start":{"line":2,"column":425},"end":{"line":2,"column":429}},{"start":{"line":2,"column":431},"end":{"line":2,"column":453}},{"start":{"line":2,"column":455},"end":{"line":2,"column":479}}],"line":2},"2":{"loc":{"start":{"line":2,"column":520},"end":{"line":2,"column":664}},"type":"if","locations":[{"start":{"line":2,"column":520},"end":{"line":2,"column":664}},{"start":{},"end":{}}],"line":2},"3":{"loc":{"start":{"line":2,"column":523},"end":{"line":2,"column":563}},"type":"binary-expr","locations":[{"start":{"line":2,"column":523},"end":{"line":2,"column":549}},{"start":{"line":2,"column":551},"end":{"line":2,"column":563}}],"line":2},"4":{"loc":{"start":{"line":2,"column":611},"end":{"line":2,"column":662}},"type":"binary-expr","locations":[{"start":{"line":2,"column":611},"end":{"line":2,"column":645}},{"start":{"line":2,"column":647},"end":{"line":2,"column":662}}],"line":2},"5":{"loc":{"start":{"line":2,"column":1001},"end":{"line":2,"column":1208}},"type":"if","locations":[{"start":{"line":2,"column":1001},"end":{"line":2,"column":1208}},{"start":{},"end":{}}],"line":2},"6":{"loc":{"start":{"line":2,"column":1046},"end":{"line":2,"column":1121}},"type":"if","locations":[{"start":{"line":2,"column":1046},"end":{"line":2,"column":1121}},{"start":{},"end":{}}],"line":2},"7":{"loc":{"start":{"line":2,"column":1387},"end":{"line":2,"column":1424}},"type":"binary-expr","locations":[{"start":{"line":2,"column":1387},"end":{"line":2,"column":1388}},{"start":{"line":2,"column":1391},"end":{"line":2,"column":1423}}],"line":2}},"s":{"0":1,"1":1,"2":1,"3":1,"4":1,"5":1,"6":1,"7":1,"8":1,"9":1,"10":1,"11":1,"12":1,"13":1,"14":1,"15":2,"16":1,"17":1,"18":1,"19":1,"20":1,"21":2,"22":1,"23":2,"24":2,"25":6,"26":6,"27":6,"28":0,"29":6,"30":6,"31":2,"32":6,"33":2,"34":1,"35":1},"f":{"0":1,"1":1,"2":1,"3":1,"4":2,"5":1,"6":2,"7":2,"8":6},"b":{"0":[1,0],"1":[1,1,0],"2":[1,0],"3":[1,1],"4":[1,1],"5":[6,0],"6":[0,6],"7":[1,0]},"inputSourceMap":{"version":3,"mappings":";mvBAAA,+JAMO,SAAS,gBAAgB,MAAiE,CAC/F,MAAM,mBAA6C,CAAC,EAEpD,UAAW,UAAU,MAAO,CAC1B,GAAI,UAAU,MAAO,CACnB,MAAM,KAAO,MAAM,MAAM,EAEzB,GAAI,OAAS,OAAW,CACtB,MAAM,IAAI,MAAM,iBAAiB,MAAM,gBAAgB,CACzD,CAEA,MAAM,mBAAqB,KAAK,KAAK,IAAI,EACzC,mBAAmB,MAAM,EAAI,kBAC/B,CACF,CAEA,MAAM,kBAAoB,OAAO,OAAO,kBAAkB,EAAE,OAC1D,CAAC,IAAK,QAAU,IAAM,MACtB,CACF,EAEA,MAAO,CAAC,mBAAoB,iBAAiB,CAC/C,CAtBgB","names":[],"ignoreList":[],"sources":["/Users/diegoalzate/Code/work/lexicon/pluraltools-backend/src/modules/quadratic-voting.ts"],"sourcesContent":[null]},"_coverageSchema":"1a1c01bbd47fc00a2c39e90264f33305004495a9","hash":"062f6231ed9d5a0b6dd27e023d1a335c5b25237b"}}