{"/Users/diegoalzate/Code/work/lexicon/pluraltools-backend/src/services/validation.ts":{"path":"/Users/diegoalzate/Code/work/lexicon/pluraltools-backend/src/services/validation.ts","statementMap":{"0":{"start":{"line":1,"column":0},"end":{"line":3,"column":4}},"1":{"start":{"line":2,"column":27},"end":{"line":2,"column":48}},"2":{"start":{"line":2,"column":70},"end":{"line":2,"column":101}},"3":{"start":{"line":2,"column":124},"end":{"line":2,"column":150}},"4":{"start":{"line":2,"column":168},"end":{"line":2,"column":199}},"5":{"start":{"line":2,"column":211},"end":{"line":2,"column":277}},"6":{"start":{"line":2,"column":227},"end":{"line":2,"column":277}},"7":{"start":{"line":2,"column":291},"end":{"line":2,"column":381}},"8":{"start":{"line":2,"column":306},"end":{"line":2,"column":380}},"9":{"start":{"line":2,"column":326},"end":{"line":2,"column":380}},"10":{"start":{"line":2,"column":398},"end":{"line":2,"column":675}},"11":{"start":{"line":2,"column":422},"end":{"line":2,"column":665}},"12":{"start":{"line":2,"column":481},"end":{"line":2,"column":664}},"13":{"start":{"line":2,"column":520},"end":{"line":2,"column":664}},"14":{"start":{"line":2,"column":564},"end":{"line":2,"column":664}},"15":{"start":{"line":2,"column":590},"end":{"line":2,"column":599}},"16":{"start":{"line":2,"column":665},"end":{"line":2,"column":674}},"17":{"start":{"line":2,"column":693},"end":{"line":2,"column":754}},"18":{"start":{"line":2,"column":698},"end":{"line":2,"column":754}},"19":{"start":{"line":2,"column":778},"end":{"line":2,"column":780}},"20":{"start":{"line":2,"column":781},"end":{"line":2,"column":936}},"21":{"start":{"line":2,"column":827},"end":{"line":2,"column":839}},"22":{"start":{"line":2,"column":857},"end":{"line":2,"column":869}},"23":{"start":{"line":2,"column":888},"end":{"line":2,"column":901}},"24":{"start":{"line":2,"column":920},"end":{"line":2,"column":933}},"25":{"start":{"line":2,"column":936},"end":{"line":2,"column":984}},"26":{"start":{"line":2,"column":1039},"end":{"line":2,"column":1041}},"27":{"start":{"line":2,"column":1042},"end":{"line":2,"column":1063}},"28":{"start":{"line":2,"column":1054},"end":{"line":2,"column":1062}},"29":{"start":{"line":2,"column":1063},"end":{"line":2,"column":1689}},"30":{"start":{"line":2,"column":1102},"end":{"line":2,"column":1125}},"31":{"start":{"line":2,"column":1126},"end":{"line":2,"column":1210}},"32":{"start":{"line":2,"column":1164},"end":{"line":2,"column":1209}},"33":{"start":{"line":2,"column":1210},"end":{"line":2,"column":1252}},"34":{"start":{"line":2,"column":1243},"end":{"line":2,"column":1251}},"35":{"start":{"line":2,"column":1252},"end":{"line":2,"column":1688}},"36":{"start":{"line":2,"column":1334},"end":{"line":2,"column":1362}},"37":{"start":{"line":2,"column":1363},"end":{"line":2,"column":1419}},"38":{"start":{"line":2,"column":1384},"end":{"line":2,"column":1418}},"39":{"start":{"line":2,"column":1419},"end":{"line":2,"column":1424}},"40":{"start":{"line":2,"column":1459},"end":{"line":2,"column":1487}},"41":{"start":{"line":2,"column":1488},"end":{"line":2,"column":1538}},"42":{"start":{"line":2,"column":1506},"end":{"line":2,"column":1537}},"43":{"start":{"line":2,"column":1538},"end":{"line":2,"column":1543}},"44":{"start":{"line":2,"column":1586},"end":{"line":2,"column":1613}},"45":{"start":{"line":2,"column":1614},"end":{"line":2,"column":1668}},"46":{"start":{"line":2,"column":1634},"end":{"line":2,"column":1667}},"47":{"start":{"line":2,"column":1668},"end":{"line":2,"column":1673}},"48":{"start":{"line":2,"column":1682},"end":{"line":2,"column":1687}},"49":{"start":{"line":2,"column":1689},"end":{"line":2,"column":1707}},"50":{"start":{"line":2,"column":1708},"end":{"line":2,"column":1744}},"51":{"start":{"line":2,"column":1782},"end":{"line":2,"column":1934}},"52":{"start":{"line":2,"column":1854},"end":{"line":2,"column":1933}},"53":{"start":{"line":2,"column":1934},"end":{"line":2,"column":2085}},"54":{"start":{"line":2,"column":2006},"end":{"line":2,"column":2084}},"55":{"start":{"line":2,"column":2085},"end":{"line":2,"column":2096}},"56":{"start":{"line":2,"column":2097},"end":{"line":2,"column":2135}},"57":{"start":{"line":2,"column":2173},"end":{"line":2,"column":2307}},"58":{"start":{"line":2,"column":2238},"end":{"line":2,"column":2306}},"59":{"start":{"line":2,"column":2307},"end":{"line":2,"column":2440}},"60":{"start":{"line":2,"column":2372},"end":{"line":2,"column":2439}},"61":{"start":{"line":2,"column":2440},"end":{"line":2,"column":2451}},"62":{"start":{"line":2,"column":2452},"end":{"line":2,"column":2490}},"63":{"start":{"line":2,"column":2527},"end":{"line":2,"column":2676}},"64":{"start":{"line":2,"column":2599},"end":{"line":2,"column":2675}},"65":{"start":{"line":2,"column":2676},"end":{"line":2,"column":2824}},"66":{"start":{"line":2,"column":2748},"end":{"line":2,"column":2823}},"67":{"start":{"line":2,"column":2824},"end":{"line":2,"column":2835}},"68":{"start":{"line":2,"column":2836},"end":{"line":2,"column":2872}},"69":{"start":{"line":2,"column":2872},"end":{"line":2,"column":2948}}},"fnMap":{"0":{"name":"(anonymous_0)","decl":{"start":{"line":1,"column":1},"end":{"line":1,"column":2}},"loc":{"start":{"line":1,"column":5},"end":{"line":3,"column":1}},"line":1},"1":{"name":"(anonymous_1)","decl":{"start":{"line":2,"column":211},"end":{"line":2,"column":212}},"loc":{"start":{"line":2,"column":227},"end":{"line":2,"column":277}},"line":2},"2":{"name":"(anonymous_2)","decl":{"start":{"line":2,"column":291},"end":{"line":2,"column":292}},"loc":{"start":{"line":2,"column":305},"end":{"line":2,"column":381}},"line":2},"3":{"name":"(anonymous_3)","decl":{"start":{"line":2,"column":398},"end":{"line":2,"column":399}},"loc":{"start":{"line":2,"column":421},"end":{"line":2,"column":675}},"line":2},"4":{"name":"(anonymous_4)","decl":{"start":{"line":2,"column":586},"end":{"line":2,"column":587}},"loc":{"start":{"line":2,"column":590},"end":{"line":2,"column":599}},"line":2},"5":{"name":"(anonymous_5)","decl":{"start":{"line":2,"column":693},"end":{"line":2,"column":694}},"loc":{"start":{"line":2,"column":698},"end":{"line":2,"column":754}},"line":2},"6":{"name":"(anonymous_6)","decl":{"start":{"line":2,"column":823},"end":{"line":2,"column":824}},"loc":{"start":{"line":2,"column":827},"end":{"line":2,"column":839}},"line":2},"7":{"name":"(anonymous_7)","decl":{"start":{"line":2,"column":853},"end":{"line":2,"column":854}},"loc":{"start":{"line":2,"column":857},"end":{"line":2,"column":869}},"line":2},"8":{"name":"(anonymous_8)","decl":{"start":{"line":2,"column":884},"end":{"line":2,"column":885}},"loc":{"start":{"line":2,"column":888},"end":{"line":2,"column":901}},"line":2},"9":{"name":"(anonymous_9)","decl":{"start":{"line":2,"column":916},"end":{"line":2,"column":917}},"loc":{"start":{"line":2,"column":920},"end":{"line":2,"column":933}},"line":2},"10":{"name":"enforceRules","decl":{"start":{"line":2,"column":993},"end":{"line":2,"column":1005}},"loc":{"start":{"line":2,"column":1020},"end":{"line":2,"column":1708}},"line":2},"11":{"name":"stringOfficer","decl":{"start":{"line":2,"column":1753},"end":{"line":2,"column":1766}},"loc":{"start":{"line":2,"column":1781},"end":{"line":2,"column":2097}},"line":2},"12":{"name":"numberOfficer","decl":{"start":{"line":2,"column":2144},"end":{"line":2,"column":2157}},"loc":{"start":{"line":2,"column":2172},"end":{"line":2,"column":2452}},"line":2},"13":{"name":"arrayOfficer","decl":{"start":{"line":2,"column":2499},"end":{"line":2,"column":2511}},"loc":{"start":{"line":2,"column":2526},"end":{"line":2,"column":2836}},"line":2}},"branchMap":{"0":{"loc":{"start":{"line":2,"column":422},"end":{"line":2,"column":665}},"type":"if","locations":[{"start":{"line":2,"column":422},"end":{"line":2,"column":665}},{"start":{},"end":{}}],"line":2},"1":{"loc":{"start":{"line":2,"column":425},"end":{"line":2,"column":479}},"type":"binary-expr","locations":[{"start":{"line":2,"column":425},"end":{"line":2,"column":429}},{"start":{"line":2,"column":431},"end":{"line":2,"column":453}},{"start":{"line":2,"column":455},"end":{"line":2,"column":479}}],"line":2},"2":{"loc":{"start":{"line":2,"column":520},"end":{"line":2,"column":664}},"type":"if","locations":[{"start":{"line":2,"column":520},"end":{"line":2,"column":664}},{"start":{},"end":{}}],"line":2},"3":{"loc":{"start":{"line":2,"column":523},"end":{"line":2,"column":563}},"type":"binary-expr","locations":[{"start":{"line":2,"column":523},"end":{"line":2,"column":549}},{"start":{"line":2,"column":551},"end":{"line":2,"column":563}}],"line":2},"4":{"loc":{"start":{"line":2,"column":611},"end":{"line":2,"column":662}},"type":"binary-expr","locations":[{"start":{"line":2,"column":611},"end":{"line":2,"column":645}},{"start":{"line":2,"column":647},"end":{"line":2,"column":662}}],"line":2},"5":{"loc":{"start":{"line":2,"column":1042},"end":{"line":2,"column":1063}},"type":"if","locations":[{"start":{"line":2,"column":1042},"end":{"line":2,"column":1063}},{"start":{},"end":{}}],"line":2},"6":{"loc":{"start":{"line":2,"column":1126},"end":{"line":2,"column":1210}},"type":"if","locations":[{"start":{"line":2,"column":1126},"end":{"line":2,"column":1210}},{"start":{},"end":{}}],"line":2},"7":{"loc":{"start":{"line":2,"column":1129},"end":{"line":2,"column":1162}},"type":"binary-expr","locations":[{"start":{"line":2,"column":1129},"end":{"line":2,"column":1154}},{"start":{"line":2,"column":1156},"end":{"line":2,"column":1162}}],"line":2},"8":{"loc":{"start":{"line":2,"column":1210},"end":{"line":2,"column":1252}},"type":"if","locations":[{"start":{"line":2,"column":1210},"end":{"line":2,"column":1252}},{"start":{},"end":{}}],"line":2},"9":{"loc":{"start":{"line":2,"column":1213},"end":{"line":2,"column":1241}},"type":"binary-expr","locations":[{"start":{"line":2,"column":1213},"end":{"line":2,"column":1227}},{"start":{"line":2,"column":1229},"end":{"line":2,"column":1241}}],"line":2},"10":{"loc":{"start":{"line":2,"column":1252},"end":{"line":2,"column":1688}},"type":"switch","locations":[{"start":{"line":2,"column":1271},"end":{"line":2,"column":1282}},{"start":{"line":2,"column":1282},"end":{"line":2,"column":1297}},{"start":{"line":2,"column":1297},"end":{"line":2,"column":1425}},{"start":{"line":2,"column":1425},"end":{"line":2,"column":1544}},{"start":{"line":2,"column":1544},"end":{"line":2,"column":1674}},{"start":{"line":2,"column":1674},"end":{"line":2,"column":1687}}],"line":2},"11":{"loc":{"start":{"line":2,"column":1363},"end":{"line":2,"column":1419}},"type":"if","locations":[{"start":{"line":2,"column":1363},"end":{"line":2,"column":1419}},{"start":{},"end":{}}],"line":2},"12":{"loc":{"start":{"line":2,"column":1488},"end":{"line":2,"column":1538}},"type":"if","locations":[{"start":{"line":2,"column":1488},"end":{"line":2,"column":1538}},{"start":{},"end":{}}],"line":2},"13":{"loc":{"start":{"line":2,"column":1614},"end":{"line":2,"column":1668}},"type":"if","locations":[{"start":{"line":2,"column":1614},"end":{"line":2,"column":1668}},{"start":{},"end":{}}],"line":2},"14":{"loc":{"start":{"line":2,"column":1782},"end":{"line":2,"column":1934}},"type":"if","locations":[{"start":{"line":2,"column":1782},"end":{"line":2,"column":1934}},{"start":{},"end":{}}],"line":2},"15":{"loc":{"start":{"line":2,"column":1785},"end":{"line":2,"column":1852}},"type":"binary-expr","locations":[{"start":{"line":2,"column":1785},"end":{"line":2,"column":1811}},{"start":{"line":2,"column":1813},"end":{"line":2,"column":1852}}],"line":2},"16":{"loc":{"start":{"line":2,"column":1934},"end":{"line":2,"column":2085}},"type":"if","locations":[{"start":{"line":2,"column":1934},"end":{"line":2,"column":2085}},{"start":{},"end":{}}],"line":2},"17":{"loc":{"start":{"line":2,"column":1937},"end":{"line":2,"column":2004}},"type":"binary-expr","locations":[{"start":{"line":2,"column":1937},"end":{"line":2,"column":1963}},{"start":{"line":2,"column":1965},"end":{"line":2,"column":2004}}],"line":2},"18":{"loc":{"start":{"line":2,"column":2173},"end":{"line":2,"column":2307}},"type":"if","locations":[{"start":{"line":2,"column":2173},"end":{"line":2,"column":2307}},{"start":{},"end":{}}],"line":2},"19":{"loc":{"start":{"line":2,"column":2176},"end":{"line":2,"column":2236}},"type":"binary-expr","locations":[{"start":{"line":2,"column":2176},"end":{"line":2,"column":2202}},{"start":{"line":2,"column":2204},"end":{"line":2,"column":2236}}],"line":2},"20":{"loc":{"start":{"line":2,"column":2307},"end":{"line":2,"column":2440}},"type":"if","locations":[{"start":{"line":2,"column":2307},"end":{"line":2,"column":2440}},{"start":{},"end":{}}],"line":2},"21":{"loc":{"start":{"line":2,"column":2310},"end":{"line":2,"column":2370}},"type":"binary-expr","locations":[{"start":{"line":2,"column":2310},"end":{"line":2,"column":2336}},{"start":{"line":2,"column":2338},"end":{"line":2,"column":2370}}],"line":2},"22":{"loc":{"start":{"line":2,"column":2527},"end":{"line":2,"column":2676}},"type":"if","locations":[{"start":{"line":2,"column":2527},"end":{"line":2,"column":2676}},{"start":{},"end":{}}],"line":2},"23":{"loc":{"start":{"line":2,"column":2530},"end":{"line":2,"column":2597}},"type":"binary-expr","locations":[{"start":{"line":2,"column":2530},"end":{"line":2,"column":2556}},{"start":{"line":2,"column":2558},"end":{"line":2,"column":2597}}],"line":2},"24":{"loc":{"start":{"line":2,"column":2676},"end":{"line":2,"column":2824}},"type":"if","locations":[{"start":{"line":2,"column":2676},"end":{"line":2,"column":2824}},{"start":{},"end":{}}],"line":2},"25":{"loc":{"start":{"line":2,"column":2679},"end":{"line":2,"column":2746}},"type":"binary-expr","locations":[{"start":{"line":2,"column":2679},"end":{"line":2,"column":2705}},{"start":{"line":2,"column":2707},"end":{"line":2,"column":2746}}],"line":2},"26":{"loc":{"start":{"line":2,"column":2872},"end":{"line":2,"column":2947}},"type":"binary-expr","locations":[{"start":{"line":2,"column":2872},"end":{"line":2,"column":2873}},{"start":{"line":2,"column":2876},"end":{"line":2,"column":2946}}],"line":2}},"s":{"0":1,"1":1,"2":1,"3":1,"4":1,"5":1,"6":4,"7":1,"8":1,"9":4,"10":1,"11":1,"12":1,"13":4,"14":4,"15":14,"16":1,"17":1,"18":1,"19":1,"20":1,"21":0,"22":14,"23":0,"24":0,"25":1,"26":14,"27":14,"28":0,"29":14,"30":14,"31":14,"32":1,"33":14,"34":1,"35":13,"36":5,"37":5,"38":2,"39":5,"40":4,"41":4,"42":2,"43":4,"44":4,"45":4,"46":2,"47":4,"48":0,"49":14,"50":1,"51":5,"52":1,"53":4,"54":1,"55":3,"56":1,"57":4,"58":1,"59":3,"60":1,"61":2,"62":1,"63":4,"64":1,"65":3,"66":1,"67":2,"68":1,"69":1},"f":{"0":1,"1":4,"2":1,"3":1,"4":14,"5":1,"6":0,"7":14,"8":0,"9":0,"10":14,"11":5,"12":4,"13":4},"b":{"0":[1,0],"1":[1,1,0],"2":[4,0],"3":[4,4],"4":[4,4],"5":[0,14],"6":[1,13],"7":[14,14],"8":[1,13],"9":[14,13],"10":[5,5,5,4,4,0],"11":[2,3],"12":[2,2],"13":[2,2],"14":[1,4],"15":[5,2],"16":[1,3],"17":[4,2],"18":[1,3],"19":[4,2],"20":[1,2],"21":[3,2],"22":[1,3],"23":[4,2],"24":[1,2],"25":[3,2],"26":[1,0]},"inputSourceMap":{"version":3,"mappings":";mvBAAA,qOAKO,SAAS,aAAa,CAC3B,KACA,MACF,EAGG,CACD,MAAM,YAAc,CAAC,EAErB,GAAI,CAAC,OAAQ,CACX,MAAO,CAAC,CACV,CAEA,UAAW,SAAS,OAAQ,CAC1B,MAAM,MAAQ,OAAO,MAAM,EAAE,GAAG,MAEhC,GAAI,MAAM,WAAW,UAAY,CAAC,MAAO,CACvC,YAAY,KAAK,GAAG,MAAM,IAAI,cAAc,CAC9C,CAEA,GAAI,QAAU,QAAa,QAAU,KAAM,CACzC,QACF,CAEA,OAAQ,MAAM,KAAM,CAClB,IAAK,OACL,IAAK,WACL,IAAK,SAAU,CACb,MAAM,iBAAmB,cAAc,CAAE,MAAO,KAAuB,CAAC,EACxE,GAAI,iBAAkB,CACpB,YAAY,KAAK,gBAAgB,CACnC,CACA,KACF,CACA,IAAK,SAAU,CACb,MAAM,cAAgB,cAAc,CAAE,MAAO,KAAuB,CAAC,EACrE,GAAI,cAAe,CACjB,YAAY,KAAK,aAAa,CAChC,CACA,KACF,CAEA,IAAK,eAAgB,CACnB,MAAM,gBAAkB,aAAa,CAAE,MAAO,KAAyB,CAAC,EACxE,GAAI,gBAAiB,CACnB,YAAY,KAAK,eAAe,CAClC,CACA,KACF,CAEA,QACE,KACJ,CACF,CAEA,OAAO,WACT,CAxDgB,oCA0DT,SAAS,cAAc,CAC5B,MACA,KACF,EAGoB,CAClB,GAAI,MAAM,WAAW,WAAa,MAAM,OAAS,MAAM,WAAW,UAAW,CAC3E,MAAO,GAAG,MAAM,IAAI,qBAAqB,MAAM,WAAW,SAAS,aACrE,CAEA,GAAI,MAAM,WAAW,WAAa,MAAM,OAAS,MAAM,WAAW,UAAW,CAC3E,MAAO,GAAG,MAAM,IAAI,oBAAoB,MAAM,WAAW,SAAS,aACpE,CAEA,OAAO,IACT,CAhBgB,sCAkBT,SAAS,cAAc,CAC5B,MACA,KACF,EAGoB,CAClB,GAAI,MAAM,WAAW,WAAa,MAAQ,MAAM,WAAW,UAAW,CACpE,MAAO,GAAG,MAAM,IAAI,qBAAqB,MAAM,WAAW,SAAS,EACrE,CAEA,GAAI,MAAM,WAAW,WAAa,MAAQ,MAAM,WAAW,UAAW,CACpE,MAAO,GAAG,MAAM,IAAI,oBAAoB,MAAM,WAAW,SAAS,EACpE,CAEA,OAAO,IACT,CAhBgB,sCAkBT,SAAS,aAAa,CAC3B,MACA,KACF,EAGoB,CAClB,GAAI,MAAM,WAAW,WAAa,MAAM,OAAS,MAAM,WAAW,UAAW,CAC3E,MAAO,GAAG,MAAM,IAAI,uBAAuB,MAAM,WAAW,SAAS,QACvE,CAEA,GAAI,MAAM,WAAW,WAAa,MAAM,OAAS,MAAM,WAAW,UAAW,CAC3E,MAAO,GAAG,MAAM,IAAI,sBAAsB,MAAM,WAAW,SAAS,QACtE,CAEA,OAAO,IACT,CAhBgB","names":[],"ignoreList":[],"sources":["/Users/diegoalzate/Code/work/lexicon/pluraltools-backend/src/services/validation.ts"],"sourcesContent":[null]},"_coverageSchema":"1a1c01bbd47fc00a2c39e90264f33305004495a9","hash":"0c62cb4db8cc4d5ad4dad2fff97f1e0555b41290"}}