{"/Users/diegoalzate/Code/work/lexicon/pluraltools-backend/src/services/questions.ts":{"path":"/Users/diegoalzate/Code/work/lexicon/pluraltools-backend/src/services/questions.ts","statementMap":{"0":{"start":{"line":1,"column":0},"end":{"line":7,"column":4}},"1":{"start":{"line":2,"column":26},"end":{"line":2,"column":39}},"2":{"start":{"line":2,"column":54},"end":{"line":2,"column":75}},"3":{"start":{"line":2,"column":97},"end":{"line":2,"column":128}},"4":{"start":{"line":2,"column":151},"end":{"line":2,"column":177}},"5":{"start":{"line":2,"column":195},"end":{"line":2,"column":216}},"6":{"start":{"line":2,"column":234},"end":{"line":2,"column":265}},"7":{"start":{"line":2,"column":277},"end":{"line":2,"column":343}},"8":{"start":{"line":2,"column":293},"end":{"line":2,"column":343}},"9":{"start":{"line":2,"column":357},"end":{"line":2,"column":447}},"10":{"start":{"line":2,"column":372},"end":{"line":2,"column":446}},"11":{"start":{"line":2,"column":392},"end":{"line":2,"column":446}},"12":{"start":{"line":2,"column":464},"end":{"line":2,"column":741}},"13":{"start":{"line":2,"column":488},"end":{"line":2,"column":731}},"14":{"start":{"line":2,"column":547},"end":{"line":2,"column":730}},"15":{"start":{"line":2,"column":586},"end":{"line":2,"column":730}},"16":{"start":{"line":2,"column":630},"end":{"line":2,"column":730}},"17":{"start":{"line":2,"column":656},"end":{"line":2,"column":665}},"18":{"start":{"line":2,"column":731},"end":{"line":2,"column":740}},"19":{"start":{"line":2,"column":754},"end":{"line":2,"column":942}},"20":{"start":{"line":2,"column":780},"end":{"line":2,"column":941}},"21":{"start":{"line":2,"column":960},"end":{"line":2,"column":1021}},"22":{"start":{"line":2,"column":965},"end":{"line":2,"column":1021}},"23":{"start":{"line":2,"column":1044},"end":{"line":2,"column":1046}},"24":{"start":{"line":2,"column":1047},"end":{"line":2,"column":1203}},"25":{"start":{"line":2,"column":1095},"end":{"line":2,"column":1110}},"26":{"start":{"line":2,"column":1133},"end":{"line":2,"column":1150}},"27":{"start":{"line":2,"column":1178},"end":{"line":2,"column":1200}},"28":{"start":{"line":2,"column":1203},"end":{"line":2,"column":1250}},"29":{"start":{"line":2,"column":1261},"end":{"line":2,"column":1293}},"30":{"start":{"line":2,"column":1317},"end":{"line":2,"column":1339}},"31":{"start":{"line":2,"column":1357},"end":{"line":2,"column":1376}},"32":{"start":{"line":2,"column":1399},"end":{"line":2,"column":1422}},"33":{"start":{"line":2,"column":1441},"end":{"line":2,"column":1467}},"34":{"start":{"line":2,"column":1564},"end":{"line":2,"column":1625}},"35":{"start":{"line":2,"column":1605},"end":{"line":2,"column":1624}},"36":{"start":{"line":2,"column":1625},"end":{"line":2,"column":1722}},"37":{"start":{"line":2,"column":1644},"end":{"line":2,"column":1713}},"38":{"start":{"line":2,"column":1713},"end":{"line":2,"column":1721}},"39":{"start":{"line":2,"column":1737},"end":{"line":2,"column":1781}},"40":{"start":{"line":2,"column":1798},"end":{"line":2,"column":1846}},"41":{"start":{"line":2,"column":1847},"end":{"line":2,"column":1989}},"42":{"start":{"line":2,"column":1881},"end":{"line":2,"column":1980}},"43":{"start":{"line":2,"column":1980},"end":{"line":2,"column":1988}},"44":{"start":{"line":2,"column":1989},"end":{"line":2,"column":2005}},"45":{"start":{"line":2,"column":2006},"end":{"line":2,"column":2048}},"46":{"start":{"line":2,"column":2117},"end":{"line":2,"column":2121}},"47":{"start":{"line":2,"column":2139},"end":{"line":6,"column":13}},"48":{"start":{"line":6,"column":33},"end":{"line":6,"column":65}},"49":{"start":{"line":6,"column":66},"end":{"line":6,"column":202}},"50":{"start":{"line":6,"column":105},"end":{"line":6,"column":146}},"51":{"start":{"line":6,"column":147},"end":{"line":6,"column":174}},"52":{"start":{"line":6,"column":165},"end":{"line":6,"column":173}},"53":{"start":{"line":6,"column":174},"end":{"line":6,"column":187}},"54":{"start":{"line":6,"column":193},"end":{"line":6,"column":201}},"55":{"start":{"line":6,"column":203},"end":{"line":6,"column":249}},"56":{"start":{"line":6,"column":315},"end":{"line":6,"column":431}},"57":{"start":{"line":6,"column":432},"end":{"line":6,"column":458}},"58":{"start":{"line":6,"column":449},"end":{"line":6,"column":457}},"59":{"start":{"line":6,"column":473},"end":{"line":6,"column":480}},"60":{"start":{"line":6,"column":481},"end":{"line":6,"column":504}},"61":{"start":{"line":6,"column":495},"end":{"line":6,"column":503}},"62":{"start":{"line":6,"column":525},"end":{"line":6,"column":577}},"63":{"start":{"line":6,"column":578},"end":{"line":6,"column":615}},"64":{"start":{"line":6,"column":606},"end":{"line":6,"column":614}},"65":{"start":{"line":6,"column":615},"end":{"line":6,"column":702}},"66":{"start":{"line":6,"column":703},"end":{"line":6,"column":759}},"67":{"start":{"line":6,"column":759},"end":{"line":6,"column":838}}},"fnMap":{"0":{"name":"(anonymous_0)","decl":{"start":{"line":1,"column":1},"end":{"line":1,"column":2}},"loc":{"start":{"line":1,"column":5},"end":{"line":7,"column":1}},"line":1},"1":{"name":"(anonymous_1)","decl":{"start":{"line":2,"column":277},"end":{"line":2,"column":278}},"loc":{"start":{"line":2,"column":293},"end":{"line":2,"column":343}},"line":2},"2":{"name":"(anonymous_2)","decl":{"start":{"line":2,"column":357},"end":{"line":2,"column":358}},"loc":{"start":{"line":2,"column":371},"end":{"line":2,"column":447}},"line":2},"3":{"name":"(anonymous_3)","decl":{"start":{"line":2,"column":464},"end":{"line":2,"column":465}},"loc":{"start":{"line":2,"column":487},"end":{"line":2,"column":741}},"line":2},"4":{"name":"(anonymous_4)","decl":{"start":{"line":2,"column":652},"end":{"line":2,"column":653}},"loc":{"start":{"line":2,"column":656},"end":{"line":2,"column":665}},"line":2},"5":{"name":"(anonymous_5)","decl":{"start":{"line":2,"column":754},"end":{"line":2,"column":755}},"loc":{"start":{"line":2,"column":780},"end":{"line":2,"column":941}},"line":2},"6":{"name":"(anonymous_6)","decl":{"start":{"line":2,"column":960},"end":{"line":2,"column":961}},"loc":{"start":{"line":2,"column":965},"end":{"line":2,"column":1021}},"line":2},"7":{"name":"(anonymous_7)","decl":{"start":{"line":2,"column":1091},"end":{"line":2,"column":1092}},"loc":{"start":{"line":2,"column":1095},"end":{"line":2,"column":1110}},"line":2},"8":{"name":"(anonymous_8)","decl":{"start":{"line":2,"column":1129},"end":{"line":2,"column":1130}},"loc":{"start":{"line":2,"column":1133},"end":{"line":2,"column":1150}},"line":2},"9":{"name":"(anonymous_9)","decl":{"start":{"line":2,"column":1174},"end":{"line":2,"column":1175}},"loc":{"start":{"line":2,"column":1178},"end":{"line":2,"column":1200}},"line":2},"10":{"name":"availableHearts","decl":{"start":{"line":2,"column":1477},"end":{"line":2,"column":1492}},"loc":{"start":{"line":2,"column":1563},"end":{"line":2,"column":2006}},"line":2},"11":{"name":"getQuestionHearts","decl":{"start":{"line":2,"column":2063},"end":{"line":2,"column":2080}},"loc":{"start":{"line":2,"column":2093},"end":{"line":6,"column":203}},"line":2},"12":{"name":"validateQuestionFields","decl":{"start":{"line":6,"column":264},"end":{"line":6,"column":286}},"loc":{"start":{"line":6,"column":303},"end":{"line":6,"column":703}},"line":6}},"branchMap":{"0":{"loc":{"start":{"line":2,"column":488},"end":{"line":2,"column":731}},"type":"if","locations":[{"start":{"line":2,"column":488},"end":{"line":2,"column":731}},{"start":{},"end":{}}],"line":2},"1":{"loc":{"start":{"line":2,"column":491},"end":{"line":2,"column":545}},"type":"binary-expr","locations":[{"start":{"line":2,"column":491},"end":{"line":2,"column":495}},{"start":{"line":2,"column":497},"end":{"line":2,"column":519}},{"start":{"line":2,"column":521},"end":{"line":2,"column":545}}],"line":2},"2":{"loc":{"start":{"line":2,"column":586},"end":{"line":2,"column":730}},"type":"if","locations":[{"start":{"line":2,"column":586},"end":{"line":2,"column":730}},{"start":{},"end":{}}],"line":2},"3":{"loc":{"start":{"line":2,"column":589},"end":{"line":2,"column":629}},"type":"binary-expr","locations":[{"start":{"line":2,"column":589},"end":{"line":2,"column":615}},{"start":{"line":2,"column":617},"end":{"line":2,"column":629}}],"line":2},"4":{"loc":{"start":{"line":2,"column":677},"end":{"line":2,"column":728}},"type":"binary-expr","locations":[{"start":{"line":2,"column":677},"end":{"line":2,"column":711}},{"start":{"line":2,"column":713},"end":{"line":2,"column":728}}],"line":2},"5":{"loc":{"start":{"line":2,"column":787},"end":{"line":2,"column":827}},"type":"cond-expr","locations":[{"start":{"line":2,"column":797},"end":{"line":2,"column":824}},{"start":{"line":2,"column":825},"end":{"line":2,"column":827}}],"line":2},"6":{"loc":{"start":{"line":2,"column":840},"end":{"line":2,"column":936}},"type":"cond-expr","locations":[{"start":{"line":2,"column":874},"end":{"line":2,"column":929}},{"start":{"line":2,"column":930},"end":{"line":2,"column":936}}],"line":2},"7":{"loc":{"start":{"line":2,"column":840},"end":{"line":2,"column":873}},"type":"binary-expr","locations":[{"start":{"line":2,"column":840},"end":{"line":2,"column":850}},{"start":{"line":2,"column":852},"end":{"line":2,"column":856}},{"start":{"line":2,"column":858},"end":{"line":2,"column":873}}],"line":2},"8":{"loc":{"start":{"line":2,"column":1545},"end":{"line":2,"column":1562}},"type":"default-arg","locations":[{"start":{"line":2,"column":1558},"end":{"line":2,"column":1562}}],"line":2},"9":{"loc":{"start":{"line":2,"column":1564},"end":{"line":2,"column":1625}},"type":"if","locations":[{"start":{"line":2,"column":1564},"end":{"line":2,"column":1625}},{"start":{},"end":{}}],"line":2},"10":{"loc":{"start":{"line":2,"column":1567},"end":{"line":2,"column":1603}},"type":"binary-expr","locations":[{"start":{"line":2,"column":1567},"end":{"line":2,"column":1586}},{"start":{"line":2,"column":1588},"end":{"line":2,"column":1603}}],"line":2},"11":{"loc":{"start":{"line":2,"column":1625},"end":{"line":2,"column":1722}},"type":"if","locations":[{"start":{"line":2,"column":1625},"end":{"line":2,"column":1722}},{"start":{},"end":{}}],"line":2},"12":{"loc":{"start":{"line":2,"column":1847},"end":{"line":2,"column":1989}},"type":"if","locations":[{"start":{"line":2,"column":1847},"end":{"line":2,"column":1989}},{"start":{},"end":{}}],"line":2},"13":{"loc":{"start":{"line":6,"column":66},"end":{"line":6,"column":202}},"type":"if","locations":[{"start":{"line":6,"column":66},"end":{"line":6,"column":202}},{"start":{"line":6,"column":192},"end":{"line":6,"column":202}}],"line":6},"14":{"loc":{"start":{"line":6,"column":147},"end":{"line":6,"column":174}},"type":"if","locations":[{"start":{"line":6,"column":147},"end":{"line":6,"column":174}},{"start":{},"end":{}}],"line":6},"15":{"loc":{"start":{"line":6,"column":432},"end":{"line":6,"column":458}},"type":"if","locations":[{"start":{"line":6,"column":432},"end":{"line":6,"column":458}},{"start":{},"end":{}}],"line":6},"16":{"loc":{"start":{"line":6,"column":481},"end":{"line":6,"column":504}},"type":"if","locations":[{"start":{"line":6,"column":481},"end":{"line":6,"column":504}},{"start":{},"end":{}}],"line":6},"17":{"loc":{"start":{"line":6,"column":578},"end":{"line":6,"column":615}},"type":"if","locations":[{"start":{"line":6,"column":578},"end":{"line":6,"column":615}},{"start":{},"end":{}}],"line":6},"18":{"loc":{"start":{"line":6,"column":759},"end":{"line":6,"column":837}},"type":"binary-expr","locations":[{"start":{"line":6,"column":759},"end":{"line":6,"column":760}},{"start":{"line":6,"column":763},"end":{"line":6,"column":836}}],"line":6}},"s":{"0":1,"1":1,"2":1,"3":1,"4":1,"5":1,"6":1,"7":1,"8":3,"9":1,"10":1,"11":3,"12":1,"13":2,"14":2,"15":44,"16":44,"17":6,"18":2,"19":1,"20":1,"21":1,"22":1,"23":1,"24":1,"25":6,"26":0,"27":0,"28":1,"29":1,"30":1,"31":1,"32":1,"33":1,"34":6,"35":1,"36":5,"37":1,"38":1,"39":4,"40":4,"41":4,"42":1,"43":1,"44":3,"45":1,"46":0,"47":0,"48":0,"49":0,"50":0,"51":0,"52":0,"53":0,"54":0,"55":1,"56":0,"57":0,"58":0,"59":0,"60":0,"61":0,"62":0,"63":0,"64":0,"65":0,"66":1,"67":1},"f":{"0":1,"1":3,"2":1,"3":2,"4":6,"5":1,"6":1,"7":6,"8":0,"9":0,"10":6,"11":0,"12":0},"b":{"0":[2,0],"1":[2,2,0],"2":[44,0],"3":[44,44],"4":[44,44],"5":[1,0],"6":[0,1],"7":[1,1,1],"8":[4],"9":[1,5],"10":[6,2],"11":[1,4],"12":[1,3],"13":[0,0],"14":[0,0],"15":[0,0],"16":[0,0],"17":[0,0],"18":[1,0]},"inputSourceMap":{"version":3,"mappings":";8/BAAA,oOACA,WAAwB,iCACxB,uBAAwB,uBAGxB,iBAA6B,oBAC7B,sBAA6B,wBAC7B,kBAAuB,2BAMhB,SAAS,gBACd,aACA,cACA,gBACA,SACA,aAA8B,KACf,CACf,GAAI,eAAiB,MAAQ,cAAgB,EAAG,CAC9C,OAAO,YACT,CAEA,GAAI,aAAe,EAAG,CACpB,qBAAO,MAAM,wCAAwC,EACrD,MAAO,EACT,CAEA,MAAM,SAAW,eAAiB,aAAe,GAAK,cACtD,MAAM,UAAY,iBAAmB,aAAe,GAAK,gBAEzD,GAAI,SAAW,YAAc,SAAU,CACrC,qBAAO,MAAM,sEAAsE,EACnF,MAAO,EACT,CAEA,OAAO,SACT,CAzBgB,0CA2BhB,eAAsB,kBACpB,OACA,KAGiB,CACjB,KAAM,CAAE,eAAgB,EAAI,KAG5B,MAAM,WAAa,MAAM,OAAO,QAC9B,uBAAI,IAAI;AAAA;AAAA;AAAA,mCAGuB,eAAe;AAAA,WACvC,CACT,EAEA,MAAM,aAAe,WAAW,KAAK,CAAC,GAAG,aAGzC,GAAI,eAAiB,OAAW,CAC9B,MAAM,OAAS,gBAAgB,aAAc,EAAG,EAAG,GAAK,IAAI,EAE5D,GAAI,SAAW,KAAM,CACnB,MAAO,EACT,CAEA,OAAO,MACT,KAAO,CAEL,MAAO,EACT,CACF,CAhCsB,8CAkCtB,eAAsB,uBAAuB,CAC3C,OACA,MACF,EAGG,CACD,MAAM,KAAO,MAAM,OAChB,OAAO,EACP,KAAK,OAAO,SAAS,EACrB,SAAM,uBAAG,OAAO,UAAU,GAAI,OAAO,UAAU,CAAC,EAEnD,GAAI,CAAC,KAAK,OAAQ,CAChB,MAAO,CAAC,CACV,CAEA,MAAM,SAAW,KAAK,CAAC,EAEvB,GAAI,CAAC,SAAU,CACb,MAAO,CAAC,CACV,CAGA,MAAM,eAAiB,0BAAa,UAAU,SAAS,MAAM,EAE7D,GAAI,CAAC,eAAe,QAAS,CAC3B,MAAO,CAAC,CACV,CAEA,SAAO,gCAAa,CAClB,KAAM,OAAO,KACb,OAAQ,eAAe,IACzB,CAAC,CACH,CAjCsB","names":[],"ignoreList":[],"sources":["/Users/diegoalzate/Code/work/lexicon/pluraltools-backend/src/services/questions.ts"],"sourcesContent":[null]},"_coverageSchema":"1a1c01bbd47fc00a2c39e90264f33305004495a9","hash":"983872f19dba93db0f1c8284d805c40723db276a"},"/Users/diegoalzate/Code/work/lexicon/pluraltools-backend/src/db/schema/index.ts":{"path":"/Users/diegoalzate/Code/work/lexicon/pluraltools-backend/src/db/schema/index.ts","statementMap":{"0":{"start":{"line":1,"column":0},"end":{"line":3,"column":4}},"1":{"start":{"line":2,"column":27},"end":{"line":2,"column":48}},"2":{"start":{"line":2,"column":70},"end":{"line":2,"column":101}},"3":{"start":{"line":2,"column":124},"end":{"line":2,"column":150}},"4":{"start":{"line":2,"column":168},"end":{"line":2,"column":199}},"5":{"start":{"line":2,"column":216},"end":{"line":2,"column":493}},"6":{"start":{"line":2,"column":240},"end":{"line":2,"column":483}},"7":{"start":{"line":2,"column":299},"end":{"line":2,"column":482}},"8":{"start":{"line":2,"column":338},"end":{"line":2,"column":482}},"9":{"start":{"line":2,"column":382},"end":{"line":2,"column":482}},"10":{"start":{"line":2,"column":408},"end":{"line":2,"column":417}},"11":{"start":{"line":2,"column":483},"end":{"line":2,"column":492}},"12":{"start":{"line":2,"column":509},"end":{"line":2,"column":625}},"13":{"start":{"line":2,"column":537},"end":{"line":2,"column":624}},"14":{"start":{"line":2,"column":643},"end":{"line":2,"column":704}},"15":{"start":{"line":2,"column":648},"end":{"line":2,"column":704}},"16":{"start":{"line":2,"column":724},"end":{"line":2,"column":726}},"17":{"start":{"line":2,"column":727},"end":{"line":2,"column":771}},"18":{"start":{"line":2,"column":771},"end":{"line":2,"column":832}},"19":{"start":{"line":2,"column":832},"end":{"line":2,"column":909}},"20":{"start":{"line":2,"column":909},"end":{"line":2,"column":978}},"21":{"start":{"line":2,"column":978},"end":{"line":2,"column":1040}},"22":{"start":{"line":2,"column":1040},"end":{"line":2,"column":1105}},"23":{"start":{"line":2,"column":1105},"end":{"line":2,"column":1187}},"24":{"start":{"line":2,"column":1187},"end":{"line":2,"column":1250}},"25":{"start":{"line":2,"column":1250},"end":{"line":2,"column":1311}},"26":{"start":{"line":2,"column":1311},"end":{"line":2,"column":1373}},"27":{"start":{"line":2,"column":1373},"end":{"line":2,"column":1448}},"28":{"start":{"line":2,"column":1448},"end":{"line":2,"column":1521}},"29":{"start":{"line":2,"column":1521},"end":{"line":2,"column":1583}},"30":{"start":{"line":2,"column":1583},"end":{"line":2,"column":1654}},"31":{"start":{"line":2,"column":1654},"end":{"line":2,"column":1725}},"32":{"start":{"line":2,"column":1725},"end":{"line":2,"column":1789}},"33":{"start":{"line":2,"column":1789},"end":{"line":2,"column":1850}},"34":{"start":{"line":2,"column":1850},"end":{"line":2,"column":1924}},"35":{"start":{"line":2,"column":1924},"end":{"line":2,"column":2002}},"36":{"start":{"line":2,"column":2002},"end":{"line":2,"column":2074}},"37":{"start":{"line":2,"column":2074},"end":{"line":2,"column":2159}},"38":{"start":{"line":2,"column":2159},"end":{"line":2,"column":2221}},"39":{"start":{"line":2,"column":2221},"end":{"line":2,"column":2874}}},"fnMap":{"0":{"name":"(anonymous_0)","decl":{"start":{"line":1,"column":1},"end":{"line":1,"column":2}},"loc":{"start":{"line":1,"column":5},"end":{"line":3,"column":1}},"line":1},"1":{"name":"(anonymous_1)","decl":{"start":{"line":2,"column":216},"end":{"line":2,"column":217}},"loc":{"start":{"line":2,"column":239},"end":{"line":2,"column":493}},"line":2},"2":{"name":"(anonymous_2)","decl":{"start":{"line":2,"column":404},"end":{"line":2,"column":405}},"loc":{"start":{"line":2,"column":408},"end":{"line":2,"column":417}},"line":2},"3":{"name":"(anonymous_3)","decl":{"start":{"line":2,"column":509},"end":{"line":2,"column":510}},"loc":{"start":{"line":2,"column":537},"end":{"line":2,"column":624}},"line":2},"4":{"name":"(anonymous_4)","decl":{"start":{"line":2,"column":643},"end":{"line":2,"column":644}},"loc":{"start":{"line":2,"column":648},"end":{"line":2,"column":704}},"line":2}},"branchMap":{"0":{"loc":{"start":{"line":2,"column":240},"end":{"line":2,"column":483}},"type":"if","locations":[{"start":{"line":2,"column":240},"end":{"line":2,"column":483}},{"start":{},"end":{}}],"line":2},"1":{"loc":{"start":{"line":2,"column":243},"end":{"line":2,"column":297}},"type":"binary-expr","locations":[{"start":{"line":2,"column":243},"end":{"line":2,"column":247}},{"start":{"line":2,"column":249},"end":{"line":2,"column":271}},{"start":{"line":2,"column":273},"end":{"line":2,"column":297}}],"line":2},"2":{"loc":{"start":{"line":2,"column":338},"end":{"line":2,"column":482}},"type":"if","locations":[{"start":{"line":2,"column":338},"end":{"line":2,"column":482}},{"start":{},"end":{}}],"line":2},"3":{"loc":{"start":{"line":2,"column":341},"end":{"line":2,"column":381}},"type":"binary-expr","locations":[{"start":{"line":2,"column":341},"end":{"line":2,"column":367}},{"start":{"line":2,"column":369},"end":{"line":2,"column":381}}],"line":2},"4":{"loc":{"start":{"line":2,"column":429},"end":{"line":2,"column":480}},"type":"binary-expr","locations":[{"start":{"line":2,"column":429},"end":{"line":2,"column":463}},{"start":{"line":2,"column":465},"end":{"line":2,"column":480}}],"line":2},"5":{"loc":{"start":{"line":2,"column":571},"end":{"line":2,"column":624}},"type":"binary-expr","locations":[{"start":{"line":2,"column":571},"end":{"line":2,"column":583}},{"start":{"line":2,"column":585},"end":{"line":2,"column":624}}],"line":2},"6":{"loc":{"start":{"line":2,"column":2221},"end":{"line":2,"column":2873}},"type":"binary-expr","locations":[{"start":{"line":2,"column":2221},"end":{"line":2,"column":2222}},{"start":{"line":2,"column":2225},"end":{"line":2,"column":2872}}],"line":2}},"s":{"0":1,"1":1,"2":1,"3":1,"4":1,"5":1,"6":43,"7":43,"8":122,"9":81,"10":2,"11":43,"12":1,"13":21,"14":1,"15":1,"16":1,"17":1,"18":1,"19":1,"20":1,"21":1,"22":1,"23":1,"24":1,"25":1,"26":1,"27":1,"28":1,"29":1,"30":1,"31":1,"32":1,"33":1,"34":1,"35":1,"36":1,"37":1,"38":1,"39":1},"f":{"0":1,"1":43,"2":2,"3":21,"4":1},"b":{"0":[43,0],"1":[43,43,0],"2":[81,41],"3":[122,81],"4":[81,81],"5":[21,21],"6":[1,0]},"inputSourceMap":{"version":3,"mappings":";isBAAA,4FAAc,mBAAd,gBACA,0BAAc,mCADd,gBAEA,0BAAc,2BAFd,gBAGA,0BAAc,oBAHd,gBAIA,0BAAc,uBAJd,gBAKA,0BAAc,wCALd,gBAMA,0BAAc,qBANd,gBAOA,0BAAc,mBAPd,gBAQA,0BAAc,oBARd,gBASA,0BAAc,iCATd,gBAUA,0BAAc,+BAVd,gBAWA,0BAAc,oBAXd,gBAYA,0BAAc,6BAZd,gBAaA,0BAAc,6BAbd,gBAcA,0BAAc,sBAdd,gBAeA,0BAAc,mBAfd,gBAgBA,0BAAc,gCAhBd,gBAiBA,0BAAc,oCAjBd,gBAkBA,0BAAc,8BAlBd,gBAmBA,0BAAc,2CAnBd,gBAoBA,0BAAc,oBApBd","names":[],"ignoreList":[],"sources":["/Users/diegoalzate/Code/work/lexicon/pluraltools-backend/src/db/schema/index.ts"],"sourcesContent":[null]},"_coverageSchema":"1a1c01bbd47fc00a2c39e90264f33305004495a9","hash":"9a553f9a5959de6d21045574b69f1bbd64c43fcc"},"/Users/diegoalzate/Code/work/lexicon/pluraltools-backend/src/db/schema/users.ts":{"path":"/Users/diegoalzate/Code/work/lexicon/pluraltools-backend/src/db/schema/users.ts","statementMap":{"0":{"start":{"line":1,"column":0},"end":{"line":3,"column":4}},"1":{"start":{"line":2,"column":27},"end":{"line":2,"column":48}},"2":{"start":{"line":2,"column":70},"end":{"line":2,"column":101}},"3":{"start":{"line":2,"column":124},"end":{"line":2,"column":150}},"4":{"start":{"line":2,"column":168},"end":{"line":2,"column":199}},"5":{"start":{"line":2,"column":213},"end":{"line":2,"column":303}},"6":{"start":{"line":2,"column":228},"end":{"line":2,"column":302}},"7":{"start":{"line":2,"column":248},"end":{"line":2,"column":302}},"8":{"start":{"line":2,"column":320},"end":{"line":2,"column":597}},"9":{"start":{"line":2,"column":344},"end":{"line":2,"column":587}},"10":{"start":{"line":2,"column":403},"end":{"line":2,"column":586}},"11":{"start":{"line":2,"column":442},"end":{"line":2,"column":586}},"12":{"start":{"line":2,"column":486},"end":{"line":2,"column":586}},"13":{"start":{"line":2,"column":512},"end":{"line":2,"column":521}},"14":{"start":{"line":2,"column":587},"end":{"line":2,"column":596}},"15":{"start":{"line":2,"column":615},"end":{"line":2,"column":676}},"16":{"start":{"line":2,"column":620},"end":{"line":2,"column":676}},"17":{"start":{"line":2,"column":695},"end":{"line":2,"column":697}},"18":{"start":{"line":2,"column":698},"end":{"line":2,"column":774}},"19":{"start":{"line":2,"column":732},"end":{"line":2,"column":737}},"20":{"start":{"line":2,"column":757},"end":{"line":2,"column":771}},"21":{"start":{"line":2,"column":774},"end":{"line":2,"column":817}},"22":{"start":{"line":2,"column":840},"end":{"line":2,"column":862}},"23":{"start":{"line":2,"column":882},"end":{"line":2,"column":912}},"24":{"start":{"line":2,"column":946},"end":{"line":2,"column":980}},"25":{"start":{"line":2,"column":1001},"end":{"line":2,"column":1022}},"26":{"start":{"line":2,"column":1040},"end":{"line":2,"column":1058}},"27":{"start":{"line":2,"column":1078},"end":{"line":2,"column":1098}},"28":{"start":{"line":2,"column":1124},"end":{"line":2,"column":1150}},"29":{"start":{"line":2,"column":1178},"end":{"line":2,"column":1206}},"30":{"start":{"line":2,"column":1234},"end":{"line":2,"column":1262}},"31":{"start":{"line":2,"column":1280},"end":{"line":2,"column":1298}},"32":{"start":{"line":2,"column":1333},"end":{"line":2,"column":1368}},"33":{"start":{"line":2,"column":1381},"end":{"line":2,"column":1936}},"34":{"start":{"line":2,"column":1958},"end":{"line":2,"column":2471}},"35":{"start":{"line":2,"column":2012},"end":{"line":2,"column":2469}},"36":{"start":{"line":2,"column":2472},"end":{"line":2,"column":2515}}},"fnMap":{"0":{"name":"(anonymous_0)","decl":{"start":{"line":1,"column":1},"end":{"line":1,"column":2}},"loc":{"start":{"line":1,"column":5},"end":{"line":3,"column":1}},"line":1},"1":{"name":"(anonymous_1)","decl":{"start":{"line":2,"column":213},"end":{"line":2,"column":214}},"loc":{"start":{"line":2,"column":227},"end":{"line":2,"column":303}},"line":2},"2":{"name":"(anonymous_2)","decl":{"start":{"line":2,"column":320},"end":{"line":2,"column":321}},"loc":{"start":{"line":2,"column":343},"end":{"line":2,"column":597}},"line":2},"3":{"name":"(anonymous_3)","decl":{"start":{"line":2,"column":508},"end":{"line":2,"column":509}},"loc":{"start":{"line":2,"column":512},"end":{"line":2,"column":521}},"line":2},"4":{"name":"(anonymous_4)","decl":{"start":{"line":2,"column":615},"end":{"line":2,"column":616}},"loc":{"start":{"line":2,"column":620},"end":{"line":2,"column":676}},"line":2},"5":{"name":"(anonymous_5)","decl":{"start":{"line":2,"column":728},"end":{"line":2,"column":729}},"loc":{"start":{"line":2,"column":732},"end":{"line":2,"column":737}},"line":2},"6":{"name":"(anonymous_6)","decl":{"start":{"line":2,"column":753},"end":{"line":2,"column":754}},"loc":{"start":{"line":2,"column":757},"end":{"line":2,"column":771}},"line":2},"7":{"name":"(anonymous_7)","decl":{"start":{"line":2,"column":1997},"end":{"line":2,"column":1998}},"loc":{"start":{"line":2,"column":2012},"end":{"line":2,"column":2469}},"line":2}},"branchMap":{"0":{"loc":{"start":{"line":2,"column":344},"end":{"line":2,"column":587}},"type":"if","locations":[{"start":{"line":2,"column":344},"end":{"line":2,"column":587}},{"start":{},"end":{}}],"line":2},"1":{"loc":{"start":{"line":2,"column":347},"end":{"line":2,"column":401}},"type":"binary-expr","locations":[{"start":{"line":2,"column":347},"end":{"line":2,"column":351}},{"start":{"line":2,"column":353},"end":{"line":2,"column":375}},{"start":{"line":2,"column":377},"end":{"line":2,"column":401}}],"line":2},"2":{"loc":{"start":{"line":2,"column":442},"end":{"line":2,"column":586}},"type":"if","locations":[{"start":{"line":2,"column":442},"end":{"line":2,"column":586}},{"start":{},"end":{}}],"line":2},"3":{"loc":{"start":{"line":2,"column":445},"end":{"line":2,"column":485}},"type":"binary-expr","locations":[{"start":{"line":2,"column":445},"end":{"line":2,"column":471}},{"start":{"line":2,"column":473},"end":{"line":2,"column":485}}],"line":2},"4":{"loc":{"start":{"line":2,"column":533},"end":{"line":2,"column":584}},"type":"binary-expr","locations":[{"start":{"line":2,"column":533},"end":{"line":2,"column":567}},{"start":{"line":2,"column":569},"end":{"line":2,"column":584}}],"line":2},"5":{"loc":{"start":{"line":2,"column":2472},"end":{"line":2,"column":2514}},"type":"binary-expr","locations":[{"start":{"line":2,"column":2472},"end":{"line":2,"column":2473}},{"start":{"line":2,"column":2476},"end":{"line":2,"column":2513}}],"line":2}},"s":{"0":1,"1":1,"2":1,"3":1,"4":1,"5":1,"6":1,"7":2,"8":1,"9":1,"10":1,"11":2,"12":2,"13":1,"14":1,"15":1,"16":1,"17":1,"18":1,"19":1,"20":0,"21":1,"22":1,"23":1,"24":1,"25":1,"26":1,"27":1,"28":1,"29":1,"30":1,"31":1,"32":1,"33":1,"34":1,"35":0,"36":1},"f":{"0":1,"1":1,"2":1,"3":1,"4":1,"5":1,"6":0,"7":0},"b":{"0":[1,0],"1":[1,1,0],"2":[2,0],"3":[2,2],"4":[2,2],"5":[1,0]},"inputSourceMap":{"version":3,"mappings":";qqBAAA,mKAA0B,uBAC1B,mBAAkD,+BAClD,iCAAqC,mCACrC,oBAAyB,sBACzB,iBAAsB,mBACtB,mBAAwB,qBACxB,yBAA8B,2BAC9B,2BAA+B,6BAC/B,2BAA8B,6BAC9B,iBAAsB,mBACtB,kCAAqC,oCAE9B,MAAM,SAAQ,wBAAQ,QAAS,CACpC,MAAI,qBAAK,IAAI,EAAE,WAAW,EAAE,cAAc,EAC1C,YAAU,wBAAQ,WAAY,CAAE,OAAQ,GAAI,CAAC,EAAE,OAAO,EACtD,aAAW,wBAAQ,YAAY,EAC/B,YAAU,wBAAQ,WAAW,EAC7B,SAAO,wBAAQ,QAAS,CAAE,OAAQ,GAAI,CAAC,EAAE,OAAO,EAChD,YAAU,wBAAQ,WAAY,CAAE,OAAQ,GAAI,CAAC,EAAE,OAAO,EACtD,aAAW,0BAAU,YAAY,EAAE,QAAQ,EAAE,WAAW,EACxD,aAAW,0BAAU,YAAY,EAAE,QAAQ,EAAE,WAAW,CAC1D,CAAC,EAEM,MAAM,kBAAiB,8BAAU,MAAO,CAAC,CAAE,KAAM,GAAI,KAAO,CACjE,cAAe,KAAK,kCAAa,EACjC,MAAO,KAAK,kBAAK,EACjB,cAAe,KAAK,oCAAa,EACjC,eAAgB,KAAK,qCAAc,EACnC,oBAAqB,IAAI,iDAAoB,EAC7C,SAAU,KAAK,wBAAQ,EACvB,MAAO,KAAK,kBAAK,EACjB,QAAS,KAAK,sBAAO,EACrB,cAAe,KAAK,kDAAoB,CAC1C,EAAE","names":[],"ignoreList":[],"sources":["/Users/diegoalzate/Code/work/lexicon/pluraltools-backend/src/db/schema/users.ts"],"sourcesContent":[null]},"_coverageSchema":"1a1c01bbd47fc00a2c39e90264f33305004495a9","hash":"c03742602942dccfc1b5ce654f4c4f747f990363"},"/Users/diegoalzate/Code/work/lexicon/pluraltools-backend/src/db/schema/federated-credentials.ts":{"path":"/Users/diegoalzate/Code/work/lexicon/pluraltools-backend/src/db/schema/federated-credentials.ts","statementMap":{"0":{"start":{"line":1,"column":0},"end":{"line":3,"column":4}},"1":{"start":{"line":2,"column":27},"end":{"line":2,"column":48}},"2":{"start":{"line":2,"column":70},"end":{"line":2,"column":101}},"3":{"start":{"line":2,"column":124},"end":{"line":2,"column":150}},"4":{"start":{"line":2,"column":168},"end":{"line":2,"column":199}},"5":{"start":{"line":2,"column":213},"end":{"line":2,"column":303}},"6":{"start":{"line":2,"column":228},"end":{"line":2,"column":302}},"7":{"start":{"line":2,"column":248},"end":{"line":2,"column":302}},"8":{"start":{"line":2,"column":320},"end":{"line":2,"column":597}},"9":{"start":{"line":2,"column":344},"end":{"line":2,"column":587}},"10":{"start":{"line":2,"column":403},"end":{"line":2,"column":586}},"11":{"start":{"line":2,"column":442},"end":{"line":2,"column":586}},"12":{"start":{"line":2,"column":486},"end":{"line":2,"column":586}},"13":{"start":{"line":2,"column":512},"end":{"line":2,"column":521}},"14":{"start":{"line":2,"column":587},"end":{"line":2,"column":596}},"15":{"start":{"line":2,"column":615},"end":{"line":2,"column":676}},"16":{"start":{"line":2,"column":620},"end":{"line":2,"column":676}},"17":{"start":{"line":2,"column":711},"end":{"line":2,"column":713}},"18":{"start":{"line":2,"column":714},"end":{"line":2,"column":866}},"19":{"start":{"line":2,"column":779},"end":{"line":2,"column":799}},"20":{"start":{"line":2,"column":834},"end":{"line":2,"column":863}},"21":{"start":{"line":2,"column":866},"end":{"line":2,"column":925}},"22":{"start":{"line":2,"column":944},"end":{"line":2,"column":974}},"23":{"start":{"line":2,"column":992},"end":{"line":2,"column":1010}},"24":{"start":{"line":2,"column":1034},"end":{"line":2,"column":1056}},"25":{"start":{"line":2,"column":1084},"end":{"line":2,"column":1664}},"26":{"start":{"line":2,"column":1255},"end":{"line":2,"column":1276}},"27":{"start":{"line":2,"column":1565},"end":{"line":2,"column":1662}},"28":{"start":{"line":2,"column":1701},"end":{"line":2,"column":1871}},"29":{"start":{"line":2,"column":1765},"end":{"line":2,"column":1869}},"30":{"start":{"line":2,"column":1872},"end":{"line":2,"column":1945}}},"fnMap":{"0":{"name":"(anonymous_0)","decl":{"start":{"line":1,"column":1},"end":{"line":1,"column":2}},"loc":{"start":{"line":1,"column":5},"end":{"line":3,"column":1}},"line":1},"1":{"name":"(anonymous_1)","decl":{"start":{"line":2,"column":213},"end":{"line":2,"column":214}},"loc":{"start":{"line":2,"column":227},"end":{"line":2,"column":303}},"line":2},"2":{"name":"(anonymous_2)","decl":{"start":{"line":2,"column":320},"end":{"line":2,"column":321}},"loc":{"start":{"line":2,"column":343},"end":{"line":2,"column":597}},"line":2},"3":{"name":"(anonymous_3)","decl":{"start":{"line":2,"column":508},"end":{"line":2,"column":509}},"loc":{"start":{"line":2,"column":512},"end":{"line":2,"column":521}},"line":2},"4":{"name":"(anonymous_4)","decl":{"start":{"line":2,"column":615},"end":{"line":2,"column":616}},"loc":{"start":{"line":2,"column":620},"end":{"line":2,"column":676}},"line":2},"5":{"name":"(anonymous_5)","decl":{"start":{"line":2,"column":775},"end":{"line":2,"column":776}},"loc":{"start":{"line":2,"column":779},"end":{"line":2,"column":799}},"line":2},"6":{"name":"(anonymous_6)","decl":{"start":{"line":2,"column":830},"end":{"line":2,"column":831}},"loc":{"start":{"line":2,"column":834},"end":{"line":2,"column":863}},"line":2},"7":{"name":"(anonymous_7)","decl":{"start":{"line":2,"column":1251},"end":{"line":2,"column":1252}},"loc":{"start":{"line":2,"column":1255},"end":{"line":2,"column":1276}},"line":2},"8":{"name":"(anonymous_8)","decl":{"start":{"line":2,"column":1561},"end":{"line":2,"column":1562}},"loc":{"start":{"line":2,"column":1565},"end":{"line":2,"column":1662}},"line":2},"9":{"name":"(anonymous_9)","decl":{"start":{"line":2,"column":1755},"end":{"line":2,"column":1756}},"loc":{"start":{"line":2,"column":1765},"end":{"line":2,"column":1869}},"line":2}},"branchMap":{"0":{"loc":{"start":{"line":2,"column":344},"end":{"line":2,"column":587}},"type":"if","locations":[{"start":{"line":2,"column":344},"end":{"line":2,"column":587}},{"start":{},"end":{}}],"line":2},"1":{"loc":{"start":{"line":2,"column":347},"end":{"line":2,"column":401}},"type":"binary-expr","locations":[{"start":{"line":2,"column":347},"end":{"line":2,"column":351}},{"start":{"line":2,"column":353},"end":{"line":2,"column":375}},{"start":{"line":2,"column":377},"end":{"line":2,"column":401}}],"line":2},"2":{"loc":{"start":{"line":2,"column":442},"end":{"line":2,"column":586}},"type":"if","locations":[{"start":{"line":2,"column":442},"end":{"line":2,"column":586}},{"start":{},"end":{}}],"line":2},"3":{"loc":{"start":{"line":2,"column":445},"end":{"line":2,"column":485}},"type":"binary-expr","locations":[{"start":{"line":2,"column":445},"end":{"line":2,"column":471}},{"start":{"line":2,"column":473},"end":{"line":2,"column":485}}],"line":2},"4":{"loc":{"start":{"line":2,"column":533},"end":{"line":2,"column":584}},"type":"binary-expr","locations":[{"start":{"line":2,"column":533},"end":{"line":2,"column":567}},{"start":{"line":2,"column":569},"end":{"line":2,"column":584}}],"line":2},"5":{"loc":{"start":{"line":2,"column":1872},"end":{"line":2,"column":1944}},"type":"binary-expr","locations":[{"start":{"line":2,"column":1872},"end":{"line":2,"column":1873}},{"start":{"line":2,"column":1876},"end":{"line":2,"column":1943}}],"line":2}},"s":{"0":1,"1":1,"2":1,"3":1,"4":1,"5":1,"6":1,"7":2,"8":1,"9":1,"10":1,"11":2,"12":2,"13":0,"14":1,"15":1,"16":1,"17":1,"18":1,"19":0,"20":0,"21":1,"22":1,"23":1,"24":1,"25":1,"26":0,"27":0,"28":1,"29":0,"30":1},"f":{"0":1,"1":1,"2":1,"3":0,"4":1,"5":0,"6":0,"7":0,"8":0,"9":0},"b":{"0":[1,0],"1":[1,1,0],"2":[2,0],"3":[2,2],"4":[2,2],"5":[1,0]},"inputSourceMap":{"version":3,"mappings":";qqBAAA,2QAA0D,+BAC1D,iBAAsB,mBACtB,uBAA0B,uBAEnB,MAAM,wBAAuB,wBAClC,wBACA,CACE,MAAI,qBAAK,IAAI,EAAE,WAAW,EAAE,cAAc,EAC1C,UAAQ,qBAAK,SAAS,EACnB,WAAW,IAAM,mBAAM,EAAE,EACzB,QAAQ,EACX,YAAU,wBAAQ,WAAY,CAAE,OAAQ,GAAI,CAAC,EAC7C,WAAS,wBAAQ,UAAW,CAAE,OAAQ,GAAI,CAAC,EAC3C,aAAW,0BAAU,YAAY,EAAE,QAAQ,EAAE,WAAW,EACxD,aAAW,0BAAU,YAAY,EAAE,QAAQ,EAAE,WAAW,CAC1D,EACC,IAAO,CACN,wBAAsB,uBAAO,sBAAsB,EAAE,GAAG,EAAE,SAAU,EAAE,OAAO,CAC/E,EACF,EAEO,MAAM,iCAAgC,8BAAU,qBAAsB,CAAC,CAAE,GAAI,KAAO,CACzF,KAAM,IAAI,mBAAO,CACf,OAAQ,CAAC,qBAAqB,MAAM,EACpC,WAAY,CAAC,mBAAM,EAAE,CACvB,CAAC,CACH,EAAE","names":[],"ignoreList":[],"sources":["/Users/diegoalzate/Code/work/lexicon/pluraltools-backend/src/db/schema/federated-credentials.ts"],"sourcesContent":[null]},"_coverageSchema":"1a1c01bbd47fc00a2c39e90264f33305004495a9","hash":"52c6fa17823ee9ea1c435ba927fa3015fd5d6b61"},"/Users/diegoalzate/Code/work/lexicon/pluraltools-backend/src/db/schema/comments.ts":{"path":"/Users/diegoalzate/Code/work/lexicon/pluraltools-backend/src/db/schema/comments.ts","statementMap":{"0":{"start":{"line":1,"column":0},"end":{"line":3,"column":4}},"1":{"start":{"line":2,"column":27},"end":{"line":2,"column":48}},"2":{"start":{"line":2,"column":70},"end":{"line":2,"column":101}},"3":{"start":{"line":2,"column":124},"end":{"line":2,"column":150}},"4":{"start":{"line":2,"column":168},"end":{"line":2,"column":199}},"5":{"start":{"line":2,"column":213},"end":{"line":2,"column":303}},"6":{"start":{"line":2,"column":228},"end":{"line":2,"column":302}},"7":{"start":{"line":2,"column":248},"end":{"line":2,"column":302}},"8":{"start":{"line":2,"column":320},"end":{"line":2,"column":597}},"9":{"start":{"line":2,"column":344},"end":{"line":2,"column":587}},"10":{"start":{"line":2,"column":403},"end":{"line":2,"column":586}},"11":{"start":{"line":2,"column":442},"end":{"line":2,"column":586}},"12":{"start":{"line":2,"column":486},"end":{"line":2,"column":586}},"13":{"start":{"line":2,"column":512},"end":{"line":2,"column":521}},"14":{"start":{"line":2,"column":587},"end":{"line":2,"column":596}},"15":{"start":{"line":2,"column":615},"end":{"line":2,"column":676}},"16":{"start":{"line":2,"column":620},"end":{"line":2,"column":676}},"17":{"start":{"line":2,"column":698},"end":{"line":2,"column":700}},"18":{"start":{"line":2,"column":701},"end":{"line":2,"column":792}},"19":{"start":{"line":2,"column":741},"end":{"line":2,"column":749}},"20":{"start":{"line":2,"column":772},"end":{"line":2,"column":789}},"21":{"start":{"line":2,"column":792},"end":{"line":2,"column":838}},"22":{"start":{"line":2,"column":861},"end":{"line":2,"column":883}},"23":{"start":{"line":2,"column":903},"end":{"line":2,"column":933}},"24":{"start":{"line":2,"column":953},"end":{"line":2,"column":973}},"25":{"start":{"line":2,"column":991},"end":{"line":2,"column":1009}},"26":{"start":{"line":2,"column":1027},"end":{"line":2,"column":1045}},"27":{"start":{"line":2,"column":1061},"end":{"line":2,"column":1535}},"28":{"start":{"line":2,"column":1219},"end":{"line":2,"column":1240}},"29":{"start":{"line":2,"column":1303},"end":{"line":2,"column":1328}},"30":{"start":{"line":2,"column":1560},"end":{"line":2,"column":1845}},"31":{"start":{"line":2,"column":1617},"end":{"line":2,"column":1843}},"32":{"start":{"line":2,"column":1846},"end":{"line":2,"column":1895}}},"fnMap":{"0":{"name":"(anonymous_0)","decl":{"start":{"line":1,"column":1},"end":{"line":1,"column":2}},"loc":{"start":{"line":1,"column":5},"end":{"line":3,"column":1}},"line":1},"1":{"name":"(anonymous_1)","decl":{"start":{"line":2,"column":213},"end":{"line":2,"column":214}},"loc":{"start":{"line":2,"column":227},"end":{"line":2,"column":303}},"line":2},"2":{"name":"(anonymous_2)","decl":{"start":{"line":2,"column":320},"end":{"line":2,"column":321}},"loc":{"start":{"line":2,"column":343},"end":{"line":2,"column":597}},"line":2},"3":{"name":"(anonymous_3)","decl":{"start":{"line":2,"column":508},"end":{"line":2,"column":509}},"loc":{"start":{"line":2,"column":512},"end":{"line":2,"column":521}},"line":2},"4":{"name":"(anonymous_4)","decl":{"start":{"line":2,"column":615},"end":{"line":2,"column":616}},"loc":{"start":{"line":2,"column":620},"end":{"line":2,"column":676}},"line":2},"5":{"name":"(anonymous_5)","decl":{"start":{"line":2,"column":737},"end":{"line":2,"column":738}},"loc":{"start":{"line":2,"column":741},"end":{"line":2,"column":749}},"line":2},"6":{"name":"(anonymous_6)","decl":{"start":{"line":2,"column":768},"end":{"line":2,"column":769}},"loc":{"start":{"line":2,"column":772},"end":{"line":2,"column":789}},"line":2},"7":{"name":"(anonymous_7)","decl":{"start":{"line":2,"column":1215},"end":{"line":2,"column":1216}},"loc":{"start":{"line":2,"column":1219},"end":{"line":2,"column":1240}},"line":2},"8":{"name":"(anonymous_8)","decl":{"start":{"line":2,"column":1299},"end":{"line":2,"column":1300}},"loc":{"start":{"line":2,"column":1303},"end":{"line":2,"column":1328}},"line":2},"9":{"name":"(anonymous_9)","decl":{"start":{"line":2,"column":1602},"end":{"line":2,"column":1603}},"loc":{"start":{"line":2,"column":1617},"end":{"line":2,"column":1843}},"line":2}},"branchMap":{"0":{"loc":{"start":{"line":2,"column":344},"end":{"line":2,"column":587}},"type":"if","locations":[{"start":{"line":2,"column":344},"end":{"line":2,"column":587}},{"start":{},"end":{}}],"line":2},"1":{"loc":{"start":{"line":2,"column":347},"end":{"line":2,"column":401}},"type":"binary-expr","locations":[{"start":{"line":2,"column":347},"end":{"line":2,"column":351}},{"start":{"line":2,"column":353},"end":{"line":2,"column":375}},{"start":{"line":2,"column":377},"end":{"line":2,"column":401}}],"line":2},"2":{"loc":{"start":{"line":2,"column":442},"end":{"line":2,"column":586}},"type":"if","locations":[{"start":{"line":2,"column":442},"end":{"line":2,"column":586}},{"start":{},"end":{}}],"line":2},"3":{"loc":{"start":{"line":2,"column":445},"end":{"line":2,"column":485}},"type":"binary-expr","locations":[{"start":{"line":2,"column":445},"end":{"line":2,"column":471}},{"start":{"line":2,"column":473},"end":{"line":2,"column":485}}],"line":2},"4":{"loc":{"start":{"line":2,"column":533},"end":{"line":2,"column":584}},"type":"binary-expr","locations":[{"start":{"line":2,"column":533},"end":{"line":2,"column":567}},{"start":{"line":2,"column":569},"end":{"line":2,"column":584}}],"line":2},"5":{"loc":{"start":{"line":2,"column":1846},"end":{"line":2,"column":1894}},"type":"binary-expr","locations":[{"start":{"line":2,"column":1846},"end":{"line":2,"column":1847}},{"start":{"line":2,"column":1850},"end":{"line":2,"column":1893}}],"line":2}},"s":{"0":1,"1":1,"2":1,"3":1,"4":1,"5":1,"6":1,"7":2,"8":1,"9":1,"10":1,"11":2,"12":2,"13":1,"14":1,"15":1,"16":1,"17":1,"18":1,"19":1,"20":0,"21":1,"22":1,"23":1,"24":1,"25":1,"26":1,"27":1,"28":0,"29":0,"30":1,"31":0,"32":1},"f":{"0":1,"1":1,"2":1,"3":1,"4":1,"5":1,"6":0,"7":0,"8":0,"9":0},"b":{"0":[1,0],"1":[1,1,0],"2":[2,0],"3":[2,2],"4":[2,2],"5":[1,0]},"inputSourceMap":{"version":3,"mappings":";qqBAAA,wLAA0B,uBAC1B,mBAAkD,+BAClD,mBAAwB,qBACxB,iBAAsB,mBACtB,iBAAsB,mBAEf,MAAM,YAAW,wBAAQ,WAAY,CAC1C,MAAI,qBAAK,IAAI,EAAE,WAAW,EAAE,cAAc,EAC1C,UAAQ,qBAAK,SAAS,EAAE,WAAW,IAAM,mBAAM,EAAE,EACjD,YAAU,qBAAK,WAAW,EAAE,WAAW,IAAM,uBAAQ,EAAE,EACvD,SAAO,wBAAQ,OAAO,EAAE,QAAQ,EAChC,aAAW,0BAAU,YAAY,EAAE,QAAQ,EAAE,WAAW,EACxD,aAAW,0BAAU,YAAY,EAAE,QAAQ,EAAE,WAAW,CAC1D,CAAC,EAEM,MAAM,qBAAoB,8BAAU,SAAU,CAAC,CAAE,IAAK,IAAK,KAAO,CACvE,KAAM,IAAI,mBAAO,CACf,OAAQ,CAAC,SAAS,MAAM,EACxB,WAAY,CAAC,mBAAM,EAAE,CACvB,CAAC,EACD,OAAQ,IAAI,uBAAS,CACnB,OAAQ,CAAC,SAAS,QAAQ,EAC1B,WAAY,CAAC,uBAAQ,EAAE,CACzB,CAAC,EACD,MAAO,KAAK,kBAAK,CACnB,EAAE","names":[],"ignoreList":[],"sources":["/Users/diegoalzate/Code/work/lexicon/pluraltools-backend/src/db/schema/comments.ts"],"sourcesContent":[null]},"_coverageSchema":"1a1c01bbd47fc00a2c39e90264f33305004495a9","hash":"055dacfd98de118770e80343df4cf9e103fc81a8"},"/Users/diegoalzate/Code/work/lexicon/pluraltools-backend/src/db/schema/options.ts":{"path":"/Users/diegoalzate/Code/work/lexicon/pluraltools-backend/src/db/schema/options.ts","statementMap":{"0":{"start":{"line":1,"column":0},"end":{"line":3,"column":4}},"1":{"start":{"line":2,"column":27},"end":{"line":2,"column":48}},"2":{"start":{"line":2,"column":70},"end":{"line":2,"column":101}},"3":{"start":{"line":2,"column":124},"end":{"line":2,"column":150}},"4":{"start":{"line":2,"column":168},"end":{"line":2,"column":199}},"5":{"start":{"line":2,"column":213},"end":{"line":2,"column":303}},"6":{"start":{"line":2,"column":228},"end":{"line":2,"column":302}},"7":{"start":{"line":2,"column":248},"end":{"line":2,"column":302}},"8":{"start":{"line":2,"column":320},"end":{"line":2,"column":597}},"9":{"start":{"line":2,"column":344},"end":{"line":2,"column":587}},"10":{"start":{"line":2,"column":403},"end":{"line":2,"column":586}},"11":{"start":{"line":2,"column":442},"end":{"line":2,"column":586}},"12":{"start":{"line":2,"column":486},"end":{"line":2,"column":586}},"13":{"start":{"line":2,"column":512},"end":{"line":2,"column":521}},"14":{"start":{"line":2,"column":587},"end":{"line":2,"column":596}},"15":{"start":{"line":2,"column":615},"end":{"line":2,"column":676}},"16":{"start":{"line":2,"column":620},"end":{"line":2,"column":676}},"17":{"start":{"line":2,"column":697},"end":{"line":2,"column":699}},"18":{"start":{"line":2,"column":700},"end":{"line":2,"column":802}},"19":{"start":{"line":2,"column":738},"end":{"line":2,"column":745}},"20":{"start":{"line":2,"column":775},"end":{"line":2,"column":799}},"21":{"start":{"line":2,"column":802},"end":{"line":2,"column":847}},"22":{"start":{"line":2,"column":866},"end":{"line":2,"column":896}},"23":{"start":{"line":2,"column":918},"end":{"line":2,"column":940}},"24":{"start":{"line":2,"column":964},"end":{"line":2,"column":986}},"25":{"start":{"line":2,"column":1004},"end":{"line":2,"column":1022}},"26":{"start":{"line":2,"column":1048},"end":{"line":2,"column":1074}},"27":{"start":{"line":2,"column":1095},"end":{"line":2,"column":1116}},"28":{"start":{"line":2,"column":1134},"end":{"line":2,"column":1152}},"29":{"start":{"line":2,"column":1171},"end":{"line":2,"column":1190}},"30":{"start":{"line":2,"column":1205},"end":{"line":2,"column":2199}},"31":{"start":{"line":2,"column":1362},"end":{"line":2,"column":1383}},"32":{"start":{"line":2,"column":1458},"end":{"line":2,"column":1495}},"33":{"start":{"line":2,"column":1556},"end":{"line":2,"column":1579}},"34":{"start":{"line":2,"column":1646},"end":{"line":2,"column":1675}},"35":{"start":{"line":2,"column":2231},"end":{"line":2,"column":2799}},"36":{"start":{"line":2,"column":2287},"end":{"line":2,"column":2797}},"37":{"start":{"line":2,"column":2800},"end":{"line":2,"column":2855}}},"fnMap":{"0":{"name":"(anonymous_0)","decl":{"start":{"line":1,"column":1},"end":{"line":1,"column":2}},"loc":{"start":{"line":1,"column":5},"end":{"line":3,"column":1}},"line":1},"1":{"name":"(anonymous_1)","decl":{"start":{"line":2,"column":213},"end":{"line":2,"column":214}},"loc":{"start":{"line":2,"column":227},"end":{"line":2,"column":303}},"line":2},"2":{"name":"(anonymous_2)","decl":{"start":{"line":2,"column":320},"end":{"line":2,"column":321}},"loc":{"start":{"line":2,"column":343},"end":{"line":2,"column":597}},"line":2},"3":{"name":"(anonymous_3)","decl":{"start":{"line":2,"column":508},"end":{"line":2,"column":509}},"loc":{"start":{"line":2,"column":512},"end":{"line":2,"column":521}},"line":2},"4":{"name":"(anonymous_4)","decl":{"start":{"line":2,"column":615},"end":{"line":2,"column":616}},"loc":{"start":{"line":2,"column":620},"end":{"line":2,"column":676}},"line":2},"5":{"name":"(anonymous_5)","decl":{"start":{"line":2,"column":734},"end":{"line":2,"column":735}},"loc":{"start":{"line":2,"column":738},"end":{"line":2,"column":745}},"line":2},"6":{"name":"(anonymous_6)","decl":{"start":{"line":2,"column":771},"end":{"line":2,"column":772}},"loc":{"start":{"line":2,"column":775},"end":{"line":2,"column":799}},"line":2},"7":{"name":"(anonymous_7)","decl":{"start":{"line":2,"column":1358},"end":{"line":2,"column":1359}},"loc":{"start":{"line":2,"column":1362},"end":{"line":2,"column":1383}},"line":2},"8":{"name":"(anonymous_8)","decl":{"start":{"line":2,"column":1454},"end":{"line":2,"column":1455}},"loc":{"start":{"line":2,"column":1458},"end":{"line":2,"column":1495}},"line":2},"9":{"name":"(anonymous_9)","decl":{"start":{"line":2,"column":1552},"end":{"line":2,"column":1553}},"loc":{"start":{"line":2,"column":1556},"end":{"line":2,"column":1579}},"line":2},"10":{"name":"(anonymous_10)","decl":{"start":{"line":2,"column":1642},"end":{"line":2,"column":1643}},"loc":{"start":{"line":2,"column":1646},"end":{"line":2,"column":1675}},"line":2},"11":{"name":"(anonymous_11)","decl":{"start":{"line":2,"column":2272},"end":{"line":2,"column":2273}},"loc":{"start":{"line":2,"column":2287},"end":{"line":2,"column":2797}},"line":2}},"branchMap":{"0":{"loc":{"start":{"line":2,"column":344},"end":{"line":2,"column":587}},"type":"if","locations":[{"start":{"line":2,"column":344},"end":{"line":2,"column":587}},{"start":{},"end":{}}],"line":2},"1":{"loc":{"start":{"line":2,"column":347},"end":{"line":2,"column":401}},"type":"binary-expr","locations":[{"start":{"line":2,"column":347},"end":{"line":2,"column":351}},{"start":{"line":2,"column":353},"end":{"line":2,"column":375}},{"start":{"line":2,"column":377},"end":{"line":2,"column":401}}],"line":2},"2":{"loc":{"start":{"line":2,"column":442},"end":{"line":2,"column":586}},"type":"if","locations":[{"start":{"line":2,"column":442},"end":{"line":2,"column":586}},{"start":{},"end":{}}],"line":2},"3":{"loc":{"start":{"line":2,"column":445},"end":{"line":2,"column":485}},"type":"binary-expr","locations":[{"start":{"line":2,"column":445},"end":{"line":2,"column":471}},{"start":{"line":2,"column":473},"end":{"line":2,"column":485}}],"line":2},"4":{"loc":{"start":{"line":2,"column":533},"end":{"line":2,"column":584}},"type":"binary-expr","locations":[{"start":{"line":2,"column":533},"end":{"line":2,"column":567}},{"start":{"line":2,"column":569},"end":{"line":2,"column":584}}],"line":2},"5":{"loc":{"start":{"line":2,"column":2800},"end":{"line":2,"column":2854}},"type":"binary-expr","locations":[{"start":{"line":2,"column":2800},"end":{"line":2,"column":2801}},{"start":{"line":2,"column":2804},"end":{"line":2,"column":2853}}],"line":2}},"s":{"0":1,"1":1,"2":1,"3":1,"4":1,"5":1,"6":1,"7":2,"8":1,"9":1,"10":1,"11":2,"12":2,"13":1,"14":1,"15":1,"16":1,"17":1,"18":1,"19":1,"20":0,"21":1,"22":1,"23":1,"24":1,"25":1,"26":1,"27":1,"28":1,"29":1,"30":1,"31":0,"32":0,"33":0,"34":0,"35":1,"36":0,"37":1},"f":{"0":1,"1":1,"2":1,"3":1,"4":1,"5":1,"6":0,"7":0,"8":0,"9":0,"10":0,"11":0},"b":{"0":[1,0],"1":[1,1,0],"2":[2,0],"3":[2,2],"4":[2,2],"5":[1,0]},"inputSourceMap":{"version":3,"mappings":";qqBAAA,6LAA2E,+BAC3E,qBAA0B,uBAC1B,uBAA0B,uBAC1B,iBAAsB,mBACtB,yBAA8B,2BAC9B,oBAAyB,sBACzB,iBAAsB,mBACtB,kBAAuB,oBAEhB,MAAM,WAAU,wBAAQ,UAAW,CACxC,MAAI,qBAAK,IAAI,EAAE,WAAW,EAAE,cAAc,EAC1C,UAAQ,qBAAK,SAAS,EAAE,WAAW,IAAM,mBAAM,EAAE,EACjD,kBAAgB,qBAAK,iBAAiB,EAAE,WAAW,IAAM,mCAAc,EAAE,EACzE,WAAS,qBAAK,UAAU,EAAE,WAAW,IAAM,qBAAO,EAAE,EACpD,cAAY,qBAAK,aAAa,EAC3B,WAAW,IAAM,2BAAU,EAAE,EAC7B,QAAQ,EACX,SAAO,wBAAQ,QAAS,CAAE,OAAQ,GAAI,CAAC,EAAE,QAAQ,EACjD,YAAU,wBAAQ,WAAW,EAC7B,QAAM,wBAAQ,MAAM,EAAE,QAAQ,KAAK,EACnC,aAAW,wBAAQ,YAAY,EAAE,QAAQ,EAAE,QAAQ,KAAK,EACxD,kBAAgB,wBAAQ,iBAAiB,EAAE,QAAQ,KAAK,EACxD,QAAM,sBAAM,MAAM,EAClB,aAAW,0BAAU,YAAY,EAAE,QAAQ,EAAE,WAAW,EACxD,aAAW,0BAAU,YAAY,EAAE,QAAQ,EAAE,WAAW,CAC1D,CAAC,EAEM,MAAM,4BAA2B,8BAAU,QAAS,CAAC,CAAE,IAAK,IAAK,KAAO,CAC7E,KAAM,IAAI,mBAAO,CACf,OAAQ,CAAC,QAAQ,MAAM,EACvB,WAAY,CAAC,mBAAM,EAAE,CACvB,CAAC,EACD,SAAU,IAAI,2BAAW,CACvB,OAAQ,CAAC,QAAQ,UAAU,EAC3B,WAAY,CAAC,2BAAU,EAAE,CAC3B,CAAC,EACD,cAAe,IAAI,mCAAe,CAChC,OAAQ,CAAC,QAAQ,cAAc,EAC/B,WAAY,CAAC,mCAAc,EAAE,CAC/B,CAAC,EACD,MAAO,IAAI,qBAAQ,CACjB,OAAQ,CAAC,QAAQ,OAAO,EACxB,WAAY,CAAC,qBAAO,EAAE,CACxB,CAAC,EACD,QAAS,KAAK,wBAAQ,EACtB,MAAO,KAAK,kBAAK,CACnB,EAAE","names":[],"ignoreList":[],"sources":["/Users/diegoalzate/Code/work/lexicon/pluraltools-backend/src/db/schema/options.ts"],"sourcesContent":[null]},"_coverageSchema":"1a1c01bbd47fc00a2c39e90264f33305004495a9","hash":"eb92d178f00754466924aed60942d8ab34e0103a"},"/Users/diegoalzate/Code/work/lexicon/pluraltools-backend/src/db/schema/questions.ts":{"path":"/Users/diegoalzate/Code/work/lexicon/pluraltools-backend/src/db/schema/questions.ts","statementMap":{"0":{"start":{"line":1,"column":0},"end":{"line":3,"column":4}},"1":{"start":{"line":2,"column":27},"end":{"line":2,"column":48}},"2":{"start":{"line":2,"column":70},"end":{"line":2,"column":101}},"3":{"start":{"line":2,"column":124},"end":{"line":2,"column":150}},"4":{"start":{"line":2,"column":168},"end":{"line":2,"column":199}},"5":{"start":{"line":2,"column":213},"end":{"line":2,"column":303}},"6":{"start":{"line":2,"column":228},"end":{"line":2,"column":302}},"7":{"start":{"line":2,"column":248},"end":{"line":2,"column":302}},"8":{"start":{"line":2,"column":320},"end":{"line":2,"column":597}},"9":{"start":{"line":2,"column":344},"end":{"line":2,"column":587}},"10":{"start":{"line":2,"column":403},"end":{"line":2,"column":586}},"11":{"start":{"line":2,"column":442},"end":{"line":2,"column":586}},"12":{"start":{"line":2,"column":486},"end":{"line":2,"column":586}},"13":{"start":{"line":2,"column":512},"end":{"line":2,"column":521}},"14":{"start":{"line":2,"column":587},"end":{"line":2,"column":596}},"15":{"start":{"line":2,"column":615},"end":{"line":2,"column":676}},"16":{"start":{"line":2,"column":620},"end":{"line":2,"column":676}},"17":{"start":{"line":2,"column":699},"end":{"line":2,"column":701}},"18":{"start":{"line":2,"column":702},"end":{"line":2,"column":808}},"19":{"start":{"line":2,"column":758},"end":{"line":2,"column":781}},"20":{"start":{"line":2,"column":796},"end":{"line":2,"column":805}},"21":{"start":{"line":2,"column":808},"end":{"line":2,"column":855}},"22":{"start":{"line":2,"column":874},"end":{"line":2,"column":904}},"23":{"start":{"line":2,"column":923},"end":{"line":2,"column":942}},"24":{"start":{"line":2,"column":966},"end":{"line":2,"column":988}},"25":{"start":{"line":2,"column":1008},"end":{"line":2,"column":1028}},"26":{"start":{"line":2,"column":1070},"end":{"line":2,"column":1112}},"27":{"start":{"line":2,"column":1129},"end":{"line":2,"column":1900}},"28":{"start":{"line":2,"column":1290},"end":{"line":2,"column":1313}},"29":{"start":{"line":2,"column":1931},"end":{"line":2,"column":2224}},"30":{"start":{"line":2,"column":1989},"end":{"line":2,"column":2222}},"31":{"start":{"line":2,"column":2225},"end":{"line":2,"column":2281}}},"fnMap":{"0":{"name":"(anonymous_0)","decl":{"start":{"line":1,"column":1},"end":{"line":1,"column":2}},"loc":{"start":{"line":1,"column":5},"end":{"line":3,"column":1}},"line":1},"1":{"name":"(anonymous_1)","decl":{"start":{"line":2,"column":213},"end":{"line":2,"column":214}},"loc":{"start":{"line":2,"column":227},"end":{"line":2,"column":303}},"line":2},"2":{"name":"(anonymous_2)","decl":{"start":{"line":2,"column":320},"end":{"line":2,"column":321}},"loc":{"start":{"line":2,"column":343},"end":{"line":2,"column":597}},"line":2},"3":{"name":"(anonymous_3)","decl":{"start":{"line":2,"column":508},"end":{"line":2,"column":509}},"loc":{"start":{"line":2,"column":512},"end":{"line":2,"column":521}},"line":2},"4":{"name":"(anonymous_4)","decl":{"start":{"line":2,"column":615},"end":{"line":2,"column":616}},"loc":{"start":{"line":2,"column":620},"end":{"line":2,"column":676}},"line":2},"5":{"name":"(anonymous_5)","decl":{"start":{"line":2,"column":754},"end":{"line":2,"column":755}},"loc":{"start":{"line":2,"column":758},"end":{"line":2,"column":781}},"line":2},"6":{"name":"(anonymous_6)","decl":{"start":{"line":2,"column":792},"end":{"line":2,"column":793}},"loc":{"start":{"line":2,"column":796},"end":{"line":2,"column":805}},"line":2},"7":{"name":"(anonymous_7)","decl":{"start":{"line":2,"column":1286},"end":{"line":2,"column":1287}},"loc":{"start":{"line":2,"column":1290},"end":{"line":2,"column":1313}},"line":2},"8":{"name":"(anonymous_8)","decl":{"start":{"line":2,"column":1974},"end":{"line":2,"column":1975}},"loc":{"start":{"line":2,"column":1989},"end":{"line":2,"column":2222}},"line":2}},"branchMap":{"0":{"loc":{"start":{"line":2,"column":344},"end":{"line":2,"column":587}},"type":"if","locations":[{"start":{"line":2,"column":344},"end":{"line":2,"column":587}},{"start":{},"end":{}}],"line":2},"1":{"loc":{"start":{"line":2,"column":347},"end":{"line":2,"column":401}},"type":"binary-expr","locations":[{"start":{"line":2,"column":347},"end":{"line":2,"column":351}},{"start":{"line":2,"column":353},"end":{"line":2,"column":375}},{"start":{"line":2,"column":377},"end":{"line":2,"column":401}}],"line":2},"2":{"loc":{"start":{"line":2,"column":442},"end":{"line":2,"column":586}},"type":"if","locations":[{"start":{"line":2,"column":442},"end":{"line":2,"column":586}},{"start":{},"end":{}}],"line":2},"3":{"loc":{"start":{"line":2,"column":445},"end":{"line":2,"column":485}},"type":"binary-expr","locations":[{"start":{"line":2,"column":445},"end":{"line":2,"column":471}},{"start":{"line":2,"column":473},"end":{"line":2,"column":485}}],"line":2},"4":{"loc":{"start":{"line":2,"column":533},"end":{"line":2,"column":584}},"type":"binary-expr","locations":[{"start":{"line":2,"column":533},"end":{"line":2,"column":567}},{"start":{"line":2,"column":569},"end":{"line":2,"column":584}}],"line":2},"5":{"loc":{"start":{"line":2,"column":2225},"end":{"line":2,"column":2280}},"type":"binary-expr","locations":[{"start":{"line":2,"column":2225},"end":{"line":2,"column":2226}},{"start":{"line":2,"column":2229},"end":{"line":2,"column":2279}}],"line":2}},"s":{"0":1,"1":1,"2":1,"3":1,"4":1,"5":1,"6":1,"7":2,"8":1,"9":1,"10":1,"11":2,"12":2,"13":0,"14":1,"15":1,"16":1,"17":1,"18":1,"19":0,"20":0,"21":1,"22":1,"23":1,"24":1,"25":1,"26":1,"27":1,"28":0,"29":1,"30":0,"31":1},"f":{"0":1,"1":1,"2":1,"3":0,"4":1,"5":0,"6":0,"7":0,"8":0},"b":{"0":[1,0],"1":[1,1,0],"2":[2,0],"3":[2,2],"4":[2,2],"5":[1,0]},"inputSourceMap":{"version":3,"mappings":";qqBAAA,qMAAkE,+BAClE,kBAAuB,oBACvB,uBAA0B,uBAC1B,mBAAwB,qBACxB,yCAA2C,2CAEpC,MAAM,aAAY,wBAAQ,YAAa,CAC5C,MAAI,qBAAK,IAAI,EAAE,WAAW,EAAE,cAAc,EAC1C,WAAS,qBAAK,UAAU,EACrB,WAAW,IAAM,qBAAO,EAAE,EAC1B,QAAQ,EACX,SAAO,wBAAQ,QAAS,CAAE,OAAQ,GAAI,CAAC,EAAE,QAAQ,EACjD,YAAU,wBAAQ,YAAa,CAAE,OAAQ,GAAI,CAAC,EAC9C,aAAW,wBAAQ,aAAc,CAAE,OAAQ,GAAI,CAAC,EAAE,QAAQ,EAAE,QAAQ,MAAM,EAC1E,aAAW,wBAAQ,YAAY,EAAE,QAAQ,KAAK,EAC9C,UAAQ,sBAAM,QAAQ,EAAE,QAAQ,EAAE,QAAQ,CAAC,CAAC,EAC5C,iBAAe,wBAAQ,iBAAiB,EAAE,QAAQ,KAAK,EACvD,aAAW,0BAAU,YAAY,EAAE,QAAQ,EAAE,WAAW,EACxD,aAAW,0BAAU,YAAY,EAAE,QAAQ,EAAE,WAAW,CAC1D,CAAC,EAEM,MAAM,2BAA0B,8BAAU,UAAW,CAAC,CAAE,IAAK,IAAK,KAAO,CAC9E,MAAO,IAAI,qBAAQ,CACjB,OAAQ,CAAC,UAAU,OAAO,EAC1B,WAAY,CAAC,qBAAO,EAAE,CACxB,CAAC,EACD,QAAS,KAAK,sBAAO,EACrB,2BAA4B,KAAK,+DAA0B,CAC7D,EAAE","names":[],"ignoreList":[],"sources":["/Users/diegoalzate/Code/work/lexicon/pluraltools-backend/src/db/schema/questions.ts"],"sourcesContent":[null]},"_coverageSchema":"1a1c01bbd47fc00a2c39e90264f33305004495a9","hash":"3de714017203147302663d04e4b829df2c4c162f"},"/Users/diegoalzate/Code/work/lexicon/pluraltools-backend/src/db/schema/cycles.ts":{"path":"/Users/diegoalzate/Code/work/lexicon/pluraltools-backend/src/db/schema/cycles.ts","statementMap":{"0":{"start":{"line":1,"column":0},"end":{"line":3,"column":4}},"1":{"start":{"line":2,"column":27},"end":{"line":2,"column":48}},"2":{"start":{"line":2,"column":70},"end":{"line":2,"column":101}},"3":{"start":{"line":2,"column":124},"end":{"line":2,"column":150}},"4":{"start":{"line":2,"column":168},"end":{"line":2,"column":199}},"5":{"start":{"line":2,"column":213},"end":{"line":2,"column":303}},"6":{"start":{"line":2,"column":228},"end":{"line":2,"column":302}},"7":{"start":{"line":2,"column":248},"end":{"line":2,"column":302}},"8":{"start":{"line":2,"column":320},"end":{"line":2,"column":597}},"9":{"start":{"line":2,"column":344},"end":{"line":2,"column":587}},"10":{"start":{"line":2,"column":403},"end":{"line":2,"column":586}},"11":{"start":{"line":2,"column":442},"end":{"line":2,"column":586}},"12":{"start":{"line":2,"column":486},"end":{"line":2,"column":586}},"13":{"start":{"line":2,"column":512},"end":{"line":2,"column":521}},"14":{"start":{"line":2,"column":587},"end":{"line":2,"column":596}},"15":{"start":{"line":2,"column":615},"end":{"line":2,"column":676}},"16":{"start":{"line":2,"column":620},"end":{"line":2,"column":676}},"17":{"start":{"line":2,"column":696},"end":{"line":2,"column":698}},"18":{"start":{"line":2,"column":699},"end":{"line":2,"column":780}},"19":{"start":{"line":2,"column":735},"end":{"line":2,"column":741}},"20":{"start":{"line":2,"column":762},"end":{"line":2,"column":777}},"21":{"start":{"line":2,"column":780},"end":{"line":2,"column":824}},"22":{"start":{"line":2,"column":847},"end":{"line":2,"column":869}},"23":{"start":{"line":2,"column":889},"end":{"line":2,"column":919}},"24":{"start":{"line":2,"column":941},"end":{"line":2,"column":963}},"25":{"start":{"line":2,"column":982},"end":{"line":2,"column":1001}},"26":{"start":{"line":2,"column":1015},"end":{"line":2,"column":1541}},"27":{"start":{"line":2,"column":1173},"end":{"line":2,"column":1196}},"28":{"start":{"line":2,"column":1564},"end":{"line":2,"column":1760}},"29":{"start":{"line":2,"column":1619},"end":{"line":2,"column":1758}},"30":{"start":{"line":2,"column":1761},"end":{"line":2,"column":1806}}},"fnMap":{"0":{"name":"(anonymous_0)","decl":{"start":{"line":1,"column":1},"end":{"line":1,"column":2}},"loc":{"start":{"line":1,"column":5},"end":{"line":3,"column":1}},"line":1},"1":{"name":"(anonymous_1)","decl":{"start":{"line":2,"column":213},"end":{"line":2,"column":214}},"loc":{"start":{"line":2,"column":227},"end":{"line":2,"column":303}},"line":2},"2":{"name":"(anonymous_2)","decl":{"start":{"line":2,"column":320},"end":{"line":2,"column":321}},"loc":{"start":{"line":2,"column":343},"end":{"line":2,"column":597}},"line":2},"3":{"name":"(anonymous_3)","decl":{"start":{"line":2,"column":508},"end":{"line":2,"column":509}},"loc":{"start":{"line":2,"column":512},"end":{"line":2,"column":521}},"line":2},"4":{"name":"(anonymous_4)","decl":{"start":{"line":2,"column":615},"end":{"line":2,"column":616}},"loc":{"start":{"line":2,"column":620},"end":{"line":2,"column":676}},"line":2},"5":{"name":"(anonymous_5)","decl":{"start":{"line":2,"column":731},"end":{"line":2,"column":732}},"loc":{"start":{"line":2,"column":735},"end":{"line":2,"column":741}},"line":2},"6":{"name":"(anonymous_6)","decl":{"start":{"line":2,"column":758},"end":{"line":2,"column":759}},"loc":{"start":{"line":2,"column":762},"end":{"line":2,"column":777}},"line":2},"7":{"name":"(anonymous_7)","decl":{"start":{"line":2,"column":1169},"end":{"line":2,"column":1170}},"loc":{"start":{"line":2,"column":1173},"end":{"line":2,"column":1196}},"line":2},"8":{"name":"(anonymous_8)","decl":{"start":{"line":2,"column":1604},"end":{"line":2,"column":1605}},"loc":{"start":{"line":2,"column":1619},"end":{"line":2,"column":1758}},"line":2}},"branchMap":{"0":{"loc":{"start":{"line":2,"column":344},"end":{"line":2,"column":587}},"type":"if","locations":[{"start":{"line":2,"column":344},"end":{"line":2,"column":587}},{"start":{},"end":{}}],"line":2},"1":{"loc":{"start":{"line":2,"column":347},"end":{"line":2,"column":401}},"type":"binary-expr","locations":[{"start":{"line":2,"column":347},"end":{"line":2,"column":351}},{"start":{"line":2,"column":353},"end":{"line":2,"column":375}},{"start":{"line":2,"column":377},"end":{"line":2,"column":401}}],"line":2},"2":{"loc":{"start":{"line":2,"column":442},"end":{"line":2,"column":586}},"type":"if","locations":[{"start":{"line":2,"column":442},"end":{"line":2,"column":586}},{"start":{},"end":{}}],"line":2},"3":{"loc":{"start":{"line":2,"column":445},"end":{"line":2,"column":485}},"type":"binary-expr","locations":[{"start":{"line":2,"column":445},"end":{"line":2,"column":471}},{"start":{"line":2,"column":473},"end":{"line":2,"column":485}}],"line":2},"4":{"loc":{"start":{"line":2,"column":533},"end":{"line":2,"column":584}},"type":"binary-expr","locations":[{"start":{"line":2,"column":533},"end":{"line":2,"column":567}},{"start":{"line":2,"column":569},"end":{"line":2,"column":584}}],"line":2},"5":{"loc":{"start":{"line":2,"column":1761},"end":{"line":2,"column":1805}},"type":"binary-expr","locations":[{"start":{"line":2,"column":1761},"end":{"line":2,"column":1762}},{"start":{"line":2,"column":1765},"end":{"line":2,"column":1804}}],"line":2}},"s":{"0":1,"1":1,"2":1,"3":1,"4":1,"5":1,"6":1,"7":2,"8":1,"9":1,"10":1,"11":2,"12":2,"13":0,"14":1,"15":1,"16":1,"17":1,"18":1,"19":0,"20":0,"21":1,"22":1,"23":1,"24":1,"25":1,"26":1,"27":0,"28":1,"29":0,"30":1},"f":{"0":1,"1":1,"2":1,"3":0,"4":1,"5":0,"6":0,"7":0,"8":0},"b":{"0":[1,0],"1":[1,1,0],"2":[2,0],"3":[2,2],"4":[2,2],"5":[1,0]},"inputSourceMap":{"version":3,"mappings":";qqBAAA,0KAA0B,uBAC1B,mBAAkD,+BAClD,qBAA0B,uBAC1B,kBAAuB,oBAEhB,MAAM,UAAS,wBAAQ,SAAU,CACtC,MAAI,qBAAK,IAAI,EAAE,WAAW,EAAE,cAAc,EAC1C,WAAS,qBAAK,UAAU,EAAE,WAAW,IAAM,qBAAO,EAAE,EACpD,WAAS,0BAAU,UAAU,EAAE,QAAQ,EACvC,SAAO,0BAAU,QAAQ,EAAE,QAAQ,EAEnC,UAAQ,wBAAQ,SAAU,CACxB,OAAQ,EACV,CAAC,EAAE,QAAQ,UAAU,EACrB,aAAW,0BAAU,YAAY,EAAE,QAAQ,EAAE,WAAW,EACxD,aAAW,0BAAU,YAAY,EAAE,QAAQ,EAAE,WAAW,CAC1D,CAAC,EAEM,MAAM,mBAAkB,8BAAU,OAAQ,CAAC,CAAE,KAAM,GAAI,KAAO,CACnE,UAAW,KAAK,0BAAS,EACzB,MAAO,IAAI,qBAAQ,CACjB,OAAQ,CAAC,OAAO,OAAO,EACvB,WAAY,CAAC,qBAAO,EAAE,CACxB,CAAC,CACH,EAAE","names":[],"ignoreList":[],"sources":["/Users/diegoalzate/Code/work/lexicon/pluraltools-backend/src/db/schema/cycles.ts"],"sourcesContent":[null]},"_coverageSchema":"1a1c01bbd47fc00a2c39e90264f33305004495a9","hash":"59a7e3843def92f82e6a4fa076c181ce055be3bb"},"/Users/diegoalzate/Code/work/lexicon/pluraltools-backend/src/db/schema/events.ts":{"path":"/Users/diegoalzate/Code/work/lexicon/pluraltools-backend/src/db/schema/events.ts","statementMap":{"0":{"start":{"line":1,"column":0},"end":{"line":3,"column":4}},"1":{"start":{"line":2,"column":27},"end":{"line":2,"column":48}},"2":{"start":{"line":2,"column":70},"end":{"line":2,"column":101}},"3":{"start":{"line":2,"column":124},"end":{"line":2,"column":150}},"4":{"start":{"line":2,"column":168},"end":{"line":2,"column":199}},"5":{"start":{"line":2,"column":213},"end":{"line":2,"column":303}},"6":{"start":{"line":2,"column":228},"end":{"line":2,"column":302}},"7":{"start":{"line":2,"column":248},"end":{"line":2,"column":302}},"8":{"start":{"line":2,"column":320},"end":{"line":2,"column":597}},"9":{"start":{"line":2,"column":344},"end":{"line":2,"column":587}},"10":{"start":{"line":2,"column":403},"end":{"line":2,"column":586}},"11":{"start":{"line":2,"column":442},"end":{"line":2,"column":586}},"12":{"start":{"line":2,"column":486},"end":{"line":2,"column":586}},"13":{"start":{"line":2,"column":512},"end":{"line":2,"column":521}},"14":{"start":{"line":2,"column":587},"end":{"line":2,"column":596}},"15":{"start":{"line":2,"column":615},"end":{"line":2,"column":676}},"16":{"start":{"line":2,"column":620},"end":{"line":2,"column":676}},"17":{"start":{"line":2,"column":696},"end":{"line":2,"column":698}},"18":{"start":{"line":2,"column":699},"end":{"line":2,"column":780}},"19":{"start":{"line":2,"column":735},"end":{"line":2,"column":741}},"20":{"start":{"line":2,"column":762},"end":{"line":2,"column":777}},"21":{"start":{"line":2,"column":780},"end":{"line":2,"column":824}},"22":{"start":{"line":2,"column":847},"end":{"line":2,"column":869}},"23":{"start":{"line":2,"column":889},"end":{"line":2,"column":919}},"24":{"start":{"line":2,"column":945},"end":{"line":2,"column":971}},"25":{"start":{"line":2,"column":990},"end":{"line":2,"column":1009}},"26":{"start":{"line":2,"column":1041},"end":{"line":2,"column":1073}},"27":{"start":{"line":2,"column":1102},"end":{"line":2,"column":1131}},"28":{"start":{"line":2,"column":1145},"end":{"line":2,"column":1887}},"29":{"start":{"line":2,"column":1910},"end":{"line":2,"column":2186}},"30":{"start":{"line":2,"column":1961},"end":{"line":2,"column":2184}},"31":{"start":{"line":2,"column":2187},"end":{"line":2,"column":2232}}},"fnMap":{"0":{"name":"(anonymous_0)","decl":{"start":{"line":1,"column":1},"end":{"line":1,"column":2}},"loc":{"start":{"line":1,"column":5},"end":{"line":3,"column":1}},"line":1},"1":{"name":"(anonymous_1)","decl":{"start":{"line":2,"column":213},"end":{"line":2,"column":214}},"loc":{"start":{"line":2,"column":227},"end":{"line":2,"column":303}},"line":2},"2":{"name":"(anonymous_2)","decl":{"start":{"line":2,"column":320},"end":{"line":2,"column":321}},"loc":{"start":{"line":2,"column":343},"end":{"line":2,"column":597}},"line":2},"3":{"name":"(anonymous_3)","decl":{"start":{"line":2,"column":508},"end":{"line":2,"column":509}},"loc":{"start":{"line":2,"column":512},"end":{"line":2,"column":521}},"line":2},"4":{"name":"(anonymous_4)","decl":{"start":{"line":2,"column":615},"end":{"line":2,"column":616}},"loc":{"start":{"line":2,"column":620},"end":{"line":2,"column":676}},"line":2},"5":{"name":"(anonymous_5)","decl":{"start":{"line":2,"column":731},"end":{"line":2,"column":732}},"loc":{"start":{"line":2,"column":735},"end":{"line":2,"column":741}},"line":2},"6":{"name":"(anonymous_6)","decl":{"start":{"line":2,"column":758},"end":{"line":2,"column":759}},"loc":{"start":{"line":2,"column":762},"end":{"line":2,"column":777}},"line":2},"7":{"name":"(anonymous_7)","decl":{"start":{"line":2,"column":1950},"end":{"line":2,"column":1951}},"loc":{"start":{"line":2,"column":1961},"end":{"line":2,"column":2184}},"line":2}},"branchMap":{"0":{"loc":{"start":{"line":2,"column":344},"end":{"line":2,"column":587}},"type":"if","locations":[{"start":{"line":2,"column":344},"end":{"line":2,"column":587}},{"start":{},"end":{}}],"line":2},"1":{"loc":{"start":{"line":2,"column":347},"end":{"line":2,"column":401}},"type":"binary-expr","locations":[{"start":{"line":2,"column":347},"end":{"line":2,"column":351}},{"start":{"line":2,"column":353},"end":{"line":2,"column":375}},{"start":{"line":2,"column":377},"end":{"line":2,"column":401}}],"line":2},"2":{"loc":{"start":{"line":2,"column":442},"end":{"line":2,"column":586}},"type":"if","locations":[{"start":{"line":2,"column":442},"end":{"line":2,"column":586}},{"start":{},"end":{}}],"line":2},"3":{"loc":{"start":{"line":2,"column":445},"end":{"line":2,"column":485}},"type":"binary-expr","locations":[{"start":{"line":2,"column":445},"end":{"line":2,"column":471}},{"start":{"line":2,"column":473},"end":{"line":2,"column":485}}],"line":2},"4":{"loc":{"start":{"line":2,"column":533},"end":{"line":2,"column":584}},"type":"binary-expr","locations":[{"start":{"line":2,"column":533},"end":{"line":2,"column":567}},{"start":{"line":2,"column":569},"end":{"line":2,"column":584}}],"line":2},"5":{"loc":{"start":{"line":2,"column":2187},"end":{"line":2,"column":2231}},"type":"binary-expr","locations":[{"start":{"line":2,"column":2187},"end":{"line":2,"column":2188}},{"start":{"line":2,"column":2191},"end":{"line":2,"column":2230}}],"line":2}},"s":{"0":1,"1":1,"2":1,"3":1,"4":1,"5":1,"6":1,"7":2,"8":1,"9":1,"10":1,"11":2,"12":2,"13":0,"14":1,"15":1,"16":1,"17":1,"18":1,"19":0,"20":0,"21":1,"22":1,"23":1,"24":1,"25":1,"26":1,"27":1,"28":1,"29":1,"30":0,"31":1},"f":{"0":1,"1":1,"2":1,"3":0,"4":1,"5":0,"6":0,"7":0},"b":{"0":[1,0],"1":[1,1,0],"2":[2,0],"3":[2,2],"4":[2,2],"5":[1,0]},"inputSourceMap":{"version":3,"mappings":";qqBAAA,0KAA0B,uBAC1B,mBAA2E,+BAC3E,yBAA8B,2BAC9B,kBAAuB,oBACvB,+BAAmC,iCACnC,4BAAgC,8BAEzB,MAAM,UAAS,wBAAQ,SAAU,CACtC,MAAI,qBAAK,IAAI,EAAE,WAAW,EAAE,cAAc,EAC1C,QAAM,wBAAQ,MAAM,EAAE,QAAQ,EAC9B,mBAAiB,wBAAQ,kBAAkB,EAAE,QAAQ,EAAE,QAAQ,KAAK,EACpE,eAAa,wBAAQ,aAAa,EAClC,QAAM,wBAAQ,MAAM,EACpB,2BAAyB,wBAAQ,0BAA0B,EAC3D,UAAQ,sBAAM,QAAQ,EAAE,QAAQ,EAAE,QAAQ,CAAC,CAAC,EAC5C,YAAU,wBAAQ,WAAW,EAC7B,oBAAkB,wBAAQ,oBAAoB,EAC9C,aAAW,0BAAU,YAAY,EAAE,QAAQ,EAAE,WAAW,EACxD,aAAW,0BAAU,YAAY,EAAE,QAAQ,EAAE,WAAW,CAC1D,CAAC,EAEM,MAAM,mBAAkB,8BAAU,OAAQ,CAAC,CAAE,IAAK,KAAO,CAC9D,cAAe,KAAK,kCAAa,EACjC,mBAAoB,KAAK,6CAAkB,EAC3C,OAAQ,KAAK,oBAAM,EACnB,gBAAiB,KAAK,uCAAe,CACvC,EAAE","names":[],"ignoreList":[],"sources":["/Users/diegoalzate/Code/work/lexicon/pluraltools-backend/src/db/schema/events.ts"],"sourcesContent":[null]},"_coverageSchema":"1a1c01bbd47fc00a2c39e90264f33305004495a9","hash":"79f3f8897a181feff5927adc285556b0b1503395"},"/Users/diegoalzate/Code/work/lexicon/pluraltools-backend/src/db/schema/registrations.ts":{"path":"/Users/diegoalzate/Code/work/lexicon/pluraltools-backend/src/db/schema/registrations.ts","statementMap":{"0":{"start":{"line":1,"column":0},"end":{"line":3,"column":4}},"1":{"start":{"line":2,"column":27},"end":{"line":2,"column":48}},"2":{"start":{"line":2,"column":70},"end":{"line":2,"column":101}},"3":{"start":{"line":2,"column":124},"end":{"line":2,"column":150}},"4":{"start":{"line":2,"column":168},"end":{"line":2,"column":199}},"5":{"start":{"line":2,"column":213},"end":{"line":2,"column":303}},"6":{"start":{"line":2,"column":228},"end":{"line":2,"column":302}},"7":{"start":{"line":2,"column":248},"end":{"line":2,"column":302}},"8":{"start":{"line":2,"column":320},"end":{"line":2,"column":597}},"9":{"start":{"line":2,"column":344},"end":{"line":2,"column":587}},"10":{"start":{"line":2,"column":403},"end":{"line":2,"column":586}},"11":{"start":{"line":2,"column":442},"end":{"line":2,"column":586}},"12":{"start":{"line":2,"column":486},"end":{"line":2,"column":586}},"13":{"start":{"line":2,"column":512},"end":{"line":2,"column":521}},"14":{"start":{"line":2,"column":587},"end":{"line":2,"column":596}},"15":{"start":{"line":2,"column":615},"end":{"line":2,"column":676}},"16":{"start":{"line":2,"column":620},"end":{"line":2,"column":676}},"17":{"start":{"line":2,"column":703},"end":{"line":2,"column":705}},"18":{"start":{"line":2,"column":706},"end":{"line":2,"column":822}},"19":{"start":{"line":2,"column":756},"end":{"line":2,"column":769}},"20":{"start":{"line":2,"column":797},"end":{"line":2,"column":819}},"21":{"start":{"line":2,"column":822},"end":{"line":2,"column":873}},"22":{"start":{"line":2,"column":896},"end":{"line":2,"column":918}},"23":{"start":{"line":2,"column":938},"end":{"line":2,"column":968}},"24":{"start":{"line":2,"column":987},"end":{"line":2,"column":1006}},"25":{"start":{"line":2,"column":1036},"end":{"line":2,"column":1066}},"26":{"start":{"line":2,"column":1084},"end":{"line":2,"column":1102}},"27":{"start":{"line":2,"column":1121},"end":{"line":2,"column":1140}},"28":{"start":{"line":2,"column":1161},"end":{"line":2,"column":1787}},"29":{"start":{"line":2,"column":1324},"end":{"line":2,"column":1345}},"30":{"start":{"line":2,"column":1416},"end":{"line":2,"column":1439}},"31":{"start":{"line":2,"column":1510},"end":{"line":2,"column":1533}},"32":{"start":{"line":2,"column":1817},"end":{"line":2,"column":2247}},"33":{"start":{"line":2,"column":1879},"end":{"line":2,"column":2245}},"34":{"start":{"line":2,"column":2248},"end":{"line":2,"column":2307}}},"fnMap":{"0":{"name":"(anonymous_0)","decl":{"start":{"line":1,"column":1},"end":{"line":1,"column":2}},"loc":{"start":{"line":1,"column":5},"end":{"line":3,"column":1}},"line":1},"1":{"name":"(anonymous_1)","decl":{"start":{"line":2,"column":213},"end":{"line":2,"column":214}},"loc":{"start":{"line":2,"column":227},"end":{"line":2,"column":303}},"line":2},"2":{"name":"(anonymous_2)","decl":{"start":{"line":2,"column":320},"end":{"line":2,"column":321}},"loc":{"start":{"line":2,"column":343},"end":{"line":2,"column":597}},"line":2},"3":{"name":"(anonymous_3)","decl":{"start":{"line":2,"column":508},"end":{"line":2,"column":509}},"loc":{"start":{"line":2,"column":512},"end":{"line":2,"column":521}},"line":2},"4":{"name":"(anonymous_4)","decl":{"start":{"line":2,"column":615},"end":{"line":2,"column":616}},"loc":{"start":{"line":2,"column":620},"end":{"line":2,"column":676}},"line":2},"5":{"name":"(anonymous_5)","decl":{"start":{"line":2,"column":752},"end":{"line":2,"column":753}},"loc":{"start":{"line":2,"column":756},"end":{"line":2,"column":769}},"line":2},"6":{"name":"(anonymous_6)","decl":{"start":{"line":2,"column":793},"end":{"line":2,"column":794}},"loc":{"start":{"line":2,"column":797},"end":{"line":2,"column":819}},"line":2},"7":{"name":"(anonymous_7)","decl":{"start":{"line":2,"column":1320},"end":{"line":2,"column":1321}},"loc":{"start":{"line":2,"column":1324},"end":{"line":2,"column":1345}},"line":2},"8":{"name":"(anonymous_8)","decl":{"start":{"line":2,"column":1412},"end":{"line":2,"column":1413}},"loc":{"start":{"line":2,"column":1416},"end":{"line":2,"column":1439}},"line":2},"9":{"name":"(anonymous_9)","decl":{"start":{"line":2,"column":1506},"end":{"line":2,"column":1507}},"loc":{"start":{"line":2,"column":1510},"end":{"line":2,"column":1533}},"line":2},"10":{"name":"(anonymous_10)","decl":{"start":{"line":2,"column":1864},"end":{"line":2,"column":1865}},"loc":{"start":{"line":2,"column":1879},"end":{"line":2,"column":2245}},"line":2}},"branchMap":{"0":{"loc":{"start":{"line":2,"column":344},"end":{"line":2,"column":587}},"type":"if","locations":[{"start":{"line":2,"column":344},"end":{"line":2,"column":587}},{"start":{},"end":{}}],"line":2},"1":{"loc":{"start":{"line":2,"column":347},"end":{"line":2,"column":401}},"type":"binary-expr","locations":[{"start":{"line":2,"column":347},"end":{"line":2,"column":351}},{"start":{"line":2,"column":353},"end":{"line":2,"column":375}},{"start":{"line":2,"column":377},"end":{"line":2,"column":401}}],"line":2},"2":{"loc":{"start":{"line":2,"column":442},"end":{"line":2,"column":586}},"type":"if","locations":[{"start":{"line":2,"column":442},"end":{"line":2,"column":586}},{"start":{},"end":{}}],"line":2},"3":{"loc":{"start":{"line":2,"column":445},"end":{"line":2,"column":485}},"type":"binary-expr","locations":[{"start":{"line":2,"column":445},"end":{"line":2,"column":471}},{"start":{"line":2,"column":473},"end":{"line":2,"column":485}}],"line":2},"4":{"loc":{"start":{"line":2,"column":533},"end":{"line":2,"column":584}},"type":"binary-expr","locations":[{"start":{"line":2,"column":533},"end":{"line":2,"column":567}},{"start":{"line":2,"column":569},"end":{"line":2,"column":584}}],"line":2},"5":{"loc":{"start":{"line":2,"column":2248},"end":{"line":2,"column":2306}},"type":"binary-expr","locations":[{"start":{"line":2,"column":2248},"end":{"line":2,"column":2249}},{"start":{"line":2,"column":2252},"end":{"line":2,"column":2305}}],"line":2}},"s":{"0":1,"1":1,"2":1,"3":1,"4":1,"5":1,"6":1,"7":2,"8":1,"9":1,"10":1,"11":2,"12":2,"13":2,"14":1,"15":1,"16":1,"17":1,"18":1,"19":2,"20":0,"21":1,"22":1,"23":1,"24":1,"25":1,"26":1,"27":1,"28":1,"29":0,"30":0,"31":0,"32":1,"33":0,"34":1},"f":{"0":1,"1":1,"2":1,"3":2,"4":1,"5":2,"6":0,"7":0,"8":0,"9":0,"10":0},"b":{"0":[1,0],"1":[1,1,0],"2":[2,0],"3":[2,2],"4":[2,2],"5":[1,0]},"inputSourceMap":{"version":3,"mappings":";qqBAAA,2NAA0B,uBAC1B,mBAAyD,+BACzD,kBAAuB,oBACvB,6BAAiC,+BACjC,iBAAsB,mBACtB,kBAAuB,oBAEhB,MAAM,iBAAgB,wBAAQ,gBAAiB,CACpD,MAAI,qBAAK,IAAI,EAAE,WAAW,EAAE,cAAc,EAC1C,UAAQ,qBAAK,SAAS,EACnB,WAAW,IAAM,mBAAM,EAAE,EACzB,QAAQ,EACX,WAAS,qBAAK,UAAU,EACrB,WAAW,IAAM,qBAAO,EAAE,EAC1B,QAAQ,EACX,WAAS,qBAAK,UAAU,EAAE,WAAW,IAAM,qBAAO,EAAE,EAEpD,UAAQ,wBAAQ,QAAQ,EAAE,QAAQ,OAAO,EACzC,QAAM,sBAAM,MAAM,EAClB,aAAW,0BAAU,YAAY,EAAE,QAAQ,EAAE,WAAW,EACxD,aAAW,0BAAU,YAAY,EAAE,QAAQ,EAAE,WAAW,CAC1D,CAAC,EAEM,MAAM,0BAAyB,8BAAU,cAAe,CAAC,CAAE,IAAK,IAAK,KAAO,CACjF,KAAM,IAAI,mBAAO,CACf,OAAQ,CAAC,cAAc,MAAM,EAC7B,WAAY,CAAC,mBAAM,EAAE,CACvB,CAAC,EACD,MAAO,IAAI,qBAAQ,CACjB,OAAQ,CAAC,cAAc,OAAO,EAC9B,WAAY,CAAC,qBAAO,EAAE,CACxB,CAAC,EACD,MAAO,IAAI,qBAAQ,CACjB,OAAQ,CAAC,cAAc,OAAO,EAC9B,WAAY,CAAC,qBAAO,EAAE,CACxB,CAAC,EACD,iBAAkB,KAAK,yCAAgB,CACzC,EAAE","names":[],"ignoreList":[],"sources":["/Users/diegoalzate/Code/work/lexicon/pluraltools-backend/src/db/schema/registrations.ts"],"sourcesContent":[null]},"_coverageSchema":"1a1c01bbd47fc00a2c39e90264f33305004495a9","hash":"27a60a580ad9a89705a0dbf52ce93749e5b19804"},"/Users/diegoalzate/Code/work/lexicon/pluraltools-backend/src/db/schema/registration-data.ts":{"path":"/Users/diegoalzate/Code/work/lexicon/pluraltools-backend/src/db/schema/registration-data.ts","statementMap":{"0":{"start":{"line":1,"column":0},"end":{"line":3,"column":4}},"1":{"start":{"line":2,"column":27},"end":{"line":2,"column":48}},"2":{"start":{"line":2,"column":70},"end":{"line":2,"column":101}},"3":{"start":{"line":2,"column":124},"end":{"line":2,"column":150}},"4":{"start":{"line":2,"column":168},"end":{"line":2,"column":199}},"5":{"start":{"line":2,"column":213},"end":{"line":2,"column":303}},"6":{"start":{"line":2,"column":228},"end":{"line":2,"column":302}},"7":{"start":{"line":2,"column":248},"end":{"line":2,"column":302}},"8":{"start":{"line":2,"column":320},"end":{"line":2,"column":597}},"9":{"start":{"line":2,"column":344},"end":{"line":2,"column":587}},"10":{"start":{"line":2,"column":403},"end":{"line":2,"column":586}},"11":{"start":{"line":2,"column":442},"end":{"line":2,"column":586}},"12":{"start":{"line":2,"column":486},"end":{"line":2,"column":586}},"13":{"start":{"line":2,"column":512},"end":{"line":2,"column":521}},"14":{"start":{"line":2,"column":587},"end":{"line":2,"column":596}},"15":{"start":{"line":2,"column":615},"end":{"line":2,"column":676}},"16":{"start":{"line":2,"column":620},"end":{"line":2,"column":676}},"17":{"start":{"line":2,"column":707},"end":{"line":2,"column":709}},"18":{"start":{"line":2,"column":710},"end":{"line":2,"column":842}},"19":{"start":{"line":2,"column":767},"end":{"line":2,"column":783}},"20":{"start":{"line":2,"column":814},"end":{"line":2,"column":839}},"21":{"start":{"line":2,"column":842},"end":{"line":2,"column":897}},"22":{"start":{"line":2,"column":916},"end":{"line":2,"column":946}},"23":{"start":{"line":2,"column":978},"end":{"line":2,"column":1010}},"24":{"start":{"line":2,"column":1036},"end":{"line":2,"column":1062}},"25":{"start":{"line":2,"column":1086},"end":{"line":2,"column":1108}},"26":{"start":{"line":2,"column":1132},"end":{"line":2,"column":1713}},"27":{"start":{"line":2,"column":1315},"end":{"line":2,"column":1352}},"28":{"start":{"line":2,"column":1448},"end":{"line":2,"column":1496}},"29":{"start":{"line":2,"column":1746},"end":{"line":2,"column":2135}},"30":{"start":{"line":2,"column":1806},"end":{"line":2,"column":2133}},"31":{"start":{"line":2,"column":
[...]
173},"end":{"line":2,"column":2307}},"58":{"start":{"line":2,"column":2238},"end":{"line":2,"column":2306}},"59":{"start":{"line":2,"column":2307},"end":{"line":2,"column":2440}},"60":{"start":{"line":2,"column":2372},"end":{"line":2,"column":2439}},"61":{"start":{"line":2,"column":2440},"end":{"line":2,"column":2451}},"62":{"start":{"line":2,"column":2452},"end":{"line":2,"column":2490}},"63":{"start":{"line":2,"column":2527},"end":{"line":2,"column":2676}},"64":{"start":{"line":2,"column":2599},"end":{"line":2,"column":2675}},"65":{"start":{"line":2,"column":2676},"end":{"line":2,"column":2824}},"66":{"start":{"line":2,"column":2748},"end":{"line":2,"column":2823}},"67":{"start":{"line":2,"column":2824},"end":{"line":2,"column":2835}},"68":{"start":{"line":2,"column":2836},"end":{"line":2,"column":2872}},"69":{"start":{"line":2,"column":2872},"end":{"line":2,"column":2948}}},"fnMap":{"0":{"name":"(anonymous_0)","decl":{"start":{"line":1,"column":1},"end":{"line":1,"column":2}},"loc":{"start":{"line":1,"column":5},"end":{"line":3,"column":1}},"line":1},"1":{"name":"(anonymous_1)","decl":{"start":{"line":2,"column":211},"end":{"line":2,"column":212}},"loc":{"start":{"line":2,"column":227},"end":{"line":2,"column":277}},"line":2},"2":{"name":"(anonymous_2)","decl":{"start":{"line":2,"column":291},"end":{"line":2,"column":292}},"loc":{"start":{"line":2,"column":305},"end":{"line":2,"column":381}},"line":2},"3":{"name":"(anonymous_3)","decl":{"start":{"line":2,"column":398},"end":{"line":2,"column":399}},"loc":{"start":{"line":2,"column":421},"end":{"line":2,"column":675}},"line":2},"4":{"name":"(anonymous_4)","decl":{"start":{"line":2,"column":586},"end":{"line":2,"column":587}},"loc":{"start":{"line":2,"column":590},"end":{"line":2,"column":599}},"line":2},"5":{"name":"(anonymous_5)","decl":{"start":{"line":2,"column":693},"end":{"line":2,"column":694}},"loc":{"start":{"line":2,"column":698},"end":{"line":2,"column":754}},"line":2},"6":{"name":"(anonymous_6)","decl":{"start":{"line":2,"column":823},"end":{"line":2,"column":824}},"loc":{"start":{"line":2,"column":827},"end":{"line":2,"column":839}},"line":2},"7":{"name":"(anonymous_7)","decl":{"start":{"line":2,"column":853},"end":{"line":2,"column":854}},"loc":{"start":{"line":2,"column":857},"end":{"line":2,"column":869}},"line":2},"8":{"name":"(anonymous_8)","decl":{"start":{"line":2,"column":884},"end":{"line":2,"column":885}},"loc":{"start":{"line":2,"column":888},"end":{"line":2,"column":901}},"line":2},"9":{"name":"(anonymous_9)","decl":{"start":{"line":2,"column":916},"end":{"line":2,"column":917}},"loc":{"start":{"line":2,"column":920},"end":{"line":2,"column":933}},"line":2},"10":{"name":"enforceRules","decl":{"start":{"line":2,"column":993},"end":{"line":2,"column":1005}},"loc":{"start":{"line":2,"column":1020},"end":{"line":2,"column":1708}},"line":2},"11":{"name":"stringOfficer","decl":{"start":{"line":2,"column":1753},"end":{"line":2,"column":1766}},"loc":{"start":{"line":2,"column":1781},"end":{"line":2,"column":2097}},"line":2},"12":{"name":"numberOfficer","decl":{"start":{"line":2,"column":2144},"end":{"line":2,"column":2157}},"loc":{"start":{"line":2,"column":2172},"end":{"line":2,"column":2452}},"line":2},"13":{"name":"arrayOfficer","decl":{"start":{"line":2,"column":2499},"end":{"line":2,"column":2511}},"loc":{"start":{"line":2,"column":2526},"end":{"line":2,"column":2836}},"line":2}},"branchMap":{"0":{"loc":{"start":{"line":2,"column":422},"end":{"line":2,"column":665}},"type":"if","locations":[{"start":{"line":2,"column":422},"end":{"line":2,"column":665}},{"start":{},"end":{}}],"line":2},"1":{"loc":{"start":{"line":2,"column":425},"end":{"line":2,"column":479}},"type":"binary-expr","locations":[{"start":{"line":2,"column":425},"end":{"line":2,"column":429}},{"start":{"line":2,"column":431},"end":{"line":2,"column":453}},{"start":{"line":2,"column":455},"end":{"line":2,"column":479}}],"line":2},"2":{"loc":{"start":{"line":2,"column":520},"end":{"line":2,"column":664}},"type":"if","locations":[{"start":{"line":2,"column":520},"end":{"line":2,"column":664}},{"start":{},"end":{}}],"line":2},"3":{"loc":{"start":{"line":2,"column":523},"end":{"line":2,"column":563}},"type":"binary-expr","locations":[{"start":{"line":2,"column":523},"end":{"line":2,"column":549}},{"start":{"line":2,"column":551},"end":{"line":2,"column":563}}],"line":2},"4":{"loc":{"start":{"line":2,"column":611},"end":{"line":2,"column":662}},"type":"binary-expr","locations":[{"start":{"line":2,"column":611},"end":{"line":2,"column":645}},{"start":{"line":2,"column":647},"end":{"line":2,"column":662}}],"line":2},"5":{"loc":{"start":{"line":2,"column":1042},"end":{"line":2,"column":1063}},"type":"if","locations":[{"start":{"line":2,"column":1042},"end":{"line":2,"column":1063}},{"start":{},"end":{}}],"line":2},"6":{"loc":{"start":{"line":2,"column":1126},"end":{"line":2,"column":1210}},"type":"if","locations":[{"start":{"line":2,"column":1126},"end":{"line":2,"column":1210}},{"start":{},"end":{}}],"line":2},"7":{"loc":{"start":{"line":2,"column":1129},"end":{"line":2,"column":1162}},"type":"binary-expr","locations":[{"start":{"line":2,"column":1129},"end":{"line":2,"column":1154}},{"start":{"line":2,"column":1156},"end":{"line":2,"column":1162}}],"line":2},"8":{"loc":{"start":{"line":2,"column":1210},"end":{"line":2,"column":1252}},"type":"if","locations":[{"start":{"line":2,"column":1210},"end":{"line":2,"column":1252}},{"start":{},"end":{}}],"line":2},"9":{"loc":{"start":{"line":2,"column":1213},"end":{"line":2,"column":1241}},"type":"binary-expr","locations":[{"start":{"line":2,"column":1213},"end":{"line":2,"column":1227}},{"start":{"line":2,"column":1229},"end":{"line":2,"column":1241}}],"line":2},"10":{"loc":{"start":{"line":2,"column":1252},"end":{"line":2,"column":1688}},"type":"switch","locations":[{"start":{"line":2,"column":1271},"end":{"line":2,"column":1282}},{"start":{"line":2,"column":1282},"end":{"line":2,"column":1297}},{"start":{"line":2,"column":1297},"end":{"line":2,"column":1425}},{"start":{"line":2,"column":1425},"end":{"line":2,"column":1544}},{"start":{"line":2,"column":1544},"end":{"line":2,"column":1674}},{"start":{"line":2,"column":1674},"end":{"line":2,"column":1687}}],"line":2},"11":{"loc":{"start":{"line":2,"column":1363},"end":{"line":2,"column":1419}},"type":"if","locations":[{"start":{"line":2,"column":1363},"end":{"line":2,"column":1419}},{"start":{},"end":{}}],"line":2},"12":{"loc":{"start":{"line":2,"column":1488},"end":{"line":2,"column":1538}},"type":"if","locations":[{"start":{"line":2,"column":1488},"end":{"line":2,"column":1538}},{"start":{},"end":{}}],"line":2},"13":{"loc":{"start":{"line":2,"column":1614},"end":{"line":2,"column":1668}},"type":"if","locations":[{"start":{"line":2,"column":1614},"end":{"line":2,"column":1668}},{"start":{},"end":{}}],"line":2},"14":{"loc":{"start":{"line":2,"column":1782},"end":{"line":2,"column":1934}},"type":"if","locations":[{"start":{"line":2,"column":1782},"end":{"line":2,"column":1934}},{"start":{},"end":{}}],"line":2},"15":{"loc":{"start":{"line":2,"column":1785},"end":{"line":2,"column":1852}},"type":"binary-expr","locations":[{"start":{"line":2,"column":1785},"end":{"line":2,"column":1811}},{"start":{"line":2,"column":1813},"end":{"line":2,"column":1852}}],"line":2},"16":{"loc":{"start":{"line":2,"column":1934},"end":{"line":2,"column":2085}},"type":"if","locations":[{"start":{"line":2,"column":1934},"end":{"line":2,"column":2085}},{"start":{},"end":{}}],"line":2},"17":{"loc":{"start":{"line":2,"column":1937},"end":{"line":2,"column":2004}},"type":"binary-expr","locations":[{"start":{"line":2,"column":1937},"end":{"line":2,"column":1963}},{"start":{"line":2,"column":1965},"end":{"line":2,"column":2004}}],"line":2},"18":{"loc":{"start":{"line":2,"column":2173},"end":{"line":2,"column":2307}},"type":"if","locations":[{"start":{"line":2,"column":2173},"end":{"line":2,"column":2307}},{"start":{},"end":{}}],"line":2},"19":{"loc":{"start":{"line":2,"column":2176},"end":{"line":2,"column":2236}},"type":"binary-expr","locations":[{"start":{"line":2,"column":2176},"end":{"line":2,"column":2202}},{"start":{"line":2,"column":2204},"end":{"line":2,"column":2236}}],"line":2},"20":{"loc":{"start":{"line":2,"column":2307},"end":{"line":2,"column":2440}},"type":"if","locations":[{"start":{"line":2,"column":2307},"end":{"line":2,"column":2440}},{"start":{},"end":{}}],"line":2},"21":{"loc":{"start":{"line":2,"column":2310},"end":{"line":2,"column":2370}},"type":"binary-expr","locations":[{"start":{"line":2,"column":2310},"end":{"line":2,"column":2336}},{"start":{"line":2,"column":2338},"end":{"line":2,"column":2370}}],"line":2},"22":{"loc":{"start":{"line":2,"column":2527},"end":{"line":2,"column":2676}},"type":"if","locations":[{"start":{"line":2,"column":2527},"end":{"line":2,"column":2676}},{"start":{},"end":{}}],"line":2},"23":{"loc":{"start":{"line":2,"column":2530},"end":{"line":2,"column":2597}},"type":"binary-expr","locations":[{"start":{"line":2,"column":2530},"end":{"line":2,"column":2556}},{"start":{"line":2,"column":2558},"end":{"line":2,"column":2597}}],"line":2},"24":{"loc":{"start":{"line":2,"column":2676},"end":{"line":2,"column":2824}},"type":"if","locations":[{"start":{"line":2,"column":2676},"end":{"line":2,"column":2824}},{"start":{},"end":{}}],"line":2},"25":{"loc":{"start":{"line":2,"column":2679},"end":{"line":2,"column":2746}},"type":"binary-expr","locations":[{"start":{"line":2,"column":2679},"end":{"line":2,"column":2705}},{"start":{"line":2,"column":2707},"end":{"line":2,"column":2746}}],"line":2},"26":{"loc":{"start":{"line":2,"column":2872},"end":{"line":2,"column":2947}},"type":"binary-expr","locations":[{"start":{"line":2,"column":2872},"end":{"line":2,"column":2873}},{"start":{"line":2,"column":2876},"end":{"line":2,"column":2946}}],"line":2}},"s":{"0":1,"1":1,"2":1,"3":1,"4":1,"5":1,"6":4,"7":1,"8":1,"9":4,"10":1,"11":1,"12":1,"13":4,"14":4,"15":0,"16":1,"17":1,"18":1,"19":1,"20":1,"21":0,"22":0,"23":0,"24":0,"25":1,"26":0,"27":0,"28":0,"29":0,"30":0,"31":0,"32":0,"33":0,"34":0,"35":0,"36":0,"37":0,"38":0,"39":0,"40":0,"41":0,"42":0,"43":0,"44":0,"45":0,"46":0,"47":0,"48":0,"49":0,"50":1,"51":0,"52":0,"53":0,"54":0,"55":0,"56":1,"57":0,"58":0,"59":0,"60":0,"61":0,"62":1,"63":0,"64":0,"65":0,"66":0,"67":0,"68":1,"69":1},"f":{"0":1,"1":4,"2":1,"3":1,"4":0,"5":1,"6":0,"7":0,"8":0,"9":0,"10":0,"11":0,"12":0,"13":0},"b":{"0":[1,0],"1":[1,1,0],"2":[4,0],"3":[4,4],"4":[4,4],"5":[0,0],"6":[0,0],"7":[0,0],"8":[0,0],"9":[0,0],"10":[0,0,0,0,0,0],"11":[0,0],"12":[0,0],"13":[0,0],"14":[0,0],"15":[0,0],"16":[0,0],"17":[0,0],"18":[0,0],"19":[0,0],"20":[0,0],"21":[0,0],"22":[0,0],"23":[0,0],"24":[0,0],"25":[0,0],"26":[1,0]},"inputSourceMap":{"version":3,"mappings":";mvBAAA,qOAKO,SAAS,aAAa,CAC3B,KACA,MACF,EAGG,CACD,MAAM,YAAc,CAAC,EAErB,GAAI,CAAC,OAAQ,CACX,MAAO,CAAC,CACV,CAEA,UAAW,SAAS,OAAQ,CAC1B,MAAM,MAAQ,OAAO,MAAM,EAAE,GAAG,MAEhC,GAAI,MAAM,WAAW,UAAY,CAAC,MAAO,CACvC,YAAY,KAAK,GAAG,MAAM,IAAI,cAAc,CAC9C,CAEA,GAAI,QAAU,QAAa,QAAU,KAAM,CACzC,QACF,CAEA,OAAQ,MAAM,KAAM,CAClB,IAAK,OACL,IAAK,WACL,IAAK,SAAU,CACb,MAAM,iBAAmB,cAAc,CAAE,MAAO,KAAuB,CAAC,EACxE,GAAI,iBAAkB,CACpB,YAAY,KAAK,gBAAgB,CACnC,CACA,KACF,CACA,IAAK,SAAU,CACb,MAAM,cAAgB,cAAc,CAAE,MAAO,KAAuB,CAAC,EACrE,GAAI,cAAe,CACjB,YAAY,KAAK,aAAa,CAChC,CACA,KACF,CAEA,IAAK,eAAgB,CACnB,MAAM,gBAAkB,aAAa,CAAE,MAAO,KAAyB,CAAC,EACxE,GAAI,gBAAiB,CACnB,YAAY,KAAK,eAAe,CAClC,CACA,KACF,CAEA,QACE,KACJ,CACF,CAEA,OAAO,WACT,CAxDgB,oCA0DT,SAAS,cAAc,CAC5B,MACA,KACF,EAGoB,CAClB,GAAI,MAAM,WAAW,WAAa,MAAM,OAAS,MAAM,WAAW,UAAW,CAC3E,MAAO,GAAG,MAAM,IAAI,qBAAqB,MAAM,WAAW,SAAS,aACrE,CAEA,GAAI,MAAM,WAAW,WAAa,MAAM,OAAS,MAAM,WAAW,UAAW,CAC3E,MAAO,GAAG,MAAM,IAAI,oBAAoB,MAAM,WAAW,SAAS,aACpE,CAEA,OAAO,IACT,CAhBgB,sCAkBT,SAAS,cAAc,CAC5B,MACA,KACF,EAGoB,CAClB,GAAI,MAAM,WAAW,WAAa,MAAQ,MAAM,WAAW,UAAW,CACpE,MAAO,GAAG,MAAM,IAAI,qBAAqB,MAAM,WAAW,SAAS,EACrE,CAEA,GAAI,MAAM,WAAW,WAAa,MAAQ,MAAM,WAAW,UAAW,CACpE,MAAO,GAAG,MAAM,IAAI,oBAAoB,MAAM,WAAW,SAAS,EACpE,CAEA,OAAO,IACT,CAhBgB,sCAkBT,SAAS,aAAa,CAC3B,MACA,KACF,EAGoB,CAClB,GAAI,MAAM,WAAW,WAAa,MAAM,OAAS,MAAM,WAAW,UAAW,CAC3E,MAAO,GAAG,MAAM,IAAI,uBAAuB,MAAM,WAAW,SAAS,QACvE,CAEA,GAAI,MAAM,WAAW,WAAa,MAAM,OAAS,MAAM,WAAW,UAAW,CAC3E,MAAO,GAAG,MAAM,IAAI,sBAAsB,MAAM,WAAW,SAAS,QACtE,CAEA,OAAO,IACT,CAhBgB","names":[],"ignoreList":[],"sources":["/Users/diegoalzate/Code/work/lexicon/pluraltools-backend/src/services/validation.ts"],"sourcesContent":[null]},"_coverageSchema":"1a1c01bbd47fc00a2c39e90264f33305004495a9","hash":"0c62cb4db8cc4d5ad4dad2fff97f1e0555b41290"},"/Users/diegoalzate/Code/work/lexicon/pluraltools-backend/src/utils/logger/index.ts":{"path":"/Users/diegoalzate/Code/work/lexicon/pluraltools-backend/src/utils/logger/index.ts","statementMap":{"0":{"start":{"line":1,"column":0},"end":{"line":3,"column":4}},"1":{"start":{"line":2,"column":26},"end":{"line":2,"column":39}},"2":{"start":{"line":2,"column":54},"end":{"line":2,"column":75}},"3":{"start":{"line":2,"column":97},"end":{"line":2,"column":128}},"4":{"start":{"line":2,"column":151},"end":{"line":2,"column":177}},"5":{"start":{"line":2,"column":195},"end":{"line":2,"column":216}},"6":{"start":{"line":2,"column":234},"end":{"line":2,"column":265}},"7":{"start":{"line":2,"column":279},"end":{"line":2,"column":369}},"8":{"start":{"line":2,"column":294},"end":{"line":2,"column":368}},"9":{"start":{"line":2,"column":314},"end":{"line":2,"column":368}},"10":{"start":{"line":2,"column":386},"end":{"line":2,"column":663}},"11":{"start":{"line":2,"column":410},"end":{"line":2,"column":653}},"12":{"start":{"line":2,"column":469},"end":{"line":2,"column":652}},"13":{"start":{"line":2,"column":508},"end":{"line":2,"column":652}},"14":{"start":{"line":2,"column":552},"end":{"line":2,"column":652}},"15":{"start":{"line":2,"column":578},"end":{"line":2,"column":587}},"16":{"start":{"line":2,"column":653},"end":{"line":2,"column":662}},"17":{"start":{"line":2,"column":676},"end":{"line":2,"column":864}},"18":{"start":{"line":2,"column":702},"end":{"line":2,"column":863}},"19":{"start":{"line":2,"column":882},"end":{"line":2,"column":943}},"20":{"start":{"line":2,"column":887},"end":{"line":2,"column":943}},"21":{"start":{"line":2,"column":963},"end":{"line":2,"column":965}},"22":{"start":{"line":2,"column":966},"end":{"line":2,"column":1029}},"23":{"start":{"line":2,"column":1002},"end":{"line":2,"column":1008}},"24":{"start":{"line":2,"column":1020},"end":{"line":2,"column":1026}},"25":{"start":{"line":2,"column":1029},"end":{"line":2,"column":1073}},"26":{"start":{"line":2,"column":1089},"end":{"line":2,"column":1113}},"27":{"start":{"line":2,"column":1137},"end":{"line":2,"column":1168}},"28":{"start":{"line":2,"column":1182},"end":{"line":2,"column":1239}},"29":{"start":{"line":2,"column":1253},"end":{"line":2,"column":1365}},"30":{"start":{"line":2,"column":1366},"end":{"line":2,"column":1402}}},"fnMap":{"0":{"name":"(anonymous_0)","decl":{"start":{"line":1,"column":1},"end":{"line":1,"column":2}},"loc":{"start":{"line":1,"column":5},"end":{"line":3,"column":1}},"line":1},"1":{"name":"(anonymous_1)","decl":{"start":{"line":2,"column":279},"end":{"line":2,"column":280}},"loc":{"start":{"line":2,"column":293},"end":{"line":2,"column":369}},"line":2},"2":{"name":"(anonymous_2)","decl":{"start":{"line":2,"column":386},"end":{"line":2,"column":387}},"loc":{"start":{"line":2,"column":409},"end":{"line":2,"column":663}},"line":2},"3":{"name":"(anonymous_3)","decl":{"start":{"line":2,"column":574},"end":{"line":2,"column":575}},"loc":{"start":{"line":2,"column":578},"end":{"line":2,"column":587}},"line":2},"4":{"name":"(anonymous_4)","decl":{"start":{"line":2,"column":676},"end":{"line":2,"column":677}},"loc":{"start":{"line":2,"column":702},"end":{"line":2,"column":863}},"line":2},"5":{"name":"(anonymous_5)","decl":{"start":{"line":2,"column":882},"end":{"line":2,"column":883}},"loc":{"start":{"line":2,"column":887},"end":{"line":2,"column":943}},"line":2},"6":{"name":"(anonymous_6)","decl":{"start":{"line":2,"column":998},"end":{"line":2,"column":999}},"loc":{"start":{"line":2,"column":1002},"end":{"line":2,"column":1008}},"line":2},"7":{"name":"(anonymous_7)","decl":{"start":{"line":2,"column":1016},"end":{"line":2,"column":1017}},"loc":{"start":{"line":2,"column":1020},"end":{"line":2,"column":1026}},"line":2}},"branchMap":{"0":{"loc":{"start":{"line":2,"column":410},"end":{"line":2,"column":653}},"type":"if","locations":[{"start":{"line":2,"column":410},"end":{"line":2,"column":653}},{"start":{},"end":{}}],"line":2},"1":{"loc":{"start":{"line":2,"column":413},"end":{"line":2,"column":467}},"type":"binary-expr","locations":[{"start":{"line":2,"column":413},"end":{"line":2,"column":417}},{"start":{"line":2,"column":419},"end":{"line":2,"column":441}},{"start":{"line":2,"column":443},"end":{"line":2,"column":467}}],"line":2},"2":{"loc":{"start":{"line":2,"column":508},"end":{"line":2,"column":652}},"type":"if","locations":[{"start":{"line":2,"column":508},"end":{"line":2,"column":652}},{"start":{},"end":{}}],"line":2},"3":{"loc":{"start":{"line":2,"column":511},"end":{"line":2,"column":551}},"type":"binary-expr","locations":[{"start":{"line":2,"column":511},"end":{"line":2,"column":537}},{"start":{"line":2,"column":539},"end":{"line":2,"column":551}}],"line":2},"4":{"loc":{"start":{"line":2,"column":599},"end":{"line":2,"column":650}},"type":"binary-expr","locations":[{"start":{"line":2,"column":599},"end":{"line":2,"column":633}},{"start":{"line":2,"column":635},"end":{"line":2,"column":650}}],"line":2},"5":{"loc":{"start":{"line":2,"column":709},"end":{"line":2,"column":749}},"type":"cond-expr","locations":[{"start":{"line":2,"column":719},"end":{"line":2,"column":746}},{"start":{"line":2,"column":747},"end":{"line":2,"column":749}}],"line":2},"6":{"loc":{"start":{"line":2,"column":762},"end":{"line":2,"column":858}},"type":"cond-expr","locations":[{"start":{"line":2,"column":796},"end":{"line":2,"column":851}},{"start":{"line":2,"column":852},"end":{"line":2,"column":858}}],"line":2},"7":{"loc":{"start":{"line":2,"column":762},"end":{"line":2,"column":795}},"type":"binary-expr","locations":[{"start":{"line":2,"column":762},"end":{"line":2,"column":772}},{"start":{"line":2,"column":774},"end":{"line":2,"column":778}},{"start":{"line":2,"column":780},"end":{"line":2,"column":795}}],"line":2},"8":{"loc":{"start":{"line":2,"column":1284},"end":{"line":2,"column":1313}},"type":"binary-expr","locations":[{"start":{"line":2,"column":1284},"end":{"line":2,"column":1305}},{"start":{"line":2,"column":1307},"end":{"line":2,"column":1313}}],"line":2},"9":{"loc":{"start":{"line":2,"column":1315},"end":{"line":2,"column":1364}},"type":"cond-expr","locations":[{"start":{"line":2,"column":1351},"end":{"line":2,"column":1357}},{"start":{"line":2,"column":1358},"end":{"line":2,"column":1364}}],"line":2},"10":{"loc":{"start":{"line":2,"column":1366},"end":{"line":2,"column":1401}},"type":"binary-expr","locations":[{"start":{"line":2,"column":1366},"end":{"line":2,"column":1367}},{"start":{"line":2,"column":1370},"end":{"line":2,"column":1400}}],"line":2}},"s":{"0":1,"1":1,"2":1,"3":1,"4":1,"5":1,"6":1,"7":1,"8":1,"9":2,"10":1,"11":3,"12":3,"13":23,"14":21,"15":2,"16":3,"17":1,"18":2,"19":1,"20":1,"21":1,"22":1,"23":2,"24":0,"25":1,"26":1,"27":1,"28":1,"29":1,"30":1},"f":{"0":1,"1":1,"2":3,"3":2,"4":2,"5":1,"6":2,"7":0},"b":{"0":[3,0],"1":[3,3,2],"2":[21,2],"3":[23,21],"4":[21,21],"5":[2,0],"6":[2,0],"7":[2,2,2],"8":[1,1],"9":[0,1],"10":[1,0]},"inputSourceMap":{"version":3,"mappings":";g7BAAA,iJAAiB,yBACjB,uBAAmB,gCAEZ,MAAM,UAAS,mBAAAA,SAAO,CAC3B,KAAM,KACN,SAAU,IACZ,CAAC,EAGM,MAAM,UAAS,YAAAC,SACpB,CACE,MAAO,QAAQ,IAAI,WAAa,MAClC,EACA,QAAQ,IAAI,WAAa,aAAe,OAAY,MACtD","names":["pretty","pino"],"ignoreList":[],"sources":["/Users/diegoalzate/Code/work/lexicon/pluraltools-backend/src/utils/logger/index.ts"],"sourcesContent":[null]},"_coverageSchema":"1a1c01bbd47fc00a2c39e90264f33305004495a9","hash":"38569a942937116759765748eb93938f626c636f"}}