{"/Users/diegoalzate/Code/work/lexicon/pluraltools-backend/src/modules/plural-voting.ts":{"path":"/Users/diegoalzate/Code/work/lexicon/pluraltools-backend/src/modules/plural-voting.ts","statementMap":{"0":{"start":{"line":1,"column":0},"end":{"line":3,"column":4}},"1":{"start":{"line":2,"column":27},"end":{"line":2,"column":48}},"2":{"start":{"line":2,"column":70},"end":{"line":2,"column":101}},"3":{"start":{"line":2,"column":124},"end":{"line":2,"column":150}},"4":{"start":{"line":2,"column":168},"end":{"line":2,"column":199}},"5":{"start":{"line":2,"column":211},"end":{"line":2,"column":277}},"6":{"start":{"line":2,"column":227},"end":{"line":2,"column":277}},"7":{"start":{"line":2,"column":291},"end":{"line":2,"column":381}},"8":{"start":{"line":2,"column":306},"end":{"line":2,"column":380}},"9":{"start":{"line":2,"column":326},"end":{"line":2,"column":380}},"10":{"start":{"line":2,"column":398},"end":{"line":2,"column":675}},"11":{"start":{"line":2,"column":422},"end":{"line":2,"column":665}},"12":{"start":{"line":2,"column":481},"end":{"line":2,"column":664}},"13":{"start":{"line":2,"column":520},"end":{"line":2,"column":664}},"14":{"start":{"line":2,"column":564},"end":{"line":2,"column":664}},"15":{"start":{"line":2,"column":590},"end":{"line":2,"column":599}},"16":{"start":{"line":2,"column":665},"end":{"line":2,"column":674}},"17":{"start":{"line":2,"column":693},"end":{"line":2,"column":754}},"18":{"start":{"line":2,"column":698},"end":{"line":2,"column":754}},"19":{"start":{"line":2,"column":781},"end":{"line":2,"column":783}},"20":{"start":{"line":2,"column":784},"end":{"line":2,"column":848}},"21":{"start":{"line":2,"column":833},"end":{"line":2,"column":845}},"22":{"start":{"line":2,"column":848},"end":{"line":2,"column":899}},"23":{"start":{"line":2,"column":925},"end":{"line":2,"column":952}},"24":{"start":{"line":2,"column":1008},"end":{"line":2,"column":1027}},"25":{"start":{"line":2,"column":1027},"end":{"line":2,"column":1059}},"26":{"start":{"line":2,"column":1109},"end":{"line":2,"column":1111}},"27":{"start":{"line":2,"column":1112},"end":{"line":2,"column":1256}},"28":{"start":{"line":2,"column":1167},"end":{"line":2,"column":1255}},"29":{"start":{"line":2,"column":1196},"end":{"line":2,"column":1254}},"30":{"start":{"line":2,"column":1256},"end":{"line":2,"column":1274}},"31":{"start":{"line":2,"column":1344},"end":{"line":2,"column":1368}},"32":{"start":{"line":2,"column":1394},"end":{"line":2,"column":1418}},"33":{"start":{"line":2,"column":1419},"end":{"line":2,"column":1536}},"34":{"start":{"line":2,"column":1462},"end":{"line":2,"column":1535}},"35":{"start":{"line":2,"column":1500},"end":{"line":2,"column":1534}},"36":{"start":{"line":2,"column":1536},"end":{"line":2,"column":1620}},"37":{"start":{"line":2,"column":1698},"end":{"line":2,"column":1718}},"38":{"start":{"line":2,"column":1719},"end":{"line":2,"column":1930}},"39":{"start":{"line":2,"column":1752},"end":{"line":2,"column":1903}},"40":{"start":{"line":2,"column":1811},"end":{"line":2,"column":1862}},"41":{"start":{"line":2,"column":1865},"end":{"line":2,"column":1902}},"42":{"start":{"line":2,"column":1903},"end":{"line":2,"column":1929}},"43":{"start":{"line":2,"column":1930},"end":{"line":2,"column":1996}},"44":{"start":{"line":2,"column":2037},"end":{"line":2,"column":2056}},"45":{"start":{"line":2,"column":2074},"end":{"line":2,"column":2093}},"46":{"start":{"line":2,"column":2094},"end":{"line":2,"column":2198}},"47":{"start":{"line":2,"column":2172},"end":{"line":2,"column":2197}},"48":{"start":{"line":2,"column":2253},"end":{"line":2,"column":2255}},"49":{"start":{"line":2,"column":2256},"end":{"line":2,"column":2521}},"50":{"start":{"line":2,"column":2332},"end":{"line":2,"column":2352}},"51":{"start":{"line":2,"column":2353},"end":{"line":2,"column":2518}},"52":{"start":{"line":2,"column":2405},"end":{"line":2,"column":2479}},"53":{"start":{"line":2,"column":2482},"end":{"line":2,"column":2517}},"54":{"start":{"line":2,"column":2521},"end":{"line":2,"column":2540}},"55":{"start":{"line":2,"column":2595},"end":{"line":2,"column":2629}},"56":{"start":{"line":2,"column":2653},"end":{"line":2,"column":2694}},"57":{"start":{"line":2,"column":2695},"end":{"line":2,"column":2777}},"58":{"start":{"line":2,"column":2725},"end":{"line":2,"column":2776}},"59":{"start":{"line":2,"column":2788},"end":{"line":2,"column":2789}},"60":{"start":{"line":2,"column":2790},"end":{"line":2,"column":3138}},"61":{"start":{"line":2,"column":2842},"end":{"line":2,"column":3137}},"62":{"start":{"line":2,"column":2891},"end":{"line":2,"column":2911}},"63":{"start":{"line":2,"column":2931},"end":{"line":2,"column":2954}},"64":{"start":{"line":2,"column":2955},"end":{"line":2,"column":3094}},"65":{"start":{"line":2,"column":3006},"end":{"line":2,"column":3093}},"66":{"start":{"line":2,"column":3094},"end":{"line":2,"column":3136}},"67":{"start":{"line":2,"column":3138},"end":{"line":2,"column":4076}},"68":{"start":{"line":2,"column":3200},"end":{"line":2,"column":4075}},"69":{"start":{"line":2,"column":3262},"end":{"line":2,"column":3300}},"70":{"start":{"line":2,"column":3291},"end":{"line":2,"column":3300}},"71":{"start":{"line":2,"column":3310},"end":{"line":2,"column":3311}},"72":{"start":{"line":2,"column":3312},"end":{"line":2,"column":3642}},"73":{"start":{"line":2,"column":3360},"end":{"line":2,"column":3380}},"74":{"start":{"line":2,"column":3400},"end":{"line":2,"column":3423}},"75":{"start":{"line":2,"column":3424},"end":{"line":2,"column":3563}},"76":{"start":{"line":2,"column":3475},"end":{"line":2,"column":3562}},"77":{"start":{"line":2,"column":3563},"end":{"line":2,"column":3641}},"78":{"start":{"line":2,"column":3642},"end":{"line":2,"column":3665}},"79":{"start":{"line":2,"column":3675},"end":{"line":2,"column":3676}},"80":{"start":{"line":2,"column":3677},"end":{"line":2,"column":4032}},"81":{"start":{"line":2,"column":3730},"end":{"line":2,"column":3755}},"82":{"start":{"line":2,"column":3775},"end":{"line":2,"column":3803}},"83":{"start":{"line":2,"column":3804},"end":{"line":2,"column":3948}},"84":{"start":{"line":2,"column":3855},"end":{"line":2,"column":3947}},"85":{"start":{"line":2,"column":3948},"end":{"line":2,"column":4031}},"86":{"start":{"line":2,"column":4032},"end":{"line":2,"column":4055}},"87":{"start":{"line":2,"column":4055},"end":{"line":2,"column":4074}},"88":{"start":{"line":2,"column":4076},"end":{"line":2,"column":4100}},"89":{"start":{"line":2,"column":4139},"end":{"line":2,"column":4188}},"90":{"start":{"line":2,"column":4189},"end":{"line":2,"column":4202}},"91":{"start":{"line":2,"column":4204},"end":{"line":2,"column":4239}}},"fnMap":{"0":{"name":"(anonymous_0)","decl":{"start":{"line":1,"column":1},"end":{"line":1,"column":2}},"loc":{"start":{"line":1,"column":5},"end":{"line":3,"column":1}},"line":1},"1":{"name":"(anonymous_1)","decl":{"start":{"line":2,"column":211},"end":{"line":2,"column":212}},"loc":{"start":{"line":2,"column":227},"end":{"line":2,"column":277}},"line":2},"2":{"name":"(anonymous_2)","decl":{"start":{"line":2,"column":291},"end":{"line":2,"column":292}},"loc":{"start":{"line":2,"column":305},"end":{"line":2,"column":381}},"line":2},"3":{"name":"(anonymous_3)","decl":{"start":{"line":2,"column":398},"end":{"line":2,"column":399}},"loc":{"start":{"line":2,"column":421},"end":{"line":2,"column":675}},"line":2},"4":{"name":"(anonymous_4)","decl":{"start":{"line":2,"column":586},"end":{"line":2,"column":587}},"loc":{"start":{"line":2,"column":590},"end":{"line":2,"column":599}},"line":2},"5":{"name":"(anonymous_5)","decl":{"start":{"line":2,"column":693},"end":{"line":2,"column":694}},"loc":{"start":{"line":2,"column":698},"end":{"line":2,"column":754}},"line":2},"6":{"name":"(anonymous_6)","decl":{"start":{"line":2,"column":829},"end":{"line":2,"column":830}},"loc":{"start":{"line":2,"column":833},"end":{"line":2,"column":845}},"line":2},"7":{"name":"(anonymous_7)","decl":{"start":{"line":2,"column":974},"end":{"line":2,"column":975}},"loc":{"start":{"line":2,"column":1007},"end":{"line":2,"column":1060}},"line":2},"8":{"name":"(anonymous_8)","decl":{"start":{"line":2,"column":1060},"end":{"line":2,"column":1061}},"loc":{"start":{"line":2,"column":1090},"end":{"line":2,"column":1275}},"line":2},"9":{"name":"(anonymous_9)","decl":{"start":{"line":2,"column":1275},"end":{"line":2,"column":1276}},"loc":{"start":{"line":2,"column":1318},"end":{"line":2,"column":1621}},"line":2},"10":{"name":"(anonymous_10)","decl":{"start":{"line":2,"column":1493},"end":{"line":2,"column":1494}},"loc":{"start":{"line":2,"column":1500},"end":{"line":2,"column":1534}},"line":2},"11":{"name":"(anonymous_11)","decl":{"start":{"line":2,"column":1621},"end":{"line":2,"column":1622}},"loc":{"start":{"line":2,"column":1671},"end":{"line":2,"column":1997}},"line":2},"12":{"name":"(anonymous_12)","decl":{"start":{"line":2,"column":1799},"end":{"line":2,"column":1800}},"loc":{"start":{"line":2,"column":1811},"end":{"line":2,"column":1862}},"line":2},"13":{"name":"(anonymous_13)","decl":{"start":{"line":2,"column":1997},"end":{"line":2,"column":1998}},"loc":{"start":{"line":2,"column":2019},"end":{"line":2,"column":2199}},"line":2},"14":{"name":"(anonymous_14)","decl":{"start":{"line":2,"column":2157},"end":{"line":2,"column":2158}},"loc":{"start":{"line":2,"column":2172},"end":{"line":2,"column":2197}},"line":2},"15":{"name":"(anonymous_15)","decl":{"start":{"line":2,"column":2199},"end":{"line":2,"column":2200}},"loc":{"start":{"line":2,"column":2233},"end":{"line":2,"column":2541}},"line":2},"16":{"name":"(anonymous_16)","decl":{"start":{"line":2,"column":2292},"end":{"line":2,"column":2293}},"loc":{"start":{"line":2,"column":2313},"end":{"line":2,"column":2519}},"line":2},"17":{"name":"(anonymous_17)","decl":{"start":{"line":2,"column":2390},"end":{"line":2,"column":2391}},"loc":{"start":{"line":2,"column":2405},"end":{"line":2,"column":2479}},"line":2},"18":{"name":"(anonymous_18)","decl":{"start":{"line":2,"column":2541},"end":{"line":2,"column":2542}},"loc":{"start":{"line":2,"column":2575},"end":{"line":2,"column":4101}},"line":2},"19":{"name":"(anonymous_19)","decl":{"start":{"line":2,"column":4101},"end":{"line":2,"column":4102}},"loc":{"start":{"line":2,"column":4125},"end":{"line":2,"column":4203}},"line":2}},"branchMap":{"0":{"loc":{"start":{"line":2,"column":422},"end":{"line":2,"column":665}},"type":"if","locations":[{"start":{"line":2,"column":422},"end":{"line":2,"column":665}},{"start":{},"end":{}}],"line":2},"1":{"loc":{"start":{"line":2,"column":425},"end":{"line":2,"column":479}},"type":"binary-expr","locations":[{"start":{"line":2,"column":425},"end":{"line":2,"column":429}},{"start":{"line":2,"column":431},"end":{"line":2,"column":453}},{"start":{"line":2,"column":455},"end":{"line":2,"column":479}}],"line":2},"2":{"loc":{"start":{"line":2,"column":520},"end":{"line":2,"column":664}},"type":"if","locations":[{"start":{"line":2,"column":520},"end":{"line":2,"column":664}},{"start":{},"end":{}}],"line":2},"3":{"loc":{"start":{"line":2,"column":523},"end":{"line":2,"column":563}},"type":"binary-expr","locations":[{"start":{"line":2,"column":523},"end":{"line":2,"column":549}},{"start":{"line":2,"column":551},"end":{"line":2,"column":563}}],"line":2},"4":{"loc":{"start":{"line":2,"column":611},"end":{"line":2,"column":662}},"type":"binary-expr","locations":[{"start":{"line":2,"column":611},"end":{"line":2,"column":645}},{"start":{"line":2,"column":647},"end":{"line":2,"column":662}}],"line":2},"5":{"loc":{"start":{"line":2,"column":1220},"end":{"line":2,"column":1243}},"type":"binary-expr","locations":[{"start":{"line":2,"column":1220},"end":{"line":2,"column":1239}},{"start":{"line":2,"column":1241},"end":{"line":2,"column":1243}}],"line":2},"6":{"loc":{"start":{"line":2,"column":1419},"end":{"line":2,"column":1536}},"type":"if","locations":[{"start":{"line":2,"column":1419},"end":{"line":2,"column":1536}},{"start":{},"end":{}}],"line":2},"7":{"loc":{"start":{"line":2,"column":1422},"end":{"line":2,"column":1460}},"type":"binary-expr","locations":[{"start":{"line":2,"column":1422},"end":{"line":2,"column":1440}},{"start":{"line":2,"column":1442},"end":{"line":2,"column":1460}}],"line":2},"8":{"loc":{"start":{"line":2,"column":1719},"end":{"line":2,"column":1930}},"type":"if","locations":[{"start":{"line":2,"column":1719},"end":{"line":2,"column":1930}},{"start":{},"end":{}}],"line":2},"9":{"loc":{"start":{"line":2,"column":1752},"end":{"line":2,"column":1903}},"type":"if","locations":[{"start":{"line":2,"column":1752},"end":{"line":2,"column":1903}},{"start":{},"end":{}}],"line":2},"10":{"loc":{"start":{"line":2,"column":1755},"end":{"line":2,"column":1863}},"type":"binary-expr","locations":[{"start":{"line":2,"column":1755},"end":{"line":2,"column":1781}},{"start":{"line":2,"column":1783},"end":{"line":2,"column":1863}}],"line":2},"11":{"loc":{"start":{"line":2,"column":2101},"end":{"line":2,"column":2198}},"type":"binary-expr","locations":[{"start":{"line":2,"column":2101},"end":{"line":2,"column":2138}},{"start":{"line":2,"column":2140},"end":{"line":2,"column":2198}}],"line":2},"12":{"loc":{"start":{"line":2,"column":2353},"end":{"line":2,"column":2518}},"type":"if","locations":[{"start":{"line":2,"column":2353},"end":{"line":2,"column":2518}},{"start":{},"end":{}}],"line":2},"13":{"loc":{"start":{"line":2,"column":2695},"end":{"line":2,"column":2777}},"type":"if","locations":[{"start":{"line":2,"column":2695},"end":{"line":2,"column":2777}},{"start":{},"end":{}}],"line":2},"14":{"loc":{"start":{"line":2,"column":2955},"end":{"line":2,"column":3094}},"type":"if","locations":[{"start":{"line":2,"column":2955},"end":{"line":2,"column":3094}},{"start":{},"end":{}}],"line":2},"15":{"loc":{"start":{"line":2,"column":2958},"end":{"line":2,"column":3004}},"type":"binary-expr","locations":[{"start":{"line":2,"column":2958},"end":{"line":2,"column":2981}},{"start":{"line":2,"column":2983},"end":{"line":2,"column":3004}}],"line":2},"16":{"loc":{"start":{"line":2,"column":3262},"end":{"line":2,"column":3300}},"type":"if","locations":[{"start":{"line":2,"column":3262},"end":{"line":2,"column":3300}},{"start":{},"end":{}}],"line":2},"17":{"loc":{"start":{"line":2,"column":3424},"end":{"line":2,"column":3563}},"type":"if","locations":[{"start":{"line":2,"column":3424},"end":{"line":2,"column":3563}},{"start":{},"end":{}}],"line":2},"18":{"loc":{"start":{"line":2,"column":3427},"end":{"line":2,"column":3473}},"type":"binary-expr","locations":[{"start":{"line":2,"column":3427},"end":{"line":2,"column":3450}},{"start":{"line":2,"column":3452},"end":{"line":2,"column":3473}}],"line":2},"19":{"loc":{"start":{"line":2,"column":3804},"end":{"line":2,"column":3948}},"type":"if","locations":[{"start":{"line":2,"column":3804},"end":{"line":2,"column":3948}},{"start":{},"end":{}}],"line":2},"20":{"loc":{"start":{"line":2,"column":3807},"end":{"line":2,"column":3853}},"type":"binary-expr","locations":[{"start":{"line":2,"column":3807},"end":{"line":2,"column":3830}},{"start":{"line":2,"column":3832},"end":{"line":2,"column":3853}}],"line":2},"21":{"loc":{"start":{"line":2,"column":4204},"end":{"line":2,"column":4238}},"type":"binary-expr","locations":[{"start":{"line":2,"column":4204},"end":{"line":2,"column":4205}},{"start":{"line":2,"column":4208},"end":{"line":2,"column":4237}}],"line":2}},"s":{"0":1,"1":1,"2":1,"3":1,"4":1,"5":1,"6":1,"7":1,"8":1,"9":1,"10":1,"11":1,"12":1,"13":1,"14":1,"15":1,"16":1,"17":1,"18":1,"19":1,"20":1,"21":1,"22":1,"23":1,"24":1,"25":1,"26":9,"27":9,"28":16,"29":27,"30":9,"31":36,"32":36,"33":36,"34":36,"35":42,"36":0,"37":44,"38":44,"39":44,"40":34,"41":31,"42":13,"43":0,"44":1,"45":1,"46":1,"47":2,"48":11,"49":11,"50":28,"51":28,"52":27,"53":20,"54":11,"55":8,"56":8,"57":8,"58":0,"59":8,"60":8,"61":13,"62":20,"63":20,"64":20,"65":0,"66":20,"67":8,"68":13,"69":25,"70":13,"71":12,"72":12,"73":20,"74":20,"75":20,"76":0,"77":20,"78":12,"79":12,"80":12,"81":20,"82":20,"83":20,"84":0,"85":20,"86":12,"87":12,"88":8,"89":1,"90":1,"91":1},"f":{"0":1,"1":1,"2":1,"3":1,"4":1,"5":1,"6":1,"7":1,"8":9,"9":36,"10":42,"11":44,"12":34,"13":1,"14":2,"15":11,"16":28,"17":27,"18":8,"19":1},"b":{"0":[1,0],"1":[1,1,0],"2":[1,0],"3":[1,1],"4":[1,1],"5":[27,21],"6":[36,0],"7":[36,36],"8":[44,0],"9":[31,13],"10":[44,30],"11":[1,1],"12":[20,8],"13":[0,8],"14":[0,20],"15":[20,20],"16":[13,12],"17":[0,20],"18":[20,20],"19":[0,20],"20":[20,20],"21":[1,0]},"inputSourceMap":{"version":3,"mappings":";mvBAAA,gJAKO,MAAM,YAAa,CAL1B,MAK0B,6BACjB,OACA,cAOP,YAAY,OAAkC,cAAuC,CACnF,KAAK,OAAS,OACd,KAAK,cAAgB,aACvB,CAOO,uBAAuB,OAA4D,CACxF,MAAM,YAAwC,CAAC,EAE/C,SAAW,CAAC,UAAW,OAAO,IAAK,OAAO,QAAQ,MAAM,EAAG,CACzD,UAAW,UAAU,QAAS,CAC5B,YAAY,MAAM,EAAI,CAAC,GAAI,YAAY,MAAM,GAAK,CAAC,EAAI,SAAS,CAClE,CACF,CAEA,OAAO,WACT,CAUO,YACL,OACA,OACA,iBACS,CACT,MAAM,mBAAqB,iBAAiB,MAAM,EAClD,MAAM,mBAAqB,iBAAiB,MAAM,EAElD,GAAI,oBAAsB,mBAAoB,CAC5C,OAAO,mBAAmB,KAAM,OAAU,mBAAmB,SAAS,KAAK,CAAC,CAC9E,CAEA,MAAM,IAAI,MAAM,+BAA+B,MAAM,OAAO,MAAM,iBAAiB,CACrF,CAWO,EACL,MACA,WACA,iBACA,cACQ,CACR,MAAM,oBAAsB,cAAc,KAAK,EAE/C,GAAI,sBAAwB,OAAW,CACrC,GACE,WAAW,SAAS,KAAK,GACzB,WAAW,KAAM,YAAe,KAAK,YAAY,MAAO,WAAY,gBAAgB,CAAC,EACrF,CACA,OAAO,KAAK,KAAK,mBAAmB,CACtC,CACA,OAAO,mBACT,CAEA,MAAM,IAAI,MAAM,2BAA2B,KAAK,iBAAiB,CACnE,CAQO,YAAY,KAAgB,KAAyB,CAC1D,MAAM,WAAa,KAAK,MAAM,EAAE,KAAK,EACrC,MAAM,WAAa,KAAK,MAAM,EAAE,KAAK,EACrC,OACE,WAAW,SAAW,WAAW,QACjC,WAAW,MAAM,CAAC,MAAO,QAAU,QAAU,WAAW,KAAK,CAAC,CAElE,CAOO,sBAAsB,YAAiE,CAC5F,MAAM,aAAyC,CAAC,EAEhD,OAAO,QAAQ,WAAW,EAAE,QAAQ,CAAC,CAAC,UAAW,KAAK,IAAM,CAE1D,MAAM,YAAc,MAAM,MAAM,EAAE,KAAK,EAGvC,GACE,CAAC,OAAO,OAAO,YAAY,EAAE,KAC1B,eACC,KAAK,UAAU,cAAc,MAAM,EAAE,KAAK,CAAC,IAAM,KAAK,UAAU,WAAW,CAC/E,EACA,CACA,aAAa,SAAS,EAAI,WAC5B,CACF,CAAC,EAED,OAAO,YACT,CASO,aACL,OACA,cACQ,CACR,MAAM,aAAe,KAAK,sBAAsB,MAAM,EACtD,MAAM,iBAA6C,KAAK,uBAAuB,YAAY,EAE3F,GAAI,mBAAqB,OAAW,CAClC,MAAM,IAAI,MAAM,kCAAkC,CACpD,CAEA,IAAI,OAAS,EAGb,SAAW,CAAC,CAAE,OAAO,IAAK,OAAO,QAAQ,YAAY,EAAG,CACtD,UAAW,SAAS,QAAS,CAC3B,MAAM,eAAiB,cAAc,KAAK,EAC1C,MAAM,aAAe,iBAAiB,KAAK,EAE3C,GAAI,iBAAmB,QAAa,eAAiB,OAAW,CAC9D,MAAM,IAAI,MAAM,gDAAgD,KAAK,iBAAiB,CACxF,CAEA,QAAU,eAAiB,aAAa,MAC1C,CACF,CAGA,SAAW,CAAC,YAAa,MAAM,IAAK,OAAO,QAAQ,YAAY,EAAG,CAChE,SAAW,CAAC,YAAa,MAAM,IAAK,OAAO,QAAQ,YAAY,EAAG,CAChE,GAAI,cAAgB,YAAa,SAEjC,IAAI,MAAQ,EACZ,UAAW,SAAS,OAAQ,CAC1B,MAAM,eAAiB,cAAc,KAAK,EAC1C,MAAM,aAAe,iBAAiB,KAAK,EAE3C,GAAI,iBAAmB,QAAa,eAAiB,OAAW,CAC9D,MAAM,IAAI,MAAM,gDAAgD,KAAK,iBAAiB,CACxF,CAEA,OAAS,KAAK,EAAE,MAAO,OAAQ,iBAAkB,aAAa,EAAI,aAAa,MACjF,CACA,MAAQ,KAAK,KAAK,KAAK,EAEvB,IAAI,MAAQ,EACZ,UAAW,cAAc,OAAQ,CAC/B,MAAM,eAAiB,cAAc,UAAU,EAC/C,MAAM,aAAe,iBAAiB,UAAU,EAEhD,GAAI,iBAAmB,QAAa,eAAiB,OAAW,CAC9D,MAAM,IAAI,MACR,gDAAgD,UAAU,iBAC5D,CACF,CAEA,OACE,KAAK,EAAE,WAAY,OAAQ,iBAAkB,aAAa,EAAI,aAAa,MAC/E,CACA,MAAQ,KAAK,KAAK,KAAK,EAEvB,QAAU,MAAQ,KACpB,CACF,CAEA,OAAO,KAAK,KAAK,MAAM,CACzB,CAMO,wBAAiC,CACtC,MAAM,OAAiB,KAAK,aAAa,KAAK,OAAQ,KAAK,aAAa,EAExE,OAAO,MACT,CACF","names":[],"ignoreList":[],"sources":["/Users/diegoalzate/Code/work/lexicon/pluraltools-backend/src/modules/plural-voting.ts"],"sourcesContent":[null]},"_coverageSchema":"1a1c01bbd47fc00a2c39e90264f33305004495a9","hash":"e95ea0517e49aa950be3d791bba405c7370e5be0"}}